2020-05-29 15:14:09 0:0:0:0:0:0:0:1 302 "GET / HTTP/1.1" - (100 ms)
2020-05-29 15:14:11 0:0:0:0:0:0:0:1 200 "GET /main/index HTTP/1.1" 800 (1454 ms)
2020-05-29 15:14:11 0:0:0:0:0:0:0:1 404 "GET /js/react/main/main.bundle.js HTTP/1.1" 1041 (158 ms)
2020-05-29 15:14:11 0:0:0:0:0:0:0:1 404 "GET /css/test.css HTTP/1.1" 1082 (161 ms)
2020-05-29 16:39:13 0:0:0:0:0:0:0:1 200 "GET /main/index HTTP/1.1" 801 (1189 ms)
2020-05-29 16:39:13 0:0:0:0:0:0:0:1 404 "GET /css/test.css HTTP/1.1" 1082 (57 ms)
2020-05-29 16:39:13 127.0.0.1 200 "GET /js/bundle/main/main.bundle.js HTTP/1.1" 1419932 (149 ms)
2020-05-29 16:39:13 127.0.0.1 200 "GET /js/bundle/main/main.bundle.js.map HTTP/1.1" 1721840 (53 ms)
2020-05-29 16:39:13 127.0.0.1 404 "GET /favicon.ico HTTP/1.1" 1082 (16 ms)
2020-05-29 16:39:21 127.0.0.1 200 "GET /main/index HTTP/1.1" 801 (17 ms)
2020-05-29 16:39:21 127.0.0.1 404 "GET /css/test.css HTTP/1.1" 1082 (28 ms)
2020-05-29 16:39:21 0:0:0:0:0:0:0:1 200 "GET /js/bundle/main/main.bundle.js HTTP/1.1" 1419932 (34 ms)
2020-05-29 16:39:21 127.0.0.1 404 "GET /favicon.ico HTTP/1.1" 1082 (14 ms)
2020-05-29 16:39:21 0:0:0:0:0:0:0:1 200 "GET /js/bundle/main/main.bundle.js.map HTTP/1.1" 1721840 (33 ms)
2020-05-29 16:39:31 0:0:0:0:0:0:0:1 200 "GET /main/index HTTP/1.1" 801 (19 ms)
2020-05-29 16:39:31 0:0:0:0:0:0:0:1 404 "GET /css/test.css HTTP/1.1" 1082 (19 ms)
2020-05-29 16:39:31 0:0:0:0:0:0:0:1 200 "GET /js/bundle/main/main.bundle.js HTTP/1.1" 1419932 (26 ms)
2020-05-29 16:39:31 0:0:0:0:0:0:0:1 404 "GET /favicon.ico HTTP/1.1" 1082 (8 ms)
2020-05-29 16:39:41 0:0:0:0:0:0:0:1 200 "GET /main/index HTTP/1.1" 801 (17 ms)
2020-05-29 16:39:41 0:0:0:0:0:0:0:1 404 "GET /css/test.css HTTP/1.1" 1082 (17 ms)
2020-05-29 16:39:41 0:0:0:0:0:0:0:1 200 "GET /js/bundle/main/main.bundle.js HTTP/1.1" 1419932 (24 ms)
2020-05-29 16:39:41 0:0:0:0:0:0:0:1 404 "GET /favicon.ico HTTP/1.1" 1082 (25 ms)
2020-05-29 16:39:42 0:0:0:0:0:0:0:1 200 "GET /js/bundle/main/main.bundle.js.map HTTP/1.1" 1721840 (39 ms)
2020-05-29 16:40:24 0:0:0:0:0:0:0:1 200 "GET /main/index HTTP/1.1" 801 (27 ms)
2020-05-29 16:40:24 0:0:0:0:0:0:0:1 404 "GET /css/test.css HTTP/1.1" 1082 (21 ms)
2020-05-29 16:40:24 0:0:0:0:0:0:0:1 200 "GET /js/bundle/main/main.bundle.js HTTP/1.1" 1419932 (35 ms)
2020-05-29 16:40:24 0:0:0:0:0:0:0:1 200 "GET /js/bundle/main/main.bundle.js.map HTTP/1.1" 1721840 (22 ms)
2020-05-29 16:40:24 0:0:0:0:0:0:0:1 404 "GET /favicon.ico HTTP/1.1" 1082 (11 ms)
2020-05-29 16:40:36 0:0:0:0:0:0:0:1 200 "GET /main/index HTTP/1.1" 801 (20 ms)
2020-05-29 16:40:36 0:0:0:0:0:0:0:1 404 "GET /css/test.css HTTP/1.1" 1082 (14 ms)
2020-05-29 16:40:36 0:0:0:0:0:0:0:1 200 "GET /js/bundle/main/main.bundle.js HTTP/1.1" 1419932 (16 ms)
2020-05-29 16:40:36 0:0:0:0:0:0:0:1 404 "GET /favicon.ico HTTP/1.1" 1082 (36 ms)
2020-05-29 16:40:36 0:0:0:0:0:0:0:1 200 "GET /js/bundle/main/main.bundle.js.map HTTP/1.1" 1721840 (51 ms)
2020-05-29 16:40:37 0:0:0:0:0:0:0:1 200 "GET /main/index HTTP/1.1" 801 (5 ms)
2020-05-29 16:40:37 0:0:0:0:0:0:0:1 404 "GET /css/test.css HTTP/1.1" 1082 (8 ms)
2020-05-29 16:40:37 0:0:0:0:0:0:0:1 200 "GET /js/bundle/main/main.bundle.js HTTP/1.1" 1419932 (19 ms)
2020-05-29 16:40:37 0:0:0:0:0:0:0:1 404 "GET /favicon.ico HTTP/1.1" 1082 (14 ms)
2020-05-29 16:40:37 0:0:0:0:0:0:0:1 200 "GET /js/bundle/main/main.bundle.js.map HTTP/1.1" 1721840 (16 ms)
2020-05-29 16:41:24 0:0:0:0:0:0:0:1 200 "GET /main/index HTTP/1.1" 801 (29 ms)
2020-05-29 16:41:24 0:0:0:0:0:0:0:1 404 "GET /css/test.css HTTP/1.1" 1082 (15 ms)
2020-05-29 16:41:25 0:0:0:0:0:0:0:1 200 "GET /js/bundle/main/main.bundle.js HTTP/1.1" 1423194 (65 ms)
2020-05-29 16:41:25 0:0:0:0:0:0:0:1 404 "GET /favicon.ico HTTP/1.1" 1082 (14 ms)
2020-05-29 16:41:25 0:0:0:0:0:0:0:1 200 "GET /js/bundle/main/main.bundle.js.map HTTP/1.1" 1721806 (30 ms)
2020-05-29 16:41:28 0:0:0:0:0:0:0:1 200 "GET /main/index HTTP/1.1" 801 (8 ms)
2020-05-29 16:41:28 0:0:0:0:0:0:0:1 404 "GET /css/test.css HTTP/1.1" 1082 (8 ms)
2020-05-29 16:41:28 0:0:0:0:0:0:0:1 200 "GET /js/bundle/main/main.bundle.js HTTP/1.1" 1423194 (22 ms)
2020-05-29 16:41:28 0:0:0:0:0:0:0:1 404 "GET /favicon.ico HTTP/1.1" 1082 (11 ms)
2020-05-29 16:41:28 0:0:0:0:0:0:0:1 200 "GET /js/bundle/main/main.bundle.js.map HTTP/1.1" 1721806 (21 ms)
2020-05-29 17:00:06 0:0:0:0:0:0:0:1 200 "GET /main/index HTTP/1.1" 801 (82 ms)
2020-05-29 17:00:06 0:0:0:0:0:0:0:1 404 "GET /css/test.css HTTP/1.1" 1082 (26 ms)
2020-05-29 17:00:06 0:0:0:0:0:0:0:1 200 "GET /js/bundle/main/main.bundle.js HTTP/1.1" 1423755 (63 ms)
2020-05-29 17:00:07 0:0:0:0:0:0:0:1 200 "GET /js/bundle/main/main.bundle.js.map HTTP/1.1" 1721890 (15 ms)
2020-05-29 17:00:08 0:0:0:0:0:0:0:1 200 "GET /main/index HTTP/1.1" 801 (10 ms)
2020-05-29 17:00:08 0:0:0:0:0:0:0:1 404 "GET /css/test.css HTTP/1.1" 1082 (12 ms)
2020-05-29 17:00:08 0:0:0:0:0:0:0:1 200 "GET /js/bundle/main/main.bundle.js HTTP/1.1" 1423755 (18 ms)
2020-05-29 17:00:08 0:0:0:0:0:0:0:1 200 "GET /js/bundle/main/main.bundle.js.map HTTP/1.1" 1721890 (13 ms)
2020-05-29 17:00:09 0:0:0:0:0:0:0:1 200 "GET /main/index HTTP/1.1" 801 (8 ms)
2020-05-29 17:00:09 0:0:0:0:0:0:0:1 404 "GET /css/test.css HTTP/1.1" 1082 (14 ms)
2020-05-29 17:00:09 0:0:0:0:0:0:0:1 200 "GET /js/bundle/main/main.bundle.js HTTP/1.1" 1423755 (20 ms)
2020-05-29 17:00:09 0:0:0:0:0:0:0:1 200 "GET /js/bundle/main/main.bundle.js.map HTTP/1.1" 1721890 (16 ms)
2020-05-29 17:00:11 0:0:0:0:0:0:0:1 200 "GET /member/login HTTP/1.1" 780 (14 ms)
2020-05-29 17:00:11 0:0:0:0:0:0:0:1 404 "GET /css/test.css HTTP/1.1" 1082 (13 ms)
2020-05-29 17:00:11 0:0:0:0:0:0:0:1 200 "GET /js/bundle/member/member.bundle.js HTTP/1.1" 1769543 (56 ms)
2020-05-29 17:00:11 0:0:0:0:0:0:0:1 200 "GET /js/bundle/member/member.bundle.js.map HTTP/1.1" 2080424 (21 ms)
2020-05-29 17:00:14 0:0:0:0:0:0:0:1 200 "GET /main/index HTTP/1.1" 801 (4 ms)
2020-05-29 17:00:14 0:0:0:0:0:0:0:1 404 "GET /css/test.css HTTP/1.1" 1082 (19 ms)
2020-05-29 17:00:14 0:0:0:0:0:0:0:1 200 "GET /js/bundle/main/main.bundle.js HTTP/1.1" 1423755 (21 ms)
2020-05-29 17:00:14 0:0:0:0:0:0:0:1 200 "GET /js/bundle/main/main.bundle.js.map HTTP/1.1" 1721890 (20 ms)
2020-05-29 17:00:15 0:0:0:0:0:0:0:1 200 "GET /member/login HTTP/1.1" 780 (7 ms)
2020-05-29 17:00:15 0:0:0:0:0:0:0:1 404 "GET /css/test.css HTTP/1.1" 1082 (10 ms)
2020-05-29 17:00:15 0:0:0:0:0:0:0:1 200 "GET /js/bundle/member/member.bundle.js HTTP/1.1" 1769543 (31 ms)
2020-05-29 17:00:15 0:0:0:0:0:0:0:1 200 "GET /js/bundle/member/member.bundle.js.map HTTP/1.1" 2080424 (17 ms)
2020-05-29 17:01:00 0:0:0:0:0:0:0:1 302 "GET / HTTP/1.1" - (6 ms)
2020-05-29 17:01:00 0:0:0:0:0:0:0:1 200 "GET /main/index HTTP/1.1" 801 (25 ms)
2020-05-29 17:01:00 0:0:0:0:0:0:0:1 404 "GET /css/test.css HTTP/1.1" 1082 (20 ms)
2020-05-29 17:01:00 0:0:0:0:0:0:0:1 200 "GET /js/bundle/main/main.bundle.js HTTP/1.1" 1423755 (29 ms)
2020-05-29 17:01:00 0:0:0:0:0:0:0:1 200 "GET /js/bundle/main/main.bundle.js.map HTTP/1.1" 1721890 (24 ms)
2020-05-29 17:01:01 0:0:0:0:0:0:0:1 200 "GET /member/signup HTTP/1.1" 776 (6 ms)
2020-05-29 17:01:01 0:0:0:0:0:0:0:1 404 "GET /css/test.css HTTP/1.1" 1082 (16 ms)
2020-05-29 17:01:01 0:0:0:0:0:0:0:1 200 "GET /js/bundle/member/member.bundle.js HTTP/1.1" 1769543 (26 ms)
2020-05-29 17:01:02 0:0:0:0:0:0:0:1 200 "GET /js/bundle/member/member.bundle.js.map HTTP/1.1" 2080424 (19 ms)
2020-05-29 17:06:48 0:0:0:0:0:0:0:1 302 "GET / HTTP/1.1" - (3 ms)
2020-05-29 17:06:48 0:0:0:0:0:0:0:1 200 "GET /main/index HTTP/1.1" 801 (25 ms)
2020-05-29 17:06:48 0:0:0:0:0:0:0:1 404 "GET /css/test.css HTTP/1.1" 1082 (18 ms)
2020-05-29 17:06:48 0:0:0:0:0:0:0:1 200 "GET /js/bundle/main/main.bundle.js HTTP/1.1" 1423755 (22 ms)
2020-05-29 17:06:48 0:0:0:0:0:0:0:1 200 "GET /js/bundle/main/main.bundle.js.map HTTP/1.1" 1721890 (27 ms)
2020-05-29 17:06:56 0:0:0:0:0:0:0:1 200 "GET /member/signup HTTP/1.1" 776 (22 ms)
2020-05-29 17:06:56 0:0:0:0:0:0:0:1 404 "GET /css/test.css HTTP/1.1" 1082 (21 ms)
2020-05-29 17:06:56 0:0:0:0:0:0:0:1 200 "GET /js/bundle/member/member.bundle.js HTTP/1.1" 1769543 (33 ms)
2020-05-29 17:06:56 0:0:0:0:0:0:0:1 200 "GET /js/bundle/member/member.bundle.js.map HTTP/1.1" 2080424 (16 ms)
2020-05-29 17:07:13 0:0:0:0:0:0:0:1 200 "GET /member/signup HTTP/1.1" 776 (14 ms)
2020-05-29 17:07:14 0:0:0:0:0:0:0:1 404 "GET /css/test.css HTTP/1.1" 1082 (14 ms)
2020-05-29 17:07:14 0:0:0:0:0:0:0:1 200 "GET /js/bundle/member/member.bundle.js HTTP/1.1" 1769543 (20 ms)
2020-05-29 17:07:14 0:0:0:0:0:0:0:1 200 "GET /js/bundle/member/member.bundle.js.map HTTP/1.1" 2080424 (22 ms)
2020-05-29 17:07:14 0:0:0:0:0:0:0:1 404 "GET /favicon.ico HTTP/1.1" 1082 (9 ms)
2020-05-29 17:07:16 0:0:0:0:0:0:0:1 200 "GET /member/signup HTTP/1.1" 776 (5 ms)
2020-05-29 17:07:16 0:0:0:0:0:0:0:1 404 "GET /css/test.css HTTP/1.1" 1082 (7 ms)
2020-05-29 17:07:16 0:0:0:0:0:0:0:1 200 "GET /js/bundle/member/member.bundle.js HTTP/1.1" 1770673 (42 ms)
2020-05-29 17:07:16 0:0:0:0:0:0:0:1 200 "GET /js/bundle/member/member.bundle.js.map HTTP/1.1" 2080424 (15 ms)
2020-05-29 17:07:16 0:0:0:0:0:0:0:1 404 "GET /favicon.ico HTTP/1.1" 1082 (5 ms)
2020-05-29 17:07:29 0:0:0:0:0:0:0:1 302 "GET / HTTP/1.1" - (5 ms)
2020-05-29 17:07:29 0:0:0:0:0:0:0:1 200 "GET /main/index HTTP/1.1" 801 (20 ms)
2020-05-29 17:07:29 0:0:0:0:0:0:0:1 404 "GET /css/test.css HTTP/1.1" 1082 (20 ms)
2020-05-29 17:07:29 0:0:0:0:0:0:0:1 200 "GET /js/bundle/main/main.bundle.js HTTP/1.1" 1423755 (23 ms)
2020-05-29 17:07:30 0:0:0:0:0:0:0:1 200 "GET /js/bundle/main/main.bundle.js.map HTTP/1.1" 1721890 (17 ms)
2020-05-29 17:07:32 0:0:0:0:0:0:0:1 200 "GET /member/signup HTTP/1.1" 776 (4 ms)
2020-05-29 17:07:32 0:0:0:0:0:0:0:1 404 "GET /css/test.css HTTP/1.1" 1082 (11 ms)
2020-05-29 17:07:32 0:0:0:0:0:0:0:1 200 "GET /js/bundle/member/member.bundle.js HTTP/1.1" 1770673 (17 ms)
2020-05-29 17:07:32 0:0:0:0:0:0:0:1 200 "GET /js/bundle/member/member.bundle.js.map HTTP/1.1" 2080424 (20 ms)
2020-05-29 17:07:37 0:0:0:0:0:0:0:1 302 "GET / HTTP/1.1" - (2 ms)
2020-05-29 17:07:37 0:0:0:0:0:0:0:1 200 "GET /main/index HTTP/1.1" 801 (10 ms)
2020-05-29 17:07:37 0:0:0:0:0:0:0:1 404 "GET /css/test.css HTTP/1.1" 1082 (14 ms)
2020-05-29 17:07:37 0:0:0:0:0:0:0:1 200 "GET /js/bundle/main/main.bundle.js HTTP/1.1" 1423755 (21 ms)
2020-05-29 17:07:37 0:0:0:0:0:0:0:1 200 "GET /js/bundle/main/main.bundle.js.map HTTP/1.1" 1721890 (18 ms)
2020-05-29 17:07:41 0:0:0:0:0:0:0:1 200 "GET /member/login HTTP/1.1" 780 (7 ms)
2020-05-29 17:07:41 0:0:0:0:0:0:0:1 404 "GET /css/test.css HTTP/1.1" 1082 (8 ms)
2020-05-29 17:07:41 0:0:0:0:0:0:0:1 200 "GET /js/bundle/member/member.bundle.js HTTP/1.1" 1770673 (21 ms)
2020-05-29 17:07:41 0:0:0:0:0:0:0:1 200 "GET /js/bundle/member/member.bundle.js.map HTTP/1.1" 2080424 (22 ms)
2020-05-29 17:07:48 0:0:0:0:0:0:0:1 200 "GET /member/signup HTTP/1.1" 776 (15 ms)
2020-05-29 17:07:48 0:0:0:0:0:0:0:1 404 "GET /css/test.css HTTP/1.1" 1082 (11 ms)
2020-05-29 17:07:48 0:0:0:0:0:0:0:1 200 "GET /js/bundle/member/member.bundle.js HTTP/1.1" 1770673 (20 ms)
2020-05-29 17:07:48 0:0:0:0:0:0:0:1 200 "GET /js/bundle/member/member.bundle.js.map HTTP/1.1" 2080424 (18 ms)
2020-05-29 17:07:49 0:0:0:0:0:0:0:1 302 "GET / HTTP/1.1" - (3 ms)
2020-05-29 17:07:49 0:0:0:0:0:0:0:1 200 "GET /main/index HTTP/1.1" 801 (5 ms)
2020-05-29 17:07:49 0:0:0:0:0:0:0:1 404 "GET /css/test.css HTTP/1.1" 1082 (10 ms)
2020-05-29 17:07:50 0:0:0:0:0:0:0:1 200 "GET /js/bundle/main/main.bundle.js HTTP/1.1" 1423755 (26 ms)
2020-05-29 17:07:50 0:0:0:0:0:0:0:1 200 "GET /js/bundle/main/main.bundle.js.map HTTP/1.1" 1721890 (10 ms)
2020-05-29 17:07:51 0:0:0:0:0:0:0:1 200 "GET /member/login HTTP/1.1" 780 (5 ms)
2020-05-29 17:07:51 0:0:0:0:0:0:0:1 404 "GET /css/test.css HTTP/1.1" 1082 (9 ms)
2020-05-29 17:07:51 0:0:0:0:0:0:0:1 200 "GET /js/bundle/member/member.bundle.js HTTP/1.1" 1770673 (17 ms)
2020-05-29 17:07:51 0:0:0:0:0:0:0:1 200 "GET /js/bundle/member/member.bundle.js.map HTTP/1.1" 2080424 (17 ms)
2020-05-29 17:07:56 0:0:0:0:0:0:0:1 302 "GET / HTTP/1.1" - (3 ms)
2020-05-29 17:07:56 0:0:0:0:0:0:0:1 200 "GET /main/index HTTP/1.1" 801 (10 ms)
2020-05-29 17:07:56 0:0:0:0:0:0:0:1 404 "GET /css/test.css HTTP/1.1" 1082 (10 ms)
2020-05-29 17:07:56 0:0:0:0:0:0:0:1 200 "GET /js/bundle/main/main.bundle.js HTTP/1.1" 1423755 (18 ms)
2020-05-29 17:07:56 0:0:0:0:0:0:0:1 200 "GET /js/bundle/main/main.bundle.js.map HTTP/1.1" 1721890 (13 ms)
2020-05-29 17:07:58 0:0:0:0:0:0:0:1 200 "GET /member/login HTTP/1.1" 780 (5 ms)
2020-05-29 17:07:58 0:0:0:0:0:0:0:1 404 "GET /css/test.css HTTP/1.1" 1082 (7 ms)
2020-05-29 17:07:58 0:0:0:0:0:0:0:1 200 "GET /js/bundle/member/member.bundle.js HTTP/1.1" 1770673 (17 ms)
2020-05-29 17:07:58 0:0:0:0:0:0:0:1 200 "GET /js/bundle/member/member.bundle.js.map HTTP/1.1" 2080424 (16 ms)
2020-05-29 17:07:59 0:0:0:0:0:0:0:1 302 "GET / HTTP/1.1" - (2 ms)
2020-05-29 17:07:59 0:0:0:0:0:0:0:1 200 "GET /main/index HTTP/1.1" 801 (3 ms)
2020-05-29 17:07:59 0:0:0:0:0:0:0:1 404 "GET /css/test.css HTTP/1.1" 1082 (10 ms)
2020-05-29 17:07:59 0:0:0:0:0:0:0:1 200 "GET /js/bundle/main/main.bundle.js HTTP/1.1" 1423755 (15 ms)
2020-05-29 17:07:59 0:0:0:0:0:0:0:1 200 "GET /js/bundle/main/main.bundle.js.map HTTP/1.1" 1721890 (15 ms)
2020-05-29 17:08:00 0:0:0:0:0:0:0:1 200 "GET /member/signup HTTP/1.1" 776 (4 ms)
2020-05-29 17:08:00 0:0:0:0:0:0:0:1 404 "GET /css/test.css HTTP/1.1" 1082 (14 ms)
2020-05-29 17:08:00 0:0:0:0:0:0:0:1 200 "GET /js/bundle/member/member.bundle.js HTTP/1.1" 1770673 (26 ms)
2020-05-29 17:08:00 0:0:0:0:0:0:0:1 200 "GET /js/bundle/member/member.bundle.js.map HTTP/1.1" 2080424 (24 ms)
2020-05-29 17:08:33 0:0:0:0:0:0:0:1 200 "GET /member/login HTTP/1.1" 780 (17 ms)
2020-05-29 17:08:33 0:0:0:0:0:0:0:1 404 "GET /css/test.css HTTP/1.1" 1082 (14 ms)
2020-05-29 17:08:33 0:0:0:0:0:0:0:1 200 "GET /js/bundle/member/member.bundle.js HTTP/1.1" 1770673 (18 ms)
2020-05-29 17:08:33 0:0:0:0:0:0:0:1 200 "GET /js/bundle/member/member.bundle.js.map HTTP/1.1" 2080424 (17 ms)
2020-05-29 17:08:37 0:0:0:0:0:0:0:1 302 "POST /member/loginProcess HTTP/1.1" - (16 ms)
2020-05-29 17:08:37 0:0:0:0:0:0:0:1 200 "GET /member/login?error HTTP/1.1" 1132 (191 ms)
2020-05-29 17:08:37 0:0:0:0:0:0:0:1 404 "GET /css/test.css HTTP/1.1" 1082 (11 ms)
2020-05-29 17:08:38 0:0:0:0:0:0:0:1 200 "GET /member/login HTTP/1.1" 780 (9 ms)
2020-05-29 17:08:38 0:0:0:0:0:0:0:1 404 "GET /css/test.css HTTP/1.1" 1082 (7 ms)
2020-05-29 17:08:38 0:0:0:0:0:0:0:1 200 "GET /js/bundle/member/member.bundle.js HTTP/1.1" 1770673 (51 ms)
2020-05-29 17:08:38 0:0:0:0:0:0:0:1 200 "GET /js/bundle/member/member.bundle.js.map HTTP/1.1" 2080601 (18 ms)
2020-05-29 17:08:41 0:0:0:0:0:0:0:1 302 "POST /member/loginProcess HTTP/1.1" - (11 ms)
2020-05-29 17:08:41 0:0:0:0:0:0:0:1 200 "GET /member/login?error HTTP/1.1" 1132 (54 ms)
2020-05-29 17:08:41 0:0:0:0:0:0:0:1 404 "GET /css/test.css HTTP/1.1" 1082 (19 ms)
2020-05-29 17:08:42 0:0:0:0:0:0:0:1 200 "GET /member/login HTTP/1.1" 780 (12 ms)
2020-05-29 17:08:42 0:0:0:0:0:0:0:1 404 "GET /css/test.css HTTP/1.1" 1082 (9 ms)
2020-05-29 17:08:42 0:0:0:0:0:0:0:1 200 "GET /js/bundle/member/member.bundle.js HTTP/1.1" 1770673 (18 ms)
2020-05-29 17:08:42 0:0:0:0:0:0:0:1 200 "GET /js/bundle/member/member.bundle.js.map HTTP/1.1" 2080601 (15 ms)
2020-05-29 17:09:44 0:0:0:0:0:0:0:1 200 "GET /main/index HTTP/1.1" 801 (18 ms)
2020-05-29 17:09:44 0:0:0:0:0:0:0:1 404 "GET /css/test.css HTTP/1.1" 1082 (12 ms)
2020-05-29 17:09:44 0:0:0:0:0:0:0:1 200 "GET /js/bundle/main/main.bundle.js HTTP/1.1" 1423755 (15 ms)
2020-05-29 17:09:45 0:0:0:0:0:0:0:1 404 "GET /favicon.ico HTTP/1.1" 1082 (8 ms)
2020-05-29 17:09:45 0:0:0:0:0:0:0:1 200 "GET /js/bundle/main/main.bundle.js.map HTTP/1.1" 1721890 (16 ms)
2020-05-29 17:09:47 0:0:0:0:0:0:0:1 200 "GET /member/signup HTTP/1.1" 776 (7 ms)
2020-05-29 17:09:47 0:0:0:0:0:0:0:1 404 "GET /css/test.css HTTP/1.1" 1082 (12 ms)
2020-05-29 17:09:47 0:0:0:0:0:0:0:1 200 "GET /js/bundle/member/member.bundle.js HTTP/1.1" 1770673 (29 ms)
2020-05-29 17:09:47 0:0:0:0:0:0:0:1 404 "GET /favicon.ico HTTP/1.1" 1082 (7 ms)
2020-05-29 17:09:50 0:0:0:0:0:0:0:1 200 "GET /main/index HTTP/1.1" 801 (12 ms)
2020-05-29 17:09:50 0:0:0:0:0:0:0:1 404 "GET /css/test.css HTTP/1.1" 1082 (14 ms)
2020-05-29 17:09:50 0:0:0:0:0:0:0:1 200 "GET /js/bundle/main/main.bundle.js HTTP/1.1" 1423755 (22 ms)
2020-05-29 17:09:51 0:0:0:0:0:0:0:1 404 "GET /favicon.ico HTTP/1.1" 1082 (12 ms)
2020-05-29 17:09:51 0:0:0:0:0:0:0:1 200 "GET /js/bundle/main/main.bundle.js.map HTTP/1.1" 1721890 (23 ms)
2020-05-29 17:09:51 0:0:0:0:0:0:0:1 200 "GET /member/login HTTP/1.1" 780 (5 ms)
2020-05-29 17:09:51 0:0:0:0:0:0:0:1 404 "GET /css/test.css HTTP/1.1" 1082 (10 ms)
2020-05-29 17:09:51 0:0:0:0:0:0:0:1 200 "GET /js/bundle/member/member.bundle.js HTTP/1.1" 1770673 (28 ms)
2020-05-29 17:09:52 0:0:0:0:0:0:0:1 404 "GET /favicon.ico HTTP/1.1" 1082 (6 ms)
2020-05-29 17:09:52 0:0:0:0:0:0:0:1 200 "GET /main/index HTTP/1.1" 801 (5 ms)
2020-05-29 17:10:40 0:0:0:0:0:0:0:1 200 "GET /member/signup HTTP/1.1" 776 (25 ms)
2020-05-29 17:10:40 0:0:0:0:0:0:0:1 404 "GET /css/test.css HTTP/1.1" 1082 (14 ms)
2020-05-29 17:10:40 0:0:0:0:0:0:0:1 200 "GET /js/bundle/member/member.bundle.js HTTP/1.1" 1769543 (61 ms)
2020-05-29 17:10:40 0:0:0:0:0:0:0:1 200 "GET /js/bundle/member/member.bundle.js.map HTTP/1.1" 2080428 (17 ms)
2020-05-29 17:11:14 0:0:0:0:0:0:0:1 200 "GET /member/signup HTTP/1.1" 776 (75 ms)
2020-05-29 17:11:14 0:0:0:0:0:0:0:1 404 "GET /css/test.css HTTP/1.1" 1082 (18 ms)
2020-05-29 17:11:14 0:0:0:0:0:0:0:1 200 "GET /js/bundle/member/member.bundle.js HTTP/1.1" 1769537 (56 ms)
2020-05-29 17:11:14 0:0:0:0:0:0:0:1 200 "GET /js/bundle/member/member.bundle.js.map HTTP/1.1" 2080428 (17 ms)
2020-05-29 17:11:29 0:0:0:0:0:0:0:1 302 "GET / HTTP/1.1" - (4 ms)
2020-05-29 17:11:29 0:0:0:0:0:0:0:1 200 "GET /main/index HTTP/1.1" 801 (10 ms)
2020-05-29 17:11:29 0:0:0:0:0:0:0:1 404 "GET /css/test.css HTTP/1.1" 1082 (9 ms)
2020-05-29 17:11:29 0:0:0:0:0:0:0:1 200 "GET /js/bundle/main/main.bundle.js HTTP/1.1" 1423755 (44 ms)
2020-05-29 17:11:29 0:0:0:0:0:0:0:1 200 "GET /js/bundle/main/main.bundle.js.map HTTP/1.1" 1721890 (15 ms)
2020-05-29 17:11:31 0:0:0:0:0:0:0:1 200 "GET /member/signup HTTP/1.1" 776 (6 ms)
2020-05-29 17:11:31 0:0:0:0:0:0:0:1 404 "GET /css/test.css HTTP/1.1" 1082 (14 ms)
2020-05-29 17:11:31 0:0:0:0:0:0:0:1 200 "GET /js/bundle/member/member.bundle.js HTTP/1.1" 1769537 (23 ms)
2020-05-29 17:11:31 0:0:0:0:0:0:0:1 200 "GET /js/bundle/member/member.bundle.js.map HTTP/1.1" 2080428 (18 ms)
2020-05-29 17:16:09 0:0:0:0:0:0:0:1 200 "GET /member/signup HTTP/1.1" 961 (167 ms)
2020-05-29 17:16:09 0:0:0:0:0:0:0:1 404 "GET /css/test.css HTTP/1.1" 1082 (25 ms)
2020-05-29 17:16:09 0:0:0:0:0:0:0:1 200 "GET /js/bundle/member/member.bundle.js HTTP/1.1" 1769531 (81 ms)
2020-05-29 17:16:09 0:0:0:0:0:0:0:1 200 "GET /js/bundle/member/member.bundle.js.map HTTP/1.1" 2080428 (24 ms)
2020-05-29 17:16:09 0:0:0:0:0:0:0:1 404 "GET /favicon.ico HTTP/1.1" 1082 (8 ms)
2020-05-29 17:16:26 0:0:0:0:0:0:0:1 302 "GET / HTTP/1.1" - (4 ms)
2020-05-29 17:16:26 0:0:0:0:0:0:0:1 200 "GET /main/index HTTP/1.1" 986 (15 ms)
2020-05-29 17:16:26 0:0:0:0:0:0:0:1 404 "GET /css/test.css HTTP/1.1" 1082 (13 ms)
2020-05-29 17:16:26 0:0:0:0:0:0:0:1 200 "GET /js/bundle/main/main.bundle.js HTTP/1.1" 1423194 (59 ms)
2020-05-29 17:16:26 0:0:0:0:0:0:0:1 200 "GET /js/bundle/main/main.bundle.js.map HTTP/1.1" 1721810 (17 ms)
2020-05-29 17:16:27 0:0:0:0:0:0:0:1 200 "GET /member/login HTTP/1.1" 965 (7 ms)
2020-05-29 17:16:27 0:0:0:0:0:0:0:1 404 "GET /css/test.css HTTP/1.1" 1082 (5 ms)
2020-05-29 17:16:27 0:0:0:0:0:0:0:1 200 "GET /js/bundle/member/member.bundle.js HTTP/1.1" 1769531 (20 ms)
2020-05-29 17:16:27 0:0:0:0:0:0:0:1 200 "GET /js/bundle/member/member.bundle.js.map HTTP/1.1" 2080428 (15 ms)
2020-05-29 17:16:28 0:0:0:0:0:0:0:1 302 "GET / HTTP/1.1" - (2 ms)
2020-05-29 17:16:28 0:0:0:0:0:0:0:1 200 "GET /main/index HTTP/1.1" 986 (4 ms)
2020-05-29 17:16:28 0:0:0:0:0:0:0:1 404 "GET /css/test.css HTTP/1.1" 1082 (7 ms)
2020-05-29 17:16:28 0:0:0:0:0:0:0:1 200 "GET /js/bundle/main/main.bundle.js HTTP/1.1" 1423194 (17 ms)
2020-05-29 17:16:28 0:0:0:0:0:0:0:1 200 "GET /js/bundle/main/main.bundle.js.map HTTP/1.1" 1721810 (12 ms)
2020-05-29 17:16:29 0:0:0:0:0:0:0:1 200 "GET /member/signup HTTP/1.1" 961 (5 ms)
2020-05-29 17:16:29 0:0:0:0:0:0:0:1 404 "GET /css/test.css HTTP/1.1" 1082 (8 ms)
2020-05-29 17:16:29 0:0:0:0:0:0:0:1 200 "GET /js/bundle/member/member.bundle.js HTTP/1.1" 1769531 (20 ms)
2020-05-29 17:16:29 0:0:0:0:0:0:0:1 200 "GET /js/bundle/member/member.bundle.js.map HTTP/1.1" 2080428 (16 ms)
2020-05-29 17:16:30 0:0:0:0:0:0:0:1 200 "GET /member/login HTTP/1.1" 965 (4 ms)
2020-05-29 17:16:30 0:0:0:0:0:0:0:1 404 "GET /css/test.css HTTP/1.1" 1082 (6 ms)
2020-05-29 17:16:30 0:0:0:0:0:0:0:1 200 "GET /js/bundle/member/member.bundle.js HTTP/1.1" 1769531 (22 ms)
2020-05-29 17:16:30 0:0:0:0:0:0:0:1 200 "GET /js/bundle/member/member.bundle.js.map HTTP/1.1" 2080428 (17 ms)
2020-05-29 17:16:31 0:0:0:0:0:0:0:1 302 "GET / HTTP/1.1" - (3 ms)
2020-05-29 17:16:31 0:0:0:0:0:0:0:1 200 "GET /main/index HTTP/1.1" 986 (11 ms)
2020-05-29 17:16:31 0:0:0:0:0:0:0:1 404 "GET /css/test.css HTTP/1.1" 1082 (10 ms)
2020-05-29 17:16:31 0:0:0:0:0:0:0:1 200 "GET /js/bundle/main/main.bundle.js HTTP/1.1" 1423194 (18 ms)
2020-05-29 17:16:31 0:0:0:0:0:0:0:1 200 "GET /js/bundle/main/main.bundle.js.map HTTP/1.1" 1721810 (16 ms)
2020-05-29 17:16:31 0:0:0:0:0:0:0:1 200 "GET /member/login HTTP/1.1" 965 (4 ms)
2020-05-29 17:16:31 0:0:0:0:0:0:0:1 404 "GET /css/test.css HTTP/1.1" 1082 (7 ms)
2020-05-29 17:16:31 0:0:0:0:0:0:0:1 200 "GET /js/bundle/member/member.bundle.js HTTP/1.1" 1769531 (19 ms)
2020-05-29 17:16:32 0:0:0:0:0:0:0:1 200 "GET /js/bundle/member/member.bundle.js.map HTTP/1.1" 2080428 (20 ms)
2020-05-29 17:16:36 0:0:0:0:0:0:0:1 302 "GET / HTTP/1.1" - (1 ms)
2020-05-29 17:16:36 0:0:0:0:0:0:0:1 200 "GET /main/index HTTP/1.1" 986 (10 ms)
2020-05-29 17:16:36 0:0:0:0:0:0:0:1 404 "GET /css/test.css HTTP/1.1" 1082 (16 ms)
2020-05-29 17:16:36 0:0:0:0:0:0:0:1 200 "GET /js/bundle/main/main.bundle.js HTTP/1.1" 1423194 (18 ms)
2020-05-29 17:16:36 0:0:0:0:0:0:0:1 200 "GET /js/bundle/main/main.bundle.js.map HTTP/1.1" 1721810 (20 ms)
2020-05-29 17:16:37 0:0:0:0:0:0:0:1 200 "GET /member/signup HTTP/1.1" 961 (4 ms)
2020-05-29 17:16:37 0:0:0:0:0:0:0:1 404 "GET /css/test.css HTTP/1.1" 1082 (6 ms)
2020-05-29 17:16:37 0:0:0:0:0:0:0:1 200 "GET /js/bundle/member/member.bundle.js HTTP/1.1" 1769531 (20 ms)
2020-05-29 17:16:37 0:0:0:0:0:0:0:1 200 "GET /js/bundle/member/member.bundle.js.map HTTP/1.1" 2080428 (16 ms)
2020-05-29 17:16:38 0:0:0:0:0:0:0:1 200 "GET /member/login HTTP/1.1" 965 (4 ms)
2020-05-29 17:16:38 0:0:0:0:0:0:0:1 404 "GET /css/test.css HTTP/1.1" 1082 (10 ms)
2020-05-29 17:16:38 0:0:0:0:0:0:0:1 200 "GET /js/bundle/member/member.bundle.js HTTP/1.1" 1769531 (20 ms)
2020-05-29 17:16:38 0:0:0:0:0:0:0:1 200 "GET /js/bundle/member/member.bundle.js.map HTTP/1.1" 2080428 (16 ms)
2020-05-29 17:16:39 0:0:0:0:0:0:0:1 302 "GET / HTTP/1.1" - (2 ms)
2020-05-29 17:16:39 0:0:0:0:0:0:0:1 200 "GET /main/index HTTP/1.1" 986 (4 ms)
2020-05-29 17:16:39 0:0:0:0:0:0:0:1 404 "GET /css/test.css HTTP/1.1" 1082 (8 ms)
2020-05-29 17:16:39 0:0:0:0:0:0:0:1 200 "GET /js/bundle/main/main.bundle.js HTTP/1.1" 1423194 (15 ms)
2020-05-29 17:16:39 0:0:0:0:0:0:0:1 200 "GET /js/bundle/main/main.bundle.js.map HTTP/1.1" 1721810 (14 ms)
2020-05-29 17:16:44 0:0:0:0:0:0:0:1 404 "GET /css/test.css HTTP/1.1" 1082 (29 ms)
2020-05-29 17:16:44 0:0:0:0:0:0:0:1 404 "GET /css/test.css HTTP/1.1" 1082 (5 ms)
2020-05-29 17:20:48 0:0:0:0:0:0:0:1 200 "GET /member/signup HTTP/1.1" 911 (229 ms)
2020-05-29 17:20:48 0:0:0:0:0:0:0:1 200 "GET /js/bundle/member/member.bundle.js HTTP/1.1" 1769531 (67 ms)
2020-05-29 17:20:50 0:0:0:0:0:0:0:1 200 "GET /js/bundle/member/member.bundle.js.map HTTP/1.1" 2080432 (33 ms)
2020-05-29 17:20:58 0:0:0:0:0:0:0:1 200 "GET /member/login HTTP/1.1" 915 (20 ms)
2020-05-29 17:20:58 0:0:0:0:0:0:0:1 200 "GET /js/bundle/member/member.bundle.js HTTP/1.1" 1769531 (25 ms)
2020-05-29 17:20:58 0:0:0:0:0:0:0:1 404 "GET /favicon.ico HTTP/1.1" 1032 (11 ms)
2020-05-29 17:21:13 127.0.0.1 200 "GET /member/login HTTP/1.1" 915 (60 ms)
2020-05-29 17:21:13 127.0.0.1 200 "GET /js/bundle/member/member.bundle.js HTTP/1.1" 1769531 (18 ms)
2020-05-29 17:21:13 127.0.0.1 404 "GET /favicon.ico HTTP/1.1" 1032 (15 ms)
2020-05-29 17:21:14 127.0.0.1 302 "GET / HTTP/1.1" - (3 ms)
2020-05-29 17:21:14 127.0.0.1 200 "GET /main/index HTTP/1.1" 936 (4 ms)
2020-05-29 17:21:14 127.0.0.1 200 "GET /js/bundle/main/main.bundle.js HTTP/1.1" 968290 (39 ms)
2020-05-29 17:21:15 127.0.0.1 404 "GET /favicon.ico HTTP/1.1" 1032 (10 ms)
2020-05-29 17:21:15 127.0.0.1 200 "GET /js/bundle/main/main.bundle.js.map HTTP/1.1" 1130082 (19 ms)
2020-05-29 17:21:16 127.0.0.1 200 "GET /member/login HTTP/1.1" 915 (4 ms)
2020-05-29 17:21:16 127.0.0.1 200 "GET /js/bundle/member/member.bundle.js HTTP/1.1" 1769531 (23 ms)
2020-05-29 17:21:17 127.0.0.1 404 "GET /favicon.ico HTTP/1.1" 1032 (18 ms)
2020-05-29 17:21:18 127.0.0.1 302 "GET / HTTP/1.1" - (2 ms)
2020-05-29 17:21:18 127.0.0.1 200 "GET /main/index HTTP/1.1" 936 (5 ms)
2020-05-29 17:21:18 127.0.0.1 200 "GET /js/bundle/main/main.bundle.js HTTP/1.1" 968290 (11 ms)
2020-05-29 17:21:18 127.0.0.1 404 "GET /favicon.ico HTTP/1.1" 1032 (11 ms)
2020-05-29 17:21:18 127.0.0.1 200 "GET /js/bundle/main/main.bundle.js.map HTTP/1.1" 1130082 (15 ms)
2020-05-29 17:21:41 127.0.0.1 200 "GET /main/index HTTP/1.1" 936 (60 ms)
2020-05-29 17:21:41 127.0.0.1 200 "GET /js/bundle/main/main.bundle.js HTTP/1.1" 968290 (10 ms)
2020-05-29 17:21:42 127.0.0.1 200 "GET /js/bundle/main/main.bundle.js.map HTTP/1.1" 1130082 (19 ms)
2020-05-29 17:21:42 127.0.0.1 404 "GET /favicon.ico HTTP/1.1" 1032 (24 ms)
2020-05-29 17:21:45 127.0.0.1 302 "GET / HTTP/1.1" - (4 ms)
2020-05-29 17:21:45 127.0.0.1 200 "GET /main/index HTTP/1.1" 936 (5 ms)
2020-05-29 17:21:45 127.0.0.1 200 "GET /js/bundle/main/main.bundle.js HTTP/1.1" 968290 (13 ms)
2020-05-29 17:21:45 127.0.0.1 404 "GET /favicon.ico HTTP/1.1" 1032 (7 ms)
2020-05-29 17:21:45 127.0.0.1 200 "GET /js/bundle/main/main.bundle.js.map HTTP/1.1" 1130082 (18 ms)
2020-05-29 17:21:46 127.0.0.1 200 "GET /main/index HTTP/1.1" 936 (8 ms)
2020-05-29 17:21:46 127.0.0.1 200 "GET /main/index HTTP/1.1" 936 (5 ms)
2020-05-29 17:21:46 127.0.0.1 200 "GET /js/bundle/main/main.bundle.js HTTP/1.1" 968290 (11 ms)
2020-05-29 17:21:47 127.0.0.1 404 "GET /favicon.ico HTTP/1.1" 1032 (6 ms)
2020-05-29 17:21:47 127.0.0.1 200 "GET /js/bundle/main/main.bundle.js.map HTTP/1.1" 1130082 (9 ms)
2020-05-29 17:21:47 127.0.0.1 200 "GET /main/index HTTP/1.1" 936 (6 ms)
2020-05-29 17:21:47 127.0.0.1 200 "GET /js/bundle/main/main.bundle.js HTTP/1.1" 968290 (11 ms)
2020-05-29 17:21:47 127.0.0.1 404 "GET /favicon.ico HTTP/1.1" 1032 (7 ms)
2020-05-29 17:21:47 127.0.0.1 200 "GET /js/bundle/main/main.bundle.js.map HTTP/1.1" 1130082 (12 ms)
2020-05-29 17:21:48 127.0.0.1 200 "GET /main/index HTTP/1.1" 936 (5 ms)
2020-05-29 17:21:48 127.0.0.1 200 "GET /js/bundle/main/main.bundle.js HTTP/1.1" 968290 (11 ms)
2020-05-29 17:21:48 127.0.0.1 404 "GET /favicon.ico HTTP/1.1" 1032 (4 ms)
2020-05-29 17:21:48 127.0.0.1 200 "GET /js/bundle/main/main.bundle.js.map HTTP/1.1" 1130082 (8 ms)
2020-05-29 17:21:49 127.0.0.1 200 "GET /main/index HTTP/1.1" 936 (5 ms)
2020-05-29 17:21:50 127.0.0.1 200 "GET /js/bundle/main/main.bundle.js HTTP/1.1" 968290 (17 ms)
2020-05-29 17:21:50 127.0.0.1 404 "GET /favicon.ico HTTP/1.1" 1032 (5 ms)
2020-05-29 17:21:50 127.0.0.1 200 "GET /js/bundle/main/main.bundle.js.map HTTP/1.1" 1130082 (12 ms)
2020-05-29 17:21:52 127.0.0.1 200 "GET /member/signup HTTP/1.1" 911 (15 ms)
2020-05-29 17:21:52 127.0.0.1 200 "GET /js/bundle/member/member.bundle.js HTTP/1.1" 1730110 (58 ms)
2020-05-29 17:21:52 127.0.0.1 404 "GET /favicon.ico HTTP/1.1" 1032 (9 ms)
2020-05-29 17:22:08 127.0.0.1 200 "GET /member/signup HTTP/1.1" 911 (19 ms)
2020-05-29 17:22:08 127.0.0.1 200 "GET /js/bundle/member/member.bundle.js HTTP/1.1" 1730449 (47 ms)
2020-05-29 17:22:08 127.0.0.1 404 "GET /favicon.ico HTTP/1.1" 1032 (16 ms)
2020-05-29 17:22:09 127.0.0.1 200 "GET /member/signup HTTP/1.1" 911 (6 ms)
2020-05-29 17:22:09 127.0.0.1 200 "GET /js/bundle/member/member.bundle.js HTTP/1.1" 1730449 (16 ms)
2020-05-29 17:22:09 127.0.0.1 404 "GET /favicon.ico HTTP/1.1" 1032 (7 ms)
2020-05-29 17:22:10 127.0.0.1 302 "GET / HTTP/1.1" - (2 ms)
2020-05-29 17:22:10 127.0.0.1 200 "GET /main/index HTTP/1.1" 936 (5 ms)
2020-05-29 17:22:10 127.0.0.1 200 "GET /js/bundle/main/main.bundle.js HTTP/1.1" 968290 (45 ms)
2020-05-29 17:22:10 127.0.0.1 404 "GET /favicon.ico HTTP/1.1" 1032 (10 ms)
2020-05-29 17:22:10 127.0.0.1 200 "GET /js/bundle/main/main.bundle.js.map HTTP/1.1" 1130082 (24 ms)
2020-05-29 17:23:26 127.0.0.1 200 "GET /main/index HTTP/1.1" 936 (60 ms)
2020-05-29 17:23:26 127.0.0.1 200 "GET /js/bundle/main/main.bundle.js HTTP/1.1" 968364 (30 ms)
2020-05-29 17:23:26 127.0.0.1 404 "GET /favicon.ico HTTP/1.1" 1032 (25 ms)
2020-05-29 17:23:26 127.0.0.1 200 "GET /js/bundle/main/main.bundle.js.map HTTP/1.1" 1130167 (24 ms)
2020-05-29 17:23:28 127.0.0.1 200 "GET /main/index HTTP/1.1" 936 (7 ms)
2020-05-29 17:23:28 127.0.0.1 200 "GET /js/bundle/main/main.bundle.js HTTP/1.1" 968364 (15 ms)
2020-05-29 17:23:28 127.0.0.1 404 "GET /favicon.ico HTTP/1.1" 1032 (8 ms)
2020-05-29 17:23:28 127.0.0.1 200 "GET /js/bundle/main/main.bundle.js.map HTTP/1.1" 1130167 (13 ms)
2020-05-29 17:23:29 127.0.0.1 200 "GET /main/index HTTP/1.1" 936 (7 ms)
2020-05-29 17:23:29 127.0.0.1 200 "GET /js/bundle/main/main.bundle.js HTTP/1.1" 968364 (14 ms)
2020-05-29 17:23:29 127.0.0.1 404 "GET /favicon.ico HTTP/1.1" 1032 (8 ms)
2020-05-29 17:23:29 127.0.0.1 200 "GET /js/bundle/main/main.bundle.js.map HTTP/1.1" 1130167 (11 ms)
2020-05-29 17:23:41 0:0:0:0:0:0:0:1 302 "GET / HTTP/1.1" - (3 ms)
2020-05-29 17:23:41 0:0:0:0:0:0:0:1 200 "GET /main/index HTTP/1.1" 936 (15 ms)
2020-05-29 17:23:41 0:0:0:0:0:0:0:1 200 "GET /js/bundle/main/main.bundle.js HTTP/1.1" 968364 (14 ms)
2020-05-29 17:23:41 0:0:0:0:0:0:0:1 404 "GET /favicon.ico HTTP/1.1" 1032 (7 ms)
2020-05-29 17:23:42 0:0:0:0:0:0:0:1 200 "GET /member/signup HTTP/1.1" 911 (3 ms)
2020-05-29 17:23:42 0:0:0:0:0:0:0:1 200 "GET /js/bundle/member/member.bundle.js HTTP/1.1" 1730527 (34 ms)
2020-05-29 17:23:42 0:0:0:0:0:0:0:1 404 "GET /favicon.ico HTTP/1.1" 1032 (6 ms)
2020-05-29 17:24:01 0:0:0:0:0:0:0:1 200 "GET /member/signup HTTP/1.1" 911 (23 ms)
2020-05-29 17:24:01 0:0:0:0:0:0:0:1 200 "GET /js/bundle/member/member.bundle.js HTTP/1.1" 1730527 (18 ms)
2020-05-29 17:24:01 0:0:0:0:0:0:0:1 404 "GET /favicon.ico HTTP/1.1" 1032 (9 ms)
2020-05-29 17:24:02 0:0:0:0:0:0:0:1 302 "GET / HTTP/1.1" - (2 ms)
2020-05-29 17:24:02 0:0:0:0:0:0:0:1 200 "GET /main/index HTTP/1.1" 936 (3 ms)
2020-05-29 17:24:02 0:0:0:0:0:0:0:1 200 "GET /js/bundle/main/main.bundle.js HTTP/1.1" 968364 (12 ms)
2020-05-29 17:24:02 0:0:0:0:0:0:0:1 404 "GET /favicon.ico HTTP/1.1" 1032 (19 ms)
2020-05-29 17:24:02 0:0:0:0:0:0:0:1 200 "GET /js/bundle/main/main.bundle.js.map HTTP/1.1" 1130167 (20 ms)
2020-05-29 17:24:03 0:0:0:0:0:0:0:1 200 "GET /main/index HTTP/1.1" 936 (3 ms)
2020-05-29 17:32:30 0:0:0:0:0:0:0:1 302 "GET / HTTP/1.1" - (11 ms)
2020-05-29 17:32:30 0:0:0:0:0:0:0:1 200 "GET /main/index HTTP/1.1" 936 (37 ms)
2020-05-29 17:32:30 0:0:0:0:0:0:0:1 200 "GET /js/bundle/main/main.bundle.js HTTP/1.1" 968364 (9 ms)
2020-05-29 17:32:30 0:0:0:0:0:0:0:1 302 "GET / HTTP/1.1" - (2 ms)
2020-05-29 17:32:30 0:0:0:0:0:0:0:1 200 "GET /main/index HTTP/1.1" 936 (6 ms)
2020-05-29 17:32:31 0:0:0:0:0:0:0:1 200 "GET /js/bundle/main/main.bundle.js HTTP/1.1" 968364 (10 ms)
2020-05-29 17:32:31 0:0:0:0:0:0:0:1 404 "GET /favicon.ico HTTP/1.1" 1032 (16 ms)
2020-05-29 17:32:33 0:0:0:0:0:0:0:1 200 "GET /member/login HTTP/1.1" 915 (9 ms)
2020-05-29 17:32:33 0:0:0:0:0:0:0:1 200 "GET /js/bundle/member/member.bundle.js HTTP/1.1" 1741346 (32 ms)
2020-05-29 17:32:36 0:0:0:0:0:0:0:1 302 "POST /member/loginProcess HTTP/1.1" - (6 ms)
2020-05-29 17:32:36 0:0:0:0:0:0:0:1 200 "GET /member/login?error HTTP/1.1" 1082 (11 ms)
2020-05-29 17:32:37 0:0:0:0:0:0:0:1 200 "GET /member/login HTTP/1.1" 915 (6 ms)
2020-05-29 17:32:37 0:0:0:0:0:0:0:1 200 "GET /js/bundle/member/member.bundle.js HTTP/1.1" 1741346 (13 ms)
2020-05-29 17:32:50 0:0:0:0:0:0:0:1 200 "POST /member/signupProcess HTTP/1.1" 1000 (294 ms)
2020-05-29 17:32:50 0:0:0:0:0:0:0:1 405 "GET /member/signupProcess HTTP/1.1" 1041 (8 ms)
2020-05-29 17:36:16 0:0:0:0:0:0:0:1 405 "GET /member/signupProcess HTTP/1.1" 1041 (418 ms)
2020-05-29 17:36:16 0:0:0:0:0:0:0:1 404 "GET /favicon.ico HTTP/1.1" 1032 (29 ms)
2020-05-29 17:36:17 0:0:0:0:0:0:0:1 200 "GET /member/signup HTTP/1.1" 911 (26 ms)
2020-05-29 17:36:17 0:0:0:0:0:0:0:1 200 "GET /js/bundle/member/member.bundle.js HTTP/1.1" 1741346 (44 ms)
2020-05-29 17:36:22 0:0:0:0:0:0:0:1 200 "POST /member/signupProcess HTTP/1.1" 1059 (416 ms)
2020-05-29 17:36:24 0:0:0:0:0:0:0:1 200 "GET /member/login HTTP/1.1" 915 (14 ms)
2020-05-29 17:36:24 0:0:0:0:0:0:0:1 200 "GET /js/bundle/member/member.bundle.js HTTP/1.1" 1741346 (34 ms)
2020-05-29 17:36:28 0:0:0:0:0:0:0:1 302 "POST /member/loginProcess HTTP/1.1" - (107 ms)
2020-05-29 17:36:28 0:0:0:0:0:0:0:1 404 "GET /blank?url=/main/index&msg=%EB%A1%9C%EA%B7%B8%EC%9D%B8+%EB%90%98%EC%97%88%EC%8A%B5%EB%8B%88%EB%8B%A4. HTTP/1.1" 1032 (14 ms)
2020-05-29 17:36:29 0:0:0:0:0:0:0:1 200 "GET /member/login HTTP/1.1" 1067 (14 ms)
2020-05-29 17:36:30 0:0:0:0:0:0:0:1 200 "GET /main/index HTTP/1.1" 864 (16 ms)
2020-05-29 17:36:30 0:0:0:0:0:0:0:1 200 "GET /js/bundle/main/main.bundle.js HTTP/1.1" 968364 (12 ms)
2020-05-29 17:36:44 0:0:0:0:0:0:0:1 200 "GET /main/index HTTP/1.1" 864 (21 ms)
2020-05-29 17:36:44 0:0:0:0:0:0:0:1 200 "GET /js/bundle/main/main.bundle.js HTTP/1.1" 968364 (17 ms)
2020-05-29 17:36:44 0:0:0:0:0:0:0:1 404 "GET /favicon.ico HTTP/1.1" 1032 (13 ms)
2020-05-29 17:36:45 0:0:0:0:0:0:0:1 302 "GET /member/logout HTTP/1.1" - (3 ms)
2020-05-29 17:36:45 0:0:0:0:0:0:0:1 200 "GET /member/logoutProcess HTTP/1.1" 1063 (11 ms)
2020-05-29 17:36:46 0:0:0:0:0:0:0:1 200 "GET /main/index HTTP/1.1" 936 (11 ms)
2020-05-29 17:36:46 0:0:0:0:0:0:0:1 200 "GET /js/bundle/main/main.bundle.js HTTP/1.1" 968364 (15 ms)
2020-05-29 17:36:47 0:0:0:0:0:0:0:1 200 "GET /member/login HTTP/1.1" 915 (16 ms)
2020-05-29 17:36:47 0:0:0:0:0:0:0:1 200 "GET /js/bundle/member/member.bundle.js HTTP/1.1" 1741346 (19 ms)
2020-05-29 17:36:51 0:0:0:0:0:0:0:1 302 "POST /member/loginProcess HTTP/1.1" - (82 ms)
2020-05-29 17:36:51 0:0:0:0:0:0:0:1 200 "GET /member/login?error HTTP/1.1" 1082 (16 ms)
2020-05-29 17:36:53 0:0:0:0:0:0:0:1 200 "GET /member/login HTTP/1.1" 915 (12 ms)
2020-05-29 17:36:53 0:0:0:0:0:0:0:1 200 "GET /js/bundle/member/member.bundle.js HTTP/1.1" 1741346 (19 ms)
2020-05-29 17:36:58 0:0:0:0:0:0:0:1 302 "POST /member/loginProcess HTTP/1.1" - (82 ms)
2020-05-29 17:36:58 0:0:0:0:0:0:0:1 404 "GET /blank?url=/main/index&msg=%EB%A1%9C%EA%B7%B8%EC%9D%B8+%EB%90%98%EC%97%88%EC%8A%B5%EB%8B%88%EB%8B%A4. HTTP/1.1" 1032 (13 ms)
2020-05-29 17:37:10 0:0:0:0:0:0:0:1 302 "GET / HTTP/1.1" - (9 ms)
2020-05-29 17:37:10 0:0:0:0:0:0:0:1 200 "GET /main/index HTTP/1.1" 864 (17 ms)
2020-05-29 17:37:10 0:0:0:0:0:0:0:1 200 "GET /js/bundle/main/main.bundle.js HTTP/1.1" 968364 (16 ms)
2020-05-29 17:37:12 0:0:0:0:0:0:0:1 302 "GET /member/logout HTTP/1.1" - (2 ms)
2020-05-29 17:37:12 0:0:0:0:0:0:0:1 200 "GET /member/logoutProcess HTTP/1.1" 1063 (9 ms)
2020-05-29 17:37:13 0:0:0:0:0:0:0:1 200 "GET /main/index HTTP/1.1" 936 (4 ms)
2020-05-29 17:37:13 0:0:0:0:0:0:0:1 200 "GET /js/bundle/main/main.bundle.js HTTP/1.1" 968364 (12 ms)
2020-05-29 17:37:14 0:0:0:0:0:0:0:1 200 "GET /member/login HTTP/1.1" 915 (23 ms)
2020-05-29 17:37:14 0:0:0:0:0:0:0:1 200 "GET /js/bundle/member/member.bundle.js HTTP/1.1" 1741346 (18 ms)
2020-05-29 17:37:22 0:0:0:0:0:0:0:1 302 "POST /member/loginProcess HTTP/1.1" - (7 ms)
2020-05-29 17:37:22 0:0:0:0:0:0:0:1 200 "GET /member/login?error HTTP/1.1" 1082 (24 ms)
2020-05-29 17:37:24 0:0:0:0:0:0:0:1 200 "GET /member/login HTTP/1.1" 915 (11 ms)
2020-05-29 17:37:24 0:0:0:0:0:0:0:1 200 "GET /js/bundle/member/member.bundle.js HTTP/1.1" 1741346 (19 ms)
2020-05-29 17:37:31 0:0:0:0:0:0:0:1 200 "POST /member/signupProcess HTTP/1.1" 1059 (92 ms)
2020-05-29 17:37:31 0:0:0:0:0:0:0:1 200 "GET /member/login HTTP/1.1" 915 (5 ms)
2020-05-29 17:37:31 0:0:0:0:0:0:0:1 200 "GET /js/bundle/member/member.bundle.js HTTP/1.1" 1741346 (18 ms)
2020-05-29 17:37:40 0:0:0:0:0:0:0:1 302 "POST /member/loginProcess HTTP/1.1" - (79 ms)
2020-05-29 17:37:40 0:0:0:0:0:0:0:1 200 "GET /member/login?error HTTP/1.1" 1082 (10 ms)
2020-05-29 17:37:41 0:0:0:0:0:0:0:1 200 "GET /member/login HTTP/1.1" 915 (8 ms)
2020-05-29 17:37:41 0:0:0:0:0:0:0:1 200 "GET /js/bundle/member/member.bundle.js HTTP/1.1" 1741346 (21 ms)
2020-05-29 17:37:43 0:0:0:0:0:0:0:1 302 "POST /member/loginProcess HTTP/1.1" - (78 ms)
2020-05-29 17:37:43 0:0:0:0:0:0:0:1 404 "GET /blank?url=/main/index&msg=%EB%A1%9C%EA%B7%B8%EC%9D%B8+%EB%90%98%EC%97%88%EC%8A%B5%EB%8B%88%EB%8B%A4. HTTP/1.1" 1032 (8 ms)
2020-05-29 17:39:01 0:0:0:0:0:0:0:1 200 "GET /member/login HTTP/1.1" 915 (367 ms)
2020-05-29 17:39:02 0:0:0:0:0:0:0:1 200 "GET /js/bundle/member/member.bundle.js HTTP/1.1" 1741346 (127 ms)
2020-05-29 17:39:09 0:0:0:0:0:0:0:1 200 "POST /member/signupProcess HTTP/1.1" 1000 (428 ms)
2020-05-29 17:39:10 0:0:0:0:0:0:0:1 405 "GET /member/signupProcess HTTP/1.1" 1041 (39 ms)
2020-05-29 17:39:21 0:0:0:0:0:0:0:1 200 "GET /member/signup HTTP/1.1" 911 (19 ms)
2020-05-29 17:39:21 0:0:0:0:0:0:0:1 200 "GET /js/bundle/member/member.bundle.js HTTP/1.1" 1741346 (34 ms)
2020-05-29 17:39:27 0:0:0:0:0:0:0:1 200 "POST /member/signupProcess HTTP/1.1" 1059 (113 ms)
2020-05-29 17:39:34 0:0:0:0:0:0:0:1 200 "GET /member/login HTTP/1.1" 915 (21 ms)
2020-05-29 17:39:34 0:0:0:0:0:0:0:1 200 "GET /js/bundle/member/member.bundle.js HTTP/1.1" 1741346 (30 ms)
2020-05-29 17:39:37 0:0:0:0:0:0:0:1 302 "POST /member/loginProcess HTTP/1.1" - (111 ms)
2020-05-29 17:39:37 0:0:0:0:0:0:0:1 200 "GET /member/login?error HTTP/1.1" 1082 (9 ms)
2020-05-29 17:39:38 0:0:0:0:0:0:0:1 200 "GET /member/login HTTP/1.1" 915 (12 ms)
2020-05-29 17:39:38 0:0:0:0:0:0:0:1 200 "GET /js/bundle/member/member.bundle.js HTTP/1.1" 1741346 (19 ms)
2020-05-29 17:39:41 0:0:0:0:0:0:0:1 302 "POST /member/loginProcess HTTP/1.1" - (84 ms)
2020-05-29 17:39:41 0:0:0:0:0:0:0:1 200 "GET /blank/?url=/main/index&msg=%EB%A1%9C%EA%B7%B8%EC%9D%B8+%EB%90%98%EC%97%88%EC%8A%B5%EB%8B%88%EB%8B%A4. HTTP/1.1" 1060 (5 ms)
2020-05-29 17:39:42 0:0:0:0:0:0:0:1 200 "GET /main/index HTTP/1.1" 949 (16 ms)
2020-05-29 17:39:42 0:0:0:0:0:0:0:1 200 "GET /js/bundle/main/main.bundle.js HTTP/1.1" 968364 (14 ms)
2020-05-29 17:39:51 0:0:0:0:0:0:0:1 302 "GET /member/logout HTTP/1.1" - (4 ms)
2020-05-29 17:39:51 0:0:0:0:0:0:0:1 200 "GET /member/logoutProcess HTTP/1.1" 1063 (19 ms)
2020-05-29 17:39:52 0:0:0:0:0:0:0:1 200 "GET /main/index HTTP/1.1" 936 (8 ms)
2020-05-29 17:39:52 0:0:0:0:0:0:0:1 200 "GET /js/bundle/main/main.bundle.js HTTP/1.1" 968364 (15 ms)
2020-05-29 17:39:54 0:0:0:0:0:0:0:1 200 "GET /member/login HTTP/1.1" 915 (8 ms)
2020-05-29 17:39:54 0:0:0:0:0:0:0:1 200 "GET /js/bundle/member/member.bundle.js HTTP/1.1" 1741346 (23 ms)
2020-05-29 17:39:56 0:0:0:0:0:0:0:1 302 "POST /member/loginProcess HTTP/1.1" - (78 ms)
2020-05-29 17:39:56 0:0:0:0:0:0:0:1 200 "GET /blank/?url=/main/index&msg=%EB%A1%9C%EA%B7%B8%EC%9D%B8+%EB%90%98%EC%97%88%EC%8A%B5%EB%8B%88%EB%8B%A4. HTTP/1.1" 1060 (11 ms)
2020-05-29 17:39:57 0:0:0:0:0:0:0:1 200 "GET /main/index HTTP/1.1" 949 (8 ms)
2020-05-29 17:39:57 0:0:0:0:0:0:0:1 200 "GET /js/bundle/main/main.bundle.js HTTP/1.1" 968364 (14 ms)
2020-05-29 17:39:58 0:0:0:0:0:0:0:1 200 "GET /member/list HTTP/1.1" 922 (8 ms)
2020-05-29 17:39:58 0:0:0:0:0:0:0:1 200 "GET /js/bundle/member/member.bundle.js HTTP/1.1" 1741346 (20 ms)
2020-05-29 17:39:58 0:0:0:0:0:0:0:1 200 "GET /member/api/list?pageIndex=1&memberId=&memberName= HTTP/1.1" 679 (132 ms)
2020-05-29 17:40:50 0:0:0:0:0:0:0:1 200 "GET /member/list HTTP/1.1" 922 (29 ms)
2020-05-29 17:40:50 0:0:0:0:0:0:0:1 200 "GET /js/bundle/member/member.bundle.js HTTP/1.1" 1741346 (27 ms)
2020-05-29 17:40:50 0:0:0:0:0:0:0:1 200 "GET /member/api/list?pageIndex=1&memberId=&memberName= HTTP/1.1" 679 (15 ms)
2020-05-29 17:40:50 0:0:0:0:0:0:0:1 404 "GET /favicon.ico HTTP/1.1" 1032 (17 ms)
2020-05-29 17:40:51 0:0:0:0:0:0:0:1 200 "GET /member/list HTTP/1.1" 922 (6 ms)
2020-05-29 17:40:51 0:0:0:0:0:0:0:1 200 "GET /js/bundle/member/member.bundle.js HTTP/1.1" 1741379 (37 ms)
2020-05-29 17:40:51 0:0:0:0:0:0:0:1 200 "GET /member/api/list?pageIndex=1&memberId=&memberName= HTTP/1.1" 679 (7 ms)
2020-05-29 17:40:51 0:0:0:0:0:0:0:1 404 "GET /favicon.ico HTTP/1.1" 1032 (8 ms)
2020-05-29 17:40:52 0:0:0:0:0:0:0:1 200 "GET /member/list HTTP/1.1" 922 (17 ms)
2020-05-29 17:40:52 0:0:0:0:0:0:0:1 200 "GET /js/bundle/member/member.bundle.js HTTP/1.1" 1741379 (19 ms)
2020-05-29 17:40:52 0:0:0:0:0:0:0:1 200 "GET /member/api/list?pageIndex=1&memberId=&memberName= HTTP/1.1" 679 (11 ms)
2020-05-29 17:40:52 0:0:0:0:0:0:0:1 404 "GET /favicon.ico HTTP/1.1" 1032 (11 ms)
2020-05-29 17:40:54 0:0:0:0:0:0:0:1 200 "GET /js/bundle/member/member.bundle.js.map HTTP/1.1" 2046089 (74 ms)
2020-05-29 17:41:02 0:0:0:0:0:0:0:1 200 "GET /member/list HTTP/1.1" 922 (27 ms)
2020-05-29 17:41:02 0:0:0:0:0:0:0:1 200 "GET /js/bundle/member/member.bundle.js HTTP/1.1" 1741379 (26 ms)
2020-05-29 17:41:02 0:0:0:0:0:0:0:1 200 "GET /js/bundle/member/member.bundle.js.map HTTP/1.1" 2046089 (26 ms)
2020-05-29 17:41:02 0:0:0:0:0:0:0:1 200 "GET /member/api/list?pageIndex=1&memberId=&memberName= HTTP/1.1" 679 (28 ms)
2020-05-29 17:41:02 0:0:0:0:0:0:0:1 404 "GET /favicon.ico HTTP/1.1" 1032 (15 ms)
2020-05-29 17:41:03 0:0:0:0:0:0:0:1 200 "GET /member/list HTTP/1.1" 922 (4 ms)
2020-05-29 17:41:03 0:0:0:0:0:0:0:1 200 "GET /js/bundle/member/member.bundle.js HTTP/1.1" 1741379 (21 ms)
2020-05-29 17:41:03 0:0:0:0:0:0:0:1 200 "GET /js/bundle/member/member.bundle.js.map HTTP/1.1" 2046089 (19 ms)
2020-05-29 17:41:03 0:0:0:0:0:0:0:1 200 "GET /member/api/list?pageIndex=1&memberId=&memberName= HTTP/1.1" 679 (10 ms)
2020-05-29 17:41:03 0:0:0:0:0:0:0:1 404 "GET /favicon.ico HTTP/1.1" 1032 (10 ms)
2020-05-29 17:41:09 0:0:0:0:0:0:0:1 200 "GET /member/list HTTP/1.1" 922 (26 ms)
2020-05-29 17:41:09 0:0:0:0:0:0:0:1 200 "GET /js/bundle/member/member.bundle.js HTTP/1.1" 1741379 (26 ms)
2020-05-29 17:41:09 0:0:0:0:0:0:0:1 200 "GET /js/bundle/member/member.bundle.js.map HTTP/1.1" 2046089 (22 ms)
2020-05-29 17:41:09 0:0:0:0:0:0:0:1 200 "GET /member/api/list?pageIndex=1&memberId=&memberName= HTTP/1.1" 679 (14 ms)
2020-05-29 17:41:09 0:0:0:0:0:0:0:1 404 "GET /favicon.ico HTTP/1.1" 1032 (16 ms)
2020-05-29 17:41:38 0:0:0:0:0:0:0:1 200 "GET /member/list HTTP/1.1" 922 (20 ms)
2020-05-29 17:41:39 0:0:0:0:0:0:0:1 200 "GET /js/bundle/member/member.bundle.js HTTP/1.1" 1741375 (116 ms)
2020-05-29 17:41:39 0:0:0:0:0:0:0:1 200 "GET /js/bundle/member/member.bundle.js.map HTTP/1.1" 2046109 (20 ms)
2020-05-29 17:41:39 0:0:0:0:0:0:0:1 200 "GET /member/api/list?pageIndex=1&memberId=&memberName= HTTP/1.1" 679 (9 ms)
2020-05-29 17:41:39 0:0:0:0:0:0:0:1 404 "GET /favicon.ico HTTP/1.1" 1032 (15 ms)
2020-05-29 17:42:23 0:0:0:0:0:0:0:1 200 "GET /member/api/list?pageIndex=2&memberId=&memberName= HTTP/1.1" 693 (9 ms)
2020-05-29 17:42:24 0:0:0:0:0:0:0:1 200 "GET /member/api/list?pageIndex=1&memberId=&memberName= HTTP/1.1" 679 (10 ms)
2020-05-29 17:42:25 0:0:0:0:0:0:0:1 200 "GET /member/api/list?pageIndex=3&memberId=&memberName= HTTP/1.1" 695 (10 ms)
2020-05-29 17:43:56 0:0:0:0:0:0:0:1 200 "GET /member/list HTTP/1.1" 922 (35 ms)
2020-05-29 17:43:56 0:0:0:0:0:0:0:1 200 "GET /js/bundle/member/member.bundle.js HTTP/1.1" 1741375 (65 ms)
2020-05-29 17:43:56 0:0:0:0:0:0:0:1 200 "GET /js/bundle/member/member.bundle.js.map HTTP/1.1" 2046113 (24 ms)
2020-05-29 17:43:56 0:0:0:0:0:0:0:1 404 "GET /favicon.ico HTTP/1.1" 1032 (9 ms)
2020-05-29 17:44:18 0:0:0:0:0:0:0:1 200 "GET /member/list HTTP/1.1" 922 (60 ms)
2020-05-29 17:44:18 0:0:0:0:0:0:0:1 200 "GET /js/bundle/member/member.bundle.js HTTP/1.1" 1741378 (98 ms)
2020-05-29 17:44:18 0:0:0:0:0:0:0:1 200 "GET /js/bundle/member/member.bundle.js.map HTTP/1.1" 2046113 (22 ms)
2020-05-29 17:44:36 0:0:0:0:0:0:0:1 200 "GET /member/list HTTP/1.1" 922 (59 ms)
2020-05-29 17:44:36 0:0:0:0:0:0:0:1 200 "GET /js/bundle/member/member.bundle.js HTTP/1.1" 1741375 (97 ms)
2020-05-29 17:44:36 0:0:0:0:0:0:0:1 200 "GET /js/bundle/member/member.bundle.js.map HTTP/1.1" 2046121 (23 ms)
2020-05-29 17:44:36 0:0:0:0:0:0:0:1 200 "GET /member/api/list?pageIndex=1&memberId=&memberName= HTTP/1.1" 679 (35 ms)
2020-05-29 17:44:36 0:0:0:0:0:0:0:1 404 "GET /favicon.ico HTTP/1.1" 1032 (22 ms)
