2020-06-10 10:29:23 0:0:0:0:0:0:0:1 302 "GET / HTTP/1.1" - (100 ms)
2020-06-10 10:29:23 0:0:0:0:0:0:0:1 200 "GET /main/index HTTP/1.1" 936 (179 ms)
2020-06-10 10:29:23 0:0:0:0:0:0:0:1 200 "GET /js/bundle/main/main.bundle.js HTTP/1.1" 968364 (43 ms)
2020-06-10 10:29:23 0:0:0:0:0:0:0:1 302 "GET / HTTP/1.1" - (6 ms)
2020-06-10 10:29:23 0:0:0:0:0:0:0:1 200 "GET /main/index HTTP/1.1" 936 (16 ms)
2020-06-10 10:29:24 0:0:0:0:0:0:0:1 200 "GET /js/bundle/main/main.bundle.js HTTP/1.1" 968364 (40 ms)
2020-06-10 10:29:24 0:0:0:0:0:0:0:1 404 "GET /favicon.ico HTTP/1.1" 1032 (30 ms)
2020-06-10 10:29:31 0:0:0:0:0:0:0:1 500 "GET /menu/write HTTP/1.1" 1044 (41 ms)
2020-06-10 10:30:43 0:0:0:0:0:0:0:1 500 "GET /menu/write HTTP/1.1" 1044 (44 ms)
2020-06-10 10:30:43 0:0:0:0:0:0:0:1 404 "GET /favicon.ico HTTP/1.1" 1032 (15 ms)
2020-06-10 10:30:44 0:0:0:0:0:0:0:1 500 "GET /menu/write HTTP/1.1" 1044 (43 ms)
2020-06-10 10:30:44 0:0:0:0:0:0:0:1 404 "GET /favicon.ico HTTP/1.1" 1032 (11 ms)
2020-06-10 10:32:36 0:0:0:0:0:0:0:1 200 "GET /menu/write HTTP/1.1" 790 (903 ms)
2020-06-10 10:32:36 0:0:0:0:0:0:0:1 500 "GET /js/bundle//.bundle.js HTTP/1.1" 1003 (44 ms)
2020-06-10 10:32:40 0:0:0:0:0:0:0:1 200 "GET /menu/write HTTP/1.1" 790 (37 ms)
2020-06-10 10:32:40 0:0:0:0:0:0:0:1 500 "GET /js/bundle//.bundle.js HTTP/1.1" 1003 (10 ms)
2020-06-10 10:33:35 0:0:0:0:0:0:0:1 302 "GET /member/write HTTP/1.1" - (15 ms)
2020-06-10 10:33:35 0:0:0:0:0:0:0:1 200 "GET /member/denied?url=./login&msg=%ED%9A%8C%EC%9B%90%EB%A7%8C+%EA%B0%80%EB%8A%A5%ED%95%A9%EB%8B%88%EB%8B%A4. HTTP/1.1" 1056 (36 ms)
2020-06-10 10:33:36 0:0:0:0:0:0:0:1 200 "GET /member/login HTTP/1.1" 913 (23 ms)
2020-06-10 10:33:36 0:0:0:0:0:0:0:1 200 "GET /js/bundle/member/member.bundle.js HTTP/1.1" 1774230 (46 ms)
2020-06-10 10:33:45 0:0:0:0:0:0:0:1 404 "GET /menu/fds HTTP/1.1" 1032 (19 ms)
2020-06-10 10:33:49 0:0:0:0:0:0:0:1 200 "GET /menu/write HTTP/1.1" 790 (10 ms)
2020-06-10 10:33:49 0:0:0:0:0:0:0:1 500 "GET /js/bundle//.bundle.js HTTP/1.1" 1003 (8 ms)
2020-06-10 10:33:53 0:0:0:0:0:0:0:1 200 "GET /menu/write HTTP/1.1" 790 (17 ms)
2020-06-10 10:33:54 0:0:0:0:0:0:0:1 500 "GET /js/bundle//.bundle.js HTTP/1.1" 1003 (16 ms)
2020-06-10 10:36:27 0:0:0:0:0:0:0:1 200 "GET /menu/write HTTP/1.1" 790 (54 ms)
2020-06-10 10:36:28 0:0:0:0:0:0:0:1 500 "GET /js/bundle//.bundle.js HTTP/1.1" 1003 (43 ms)
2020-06-10 10:36:28 127.0.0.1 404 "GET /favicon.ico HTTP/1.1" 1032 (12 ms)
2020-06-10 10:38:30 0:0:0:0:0:0:0:1 200 "GET /menu/write HTTP/1.1" 790 (267 ms)
2020-06-10 10:38:31 0:0:0:0:0:0:0:1 500 "GET /js/bundle//.bundle.js HTTP/1.1" 1003 (70 ms)
2020-06-10 10:41:32 0:0:0:0:0:0:0:1 200 "GET /menu/write HTTP/1.1" 803 (235 ms)
2020-06-10 10:41:32 0:0:0:0:0:0:0:1 200 "GET /js/bundle/menu/menu.bundle.js HTTP/1.1" 2700000 (151 ms)
2020-06-10 11:03:13 0:0:0:0:0:0:0:1 200 "GET /menu/write HTTP/1.1" 803 (38 ms)
2020-06-10 11:03:13 0:0:0:0:0:0:0:1 200 "GET /js/bundle/menu/menu.bundle.js HTTP/1.1" 2700649 (69 ms)
2020-06-10 11:03:13 0:0:0:0:0:0:0:1 404 "GET /favicon.ico HTTP/1.1" 1032 (30 ms)
2020-06-10 11:03:16 0:0:0:0:0:0:0:1 200 "GET /js/bundle/menu/menu.bundle.js.map HTTP/1.1" 3039285 (65 ms)
2020-06-10 11:03:19 0:0:0:0:0:0:0:1 200 "GET /menu/write HTTP/1.1" 803 (18 ms)
2020-06-10 11:03:20 0:0:0:0:0:0:0:1 200 "GET /js/bundle/menu/menu.bundle.js HTTP/1.1" 2700649 (33 ms)
2020-06-10 11:03:20 0:0:0:0:0:0:0:1 200 "GET /js/bundle/menu/menu.bundle.js.map HTTP/1.1" 3039285 (27 ms)
2020-06-10 11:03:20 0:0:0:0:0:0:0:1 404 "GET /favicon.ico HTTP/1.1" 1032 (12 ms)
2020-06-10 11:04:26 0:0:0:0:0:0:0:1 200 "GET /menu/write HTTP/1.1" 803 (30 ms)
2020-06-10 11:04:26 0:0:0:0:0:0:0:1 200 "GET /js/bundle/menu/menu.bundle.js HTTP/1.1" 2700649 (40 ms)
2020-06-10 11:04:27 0:0:0:0:0:0:0:1 404 "GET /favicon.ico HTTP/1.1" 1032 (13 ms)
2020-06-10 11:11:55 0:0:0:0:0:0:0:1 200 "GET /menu/write HTTP/1.1" 803 (43 ms)
2020-06-10 11:11:56 0:0:0:0:0:0:0:1 200 "GET /js/bundle/menu/menu.bundle.js HTTP/1.1" 2701119 (76 ms)
2020-06-10 11:11:56 0:0:0:0:0:0:0:1 404 "GET /favicon.ico HTTP/1.1" 1032 (10 ms)
2020-06-10 11:11:57 0:0:0:0:0:0:0:1 200 "GET /menu/write HTTP/1.1" 803 (11 ms)
2020-06-10 11:11:57 0:0:0:0:0:0:0:1 200 "GET /js/bundle/menu/menu.bundle.js HTTP/1.1" 2701119 (33 ms)
2020-06-10 11:11:57 0:0:0:0:0:0:0:1 404 "GET /favicon.ico HTTP/1.1" 1032 (12 ms)
2020-06-10 11:12:12 0:0:0:0:0:0:0:1 200 "GET /js/bundle/menu/menu.bundle.js.map HTTP/1.1" 3039701 (52 ms)
2020-06-10 11:17:51 0:0:0:0:0:0:0:1 200 "GET /menu/write HTTP/1.1" 803 (22 ms)
2020-06-10 11:17:51 0:0:0:0:0:0:0:1 200 "GET /js/bundle/menu/menu.bundle.js HTTP/1.1" 2702213 (98 ms)
2020-06-10 11:17:51 0:0:0:0:0:0:0:1 200 "GET /js/bundle/menu/menu.bundle.js.map HTTP/1.1" 3040922 (26 ms)
2020-06-10 11:17:51 0:0:0:0:0:0:0:1 404 "GET /favicon.ico HTTP/1.1" 1032 (13 ms)
2020-06-10 11:17:52 0:0:0:0:0:0:0:1 200 "GET /menu/write HTTP/1.1" 803 (4 ms)
2020-06-10 11:17:52 0:0:0:0:0:0:0:1 200 "GET /js/bundle/menu/menu.bundle.js HTTP/1.1" 2702243 (57 ms)
2020-06-10 11:17:53 0:0:0:0:0:0:0:1 200 "GET /js/bundle/menu/menu.bundle.js.map HTTP/1.1" 3040922 (25 ms)
2020-06-10 11:17:53 0:0:0:0:0:0:0:1 404 "GET /favicon.ico HTTP/1.1" 1032 (7 ms)
2020-06-10 11:17:54 0:0:0:0:0:0:0:1 200 "GET /menu/write HTTP/1.1" 803 (17 ms)
2020-06-10 11:17:54 0:0:0:0:0:0:0:1 200 "GET /js/bundle/menu/menu.bundle.js HTTP/1.1" 2702243 (32 ms)
2020-06-10 11:17:54 0:0:0:0:0:0:0:1 200 "GET /js/bundle/menu/menu.bundle.js.map HTTP/1.1" 3040922 (22 ms)
2020-06-10 11:17:54 0:0:0:0:0:0:0:1 404 "GET /favicon.ico HTTP/1.1" 1032 (13 ms)
2020-06-10 11:19:33 0:0:0:0:0:0:0:1 200 "GET /menu/write HTTP/1.1" 803 (17 ms)
2020-06-10 11:19:33 0:0:0:0:0:0:0:1 200 "GET /js/bundle/menu/menu.bundle.js HTTP/1.1" 2702243 (59 ms)
2020-06-10 11:19:33 0:0:0:0:0:0:0:1 200 "GET /js/bundle/menu/menu.bundle.js.map HTTP/1.1" 3040922 (34 ms)
2020-06-10 11:19:33 0:0:0:0:0:0:0:1 404 "GET /favicon.ico HTTP/1.1" 1032 (16 ms)
2020-06-10 11:19:34 0:0:0:0:0:0:0:1 200 "GET /menu/write HTTP/1.1" 803 (11 ms)
2020-06-10 11:19:34 0:0:0:0:0:0:0:1 200 "GET /js/bundle/menu/menu.bundle.js HTTP/1.1" 2702243 (28 ms)
2020-06-10 11:19:34 0:0:0:0:0:0:0:1 200 "GET /js/bundle/menu/menu.bundle.js.map HTTP/1.1" 3040922 (22 ms)
2020-06-10 11:19:34 0:0:0:0:0:0:0:1 404 "GET /favicon.ico HTTP/1.1" 1032 (9 ms)
2020-06-10 11:19:35 0:0:0:0:0:0:0:1 200 "GET /menu/write HTTP/1.1" 803 (12 ms)
2020-06-10 11:19:35 0:0:0:0:0:0:0:1 200 "GET /js/bundle/menu/menu.bundle.js HTTP/1.1" 2702243 (34 ms)
2020-06-10 11:19:35 0:0:0:0:0:0:0:1 200 "GET /js/bundle/menu/menu.bundle.js.map HTTP/1.1" 3040922 (21 ms)
2020-06-10 11:19:35 0:0:0:0:0:0:0:1 404 "GET /favicon.ico HTTP/1.1" 1032 (6 ms)
2020-06-10 11:20:17 0:0:0:0:0:0:0:1 200 "GET /menu/write HTTP/1.1" 803 (35 ms)
2020-06-10 11:20:18 0:0:0:0:0:0:0:1 200 "GET /js/bundle/menu/menu.bundle.js HTTP/1.1" 2702291 (201 ms)
2020-06-10 11:20:18 0:0:0:0:0:0:0:1 200 "GET /js/bundle/menu/menu.bundle.js.map HTTP/1.1" 3040989 (24 ms)
2020-06-10 11:20:18 0:0:0:0:0:0:0:1 404 "GET /favicon.ico HTTP/1.1" 1032 (17 ms)
2020-06-10 11:20:21 0:0:0:0:0:0:0:1 200 "GET /menu/write HTTP/1.1" 803 (59 ms)
2020-06-10 11:20:21 0:0:0:0:0:0:0:1 200 "GET /js/bundle/menu/menu.bundle.js HTTP/1.1" 2702268 (105 ms)
2020-06-10 11:20:21 0:0:0:0:0:0:0:1 200 "GET /js/bundle/menu/menu.bundle.js.map HTTP/1.1" 3040959 (32 ms)
2020-06-10 11:20:22 0:0:0:0:0:0:0:1 404 "GET /favicon.ico HTTP/1.1" 1032 (31 ms)
2020-06-10 11:20:26 0:0:0:0:0:0:0:1 200 "GET /menu/write HTTP/1.1" 803 (12 ms)
2020-06-10 11:20:26 0:0:0:0:0:0:0:1 200 "GET /js/bundle/menu/menu.bundle.js HTTP/1.1" 2702268 (31 ms)
2020-06-10 11:20:26 0:0:0:0:0:0:0:1 200 "GET /js/bundle/menu/menu.bundle.js.map HTTP/1.1" 3040959 (24 ms)
2020-06-10 11:20:26 0:0:0:0:0:0:0:1 404 "GET /favicon.ico HTTP/1.1" 1032 (20 ms)
2020-06-10 11:20:28 0:0:0:0:0:0:0:1 200 "GET /menu/write HTTP/1.1" 803 (8 ms)
2020-06-10 11:20:28 0:0:0:0:0:0:0:1 200 "GET /js/bundle/menu/menu.bundle.js HTTP/1.1" 2702291 (55 ms)
2020-06-10 11:20:28 0:0:0:0:0:0:0:1 200 "GET /js/bundle/menu/menu.bundle.js.map HTTP/1.1" 3040989 (24 ms)
2020-06-10 11:20:28 0:0:0:0:0:0:0:1 404 "GET /favicon.ico HTTP/1.1" 1032 (8 ms)
2020-06-10 11:33:10 0:0:0:0:0:0:0:1 200 "GET /menu/write HTTP/1.1" 803 (22 ms)
2020-06-10 11:33:10 0:0:0:0:0:0:0:1 200 "GET /js/bundle/menu/menu.bundle.js HTTP/1.1" 2702468 (143 ms)
2020-06-10 11:33:10 0:0:0:0:0:0:0:1 200 "GET /js/bundle/menu/menu.bundle.js.map HTTP/1.1" 3041227 (39 ms)
2020-06-10 11:33:10 0:0:0:0:0:0:0:1 404 "GET /favicon.ico HTTP/1.1" 1032 (11 ms)
2020-06-10 11:33:26 0:0:0:0:0:0:0:1 200 "GET /menu/write HTTP/1.1" 803 (11 ms)
2020-06-10 11:33:27 0:0:0:0:0:0:0:1 200 "GET /js/bundle/menu/menu.bundle.js HTTP/1.1" 2702502 (76 ms)
2020-06-10 11:33:27 0:0:0:0:0:0:0:1 200 "GET /js/bundle/menu/menu.bundle.js.map HTTP/1.1" 3041270 (23 ms)
2020-06-10 11:33:27 0:0:0:0:0:0:0:1 404 "GET /favicon.ico HTTP/1.1" 1032 (10 ms)
2020-06-10 11:33:28 0:0:0:0:0:0:0:1 200 "GET /menu/write HTTP/1.1" 803 (18 ms)
2020-06-10 11:33:28 0:0:0:0:0:0:0:1 200 "GET /js/bundle/menu/menu.bundle.js HTTP/1.1" 2702516 (53 ms)
2020-06-10 11:33:28 0:0:0:0:0:0:0:1 200 "GET /js/bundle/menu/menu.bundle.js.map HTTP/1.1" 3041289 (20 ms)
2020-06-10 11:33:28 0:0:0:0:0:0:0:1 404 "GET /favicon.ico HTTP/1.1" 1032 (8 ms)
2020-06-10 12:01:14 0:0:0:0:0:0:0:1 200 "GET /menu/write HTTP/1.1" 803 (20 ms)
2020-06-10 12:01:14 0:0:0:0:0:0:0:1 200 "GET /js/bundle/menu/menu.bundle.js HTTP/1.1" 2702717 (96 ms)
2020-06-10 12:01:14 0:0:0:0:0:0:0:1 200 "GET /js/bundle/menu/menu.bundle.js.map HTTP/1.1" 3041576 (30 ms)
2020-06-10 12:01:14 0:0:0:0:0:0:0:1 404 "GET /favicon.ico HTTP/1.1" 1032 (12 ms)
2020-06-10 12:02:46 0:0:0:0:0:0:0:1 200 "GET /menu/write HTTP/1.1" 803 (19 ms)
2020-06-10 12:02:46 0:0:0:0:0:0:0:1 200 "GET /js/bundle/menu/menu.bundle.js HTTP/1.1" 2702710 (68 ms)
2020-06-10 12:02:47 0:0:0:0:0:0:0:1 200 "GET /js/bundle/menu/menu.bundle.js.map HTTP/1.1" 3041576 (27 ms)
2020-06-10 12:02:47 0:0:0:0:0:0:0:1 404 "GET /favicon.ico HTTP/1.1" 1032 (15 ms)
2020-06-10 12:02:47 0:0:0:0:0:0:0:1 200 "GET /menu/write HTTP/1.1" 803 (7 ms)
2020-06-10 12:02:47 0:0:0:0:0:0:0:1 200 "GET /js/bundle/menu/menu.bundle.js HTTP/1.1" 2702710 (31 ms)
2020-06-10 12:02:47 0:0:0:0:0:0:0:1 200 "GET /js/bundle/menu/menu.bundle.js.map HTTP/1.1" 3041576 (29 ms)
2020-06-10 12:02:47 0:0:0:0:0:0:0:1 404 "GET /favicon.ico HTTP/1.1" 1032 (11 ms)
2020-06-10 12:02:48 0:0:0:0:0:0:0:1 200 "GET /menu/write HTTP/1.1" 803 (4 ms)
2020-06-10 12:02:48 0:0:0:0:0:0:0:1 200 "GET /js/bundle/menu/menu.bundle.js HTTP/1.1" 2702710 (27 ms)
2020-06-10 12:02:48 0:0:0:0:0:0:0:1 200 "GET /js/bundle/menu/menu.bundle.js.map HTTP/1.1" 3041576 (27 ms)
2020-06-10 12:02:48 0:0:0:0:0:0:0:1 404 "GET /favicon.ico HTTP/1.1" 1032 (4 ms)
2020-06-10 12:02:54 0:0:0:0:0:0:0:1 200 "GET /menu/write HTTP/1.1" 803 (24 ms)
2020-06-10 12:02:54 0:0:0:0:0:0:0:1 200 "GET /js/bundle/menu/menu.bundle.js HTTP/1.1" 2702710 (23 ms)
2020-06-10 12:02:54 0:0:0:0:0:0:0:1 200 "GET /js/bundle/menu/menu.bundle.js.map HTTP/1.1" 3041576 (22 ms)
2020-06-10 12:02:54 0:0:0:0:0:0:0:1 404 "GET /favicon.ico HTTP/1.1" 1032 (8 ms)
2020-06-10 12:03:21 0:0:0:0:0:0:0:1 200 "GET /menu/write HTTP/1.1" 803 (16 ms)
2020-06-10 12:03:21 0:0:0:0:0:0:0:1 200 "GET /js/bundle/menu/menu.bundle.js HTTP/1.1" 2702710 (32 ms)
2020-06-10 12:03:21 0:0:0:0:0:0:0:1 200 "GET /js/bundle/menu/menu.bundle.js.map HTTP/1.1" 3041576 (24 ms)
2020-06-10 12:03:21 0:0:0:0:0:0:0:1 404 "GET /favicon.ico HTTP/1.1" 1032 (11 ms)
2020-06-10 12:03:22 0:0:0:0:0:0:0:1 200 "GET /menu/write HTTP/1.1" 803 (14 ms)
2020-06-10 12:03:22 0:0:0:0:0:0:0:1 200 "GET /js/bundle/menu/menu.bundle.js HTTP/1.1" 2702716 (46 ms)
2020-06-10 12:03:22 0:0:0:0:0:0:0:1 200 "GET /js/bundle/menu/menu.bundle.js.map HTTP/1.1" 3041583 (31 ms)
2020-06-10 12:03:22 0:0:0:0:0:0:0:1 404 "GET /favicon.ico HTTP/1.1" 1032 (9 ms)
2020-06-10 12:03:22 0:0:0:0:0:0:0:1 200 "GET /menu/write HTTP/1.1" 803 (4 ms)
2020-06-10 12:03:23 0:0:0:0:0:0:0:1 200 "GET /js/bundle/menu/menu.bundle.js HTTP/1.1" 2702716 (28 ms)
2020-06-10 12:03:23 0:0:0:0:0:0:0:1 200 "GET /js/bundle/menu/menu.bundle.js.map HTTP/1.1" 3041583 (25 ms)
2020-06-10 12:03:23 0:0:0:0:0:0:0:1 404 "GET /favicon.ico HTTP/1.1" 1032 (9 ms)
2020-06-10 12:04:18 0:0:0:0:0:0:0:1 200 "GET /menu/write HTTP/1.1" 803 (35 ms)
2020-06-10 12:04:18 0:0:0:0:0:0:0:1 200 "GET /js/bundle/menu/menu.bundle.js HTTP/1.1" 2702716 (31 ms)
2020-06-10 12:04:18 0:0:0:0:0:0:0:1 200 "GET /js/bundle/menu/menu.bundle.js.map HTTP/1.1" 3041589 (28 ms)
2020-06-10 12:04:18 0:0:0:0:0:0:0:1 404 "GET /favicon.ico HTTP/1.1" 1032 (12 ms)
2020-06-10 12:04:18 0:0:0:0:0:0:0:1 200 "GET /menu/write HTTP/1.1" 803 (5 ms)
2020-06-10 12:04:18 0:0:0:0:0:0:0:1 200 "GET /js/bundle/menu/menu.bundle.js HTTP/1.1" 2702711 (51 ms)
2020-06-10 12:04:18 0:0:0:0:0:0:0:1 200 "GET /js/bundle/menu/menu.bundle.js.map HTTP/1.1" 3041589 (23 ms)
2020-06-10 12:04:19 0:0:0:0:0:0:0:1 404 "GET /favicon.ico HTTP/1.1" 1032 (9 ms)
2020-06-10 12:04:19 0:0:0:0:0:0:0:1 200 "GET /menu/write HTTP/1.1" 803 (6 ms)
2020-06-10 12:04:19 0:0:0:0:0:0:0:1 200 "GET /js/bundle/menu/menu.bundle.js HTTP/1.1" 2702711 (30 ms)
2020-06-10 12:04:19 0:0:0:0:0:0:0:1 200 "GET /js/bundle/menu/menu.bundle.js.map HTTP/1.1" 3041589 (22 ms)
2020-06-10 12:04:19 0:0:0:0:0:0:0:1 404 "GET /favicon.ico HTTP/1.1" 1032 (7 ms)
2020-06-10 12:04:21 0:0:0:0:0:0:0:1 200 "GET /menu/write HTTP/1.1" 803 (4 ms)
2020-06-10 12:04:21 0:0:0:0:0:0:0:1 200 "GET /js/bundle/menu/menu.bundle.js HTTP/1.1" 2702711 (28 ms)
2020-06-10 12:04:21 0:0:0:0:0:0:0:1 200 "GET /js/bundle/menu/menu.bundle.js.map HTTP/1.1" 3041589 (21 ms)
2020-06-10 12:04:21 0:0:0:0:0:0:0:1 404 "GET /favicon.ico HTTP/1.1" 1032 (8 ms)
2020-06-10 12:04:35 0:0:0:0:0:0:0:1 200 "GET /menu/write HTTP/1.1" 803 (12 ms)
2020-06-10 12:04:35 0:0:0:0:0:0:0:1 200 "GET /js/bundle/menu/menu.bundle.js HTTP/1.1" 2702711 (35 ms)
2020-06-10 12:04:35 0:0:0:0:0:0:0:1 200 "GET /js/bundle/menu/menu.bundle.js.map HTTP/1.1" 3041589 (27 ms)
2020-06-10 12:04:35 0:0:0:0:0:0:0:1 404 "GET /favicon.ico HTTP/1.1" 1032 (12 ms)
2020-06-10 12:04:36 0:0:0:0:0:0:0:1 200 "GET /menu/write HTTP/1.1" 803 (10 ms)
2020-06-10 12:04:36 0:0:0:0:0:0:0:1 200 "GET /js/bundle/menu/menu.bundle.js HTTP/1.1" 2702711 (30 ms)
2020-06-10 12:04:36 0:0:0:0:0:0:0:1 200 "GET /js/bundle/menu/menu.bundle.js.map HTTP/1.1" 3041589 (25 ms)
2020-06-10 12:04:36 0:0:0:0:0:0:0:1 404 "GET /favicon.ico HTTP/1.1" 1032 (8 ms)
2020-06-10 12:04:36 0:0:0:0:0:0:0:1 200 "GET /menu/write HTTP/1.1" 803 (3 ms)
2020-06-10 12:04:36 0:0:0:0:0:0:0:1 200 "GET /js/bundle/menu/menu.bundle.js HTTP/1.1" 2702716 (47 ms)
2020-06-10 12:04:36 0:0:0:0:0:0:0:1 200 "GET /js/bundle/menu/menu.bundle.js.map HTTP/1.1" 3041583 (26 ms)
2020-06-10 12:04:36 0:0:0:0:0:0:0:1 404 "GET /favicon.ico HTTP/1.1" 1032 (4 ms)
2020-06-10 12:05:43 0:0:0:0:0:0:0:1 200 "GET /menu/write HTTP/1.1" 803 (17 ms)
2020-06-10 12:05:43 0:0:0:0:0:0:0:1 200 "GET /js/bundle/menu/menu.bundle.js HTTP/1.1" 2702709 (112 ms)
2020-06-10 12:05:43 0:0:0:0:0:0:0:1 200 "GET /js/bundle/menu/menu.bundle.js.map HTTP/1.1" 3041623 (32 ms)
2020-06-10 12:05:43 0:0:0:0:0:0:0:1 404 "GET /favicon.ico HTTP/1.1" 1032 (14 ms)
2020-06-10 12:05:43 0:0:0:0:0:0:0:1 200 "GET /menu/write HTTP/1.1" 803 (3 ms)
2020-06-10 12:05:43 0:0:0:0:0:0:0:1 200 "GET /js/bundle/menu/menu.bundle.js HTTP/1.1" 2702709 (32 ms)
2020-06-10 12:05:44 0:0:0:0:0:0:0:1 200 "GET /js/bundle/menu/menu.bundle.js.map HTTP/1.1" 3041623 (22 ms)
2020-06-10 12:05:44 0:0:0:0:0:0:0:1 404 "GET /favicon.ico HTTP/1.1" 1032 (5 ms)
2020-06-10 12:05:44 0:0:0:0:0:0:0:1 200 "GET /menu/write HTTP/1.1" 803 (11 ms)
2020-06-10 12:05:44 0:0:0:0:0:0:0:1 200 "GET /js/bundle/menu/menu.bundle.js HTTP/1.1" 2702709 (26 ms)
2020-06-10 12:05:44 0:0:0:0:0:0:0:1 200 "GET /js/bundle/menu/menu.bundle.js.map HTTP/1.1" 3041623 (22 ms)
2020-06-10 12:05:44 0:0:0:0:0:0:0:1 404 "GET /favicon.ico HTTP/1.1" 1032 (4 ms)
2020-06-10 12:07:54 0:0:0:0:0:0:0:1 200 "GET /menu/write HTTP/1.1" 803 (16 ms)
2020-06-10 12:07:54 0:0:0:0:0:0:0:1 200 "GET /js/bundle/menu/menu.bundle.js HTTP/1.1" 2702709 (31 ms)
2020-06-10 12:07:54 0:0:0:0:0:0:0:1 200 "GET /js/bundle/menu/menu.bundle.js.map HTTP/1.1" 3041623 (24 ms)
2020-06-10 12:07:54 0:0:0:0:0:0:0:1 404 "GET /favicon.ico HTTP/1.1" 1032 (12 ms)
2020-06-10 12:07:55 0:0:0:0:0:0:0:1 200 "GET /menu/write HTTP/1.1" 803 (6 ms)
2020-06-10 12:07:55 0:0:0:0:0:0:0:1 200 "GET /js/bundle/menu/menu.bundle.js HTTP/1.1" 2703093 (49 ms)
2020-06-10 12:07:55 0:0:0:0:0:0:0:1 200 "GET /js/bundle/menu/menu.bundle.js.map HTTP/1.1" 3042029 (29 ms)
2020-06-10 12:07:55 0:0:0:0:0:0:0:1 404 "GET /favicon.ico HTTP/1.1" 1032 (7 ms)
2020-06-10 12:07:56 0:0:0:0:0:0:0:1 200 "GET /menu/write HTTP/1.1" 803 (12 ms)
2020-06-10 12:07:56 0:0:0:0:0:0:0:1 200 "GET /js/bundle/menu/menu.bundle.js HTTP/1.1" 2703093 (29 ms)
2020-06-10 12:07:56 0:0:0:0:0:0:0:1 200 "GET /js/bundle/menu/menu.bundle.js.map HTTP/1.1" 3042029 (20 ms)
2020-06-10 12:07:56 0:0:0:0:0:0:0:1 404 "GET /favicon.ico HTTP/1.1" 1032 (9 ms)
2020-06-10 12:09:18 0:0:0:0:0:0:0:1 200 "GET /menu/write HTTP/1.1" 803 (34 ms)
2020-06-10 12:09:18 0:0:0:0:0:0:0:1 200 "GET /js/bundle/menu/menu.bundle.js HTTP/1.1" 2703093 (29 ms)
2020-06-10 12:09:18 0:0:0:0:0:0:0:1 200 "GET /js/bundle/menu/menu.bundle.js.map HTTP/1.1" 3042029 (20 ms)
2020-06-10 12:09:18 0:0:0:0:0:0:0:1 404 "GET /favicon.ico HTTP/1.1" 1032 (9 ms)
2020-06-10 12:09:45 0:0:0:0:0:0:0:1 200 "GET /menu/write HTTP/1.1" 803 (13 ms)
2020-06-10 12:09:45 0:0:0:0:0:0:0:1 200 "GET /js/bundle/menu/menu.bundle.js HTTP/1.1" 2703093 (37 ms)
2020-06-10 12:09:45 0:0:0:0:0:0:0:1 200 "GET /js/bundle/menu/menu.bundle.js.map HTTP/1.1" 3042029 (24 ms)
2020-06-10 12:09:45 0:0:0:0:0:0:0:1 404 "GET /favicon.ico HTTP/1.1" 1032 (15 ms)
2020-06-10 12:11:25 0:0:0:0:0:0:0:1 200 "GET /menu/write HTTP/1.1" 803 (24 ms)
2020-06-10 12:11:25 0:0:0:0:0:0:0:1 200 "GET /js/bundle/menu/menu.bundle.js HTTP/1.1" 2703230 (88 ms)
2020-06-10 12:11:25 0:0:0:0:0:0:0:1 200 "GET /js/bundle/menu/menu.bundle.js.map HTTP/1.1" 3042165 (27 ms)
2020-06-10 12:11:25 0:0:0:0:0:0:0:1 404 "GET /favicon.ico HTTP/1.1" 1032 (11 ms)
2020-06-10 12:13:10 0:0:0:0:0:0:0:1 200 "GET /menu/write HTTP/1.1" 803 (33 ms)
2020-06-10 12:13:10 0:0:0:0:0:0:0:1 200 "GET /js/bundle/menu/menu.bundle.js HTTP/1.1" 2703236 (84 ms)
2020-06-10 12:13:10 0:0:0:0:0:0:0:1 200 "GET /js/bundle/menu/menu.bundle.js.map HTTP/1.1" 3042173 (29 ms)
2020-06-10 12:13:11 0:0:0:0:0:0:0:1 404 "GET /favicon.ico HTTP/1.1" 1032 (17 ms)
2020-06-10 12:13:12 0:0:0:0:0:0:0:1 200 "GET /menu/write HTTP/1.1" 803 (10 ms)
2020-06-10 12:13:12 0:0:0:0:0:0:0:1 200 "GET /js/bundle/menu/menu.bundle.js HTTP/1.1" 2703270 (54 ms)
2020-06-10 12:13:12 0:0:0:0:0:0:0:1 200 "GET /js/bundle/menu/menu.bundle.js.map HTTP/1.1" 3042216 (23 ms)
2020-06-10 12:13:12 0:0:0:0:0:0:0:1 404 "GET /favicon.ico HTTP/1.1" 1032 (4 ms)
2020-06-10 12:13:13 0:0:0:0:0:0:0:1 200 "GET /menu/write HTTP/1.1" 803 (8 ms)
2020-06-10 12:13:13 0:0:0:0:0:0:0:1 200 "GET /js/bundle/menu/menu.bundle.js HTTP/1.1" 2703270 (26 ms)
2020-06-10 12:13:13 0:0:0:0:0:0:0:1 200 "GET /js/bundle/menu/menu.bundle.js.map HTTP/1.1" 3042216 (21 ms)
2020-06-10 12:13:13 0:0:0:0:0:0:0:1 404 "GET /favicon.ico HTTP/1.1" 1032 (7 ms)
2020-06-10 12:14:50 0:0:0:0:0:0:0:1 200 "GET /menu/write HTTP/1.1" 803 (21 ms)
2020-06-10 12:14:50 0:0:0:0:0:0:0:1 200 "GET /js/bundle/menu/menu.bundle.js HTTP/1.1" 2703270 (30 ms)
2020-06-10 12:14:50 0:0:0:0:0:0:0:1 200 "GET /js/bundle/menu/menu.bundle.js.map HTTP/1.1" 3042216 (23 ms)
2020-06-10 12:14:51 0:0:0:0:0:0:0:1 404 "GET /favicon.ico HTTP/1.1" 1032 (13 ms)
2020-06-10 12:14:51 0:0:0:0:0:0:0:1 200 "GET /menu/write HTTP/1.1" 803 (8 ms)
2020-06-10 12:14:51 0:0:0:0:0:0:0:1 200 "GET /js/bundle/menu/menu.bundle.js HTTP/1.1" 2703216 (48 ms)
2020-06-10 12:14:52 0:0:0:0:0:0:0:1 200 "GET /js/bundle/menu/menu.bundle.js.map HTTP/1.1" 3042110 (23 ms)
2020-06-10 12:14:52 0:0:0:0:0:0:0:1 404 "GET /favicon.ico HTTP/1.1" 1032 (8 ms)
2020-06-10 12:14:52 0:0:0:0:0:0:0:1 200 "GET /menu/write HTTP/1.1" 803 (5 ms)
2020-06-10 12:14:52 0:0:0:0:0:0:0:1 200 "GET /js/bundle/menu/menu.bundle.js HTTP/1.1" 2703216 (27 ms)
2020-06-10 12:14:53 0:0:0:0:0:0:0:1 200 "GET /js/bundle/menu/menu.bundle.js.map HTTP/1.1" 3042110 (19 ms)
2020-06-10 12:14:53 0:0:0:0:0:0:0:1 404 "GET /favicon.ico HTTP/1.1" 1032 (8 ms)
2020-06-10 12:15:20 0:0:0:0:0:0:0:1 200 "GET /menu/write HTTP/1.1" 803 (13 ms)
2020-06-10 12:15:20 0:0:0:0:0:0:0:1 200 "GET /js/bundle/menu/menu.bundle.js HTTP/1.1" 1210525 (19 ms)
2020-06-10 12:15:20 0:0:0:0:0:0:0:1 200 "GET /js/bundle/menu/menu.bundle.js.map HTTP/1.1" 1375614 (20 ms)
2020-06-10 12:15:20 0:0:0:0:0:0:0:1 404 "GET /favicon.ico HTTP/1.1" 1032 (17 ms)
2020-06-10 12:15:21 0:0:0:0:0:0:0:1 200 "GET /menu/write HTTP/1.1" 803 (4 ms)
2020-06-10 12:15:22 0:0:0:0:0:0:0:1 200 "GET /js/bundle/menu/menu.bundle.js HTTP/1.1" 2703306 (62 ms)
2020-06-10 12:15:22 0:0:0:0:0:0:0:1 200 "GET /js/bundle/menu/menu.bundle.js.map HTTP/1.1" 3042130 (29 ms)
2020-06-10 12:15:22 0:0:0:0:0:0:0:1 404 "GET /favicon.ico HTTP/1.1" 1032 (9 ms)
2020-06-10 12:18:53 0:0:0:0:0:0:0:1 200 "GET /menu/write HTTP/1.1" 803 (17 ms)
2020-06-10 12:18:53 0:0:0:0:0:0:0:1 200 "GET /js/bundle/menu/menu.bundle.js HTTP/1.1" 2702969 (82 ms)
2020-06-10 12:18:53 0:0:0:0:0:0:0:1 200 "GET /js/bundle/menu/menu.bundle.js.map HTTP/1.1" 3042140 (22 ms)
2020-06-10 12:23:51 0:0:0:0:0:0:0:1 200 "GET /menu/write HTTP/1.1" 803 (30 ms)
2020-06-10 12:23:51 0:0:0:0:0:0:0:1 200 "GET /js/bundle/menu/menu.bundle.js HTTP/1.1" 2702971 (101 ms)
2020-06-10 12:23:51 0:0:0:0:0:0:0:1 200 "GET /js/bundle/menu/menu.bundle.js.map HTTP/1.1" 3042142 (25 ms)
2020-06-10 12:23:51 0:0:0:0:0:0:0:1 404 "GET /favicon.ico HTTP/1.1" 1032 (10 ms)
2020-06-10 12:38:18 0:0:0:0:0:0:0:1 200 "GET /menu/write HTTP/1.1" 803 (22 ms)
2020-06-10 12:38:18 0:0:0:0:0:0:0:1 404 "GET /js/bundle/menu/menu.bundle.js HTTP/1.1" 991 (22 ms)
2020-06-10 12:38:18 0:0:0:0:0:0:0:1 404 "GET /favicon.ico HTTP/1.1" 1032 (8 ms)
2020-06-10 12:38:19 0:0:0:0:0:0:0:1 200 "GET /menu/write HTTP/1.1" 803 (13 ms)
2020-06-10 12:38:19 0:0:0:0:0:0:0:1 200 "GET /js/bundle/menu/menu.bundle.js HTTP/1.1" 2702714 (68 ms)
2020-06-10 12:38:20 0:0:0:0:0:0:0:1 200 "GET /js/bundle/menu/menu.bundle.js.map HTTP/1.1" 3042079 (23 ms)
2020-06-10 12:38:20 0:0:0:0:0:0:0:1 404 "GET /favicon.ico HTTP/1.1" 1032 (5 ms)
2020-06-10 12:38:21 0:0:0:0:0:0:0:1 200 "GET /menu/write HTTP/1.1" 803 (13 ms)
2020-06-10 12:38:21 0:0:0:0:0:0:0:1 200 "GET /js/bundle/menu/menu.bundle.js HTTP/1.1" 2702714 (28 ms)
2020-06-10 12:38:21 0:0:0:0:0:0:0:1 200 "GET /js/bundle/menu/menu.bundle.js.map HTTP/1.1" 3042079 (20 ms)
2020-06-10 12:38:21 0:0:0:0:0:0:0:1 404 "GET /favicon.ico HTTP/1.1" 1032 (4 ms)
2020-06-10 12:42:12 0:0:0:0:0:0:0:1 200 "GET /menu/write HTTP/1.1" 803 (20 ms)
2020-06-10 12:42:12 0:0:0:0:0:0:0:1 200 "GET /js/bundle/menu/menu.bundle.js HTTP/1.1" 2702752 (51 ms)
2020-06-10 12:42:12 0:0:0:0:0:0:0:1 200 "GET /js/bundle/menu/menu.bundle.js.map HTTP/1.1" 3042129 (24 ms)
2020-06-10 12:42:12 0:0:0:0:0:0:0:1 404 "GET /favicon.ico HTTP/1.1" 1032 (10 ms)
2020-06-10 12:43:51 0:0:0:0:0:0:0:1 200 "GET /menu/write HTTP/1.1" 803 (43 ms)
2020-06-10 12:43:51 0:0:0:0:0:0:0:1 200 "GET /js/bundle/menu/menu.bundle.js HTTP/1.1" 2702752 (30 ms)
2020-06-10 12:43:51 0:0:0:0:0:0:0:1 200 "GET /js/bundle/menu/menu.bundle.js.map HTTP/1.1" 3042182 (23 ms)
2020-06-10 12:43:52 0:0:0:0:0:0:0:1 404 "GET /favicon.ico HTTP/1.1" 1032 (10 ms)
2020-06-10 12:43:52 0:0:0:0:0:0:0:1 200 "GET /menu/write HTTP/1.1" 803 (3 ms)
2020-06-10 12:43:52 0:0:0:0:0:0:0:1 200 "GET /js/bundle/menu/menu.bundle.js HTTP/1.1" 2703346 (42 ms)
2020-06-10 12:43:53 0:0:0:0:0:0:0:1 200 "GET /js/bundle/menu/menu.bundle.js.map HTTP/1.1" 3042182 (22 ms)
2020-06-10 12:43:53 0:0:0:0:0:0:0:1 404 "GET /favicon.ico HTTP/1.1" 1032 (5 ms)
2020-06-10 12:44:41 0:0:0:0:0:0:0:1 200 "GET /menu/write HTTP/1.1" 803 (17 ms)
2020-06-10 12:44:41 0:0:0:0:0:0:0:1 200 "GET /js/bundle/menu/menu.bundle.js HTTP/1.1" 2703428 (60 ms)
2020-06-10 12:44:42 0:0:0:0:0:0:0:1 200 "GET /js/bundle/menu/menu.bundle.js.map HTTP/1.1" 3042289 (22 ms)
2020-06-10 12:44:42 0:0:0:0:0:0:0:1 404 "GET /favicon.ico HTTP/1.1" 1032 (8 ms)
2020-06-10 12:44:42 0:0:0:0:0:0:0:1 200 "GET /menu/write HTTP/1.1" 803 (9 ms)
2020-06-10 12:44:42 0:0:0:0:0:0:0:1 200 "GET /js/bundle/menu/menu.bundle.js HTTP/1.1" 2703428 (31 ms)
2020-06-10 12:44:43 0:0:0:0:0:0:0:1 200 "GET /js/bundle/menu/menu.bundle.js.map HTTP/1.1" 3042289 (18 ms)
2020-06-10 12:44:43 0:0:0:0:0:0:0:1 404 "GET /favicon.ico HTTP/1.1" 1032 (6 ms)
2020-06-10 12:44:43 0:0:0:0:0:0:0:1 200 "GET /menu/write HTTP/1.1" 803 (12 ms)
2020-06-10 12:44:43 0:0:0:0:0:0:0:1 200 "GET /js/bundle/menu/menu.bundle.js HTTP/1.1" 2703428 (27 ms)
2020-06-10 12:44:43 0:0:0:0:0:0:0:1 200 "GET /js/bundle/menu/menu.bundle.js.map HTTP/1.1" 3042289 (22 ms)
2020-06-10 12:44:44 0:0:0:0:0:0:0:1 404 "GET /favicon.ico HTTP/1.1" 1032 (4 ms)
2020-06-10 12:47:16 0:0:0:0:0:0:0:1 200 "GET /menu/write HTTP/1.1" 803 (18 ms)
2020-06-10 12:47:16 0:0:0:0:0:0:0:1 200 "GET /js/bundle/menu/menu.bundle.js HTTP/1.1" 2703552 (56 ms)
2020-06-10 12:47:16 0:0:0:0:0:0:0:1 200 "GET /js/bundle/menu/menu.bundle.js.map HTTP/1.1" 3042449 (23 ms)
2020-06-10 12:47:16 0:0:0:0:0:0:0:1 404 "GET /favicon.ico HTTP/1.1" 1032 (12 ms)
2020-06-10 12:47:46 0:0:0:0:0:0:0:1 200 "GET /menu/write HTTP/1.1" 803 (21 ms)
2020-06-10 12:47:46 0:0:0:0:0:0:0:1 200 "GET /js/bundle/menu/menu.bundle.js HTTP/1.1" 2703552 (31 ms)
2020-06-10 12:47:46 0:0:0:0:0:0:0:1 200 "GET /js/bundle/menu/menu.bundle.js.map HTTP/1.1" 3042449 (26 ms)
2020-06-10 12:47:46 0:0:0:0:0:0:0:1 404 "GET /favicon.ico HTTP/1.1" 1032 (16 ms)
2020-06-10 12:47:47 0:0:0:0:0:0:0:1 200 "GET /menu/write HTTP/1.1" 803 (16 ms)
2020-06-10 12:47:47 0:0:0:0:0:0:0:1 200 "GET /js/bundle/menu/menu.bundle.js HTTP/1.1" 2703552 (61 ms)
2020-06-10 12:47:47 0:0:0:0:0:0:0:1 200 "GET /js/bundle/menu/menu.bundle.js.map HTTP/1.1" 3042449 (28 ms)
2020-06-10 12:47:47 0:0:0:0:0:0:0:1 404 "GET /favicon.ico HTTP/1.1" 1032 (8 ms)
2020-06-10 12:47:47 0:0:0:0:0:0:0:1 200 "GET /menu/write HTTP/1.1" 803 (4 ms)
2020-06-10 12:47:47 0:0:0:0:0:0:0:1 200 "GET /js/bundle/menu/menu.bundle.js HTTP/1.1" 2703552 (26 ms)
2020-06-10 12:47:48 0:0:0:0:0:0:0:1 200 "GET /js/bundle/menu/menu.bundle.js.map HTTP/1.1" 3042449 (20 ms)
2020-06-10 12:47:48 0:0:0:0:0:0:0:1 404 "GET /favicon.ico HTTP/1.1" 1032 (5 ms)
2020-06-10 12:47:48 0:0:0:0:0:0:0:1 200 "GET /menu/write HTTP/1.1" 803 (12 ms)
2020-06-10 12:47:49 0:0:0:0:0:0:0:1 200 "GET /js/bundle/menu/menu.bundle.js HTTP/1.1" 2703552 (44 ms)
2020-06-10 12:47:49 0:0:0:0:0:0:0:1 200 "GET /js/bundle/menu/menu.bundle.js.map HTTP/1.1" 3042449 (19 ms)
2020-06-10 12:47:49 0:0:0:0:0:0:0:1 404 "GET /favicon.ico HTTP/1.1" 1032 (5 ms)
2020-06-10 12:47:50 0:0:0:0:0:0:0:1 200 "GET /menu/write HTTP/1.1" 803 (12 ms)
2020-06-10 12:47:50 0:0:0:0:0:0:0:1 200 "GET /js/bundle/menu/menu.bundle.js HTTP/1.1" 2703552 (32 ms)
2020-06-10 12:47:50 0:0:0:0:0:0:0:1 200 "GET /js/bundle/menu/menu.bundle.js.map HTTP/1.1" 3042449 (23 ms)
2020-06-10 12:47:50 0:0:0:0:0:0:0:1 404 "GET /favicon.ico HTTP/1.1" 1032 (9 ms)
2020-06-10 12:48:25 0:0:0:0:0:0:0:1 200 "GET /menu/write HTTP/1.1" 803 (19 ms)
2020-06-10 12:48:25 0:0:0:0:0:0:0:1 200 "GET /js/bundle/menu/menu.bundle.js HTTP/1.1" 2703552 (44 ms)
2020-06-10 12:48:26 0:0:0:0:0:0:0:1 200 "GET /js/bundle/menu/menu.bundle.js.map HTTP/1.1" 3042449 (25 ms)
2020-06-10 12:48:26 0:0:0:0:0:0:0:1 404 "GET /favicon.ico HTTP/1.1" 1032 (10 ms)
2020-06-10 12:48:26 0:0:0:0:0:0:0:1 200 "GET /menu/write HTTP/1.1" 803 (11 ms)
2020-06-10 12:48:26 0:0:0:0:0:0:0:1 200 "GET /js/bundle/menu/menu.bundle.js HTTP/1.1" 2703552 (28 ms)
2020-06-10 12:48:26 0:0:0:0:0:0:0:1 200 "GET /js/bundle/menu/menu.bundle.js.map HTTP/1.1" 3042450 (28 ms)
2020-06-10 12:48:26 0:0:0:0:0:0:0:1 404 "GET /favicon.ico HTTP/1.1" 1032 (5 ms)
2020-06-10 12:48:33 0:0:0:0:0:0:0:1 200 "GET /menu/write HTTP/1.1" 803 (17 ms)
2020-06-10 12:48:33 0:0:0:0:0:0:0:1 200 "GET /js/bundle/menu/menu.bundle.js HTTP/1.1" 2703553 (55 ms)
2020-06-10 12:48:34 0:0:0:0:0:0:0:1 200 "GET /js/bundle/menu/menu.bundle.js.map HTTP/1.1" 3042450 (19 ms)
2020-06-10 12:48:34 0:0:0:0:0:0:0:1 404 "GET /favicon.ico HTTP/1.1" 1032 (7 ms)
2020-06-10 12:49:30 0:0:0:0:0:0:0:1 200 "GET /menu/write HTTP/1.1" 803 (20 ms)
2020-06-10 12:49:30 0:0:0:0:0:0:0:1 200 "GET /js/bundle/menu/menu.bundle.js HTTP/1.1" 2703553 (35 ms)
2020-06-10 12:49:30 0:0:0:0:0:0:0:1 200 "GET /js/bundle/menu/menu.bundle.js.map HTTP/1.1" 3042450 (27 ms)
2020-06-10 12:49:30 0:0:0:0:0:0:0:1 404 "GET /favicon.ico HTTP/1.1" 1032 (13 ms)
2020-06-10 12:49:30 0:0:0:0:0:0:0:1 200 "GET /menu/write HTTP/1.1" 803 (5 ms)
2020-06-10 12:49:30 0:0:0:0:0:0:0:1 200 "GET /js/bundle/menu/menu.bundle.js HTTP/1.1" 2703553 (28 ms)
2020-06-10 12:49:30 0:0:0:0:0:0:0:1 200 "GET /js/bundle/menu/menu.bundle.js.map HTTP/1.1" 3042450 (21 ms)
2020-06-10 12:49:31 0:0:0:0:0:0:0:1 404 "GET /favicon.ico HTTP/1.1" 1032 (6 ms)
2020-06-10 12:49:39 0:0:0:0:0:0:0:1 200 "GET /menu/write HTTP/1.1" 803 (9 ms)
2020-06-10 12:49:39 0:0:0:0:0:0:0:1 200 "GET /js/bundle/menu/menu.bundle.js HTTP/1.1" 2703552 (63 ms)
2020-06-10 12:49:39 0:0:0:0:0:0:0:1 200 "GET /js/bundle/menu/menu.bundle.js.map HTTP/1.1" 3042449 (20 ms)
2020-06-10 12:49:39 0:0:0:0:0:0:0:1 404 "GET /favicon.ico HTTP/1.1" 1032 (10 ms)
2020-06-10 12:49:49 0:0:0:0:0:0:0:1 200 "GET /menu/write HTTP/1.1" 803 (10 ms)
2020-06-10 12:49:49 0:0:0:0:0:0:0:1 200 "GET /js/bundle/menu/menu.bundle.js HTTP/1.1" 2703552 (28 ms)
2020-06-10 12:49:49 0:0:0:0:0:0:0:1 200 "GET /js/bundle/menu/menu.bundle.js.map HTTP/1.1" 3042449 (25 ms)
2020-06-10 12:49:49 0:0:0:0:0:0:0:1 404 "GET /favicon.ico HTTP/1.1" 1032 (15 ms)
2020-06-10 12:49:50 0:0:0:0:0:0:0:1 200 "GET /menu/write HTTP/1.1" 803 (7 ms)
2020-06-10 12:49:50 0:0:0:0:0:0:0:1 200 "GET /js/bundle/menu/menu.bundle.js HTTP/1.1" 2703552 (53 ms)
2020-06-10 12:49:50 0:0:0:0:0:0:0:1 200 "GET /js/bundle/menu/menu.bundle.js.map HTTP/1.1" 3042449 (21 ms)
2020-06-10 12:49:50 0:0:0:0:0:0:0:1 404 "GET /favicon.ico HTTP/1.1" 1032 (7 ms)
2020-06-10 12:49:50 0:0:0:0:0:0:0:1 200 "GET /menu/write HTTP/1.1" 803 (3 ms)
2020-06-10 12:49:50 0:0:0:0:0:0:0:1 200 "GET /js/bundle/menu/menu.bundle.js HTTP/1.1" 2703552 (28 ms)
2020-06-10 12:49:51 0:0:0:0:0:0:0:1 200 "GET /js/bundle/menu/menu.bundle.js.map HTTP/1.1" 3042449 (21 ms)
2020-06-10 12:49:51 0:0:0:0:0:0:0:1 404 "GET /favicon.ico HTTP/1.1" 1032 (7 ms)
2020-06-10 12:50:53 0:0:0:0:0:0:0:1 200 "GET /menu/write HTTP/1.1" 803 (20 ms)
2020-06-10 12:50:53 0:0:0:0:0:0:0:1 200 "GET /js/bundle/menu/menu.bundle.js HTTP/1.1" 2703552 (41 ms)
2020-06-10 12:50:53 0:0:0:0:0:0:0:1 200 "GET /js/bundle/menu/menu.bundle.js.map HTTP/1.1" 3042449 (26 ms)
2020-06-10 12:50:53 0:0:0:0:0:0:0:1 404 "GET /favicon.ico HTTP/1.1" 1032 (12 ms)
2020-06-10 12:51:44 0:0:0:0:0:0:0:1 200 "GET /menu/write HTTP/1.1" 803 (15 ms)
2020-06-10 12:51:44 0:0:0:0:0:0:0:1 200 "GET /js/bundle/menu/menu.bundle.js HTTP/1.1" 2703602 (72 ms)
2020-06-10 12:51:44 0:0:0:0:0:0:0:1 200 "GET /js/bundle/menu/menu.bundle.js.map HTTP/1.1" 3042515 (24 ms)
2020-06-10 12:51:45 0:0:0:0:0:0:0:1 404 "GET /favicon.ico HTTP/1.1" 1032 (9 ms)
2020-06-10 12:51:45 0:0:0:0:0:0:0:1 200 "GET /menu/write HTTP/1.1" 803 (5 ms)
2020-06-10 12:51:45 0:0:0:0:0:0:0:1 200 "GET /js/bundle/menu/menu.bundle.js HTTP/1.1" 2703649 (59 ms)
2020-06-10 12:51:46 0:0:0:0:0:0:0:1 200 "GET /js/bundle/menu/menu.bundle.js.map HTTP/1.1" 3042471 (22 ms)
2020-06-10 12:51:46 0:0:0:0:0:0:0:1 404 "GET /favicon.ico HTTP/1.1" 1032 (4 ms)
2020-06-10 12:51:47 0:0:0:0:0:0:0:1 200 "GET /menu/write HTTP/1.1" 803 (8 ms)
2020-06-10 12:51:47 0:0:0:0:0:0:0:1 200 "GET /js/bundle/menu/menu.bundle.js HTTP/1.1" 2703649 (31 ms)
2020-06-10 12:51:47 0:0:0:0:0:0:0:1 200 "GET /js/bundle/menu/menu.bundle.js.map HTTP/1.1" 3042471 (20 ms)
2020-06-10 12:51:47 0:0:0:0:0:0:0:1 404 "GET /favicon.ico HTTP/1.1" 1032 (9 ms)
2020-06-10 12:52:14 0:0:0:0:0:0:0:1 200 "GET /menu/write HTTP/1.1" 803 (18 ms)
2020-06-10 12:52:14 0:0:0:0:0:0:0:1 200 "GET /js/bundle/menu/menu.bundle.js HTTP/1.1" 2703649 (50 ms)
2020-06-10 12:52:15 0:0:0:0:0:0:0:1 200 "GET /js/bundle/menu/menu.bundle.js.map HTTP/1.1" 3042471 (20 ms)
2020-06-10 12:52:15 0:0:0:0:0:0:0:1 404 "GET /favicon.ico HTTP/1.1" 1032 (12 ms)
2020-06-10 12:52:15 0:0:0:0:0:0:0:1 200 "GET /menu/write HTTP/1.1" 803 (3 ms)
2020-06-10 12:52:15 0:0:0:0:0:0:0:1 200 "GET /js/bundle/menu/menu.bundle.js HTTP/1.1" 2703649 (25 ms)
2020-06-10 12:52:16 0:0:0:0:0:0:0:1 200 "GET /js/bundle/menu/menu.bundle.js.map HTTP/1.1" 3042411 (27 ms)
2020-06-10 12:52:16 0:0:0:0:0:0:0:1 404 "GET /favicon.ico HTTP/1.1" 1032 (5 ms)
2020-06-10 12:52:16 0:0:0:0:0:0:0:1 200 "GET /menu/write HTTP/1.1" 803 (8 ms)
2020-06-10 12:52:16 0:0:0:0:0:0:0:1 200 "GET /js/bundle/menu/menu.bundle.js HTTP/1.1" 2703603 (50 ms)
2020-06-10 12:52:17 0:0:0:0:0:0:0:1 200 "GET /js/bundle/menu/menu.bundle.js.map HTTP/1.1" 3042411 (25 ms)
2020-06-10 12:52:17 0:0:0:0:0:0:0:1 404 "GET /favicon.ico HTTP/1.1" 1032 (10 ms)
2020-06-10 12:52:35 0:0:0:0:0:0:0:1 200 "GET /menu/write HTTP/1.1" 803 (12 ms)
2020-06-10 12:52:35 0:0:0:0:0:0:0:1 200 "GET /js/bundle/menu/menu.bundle.js HTTP/1.1" 2703603 (34 ms)
2020-06-10 12:52:35 0:0:0:0:0:0:0:1 200 "GET /js/bundle/menu/menu.bundle.js.map HTTP/1.1" 3042411 (23 ms)
2020-06-10 12:52:35 0:0:0:0:0:0:0:1 404 "GET /favicon.ico HTTP/1.1" 1032 (7 ms)
2020-06-10 12:52:36 0:0:0:0:0:0:0:1 200 "GET /menu/write HTTP/1.1" 803 (3 ms)
2020-06-10 12:52:36 0:0:0:0:0:0:0:1 200 "GET /js/bundle/menu/menu.bundle.js HTTP/1.1" 2703603 (56 ms)
2020-06-10 12:52:36 0:0:0:0:0:0:0:1 200 "GET /js/bundle/menu/menu.bundle.js.map HTTP/1.1" 3042411 (22 ms)
2020-06-10 12:52:36 0:0:0:0:0:0:0:1 404 "GET /favicon.ico HTTP/1.1" 1032 (7 ms)
2020-06-10 12:53:20 0:0:0:0:0:0:0:1 200 "GET /menu/write HTTP/1.1" 803 (16 ms)
2020-06-10 12:53:20 0:0:0:0:0:0:0:1 200 "GET /js/bundle/menu/menu.bundle.js HTTP/1.1" 2703603 (33 ms)
2020-06-10 12:53:21 0:0:0:0:0:0:0:1 200 "GET /js/bundle/menu/menu.bundle.js.map HTTP/1.1" 3042411 (28 ms)
2020-06-10 12:53:21 0:0:0:0:0:0:0:1 404 "GET /favicon.ico HTTP/1.1" 1032 (15 ms)
2020-06-10 12:53:21 0:0:0:0:0:0:0:1 200 "GET /menu/write HTTP/1.1" 803 (10 ms)
2020-06-10 12:53:22 0:0:0:0:0:0:0:1 200 "GET /js/bundle/menu/menu.bundle.js HTTP/1.1" 2703982 (56 ms)
2020-06-10 12:53:22 0:0:0:0:0:0:0:1 200 "GET /js/bundle/menu/menu.bundle.js.map HTTP/1.1" 3042723 (21 ms)
2020-06-10 12:53:22 0:0:0:0:0:0:0:1 404 "GET /favicon.ico HTTP/1.1" 1032 (5 ms)
2020-06-10 12:53:22 0:0:0:0:0:0:0:1 200 "GET /menu/write HTTP/1.1" 803 (6 ms)
2020-06-10 12:53:22 0:0:0:0:0:0:0:1 200 "GET /js/bundle/menu/menu.bundle.js HTTP/1.1" 2703982 (26 ms)
2020-06-10 12:53:23 0:0:0:0:0:0:0:1 200 "GET /js/bundle/menu/menu.bundle.js.map HTTP/1.1" 3042723 (25 ms)
2020-06-10 12:53:23 0:0:0:0:0:0:0:1 404 "GET /favicon.ico HTTP/1.1" 1032 (6 ms)
2020-06-10 12:53:58 0:0:0:0:0:0:0:1 200 "GET /menu/write HTTP/1.1" 803 (36 ms)
2020-06-10 12:53:58 0:0:0:0:0:0:0:1 200 "GET /js/bundle/menu/menu.bundle.js HTTP/1.1" 2703982 (36 ms)
2020-06-10 12:53:58 0:0:0:0:0:0:0:1 200 "GET /js/bundle/menu/menu.bundle.js.map HTTP/1.1" 1851392 (21 ms)
2020-06-10 12:53:58 0:0:0:0:0:0:0:1 404 "GET /favicon.ico HTTP/1.1" 1032 (13 ms)
2020-06-10 12:53:59 0:0:0:0:0:0:0:1 200 "GET /menu/write HTTP/1.1" 803 (5 ms)
2020-06-10 12:53:59 0:0:0:0:0:0:0:1 200 "GET /js/bundle/menu/menu.bundle.js HTTP/1.1" 2703983 (48 ms)
2020-06-10 12:53:59 0:0:0:0:0:0:0:1 200 "GET /js/bundle/menu/menu.bundle.js.map HTTP/1.1" 3042724 (21 ms)
2020-06-10 12:53:59 0:0:0:0:0:0:0:1 404 "GET /favicon.ico HTTP/1.1" 1032 (5 ms)
2020-06-10 12:58:39 0:0:0:0:0:0:0:1 200 "GET /menu/write HTTP/1.1" 803 (19 ms)
2020-06-10 12:58:39 0:0:0:0:0:0:0:1 200 "GET /js/bundle/menu/menu.bundle.js HTTP/1.1" 1210424 (61 ms)
2020-06-10 12:58:39 0:0:0:0:0:0:0:1 200 "GET /js/bundle/menu/menu.bundle.js.map HTTP/1.1" 1375614 (17 ms)
2020-06-10 12:58:39 0:0:0:0:0:0:0:1 404 "GET /favicon.ico HTTP/1.1" 1032 (9 ms)
2020-06-10 12:58:41 0:0:0:0:0:0:0:1 200 "GET /menu/write HTTP/1.1" 803 (9 ms)
2020-06-10 12:58:41 0:0:0:0:0:0:0:1 200 "GET /js/bundle/menu/menu.bundle.js HTTP/1.1" 1210424 (15 ms)
2020-06-10 12:58:41 0:0:0:0:0:0:0:1 200 "GET /js/bundle/menu/menu.bundle.js.map HTTP/1.1" 1375614 (16 ms)
2020-06-10 12:58:41 0:0:0:0:0:0:0:1 404 "GET /favicon.ico HTTP/1.1" 1032 (3 ms)
2020-06-10 12:58:41 0:0:0:0:0:0:0:1 200 "GET /menu/write HTTP/1.1" 803 (6 ms)
2020-06-10 12:58:41 0:0:0:0:0:0:0:1 200 "GET /js/bundle/menu/menu.bundle.js HTTP/1.1" 1210424 (16 ms)
2020-06-10 12:58:41 0:0:0:0:0:0:0:1 200 "GET /js/bundle/menu/menu.bundle.js.map HTTP/1.1" 1375614 (13 ms)
2020-06-10 12:58:41 0:0:0:0:0:0:0:1 404 "GET /favicon.ico HTTP/1.1" 1032 (5 ms)
2020-06-10 12:58:43 0:0:0:0:0:0:0:1 200 "GET /menu/write HTTP/1.1" 803 (13 ms)
2020-06-10 12:58:43 0:0:0:0:0:0:0:1 200 "GET /js/bundle/menu/menu.bundle.js HTTP/1.1" 1210424 (17 ms)
2020-06-10 12:58:43 0:0:0:0:0:0:0:1 200 "GET /js/bundle/menu/menu.bundle.js.map HTTP/1.1" 1375614 (16 ms)
2020-06-10 12:58:43 0:0:0:0:0:0:0:1 404 "GET /favicon.ico HTTP/1.1" 1032 (6 ms)
2020-06-10 12:58:51 0:0:0:0:0:0:0:1 200 "GET /menu/write HTTP/1.1" 803 (13 ms)
2020-06-10 12:58:51 0:0:0:0:0:0:0:1 200 "GET /js/bundle/menu/menu.bundle.js HTTP/1.1" 1210424 (16 ms)
2020-06-10 12:58:51 0:0:0:0:0:0:0:1 200 "GET /js/bundle/menu/menu.bundle.js.map HTTP/1.1" 1375614 (15 ms)
2020-06-10 12:58:51 0:0:0:0:0:0:0:1 404 "GET /favicon.ico HTTP/1.1" 1032 (9 ms)
2020-06-10 12:58:51 0:0:0:0:0:0:0:1 200 "GET /menu/write HTTP/1.1" 803 (3 ms)
2020-06-10 12:58:52 0:0:0:0:0:0:0:1 200 "GET /js/bundle/menu/menu.bundle.js HTTP/1.1" 1210424 (15 ms)
2020-06-10 12:58:52 0:0:0:0:0:0:0:1 200 "GET /js/bundle/menu/menu.bundle.js.map HTTP/1.1" 1375614 (13 ms)
2020-06-10 12:58:52 0:0:0:0:0:0:0:1 404 "GET /favicon.ico HTTP/1.1" 1032 (7 ms)
2020-06-10 12:58:52 0:0:0:0:0:0:0:1 200 "GET /menu/write HTTP/1.1" 803 (3 ms)
2020-06-10 12:58:52 0:0:0:0:0:0:0:1 200 "GET /js/bundle/menu/menu.bundle.js HTTP/1.1" 1210424 (18 ms)
2020-06-10 12:58:52 0:0:0:0:0:0:0:1 200 "GET /js/bundle/menu/menu.bundle.js.map HTTP/1.1" 1375614 (17 ms)
2020-06-10 12:58:52 0:0:0:0:0:0:0:1 404 "GET /favicon.ico HTTP/1.1" 1032 (7 ms)
2020-06-10 12:58:53 0:0:0:0:0:0:0:1 200 "GET /menu/write HTTP/1.1" 803 (4 ms)
2020-06-10 12:58:53 0:0:0:0:0:0:0:1 200 "GET /js/bundle/menu/menu.bundle.js HTTP/1.1" 2705101 (67 ms)
2020-06-10 12:58:53 0:0:0:0:0:0:0:1 200 "GET /js/bundle/menu/menu.bundle.js.map HTTP/1.1" 3043658 (20 ms)
2020-06-10 12:58:53 0:0:0:0:0:0:0:1 404 "GET /favicon.ico HTTP/1.1" 1032 (8 ms)
2020-06-10 12:59:17 0:0:0:0:0:0:0:1 200 "GET /menu/write HTTP/1.1" 803 (13 ms)
2020-06-10 12:59:17 0:0:0:0:0:0:0:1 200 "GET /js/bundle/menu/menu.bundle.js HTTP/1.1" 2705101 (35 ms)
2020-06-10 12:59:17 0:0:0:0:0:0:0:1 200 "GET /js/bundle/menu/menu.bundle.js.map HTTP/1.1" 3043658 (22 ms)
2020-06-10 12:59:17 0:0:0:0:0:0:0:1 404 "GET /favicon.ico HTTP/1.1" 1032 (8 ms)
2020-06-10 12:59:18 0:0:0:0:0:0:0:1 200 "GET /menu/write HTTP/1.1" 803 (7 ms)
2020-06-10 12:59:18 0:0:0:0:0:0:0:1 200 "GET /js/bundle/menu/menu.bundle.js HTTP/1.1" 2705175 (49 ms)
2020-06-10 12:59:18 0:0:0:0:0:0:0:1 200 "GET /js/bundle/menu/menu.bundle.js.map HTTP/1.1" 3043693 (24 ms)
2020-06-10 12:59:18 0:0:0:0:0:0:0:1 404 "GET /favicon.ico HTTP/1.1" 1032 (6 ms)
2020-06-10 13:05:54 0:0:0:0:0:0:0:1 200 "GET /menu/write HTTP/1.1" 803 (36 ms)
2020-06-10 13:05:54 0:0:0:0:0:0:0:1 200 "GET /js/bundle/menu/menu.bundle.js HTTP/1.1" 2705546 (96 ms)
2020-06-10 13:05:54 0:0:0:0:0:0:0:1 200 "GET /js/bundle/menu/menu.bundle.js.map HTTP/1.1" 3043928 (21 ms)
2020-06-10 13:05:54 0:0:0:0:0:0:0:1 404 "GET /favicon.ico HTTP/1.1" 1032 (12 ms)
2020-06-10 13:07:03 0:0:0:0:0:0:0:1 200 "GET /menu/write HTTP/1.1" 803 (20 ms)
2020-06-10 13:07:03 0:0:0:0:0:0:0:1 200 "GET /js/bundle/menu/menu.bundle.js HTTP/1.1" 2705546 (53 ms)
2020-06-10 13:07:03 0:0:0:0:0:0:0:1 200 "GET /js/bundle/menu/menu.bundle.js.map HTTP/1.1" 3043928 (27 ms)
2020-06-10 13:07:03 0:0:0:0:0:0:0:1 404 "GET /favicon.ico HTTP/1.1" 1032 (17 ms)
2020-06-10 13:07:04 0:0:0:0:0:0:0:1 200 "GET /menu/write HTTP/1.1" 803 (8 ms)
2020-06-10 13:07:04 0:0:0:0:0:0:0:1 404 "GET /js/bundle/menu/menu.bundle.js HTTP/1.1" 991 (9 ms)
2020-06-10 13:07:04 0:0:0:0:0:0:0:1 404 "GET /favicon.ico HTTP/1.1" 1032 (10 ms)
2020-06-10 13:07:05 0:0:0:0:0:0:0:1 200 "GET /menu/write HTTP/1.1" 803 (10 ms)
2020-06-10 13:07:05 0:0:0:0:0:0:0:1 200 "GET /js/bundle/menu/menu.bundle.js HTTP/1.1" 2705605 (58 ms)
2020-06-10 13:07:05 0:0:0:0:0:0:0:1 200 "GET /js/bundle/menu/menu.bundle.js.map HTTP/1.1" 3044003 (26 ms)
2020-06-10 13:07:05 0:0:0:0:0:0:0:1 404 "GET /favicon.ico HTTP/1.1" 1032 (6 ms)
2020-06-10 13:07:06 0:0:0:0:0:0:0:1 200 "GET /menu/write HTTP/1.1" 803 (12 ms)
2020-06-10 13:07:06 0:0:0:0:0:0:0:1 200 "GET /js/bundle/menu/menu.bundle.js HTTP/1.1" 2705605 (34 ms)
2020-06-10 13:07:06 0:0:0:0:0:0:0:1 200 "GET /js/bundle/menu/menu.bundle.js.map HTTP/1.1" 3044003 (25 ms)
2020-06-10 13:07:06 0:0:0:0:0:0:0:1 404 "GET /favicon.ico HTTP/1.1" 1032 (4 ms)
2020-06-10 13:07:23 0:0:0:0:0:0:0:1 200 "GET /menu/write HTTP/1.1" 803 (10 ms)
2020-06-10 13:07:23 0:0:0:0:0:0:0:1 200 "GET /js/bundle/menu/menu.bundle.js HTTP/1.1" 2705605 (32 ms)
2020-06-10 13:07:23 0:0:0:0:0:0:0:1 200 "GET /js/bundle/menu/menu.bundle.js.map HTTP/1.1" 3044003 (20 ms)
2020-06-10 13:07:23 0:0:0:0:0:0:0:1 404 "GET /favicon.ico HTTP/1.1" 1032 (10 ms)
2020-06-10 13:07:25 0:0:0:0:0:0:0:1 200 "GET /menu/write HTTP/1.1" 803 (11 ms)
2020-06-10 13:07:25 0:0:0:0:0:0:0:1 200 "GET /js/bundle/menu/menu.bundle.js HTTP/1.1" 2705605 (26 ms)
2020-06-10 13:07:25 0:0:0:0:0:0:0:1 200 "GET /js/bundle/menu/menu.bundle.js.map HTTP/1.1" 3044003 (20 ms)
2020-06-10 13:07:25 0:0:0:0:0:0:0:1 404 "GET /favicon.ico HTTP/1.1" 1032 (3 ms)
2020-06-10 13:07:46 0:0:0:0:0:0:0:1 200 "GET /menu/write HTTP/1.1" 803 (15 ms)
2020-06-10 13:07:47 0:0:0:0:0:0:0:1 200 "GET /js/bundle/menu/menu.bundle.js HTTP/1.1" 2705605 (41 ms)
2020-06-10 13:07:47 0:0:0:0:0:0:0:1 200 "GET /js/bundle/menu/menu.bundle.js.map HTTP/1.1" 3044003 (23 ms)
2020-06-10 13:07:47 0:0:0:0:0:0:0:1 404 "GET /favicon.ico HTTP/1.1" 1032 (11 ms)
2020-06-10 13:07:48 0:0:0:0:0:0:0:1 200 "GET /menu/write HTTP/1.1" 803 (11 ms)
2020-06-10 13:07:48 0:0:0:0:0:0:0:1 200 "GET /js/bundle/menu/menu.bundle.js HTTP/1.1" 2705605 (26 ms)
2020-06-10 13:07:48 0:0:0:0:0:0:0:1 200 "GET /js/bundle/menu/menu.bundle.js.map HTTP/1.1" 3044003 (24 ms)
2020-06-10 13:07:48 0:0:0:0:0:0:0:1 404 "GET /favicon.ico HTTP/1.1" 1032 (6 ms)
2020-06-10 13:08:09 0:0:0:0:0:0:0:1 200 "GET /menu/write HTTP/1.1" 803 (10 ms)
2020-06-10 13:08:09 0:0:0:0:0:0:0:1 200 "GET /js/bundle/menu/menu.bundle.js HTTP/1.1" 2705605 (32 ms)
2020-06-10 13:08:09 0:0:0:0:0:0:0:1 200 "GET /js/bundle/menu/menu.bundle.js.map HTTP/1.1" 3044003 (24 ms)
2020-06-10 13:08:09 0:0:0:0:0:0:0:1 404 "GET /favicon.ico HTTP/1.1" 1032 (14 ms)
2020-06-10 13:08:10 0:0:0:0:0:0:0:1 200 "GET /menu/write HTTP/1.1" 803 (7 ms)
2020-06-10 13:08:10 0:0:0:0:0:0:0:1 200 "GET /js/bundle/menu/menu.bundle.js HTTP/1.1" 2705605 (34 ms)
2020-06-10 13:08:10 0:0:0:0:0:0:0:1 200 "GET /js/bundle/menu/menu.bundle.js.map HTTP/1.1" 3044009 (21 ms)
2020-06-10 13:08:10 0:0:0:0:0:0:0:1 404 "GET /favicon.ico HTTP/1.1" 1032 (4 ms)
2020-06-10 13:08:11 0:0:0:0:0:0:0:1 200 "GET /menu/write HTTP/1.1" 803 (11 ms)
2020-06-10 13:08:11 0:0:0:0:0:0:0:1 200 "GET /js/bundle/menu/menu.bundle.js HTTP/1.1" 2705611 (48 ms)
2020-06-10 13:08:11 0:0:0:0:0:0:0:1 200 "GET /js/bundle/menu/menu.bundle.js.map HTTP/1.1" 3044009 (20 ms)
2020-06-10 13:08:11 0:0:0:0:0:0:0:1 404 "GET /favicon.ico HTTP/1.1" 1032 (6 ms)
2020-06-10 13:08:12 0:0:0:0:0:0:0:1 200 "GET /menu/write HTTP/1.1" 803 (7 ms)
2020-06-10 13:08:12 0:0:0:0:0:0:0:1 200 "GET /js/bundle/menu/menu.bundle.js HTTP/1.1" 2705611 (27 ms)
2020-06-10 13:08:12 0:0:0:0:0:0:0:1 200 "GET /js/bundle/menu/menu.bundle.js.map HTTP/1.1" 3044009 (22 ms)
2020-06-10 13:08:12 0:0:0:0:0:0:0:1 404 "GET /favicon.ico HTTP/1.1" 1032 (3 ms)
2020-06-10 13:09:09 0:0:0:0:0:0:0:1 200 "GET /menu/write HTTP/1.1" 803 (19 ms)
2020-06-10 13:09:09 0:0:0:0:0:0:0:1 200 "GET /js/bundle/menu/menu.bundle.js HTTP/1.1" 2705605 (90 ms)
2020-06-10 13:09:09 0:0:0:0:0:0:0:1 200 "GET /js/bundle/menu/menu.bundle.js.map HTTP/1.1" 3044011 (23 ms)
2020-06-10 13:09:09 0:0:0:0:0:0:0:1 404 "GET /favicon.ico HTTP/1.1" 1032 (10 ms)
2020-06-10 13:09:10 0:0:0:0:0:0:0:1 200 "GET /menu/write HTTP/1.1" 803 (13 ms)
2020-06-10 13:09:10 0:0:0:0:0:0:0:1 200 "GET /js/bundle/menu/menu.bundle.js HTTP/1.1" 2705608 (51 ms)
2020-06-10 13:09:10 0:0:0:0:0:0:0:1 200 "GET /js/bundle/menu/menu.bundle.js.map HTTP/1.1" 3044011 (22 ms)
2020-06-10 13:09:10 0:0:0:0:0:0:0:1 404 "GET /favicon.ico HTTP/1.1" 1032 (4 ms)
2020-06-10 13:09:11 0:0:0:0:0:0:0:1 200 "GET /menu/write HTTP/1.1" 803 (4 ms)
2020-06-10 13:09:11 0:0:0:0:0:0:0:1 200 "GET /js/bundle/menu/menu.bundle.js HTTP/1.1" 2705608 (25 ms)
2020-06-10 13:09:11 0:0:0:0:0:0:0:1 200 "GET /js/bundle/menu/menu.bundle.js.map HTTP/1.1" 3044011 (23 ms)
2020-06-10 13:09:11 0:0:0:0:0:0:0:1 404 "GET /favicon.ico HTTP/1.1" 1032 (8 ms)
2020-06-10 13:12:03 0:0:0:0:0:0:0:1 200 "GET /menu/write HTTP/1.1" 803 (12 ms)
2020-06-10 13:12:03 0:0:0:0:0:0:0:1 200 "GET /js/bundle/menu/menu.bundle.js HTTP/1.1" 2705608 (31 ms)
2020-06-10 13:12:03 0:0:0:0:0:0:0:1 200 "GET /js/bundle/menu/menu.bundle.js.map HTTP/1.1" 3044011 (20 ms)
2020-06-10 13:12:03 0:0:0:0:0:0:0:1 404 "GET /favicon.ico HTTP/1.1" 1032 (18 ms)
2020-06-10 13:12:04 0:0:0:0:0:0:0:1 200 "GET /menu/write HTTP/1.1" 803 (12 ms)
2020-06-10 13:12:04 0:0:0:0:0:0:0:1 200 "GET /js/bundle/menu/menu.bundle.js HTTP/1.1" 2705609 (84 ms)
2020-06-10 13:12:04 0:0:0:0:0:0:0:1 200 "GET /js/bundle/menu/menu.bundle.js.map HTTP/1.1" 3044012 (22 ms)
2020-06-10 13:12:04 0:0:0:0:0:0:0:1 404 "GET /favicon.ico HTTP/1.1" 1032 (8 ms)
2020-06-10 13:12:06 0:0:0:0:0:0:0:1 200 "GET /menu/write HTTP/1.1" 803 (10 ms)
2020-06-10 13:12:06 0:0:0:0:0:0:0:1 200 "GET /js/bundle/menu/menu.bundle.js HTTP/1.1" 2705609 (27 ms)
2020-06-10 13:12:06 0:0:0:0:0:0:0:1 200 "GET /js/bundle/menu/menu.bundle.js.map HTTP/1.1" 3044012 (19 ms)
2020-06-10 13:12:06 0:0:0:0:0:0:0:1 404 "GET /favicon.ico HTTP/1.1" 1032 (10 ms)
2020-06-10 13:12:50 0:0:0:0:0:0:0:1 200 "GET /menu/write HTTP/1.1" 803 (19 ms)
2020-06-10 13:12:50 0:0:0:0:0:0:0:1 200 "GET /js/bundle/menu/menu.bundle.js HTTP/1.1" 2705609 (36 ms)
2020-06-10 13:12:51 0:0:0:0:0:0:0:1 200 "GET /js/bundle/menu/menu.bundle.js.map HTTP/1.1" 3044012 (25 ms)
2020-06-10 13:12:51 0:0:0:0:0:0:0:1 404 "GET /favicon.ico HTTP/1.1" 1032 (10 ms)
2020-06-10 13:12:51 0:0:0:0:0:0:0:1 200 "GET /menu/write HTTP/1.1" 803 (4 ms)
2020-06-10 13:12:51 0:0:0:0:0:0:0:1 200 "GET /js/bundle/menu/menu.bundle.js HTTP/1.1" 2613248 (49 ms)
2020-06-10 13:12:52 0:0:0:0:0:0:0:1 404 "GET /favicon.ico HTTP/1.1" 1032 (4 ms)
2020-06-10 13:12:52 0:0:0:0:0:0:0:1 200 "GET /menu/write HTTP/1.1" 803 (3 ms)
2020-06-10 13:12:53 0:0:0:0:0:0:0:1 200 "GET /js/bundle/menu/menu.bundle.js HTTP/1.1" 2705577 (31 ms)
2020-06-10 13:12:53 0:0:0:0:0:0:0:1 200 "GET /js/bundle/menu/menu.bundle.js.map HTTP/1.1" 3043980 (21 ms)
2020-06-10 13:12:53 0:0:0:0:0:0:0:1 404 "GET /favicon.ico HTTP/1.1" 1032 (3 ms)
2020-06-10 13:12:54 0:0:0:0:0:0:0:1 200 "GET /menu/write HTTP/1.1" 803 (11 ms)
2020-06-10 13:12:54 0:0:0:0:0:0:0:1 200 "GET /js/bundle/menu/menu.bundle.js HTTP/1.1" 2705577 (26 ms)
2020-06-10 13:12:54 0:0:0:0:0:0:0:1 200 "GET /js/bundle/menu/menu.bundle.js.map HTTP/1.1" 3043980 (21 ms)
2020-06-10 13:12:54 0:0:0:0:0:0:0:1 404 "GET /favicon.ico HTTP/1.1" 1032 (4 ms)
2020-06-10 13:12:54 0:0:0:0:0:0:0:1 200 "GET /menu/write HTTP/1.1" 803 (15 ms)
2020-06-10 13:12:54 0:0:0:0:0:0:0:1 200 "GET /js/bundle/menu/menu.bundle.js HTTP/1.1" 2705577 (29 ms)
2020-06-10 13:12:55 0:0:0:0:0:0:0:1 200 "GET /js/bundle/menu/menu.bundle.js.map HTTP/1.1" 3043980 (20 ms)
2020-06-10 13:12:55 0:0:0:0:0:0:0:1 404 "GET /favicon.ico HTTP/1.1" 1032 (8 ms)
2020-06-10 13:13:30 0:0:0:0:0:0:0:1 200 "GET /menu/write HTTP/1.1" 803 (22 ms)
2020-06-10 13:13:30 0:0:0:0:0:0:0:1 200 "GET /js/bundle/menu/menu.bundle.js HTTP/1.1" 2705577 (30 ms)
2020-06-10 13:13:30 0:0:0:0:0:0:0:1 200 "GET /js/bundle/menu/menu.bundle.js.map HTTP/1.1" 3043980 (23 ms)
2020-06-10 13:13:30 0:0:0:0:0:0:0:1 404 "GET /favicon.ico HTTP/1.1" 1032 (15 ms)
2020-06-10 13:13:31 0:0:0:0:0:0:0:1 200 "GET /menu/write HTTP/1.1" 803 (3 ms)
2020-06-10 13:13:31 0:0:0:0:0:0:0:1 200 "GET /js/bundle/menu/menu.bundle.js HTTP/1.1" 2705609 (49 ms)
2020-06-10 13:13:31 0:0:0:0:0:0:0:1 200 "GET /js/bundle/menu/menu.bundle.js.map HTTP/1.1" 3044012 (23 ms)
2020-06-10 13:13:31 0:0:0:0:0:0:0:1 404 "GET /favicon.ico HTTP/1.1" 1032 (6 ms)
2020-06-10 13:14:09 0:0:0:0:0:0:0:1 200 "GET /menu/write HTTP/1.1" 803 (16 ms)
2020-06-10 13:14:09 0:0:0:0:0:0:0:1 200 "GET /js/bundle/menu/menu.bundle.js HTTP/1.1" 2705613 (107 ms)
2020-06-10 13:14:09 0:0:0:0:0:0:0:1 200 "GET /js/bundle/menu/menu.bundle.js.map HTTP/1.1" 3044016 (25 ms)
2020-06-10 13:14:09 0:0:0:0:0:0:0:1 404 "GET /favicon.ico HTTP/1.1" 1032 (8 ms)
2020-06-10 13:14:10 0:0:0:0:0:0:0:1 200 "GET /menu/write HTTP/1.1" 803 (10 ms)
2020-06-10 13:14:10 0:0:0:0:0:0:0:1 200 "GET /js/bundle/menu/menu.bundle.js HTTP/1.1" 2705623 (56 ms)
2020-06-10 13:14:10 0:0:0:0:0:0:0:1 200 "GET /js/bundle/menu/menu.bundle.js.map HTTP/1.1" 3044026 (25 ms)
2020-06-10 13:14:10 0:0:0:0:0:0:0:1 404 "GET /favicon.ico HTTP/1.1" 1032 (6 ms)
2020-06-10 13:14:11 0:0:0:0:0:0:0:1 200 "GET /menu/write HTTP/1.1" 803 (13 ms)
2020-06-10 13:14:11 0:0:0:0:0:0:0:1 200 "GET /js/bundle/menu/menu.bundle.js HTTP/1.1" 2705623 (26 ms)
2020-06-10 13:14:11 0:0:0:0:0:0:0:1 200 "GET /js/bundle/menu/menu.bundle.js.map HTTP/1.1" 3044026 (24 ms)
2020-06-10 13:14:12 0:0:0:0:0:0:0:1 404 "GET /favicon.ico HTTP/1.1" 1032 (8 ms)
2020-06-10 13:17:19 0:0:0:0:0:0:0:1 200 "GET /menu/write HTTP/1.1" 803 (18 ms)
2020-06-10 13:17:20 0:0:0:0:0:0:0:1 200 "GET /js/bundle/menu/menu.bundle.js HTTP/1.1" 2705623 (44 ms)
2020-06-10 13:17:20 0:0:0:0:0:0:0:1 200 "GET /js/bundle/menu/menu.bundle.js.map HTTP/1.1" 3044026 (28 ms)
2020-06-10 13:17:20 0:0:0:0:0:0:0:1 404 "GET /favicon.ico HTTP/1.1" 1032 (11 ms)
2020-06-10 13:17:21 0:0:0:0:0:0:0:1 200 "GET /menu/write HTTP/1.1" 803 (10 ms)
2020-06-10 13:17:21 0:0:0:0:0:0:0:1 200 "GET /js/bundle/menu/menu.bundle.js HTTP/1.1" 2705621 (53 ms)
2020-06-10 13:17:21 0:0:0:0:0:0:0:1 200 "GET /js/bundle/menu/menu.bundle.js.map HTTP/1.1" 3044024 (27 ms)
2020-06-10 13:17:21 0:0:0:0:0:0:0:1 404 "GET /favicon.ico HTTP/1.1" 1032 (5 ms)
2020-06-10 13:17:48 0:0:0:0:0:0:0:1 200 "GET /menu/write HTTP/1.1" 803 (22 ms)
2020-06-10 13:17:48 0:0:0:0:0:0:0:1 200 "GET /js/bundle/menu/menu.bundle.js HTTP/1.1" 2705621 (33 ms)
2020-06-10 13:17:48 0:0:0:0:0:0:0:1 200 "GET /js/bundle/menu/menu.bundle.js.map HTTP/1.1" 3044026 (26 ms)
2020-06-10 13:17:48 0:0:0:0:0:0:0:1 404 "GET /favicon.ico HTTP/1.1" 1032 (8 ms)
2020-06-10 13:17:49 0:0:0:0:0:0:0:1 200 "GET /menu/write HTTP/1.1" 803 (11 ms)
2020-06-10 13:17:49 0:0:0:0:0:0:0:1 200 "GET /js/bundle/menu/menu.bundle.js HTTP/1.1" 2705623 (58 ms)
2020-06-10 13:17:49 0:0:0:0:0:0:0:1 200 "GET /js/bundle/menu/menu.bundle.js.map HTTP/1.1" 3044026 (19 ms)
2020-06-10 13:17:49 0:0:0:0:0:0:0:1 404 "GET /favicon.ico HTTP/1.1" 1032 (3 ms)
2020-06-10 13:17:50 0:0:0:0:0:0:0:1 200 "GET /menu/write HTTP/1.1" 803 (4 ms)
2020-06-10 13:17:50 0:0:0:0:0:0:0:1 200 "GET /js/bundle/menu/menu.bundle.js HTTP/1.1" 2705623 (25 ms)
2020-06-10 13:17:50 0:0:0:0:0:0:0:1 200 "GET /js/bundle/menu/menu.bundle.js.map HTTP/1.1" 3044026 (20 ms)
2020-06-10 13:17:50 0:0:0:0:0:0:0:1 404 "GET /favicon.ico HTTP/1.1" 1032 (5 ms)
2020-06-10 13:17:51 0:0:0:0:0:0:0:1 200 "GET /menu/write HTTP/1.1" 803 (9 ms)
2020-06-10 13:17:51 0:0:0:0:0:0:0:1 200 "GET /js/bundle/menu/menu.bundle.js HTTP/1.1" 2705623 (33 ms)
2020-06-10 13:17:51 0:0:0:0:0:0:0:1 200 "GET /js/bundle/menu/menu.bundle.js.map HTTP/1.1" 3044026 (20 ms)
2020-06-10 13:17:51 0:0:0:0:0:0:0:1 404 "GET /favicon.ico HTTP/1.1" 1032 (6 ms)
2020-06-10 13:17:51 0:0:0:0:0:0:0:1 200 "GET /menu/write HTTP/1.1" 803 (5 ms)
2020-06-10 13:17:51 0:0:0:0:0:0:0:1 200 "GET /js/bundle/menu/menu.bundle.js HTTP/1.1" 2705623 (26 ms)
2020-06-10 13:17:52 0:0:0:0:0:0:0:1 200 "GET /js/bundle/menu/menu.bundle.js.map HTTP/1.1" 3044026 (20 ms)
2020-06-10 13:17:52 0:0:0:0:0:0:0:1 404 "GET /favicon.ico HTTP/1.1" 1032 (7 ms)
2020-06-10 13:17:53 0:0:0:0:0:0:0:1 200 "GET /menu/write HTTP/1.1" 803 (17 ms)
2020-06-10 13:17:53 0:0:0:0:0:0:0:1 200 "GET /js/bundle/menu/menu.bundle.js HTTP/1.1" 2705623 (37 ms)
2020-06-10 13:17:53 0:0:0:0:0:0:0:1 200 "GET /js/bundle/menu/menu.bundle.js.map HTTP/1.1" 3044026 (19 ms)
2020-06-10 13:17:53 0:0:0:0:0:0:0:1 404 "GET /favicon.ico HTTP/1.1" 1032 (5 ms)
2020-06-10 13:17:54 0:0:0:0:0:0:0:1 200 "GET /menu/write HTTP/1.1" 803 (3 ms)
2020-06-10 13:17:54 0:0:0:0:0:0:0:1 200 "GET /js/bundle/menu/menu.bundle.js HTTP/1.1" 2705623 (30 ms)
2020-06-10 13:17:54 0:0:0:0:0:0:0:1 200 "GET /js/bundle/menu/menu.bundle.js.map HTTP/1.1" 3044026 (22 ms)
2020-06-10 13:17:54 0:0:0:0:0:0:0:1 404 "GET /favicon.ico HTTP/1.1" 1032 (10 ms)
2020-06-10 13:17:57 0:0:0:0:0:0:0:1 200 "GET /menu/write HTTP/1.1" 803 (16 ms)
2020-06-10 13:17:57 0:0:0:0:0:0:0:1 200 "GET /js/bundle/menu/menu.bundle.js HTTP/1.1" 2705623 (31 ms)
2020-06-10 13:17:57 0:0:0:0:0:0:0:1 200 "GET /js/bundle/menu/menu.bundle.js.map HTTP/1.1" 3044026 (23 ms)
2020-06-10 13:17:57 0:0:0:0:0:0:0:1 404 "GET /favicon.ico HTTP/1.1" 1032 (12 ms)
2020-06-10 13:17:58 0:0:0:0:0:0:0:1 200 "GET /menu/write HTTP/1.1" 803 (4 ms)
2020-06-10 13:17:58 0:0:0:0:0:0:0:1 200 "GET /js/bundle/menu/menu.bundle.js HTTP/1.1" 2705623 (45 ms)
2020-06-10 13:17:58 0:0:0:0:0:0:0:1 200 "GET /js/bundle/menu/menu.bundle.js.map HTTP/1.1" 3044026 (21 ms)
2020-06-10 13:17:58 0:0:0:0:0:0:0:1 404 "GET /favicon.ico HTTP/1.1" 1032 (8 ms)
2020-06-10 13:17:58 0:0:0:0:0:0:0:1 200 "GET /menu/write HTTP/1.1" 803 (4 ms)
2020-06-10 13:17:58 0:0:0:0:0:0:0:1 200 "GET /js/bundle/menu/menu.bundle.js HTTP/1.1" 2705623 (55 ms)
2020-06-10 13:17:58 0:0:0:0:0:0:0:1 200 "GET /js/bundle/menu/menu.bundle.js.map HTTP/1.1" 3044026 (21 ms)
2020-06-10 13:17:59 0:0:0:0:0:0:0:1 404 "GET /favicon.ico HTTP/1.1" 1032 (3 ms)
2020-06-10 13:17:59 0:0:0:0:0:0:0:1 200 "GET /menu/write HTTP/1.1" 803 (7 ms)
2020-06-10 13:17:59 0:0:0:0:0:0:0:1 200 "GET /js/bundle/menu/menu.bundle.js HTTP/1.1" 2705623 (29 ms)
2020-06-10 13:17:59 0:0:0:0:0:0:0:1 200 "GET /js/bundle/menu/menu.bundle.js.map HTTP/1.1" 3044026 (18 ms)
2020-06-10 13:18:00 0:0:0:0:0:0:0:1 404 "GET /favicon.ico HTTP/1.1" 1032 (7 ms)
2020-06-10 13:18:55 0:0:0:0:0:0:0:1 200 "GET /menu/write HTTP/1.1" 803 (25 ms)
2020-06-10 13:18:55 0:0:0:0:0:0:0:1 200 "GET /js/bundle/menu/menu.bundle.js HTTP/1.1" 2705625 (72 ms)
2020-06-10 13:18:55 0:0:0:0:0:0:0:1 200 "GET /js/bundle/menu/menu.bundle.js.map HTTP/1.1" 3044028 (23 ms)
2020-06-10 13:18:55 0:0:0:0:0:0:0:1 404 "GET /favicon.ico HTTP/1.1" 1032 (9 ms)
2020-06-10 13:18:56 0:0:0:0:0:0:0:1 200 "GET /menu/write HTTP/1.1" 803 (6 ms)
2020-06-10 13:18:56 0:0:0:0:0:0:0:1 200 "GET /js/bundle/menu/menu.bundle.js HTTP/1.1" 2705625 (23 ms)
2020-06-10 13:18:56 0:0:0:0:0:0:0:1 200 "GET /js/bundle/menu/menu.bundle.js.map HTTP/1.1" 3044028 (22 ms)
2020-06-10 13:18:56 0:0:0:0:0:0:0:1 404 "GET /favicon.ico HTTP/1.1" 1032 (5 ms)
2020-06-10 13:18:57 0:0:0:0:0:0:0:1 200 "GET /menu/write HTTP/1.1" 803 (4 ms)
2020-06-10 13:18:57 0:0:0:0:0:0:0:1 200 "GET /js/bundle/menu/menu.bundle.js HTTP/1.1" 2705625 (27 ms)
2020-06-10 13:18:57 0:0:0:0:0:0:0:1 200 "GET /js/bundle/menu/menu.bundle.js.map HTTP/1.1" 3044028 (23 ms)
2020-06-10 13:18:57 0:0:0:0:0:0:0:1 404 "GET /favicon.ico HTTP/1.1" 1032 (5 ms)
2020-06-10 13:18:57 0:0:0:0:0:0:0:1 200 "GET /menu/write HTTP/1.1" 803 (10 ms)
2020-06-10 13:18:58 0:0:0:0:0:0:0:1 200 "GET /js/bundle/menu/menu.bundle.js HTTP/1.1" 2705625 (26 ms)
2020-06-10 13:18:58 0:0:0:0:0:0:0:1 200 "GET /js/bundle/menu/menu.bundle.js.map HTTP/1.1" 3044028 (20 ms)
2020-06-10 13:18:58 0:0:0:0:0:0:0:1 404 "GET /favicon.ico HTTP/1.1" 1032 (5 ms)
2020-06-10 13:18:58 0:0:0:0:0:0:0:1 200 "GET /menu/write HTTP/1.1" 803 (12 ms)
2020-06-10 13:18:58 0:0:0:0:0:0:0:1 200 "GET /js/bundle/menu/menu.bundle.js HTTP/1.1" 2705625 (31 ms)
2020-06-10 13:18:58 0:0:0:0:0:0:0:1 200 "GET /js/bundle/menu/menu.bundle.js.map HTTP/1.1" 3044028 (18 ms)
2020-06-10 13:18:58 0:0:0:0:0:0:0:1 404 "GET /favicon.ico HTTP/1.1" 1032 (3 ms)
2020-06-10 13:19:01 0:0:0:0:0:0:0:1 200 "GET /menu/write HTTP/1.1" 803 (9 ms)
2020-06-10 13:19:01 0:0:0:0:0:0:0:1 200 "GET /js/bundle/menu/menu.bundle.js HTTP/1.1" 2705625 (30 ms)
2020-06-10 13:19:01 0:0:0:0:0:0:0:1 200 "GET /js/bundle/menu/menu.bundle.js.map HTTP/1.1" 3044028 (20 ms)
2020-06-10 13:19:01 0:0:0:0:0:0:0:1 404 "GET /favicon.ico HTTP/1.1" 1032 (9 ms)
2020-06-10 13:21:34 0:0:0:0:0:0:0:1 200 "GET /menu/write HTTP/1.1" 803 (32 ms)
2020-06-10 13:21:34 0:0:0:0:0:0:0:1 200 "GET /js/bundle/menu/menu.bundle.js HTTP/1.1" 2705624 (75 ms)
2020-06-10 13:21:34 0:0:0:0:0:0:0:1 200 "GET /js/bundle/menu/menu.bundle.js.map HTTP/1.1" 3044027 (25 ms)
2020-06-10 13:21:35 0:0:0:0:0:0:0:1 404 "GET /favicon.ico HTTP/1.1" 1032 (12 ms)
2020-06-10 13:21:35 0:0:0:0:0:0:0:1 200 "GET /menu/write HTTP/1.1" 803 (4 ms)
2020-06-10 13:21:35 0:0:0:0:0:0:0:1 200 "GET /js/bundle/menu/menu.bundle.js HTTP/1.1" 2705624 (27 ms)
2020-06-10 13:21:36 0:0:0:0:0:0:0:1 200 "GET /js/bundle/menu/menu.bundle.js.map HTTP/1.1" 3044027 (21 ms)
2020-06-10 13:21:36 0:0:0:0:0:0:0:1 404 "GET /favicon.ico HTTP/1.1" 1032 (3 ms)
2020-06-10 13:21:45 0:0:0:0:0:0:0:1 200 "GET /menu/write HTTP/1.1" 803 (11 ms)
2020-06-10 13:21:45 0:0:0:0:0:0:0:1 200 "GET /js/bundle/menu/menu.bundle.js HTTP/1.1" 2705624 (35 ms)
2020-06-10 13:21:45 0:0:0:0:0:0:0:1 200 "GET /js/bundle/menu/menu.bundle.js.map HTTP/1.1" 3044027 (25 ms)
2020-06-10 13:21:45 0:0:0:0:0:0:0:1 404 "GET /favicon.ico HTTP/1.1" 1032 (9 ms)
2020-06-10 13:21:45 0:0:0:0:0:0:0:1 200 "GET /menu/write HTTP/1.1" 803 (2 ms)
2020-06-10 13:21:46 0:0:0:0:0:0:0:1 200 "GET /js/bundle/menu/menu.bundle.js HTTP/1.1" 2705625 (56 ms)
2020-06-10 13:21:46 0:0:0:0:0:0:0:1 200 "GET /js/bundle/menu/menu.bundle.js.map HTTP/1.1" 3044028 (25 ms)
2020-06-10 13:21:46 0:0:0:0:0:0:0:1 404 "GET /favicon.ico HTTP/1.1" 1032 (3 ms)
2020-06-10 13:22:17 0:0:0:0:0:0:0:1 200 "GET /menu/write HTTP/1.1" 803 (23 ms)
2020-06-10 13:22:17 0:0:0:0:0:0:0:1 200 "GET /js/bundle/menu/menu.bundle.js HTTP/1.1" 2705625 (40 ms)
2020-06-10 13:22:17 0:0:0:0:0:0:0:1 200 "GET /js/bundle/menu/menu.bundle.js.map HTTP/1.1" 3044028 (26 ms)
2020-06-10 13:22:17 0:0:0:0:0:0:0:1 404 "GET /favicon.ico HTTP/1.1" 1032 (18 ms)
2020-06-10 13:22:17 0:0:0:0:0:0:0:1 200 "GET /menu/write HTTP/1.1" 803 (7 ms)
2020-06-10 13:22:18 0:0:0:0:0:0:0:1 404 "GET /js/bundle/menu/menu.bundle.js HTTP/1.1" 991 (14 ms)
2020-06-10 13:22:18 0:0:0:0:0:0:0:1 404 "GET /favicon.ico HTTP/1.1" 1032 (5 ms)
2020-06-10 13:22:19 0:0:0:0:0:0:0:1 200 "GET /menu/write HTTP/1.1" 803 (8 ms)
2020-06-10 13:22:19 0:0:0:0:0:0:0:1 200 "GET /js/bundle/menu/menu.bundle.js HTTP/1.1" 2705625 (64 ms)
2020-06-10 13:22:19 0:0:0:0:0:0:0:1 200 "GET /js/bundle/menu/menu.bundle.js.map HTTP/1.1" 3044028 (24 ms)
2020-06-10 13:22:19 0:0:0:0:0:0:0:1 404 "GET /favicon.ico HTTP/1.1" 1032 (10 ms)
2020-06-10 13:22:21 0:0:0:0:0:0:0:1 200 "GET /menu/write HTTP/1.1" 803 (21 ms)
2020-06-10 13:22:21 0:0:0:0:0:0:0:1 200 "GET /js/bundle/menu/menu.bundle.js HTTP/1.1" 2705625 (29 ms)
2020-06-10 13:22:21 0:0:0:0:0:0:0:1 200 "GET /js/bundle/menu/menu.bundle.js.map HTTP/1.1" 3044028 (26 ms)
2020-06-10 13:22:21 0:0:0:0:0:0:0:1 404 "GET /favicon.ico HTTP/1.1" 1032 (15 ms)
2020-06-10 13:22:27 0:0:0:0:0:0:0:1 200 "GET /menu/write HTTP/1.1" 803 (11 ms)
2020-06-10 13:22:27 0:0:0:0:0:0:0:1 200 "GET /js/bundle/menu/menu.bundle.js HTTP/1.1" 2705625 (62 ms)
2020-06-10 13:22:27 0:0:0:0:0:0:0:1 200 "GET /js/bundle/menu/menu.bundle.js.map HTTP/1.1" 3044028 (25 ms)
2020-06-10 13:22:27 0:0:0:0:0:0:0:1 404 "GET /favicon.ico HTTP/1.1" 1032 (15 ms)
2020-06-10 13:22:28 0:0:0:0:0:0:0:1 200 "GET /menu/write HTTP/1.1" 803 (5 ms)
2020-06-10 13:22:28 0:0:0:0:0:0:0:1 200 "GET /js/bundle/menu/menu.bundle.js HTTP/1.1" 2705625 (51 ms)
2020-06-10 13:22:28 0:0:0:0:0:0:0:1 200 "GET /js/bundle/menu/menu.bundle.js.map HTTP/1.1" 3044028 (23 ms)
2020-06-10 13:22:28 0:0:0:0:0:0:0:1 404 "GET /favicon.ico HTTP/1.1" 1032 (5 ms)
2020-06-10 13:22:28 0:0:0:0:0:0:0:1 200 "GET /menu/write HTTP/1.1" 803 (10 ms)
2020-06-10 13:22:28 0:0:0:0:0:0:0:1 200 "GET /js/bundle/menu/menu.bundle.js HTTP/1.1" 2705625 (30 ms)
2020-06-10 13:22:29 0:0:0:0:0:0:0:1 200 "GET /js/bundle/menu/menu.bundle.js.map HTTP/1.1" 3044028 (23 ms)
2020-06-10 13:22:29 0:0:0:0:0:0:0:1 404 "GET /favicon.ico HTTP/1.1" 1032 (9 ms)
2020-06-10 13:22:29 0:0:0:0:0:0:0:1 200 "GET /menu/write HTTP/1.1" 803 (4 ms)
2020-06-10 13:22:29 0:0:0:0:0:0:0:1 200 "GET /js/bundle/menu/menu.bundle.js HTTP/1.1" 2705625 (33 ms)
2020-06-10 13:22:30 0:0:0:0:0:0:0:1 200 "GET /js/bundle/menu/menu.bundle.js.map HTTP/1.1" 3044028 (24 ms)
2020-06-10 13:22:30 0:0:0:0:0:0:0:1 404 "GET /favicon.ico HTTP/1.1" 1032 (9 ms)
2020-06-10 13:22:30 0:0:0:0:0:0:0:1 200 "GET /menu/write HTTP/1.1" 803 (4 ms)
2020-06-10 13:22:30 0:0:0:0:0:0:0:1 200 "GET /js/bundle/menu/menu.bundle.js HTTP/1.1" 2705625 (28 ms)
2020-06-10 13:22:30 0:0:0:0:0:0:0:1 200 "GET /js/bundle/menu/menu.bundle.js.map HTTP/1.1" 3044028 (23 ms)
2020-06-10 13:22:30 0:0:0:0:0:0:0:1 404 "GET /favicon.ico HTTP/1.1" 1032 (4 ms)
2020-06-10 13:22:31 0:0:0:0:0:0:0:1 200 "GET /menu/write HTTP/1.1" 803 (14 ms)
2020-06-10 13:22:31 0:0:0:0:0:0:0:1 200 "GET /js/bundle/menu/menu.bundle.js HTTP/1.1" 2705625 (27 ms)
2020-06-10 13:22:31 0:0:0:0:0:0:0:1 200 "GET /js/bundle/menu/menu.bundle.js.map HTTP/1.1" 3044028 (24 ms)
2020-06-10 13:22:31 0:0:0:0:0:0:0:1 404 "GET /favicon.ico HTTP/1.1" 1032 (10 ms)
2020-06-10 13:24:10 0:0:0:0:0:0:0:1 200 "GET /menu/write HTTP/1.1" 803 (32 ms)
2020-06-10 13:24:11 0:0:0:0:0:0:0:1 200 "GET /js/bundle/menu/menu.bundle.js HTTP/1.1" 2705629 (103 ms)
2020-06-10 13:24:11 0:0:0:0:0:0:0:1 200 "GET /js/bundle/menu/menu.bundle.js.map HTTP/1.1" 3044032 (34 ms)
2020-06-10 13:24:11 0:0:0:0:0:0:0:1 404 "GET /favicon.ico HTTP/1.1" 1032 (9 ms)
2020-06-10 13:24:17 0:0:0:0:0:0:0:1 200 "GET /menu/write HTTP/1.1" 803 (24 ms)
2020-06-10 13:24:17 0:0:0:0:0:0:0:1 200 "GET /js/bundle/menu/menu.bundle.js HTTP/1.1" 2705629 (26 ms)
2020-06-10 13:24:17 0:0:0:0:0:0:0:1 200 "GET /js/bundle/menu/menu.bundle.js.map HTTP/1.1" 3044032 (25 ms)
2020-06-10 13:24:18 0:0:0:0:0:0:0:1 404 "GET /favicon.ico HTTP/1.1" 1032 (7 ms)
2020-06-10 13:24:18 0:0:0:0:0:0:0:1 200 "GET /menu/write HTTP/1.1" 803 (9 ms)
2020-06-10 13:24:18 0:0:0:0:0:0:0:1 200 "GET /js/bundle/menu/menu.bundle.js HTTP/1.1" 2705629 (48 ms)
2020-06-10 13:24:18 0:0:0:0:0:0:0:1 200 "GET /js/bundle/menu/menu.bundle.js.map HTTP/1.1" 3044032 (21 ms)
2020-06-10 13:24:18 0:0:0:0:0:0:0:1 404 "GET /favicon.ico HTTP/1.1" 1032 (3 ms)
2020-06-10 13:24:19 0:0:0:0:0:0:0:1 200 "GET /menu/write HTTP/1.1" 803 (6 ms)
2020-06-10 13:24:19 0:0:0:0:0:0:0:1 200 "GET /js/bundle/menu/menu.bundle.js HTTP/1.1" 2705629 (25 ms)
2020-06-10 13:24:19 0:0:0:0:0:0:0:1 200 "GET /js/bundle/menu/menu.bundle.js.map HTTP/1.1" 3044032 (27 ms)
2020-06-10 13:24:19 0:0:0:0:0:0:0:1 404 "GET /favicon.ico HTTP/1.1" 1032 (6 ms)
2020-06-10 13:24:24 0:0:0:0:0:0:0:1 200 "GET /menu/write HTTP/1.1" 803 (11 ms)
2020-06-10 13:24:24 0:0:0:0:0:0:0:1 200 "GET /js/bundle/menu/menu.bundle.js HTTP/1.1" 2705629 (35 ms)
2020-06-10 13:24:24 0:0:0:0:0:0:0:1 200 "GET /js/bundle/menu/menu.bundle.js.map HTTP/1.1" 3044032 (22 ms)
2020-06-10 13:24:24 0:0:0:0:0:0:0:1 404 "GET /favicon.ico HTTP/1.1" 1032 (8 ms)
2020-06-10 13:24:25 0:0:0:0:0:0:0:1 200 "GET /menu/write HTTP/1.1" 803 (5 ms)
2020-06-10 13:24:25 0:0:0:0:0:0:0:1 200 "GET /js/bundle/menu/menu.bundle.js HTTP/1.1" 2705629 (28 ms)
2020-06-10 13:24:25 0:0:0:0:0:0:0:1 200 "GET /js/bundle/menu/menu.bundle.js.map HTTP/1.1" 3044032 (19 ms)
2020-06-10 13:24:25 0:0:0:0:0:0:0:1 404 "GET /favicon.ico HTTP/1.1" 1032 (5 ms)
2020-06-10 13:24:25 0:0:0:0:0:0:0:1 200 "GET /menu/write HTTP/1.1" 803 (9 ms)
2020-06-10 13:24:26 0:0:0:0:0:0:0:1 200 "GET /js/bundle/menu/menu.bundle.js HTTP/1.1" 2705629 (57 ms)
2020-06-10 13:24:26 0:0:0:0:0:0:0:1 200 "GET /js/bundle/menu/menu.bundle.js.map HTTP/1.1" 3044032 (20 ms)
2020-06-10 13:24:26 0:0:0:0:0:0:0:1 404 "GET /favicon.ico HTTP/1.1" 1032 (4 ms)
2020-06-10 13:34:08 0:0:0:0:0:0:0:1 200 "GET /menu/write HTTP/1.1" 803 (15 ms)
2020-06-10 13:34:08 0:0:0:0:0:0:0:1 200 "GET /js/bundle/menu/menu.bundle.js HTTP/1.1" 2706589 (91 ms)
2020-06-10 13:34:08 0:0:0:0:0:0:0:1 200 "GET /js/bundle/menu/menu.bundle.js.map HTTP/1.1" 3045553 (25 ms)
2020-06-10 13:34:08 0:0:0:0:0:0:0:1 404 "GET /favicon.ico HTTP/1.1" 1032 (13 ms)
2020-06-10 13:34:42 172.17.17.204 302 "GET / HTTP/1.1" - (29 ms)
2020-06-10 13:34:42 172.17.17.204 200 "GET /main/index HTTP/1.1" 936 (24 ms)
2020-06-10 13:34:42 172.17.17.204 404 "GET /HNAP1/ HTTP/1.1" 1032 (8 ms)
2020-06-10 13:42:08 0:0:0:0:0:0:0:1 200 "GET /menu/write HTTP/1.1" 803 (16 ms)
2020-06-10 13:42:09 0:0:0:0:0:0:0:1 200 "GET /js/bundle/menu/menu.bundle.js HTTP/1.1" 2706808 (80 ms)
2020-06-10 13:42:09 0:0:0:0:0:0:0:1 200 "GET /js/bundle/menu/menu.bundle.js.map HTTP/1.1" 3045682 (32 ms)
2020-06-10 13:42:09 0:0:0:0:0:0:0:1 404 "GET /favicon.ico HTTP/1.1" 1032 (14 ms)
2020-06-10 13:44:02 0:0:0:0:0:0:0:1 200 "GET /menu/write HTTP/1.1" 803 (24 ms)
2020-06-10 13:44:02 0:0:0:0:0:0:0:1 200 "GET /js/bundle/menu/menu.bundle.js HTTP/1.1" 2706962 (85 ms)
2020-06-10 13:44:03 0:0:0:0:0:0:0:1 200 "GET /js/bundle/menu/menu.bundle.js.map HTTP/1.1" 3046004 (26 ms)
2020-06-10 13:44:03 0:0:0:0:0:0:0:1 404 "GET /favicon.ico HTTP/1.1" 1032 (15 ms)
2020-06-10 13:44:04 0:0:0:0:0:0:0:1 200 "GET /menu/write HTTP/1.1" 803 (3 ms)
2020-06-10 13:44:04 0:0:0:0:0:0:0:1 200 "GET /js/bundle/menu/menu.bundle.js HTTP/1.1" 2706962 (29 ms)
2020-06-10 13:44:04 0:0:0:0:0:0:0:1 200 "GET /js/bundle/menu/menu.bundle.js.map HTTP/1.1" 3046004 (21 ms)
2020-06-10 13:44:04 0:0:0:0:0:0:0:1 404 "GET /favicon.ico HTTP/1.1" 1032 (7 ms)
2020-06-10 13:44:28 0:0:0:0:0:0:0:1 200 "GET /menu/write HTTP/1.1" 803 (8 ms)
2020-06-10 13:44:28 0:0:0:0:0:0:0:1 200 "GET /js/bundle/menu/menu.bundle.js HTTP/1.1" 1209213 (103 ms)
2020-06-10 13:44:28 0:0:0:0:0:0:0:1 200 "GET /js/bundle/menu/menu.bundle.js.map HTTP/1.1" 1375614 (29 ms)
2020-06-10 13:44:28 0:0:0:0:0:0:0:1 404 "GET /favicon.ico HTTP/1.1" 1032 (8 ms)
2020-06-10 13:44:29 0:0:0:0:0:0:0:1 200 "GET /menu/write HTTP/1.1" 803 (5 ms)
2020-06-10 13:44:29 0:0:0:0:0:0:0:1 200 "GET /js/bundle/menu/menu.bundle.js HTTP/1.1" 1209213 (14 ms)
2020-06-10 13:44:29 0:0:0:0:0:0:0:1 200 "GET /js/bundle/menu/menu.bundle.js.map HTTP/1.1" 1375614 (12 ms)
2020-06-10 13:44:30 0:0:0:0:0:0:0:1 404 "GET /favicon.ico HTTP/1.1" 1032 (6 ms)
2020-06-10 13:44:30 0:0:0:0:0:0:0:1 200 "GET /menu/write HTTP/1.1" 803 (6 ms)
2020-06-10 13:44:30 0:0:0:0:0:0:0:1 200 "GET /js/bundle/menu/menu.bundle.js HTTP/1.1" 2706935 (66 ms)
2020-06-10 13:44:30 0:0:0:0:0:0:0:1 200 "GET /js/bundle/menu/menu.bundle.js.map HTTP/1.1" 3045945 (27 ms)
2020-06-10 13:44:31 0:0:0:0:0:0:0:1 404 "GET /favicon.ico HTTP/1.1" 1032 (7 ms)
2020-06-10 13:45:34 0:0:0:0:0:0:0:1 200 "GET /menu/write HTTP/1.1" 803 (18 ms)
2020-06-10 13:45:34 0:0:0:0:0:0:0:1 200 "GET /js/bundle/menu/menu.bundle.js HTTP/1.1" 2706935 (53 ms)
2020-06-10 13:45:35 0:0:0:0:0:0:0:1 200 "GET /js/bundle/menu/menu.bundle.js.map HTTP/1.1" 3045945 (33 ms)
2020-06-10 13:45:35 0:0:0:0:0:0:0:1 404 "GET /favicon.ico HTTP/1.1" 1032 (13 ms)
2020-06-10 13:45:35 0:0:0:0:0:0:0:1 200 "GET /menu/write HTTP/1.1" 803 (3 ms)
2020-06-10 13:45:35 0:0:0:0:0:0:0:1 200 "GET /js/bundle/menu/menu.bundle.js HTTP/1.1" 2707068 (81 ms)
2020-06-10 13:45:35 0:0:0:0:0:0:0:1 200 "GET /js/bundle/menu/menu.bundle.js.map HTTP/1.1" 3046080 (28 ms)
2020-06-10 13:45:36 0:0:0:0:0:0:0:1 404 "GET /favicon.ico HTTP/1.1" 1032 (7 ms)
2020-06-10 13:46:53 0:0:0:0:0:0:0:1 200 "GET /menu/write HTTP/1.1" 803 (24 ms)
2020-06-10 13:46:53 0:0:0:0:0:0:0:1 200 "GET /js/bundle/menu/menu.bundle.js HTTP/1.1" 2707133 (92 ms)
2020-06-10 13:46:54 0:0:0:0:0:0:0:1 200 "GET /js/bundle/menu/menu.bundle.js.map HTTP/1.1" 3046225 (28 ms)
2020-06-10 13:46:54 0:0:0:0:0:0:0:1 404 "GET /favicon.ico HTTP/1.1" 1032 (12 ms)
2020-06-10 13:46:54 0:0:0:0:0:0:0:1 200 "GET /menu/write HTTP/1.1" 803 (5 ms)
2020-06-10 13:46:55 0:0:0:0:0:0:0:1 200 "GET /js/bundle/menu/menu.bundle.js HTTP/1.1" 2707169 (52 ms)
2020-06-10 13:46:55 0:0:0:0:0:0:0:1 200 "GET /js/bundle/menu/menu.bundle.js.map HTTP/1.1" 3046289 (20 ms)
2020-06-10 13:46:55 0:0:0:0:0:0:0:1 404 "GET /favicon.ico HTTP/1.1" 1032 (6 ms)
2020-06-10 14:02:22 0:0:0:0:0:0:0:1 200 "GET /menu/write HTTP/1.1" 803 (18 ms)
2020-06-10 14:02:22 0:0:0:0:0:0:0:1 200 "GET /js/bundle/menu/menu.bundle.js HTTP/1.1" 2707202 (56 ms)
2020-06-10 14:02:22 0:0:0:0:0:0:0:1 200 "GET /js/bundle/menu/menu.bundle.js.map HTTP/1.1" 3046368 (23 ms)
2020-06-10 14:02:22 0:0:0:0:0:0:0:1 404 "GET /favicon.ico HTTP/1.1" 1032 (9 ms)
2020-06-10 14:02:47 0:0:0:0:0:0:0:1 200 "GET /menu/write HTTP/1.1" 803 (26 ms)
2020-06-10 14:02:47 0:0:0:0:0:0:0:1 200 "GET /js/bundle/menu/menu.bundle.js HTTP/1.1" 2707203 (71 ms)
2020-06-10 14:02:47 0:0:0:0:0:0:0:1 200 "GET /js/bundle/menu/menu.bundle.js.map HTTP/1.1" 3046369 (25 ms)
2020-06-10 14:02:47 0:0:0:0:0:0:0:1 404 "GET /favicon.ico HTTP/1.1" 1032 (8 ms)
2020-06-10 14:02:48 0:0:0:0:0:0:0:1 200 "GET /menu/write HTTP/1.1" 803 (6 ms)
2020-06-10 14:02:48 0:0:0:0:0:0:0:1 200 "GET /js/bundle/menu/menu.bundle.js HTTP/1.1" 2707203 (20 ms)
2020-06-10 14:02:48 0:0:0:0:0:0:0:1 200 "GET /js/bundle/menu/menu.bundle.js.map HTTP/1.1" 3046369 (22 ms)
2020-06-10 14:02:48 0:0:0:0:0:0:0:1 404 "GET /favicon.ico HTTP/1.1" 1032 (5 ms)
2020-06-10 14:02:51 0:0:0:0:0:0:0:1 200 "GET /menu/write HTTP/1.1" 803 (10 ms)
2020-06-10 14:02:51 0:0:0:0:0:0:0:1 200 "GET /js/bundle/menu/menu.bundle.js HTTP/1.1" 2707203 (32 ms)
2020-06-10 14:02:51 0:0:0:0:0:0:0:1 200 "GET /js/bundle/menu/menu.bundle.js.map HTTP/1.1" 3046369 (26 ms)
2020-06-10 14:02:52 0:0:0:0:0:0:0:1 404 "GET /favicon.ico HTTP/1.1" 1032 (10 ms)
2020-06-10 14:02:52 0:0:0:0:0:0:0:1 200 "GET /menu/write HTTP/1.1" 803 (7 ms)
2020-06-10 14:02:52 0:0:0:0:0:0:0:1 200 "GET /js/bundle/menu/menu.bundle.js HTTP/1.1" 2707202 (44 ms)
2020-06-10 14:02:52 0:0:0:0:0:0:0:1 200 "GET /js/bundle/menu/menu.bundle.js.map HTTP/1.1" 3046368 (25 ms)
2020-06-10 14:02:52 0:0:0:0:0:0:0:1 404 "GET /favicon.ico HTTP/1.1" 1032 (5 ms)
2020-06-10 14:05:00 0:0:0:0:0:0:0:1 200 "GET /menu/write HTTP/1.1" 803 (20 ms)
2020-06-10 14:05:00 0:0:0:0:0:0:0:1 200 "GET /js/bundle/menu/menu.bundle.js HTTP/1.1" 2707169 (75 ms)
2020-06-10 14:05:00 0:0:0:0:0:0:0:1 200 "GET /js/bundle/menu/menu.bundle.js.map HTTP/1.1" 3046309 (22 ms)
2020-06-10 14:05:00 0:0:0:0:0:0:0:1 404 "GET /favicon.ico HTTP/1.1" 1032 (11 ms)
2020-06-10 14:11:28 0:0:0:0:0:0:0:1 200 "GET /menu/write HTTP/1.1" 803 (17 ms)
2020-06-10 14:11:28 0:0:0:0:0:0:0:1 200 "GET /js/bundle/menu/menu.bundle.js HTTP/1.1" 2708089 (124 ms)
2020-06-10 14:11:28 0:0:0:0:0:0:0:1 200 "GET /js/bundle/menu/menu.bundle.js.map HTTP/1.1" 3047403 (23 ms)
2020-06-10 14:11:28 0:0:0:0:0:0:0:1 404 "GET /favicon.ico HTTP/1.1" 1032 (8 ms)
2020-06-10 14:11:30 0:0:0:0:0:0:0:1 200 "GET /menu/write HTTP/1.1" 803 (5 ms)
2020-06-10 14:11:30 0:0:0:0:0:0:0:1 200 "GET /js/bundle/menu/menu.bundle.js HTTP/1.1" 2708089 (36 ms)
2020-06-10 14:11:30 0:0:0:0:0:0:0:1 200 "GET /js/bundle/menu/menu.bundle.js.map HTTP/1.1" 3047403 (20 ms)
2020-06-10 14:11:30 0:0:0:0:0:0:0:1 404 "GET /favicon.ico HTTP/1.1" 1032 (5 ms)
2020-06-10 14:11:31 0:0:0:0:0:0:0:1 200 "GET /menu/write HTTP/1.1" 803 (4 ms)
2020-06-10 14:11:31 0:0:0:0:0:0:0:1 200 "GET /js/bundle/menu/menu.bundle.js HTTP/1.1" 2708089 (26 ms)
2020-06-10 14:11:31 0:0:0:0:0:0:0:1 200 "GET /js/bundle/menu/menu.bundle.js.map HTTP/1.1" 3047403 (19 ms)
2020-06-10 14:11:31 0:0:0:0:0:0:0:1 404 "GET /favicon.ico HTTP/1.1" 1032 (6 ms)
2020-06-10 14:15:15 0:0:0:0:0:0:0:1 200 "GET /menu/write HTTP/1.1" 803 (28 ms)
2020-06-10 14:15:16 0:0:0:0:0:0:0:1 200 "GET /js/bundle/menu/menu.bundle.js HTTP/1.1" 2708048 (78 ms)
2020-06-10 14:15:16 0:0:0:0:0:0:0:1 200 "GET /js/bundle/menu/menu.bundle.js.map HTTP/1.1" 3047354 (23 ms)
2020-06-10 14:15:16 0:0:0:0:0:0:0:1 404 "GET /favicon.ico HTTP/1.1" 1032 (9 ms)
2020-06-10 14:15:17 0:0:0:0:0:0:0:1 200 "GET /menu/write HTTP/1.1" 803 (4 ms)
2020-06-10 14:15:17 0:0:0:0:0:0:0:1 200 "GET /js/bundle/menu/menu.bundle.js HTTP/1.1" 2708048 (25 ms)
2020-06-10 14:15:17 0:0:0:0:0:0:0:1 200 "GET /js/bundle/menu/menu.bundle.js.map HTTP/1.1" 3047354 (24 ms)
2020-06-10 14:15:17 0:0:0:0:0:0:0:1 404 "GET /favicon.ico HTTP/1.1" 1032 (4 ms)
2020-06-10 14:17:41 0:0:0:0:0:0:0:1 200 "GET /menu/write HTTP/1.1" 803 (27 ms)
2020-06-10 14:17:41 0:0:0:0:0:0:0:1 200 "GET /js/bundle/menu/menu.bundle.js HTTP/1.1" 2707144 (77 ms)
2020-06-10 14:17:42 0:0:0:0:0:0:0:1 200 "GET /js/bundle/menu/menu.bundle.js.map HTTP/1.1" 3046226 (31 ms)
2020-06-10 14:17:42 0:0:0:0:0:0:0:1 404 "GET /favicon.ico HTTP/1.1" 1032 (7 ms)
2020-06-10 14:17:42 0:0:0:0:0:0:0:1 200 "GET /menu/write HTTP/1.1" 803 (10 ms)
2020-06-10 14:17:42 0:0:0:0:0:0:0:1 200 "GET /js/bundle/menu/menu.bundle.js HTTP/1.1" 2707144 (35 ms)
2020-06-10 14:17:43 0:0:0:0:0:0:0:1 200 "GET /js/bundle/menu/menu.bundle.js.map HTTP/1.1" 3046226 (25 ms)
2020-06-10 14:17:43 0:0:0:0:0:0:0:1 404 "GET /favicon.ico HTTP/1.1" 1032 (3 ms)
2020-06-10 14:17:44 0:0:0:0:0:0:0:1 200 "GET /menu/write HTTP/1.1" 803 (6 ms)
2020-06-10 14:17:44 0:0:0:0:0:0:0:1 200 "GET /js/bundle/menu/menu.bundle.js HTTP/1.1" 2707144 (22 ms)
2020-06-10 14:17:44 0:0:0:0:0:0:0:1 200 "GET /js/bundle/menu/menu.bundle.js.map HTTP/1.1" 3046226 (23 ms)
2020-06-10 14:17:44 0:0:0:0:0:0:0:1 404 "GET /favicon.ico HTTP/1.1" 1032 (4 ms)
2020-06-10 14:26:24 0:0:0:0:0:0:0:1 200 "GET /menu/write HTTP/1.1" 803 (38 ms)
2020-06-10 14:26:24 0:0:0:0:0:0:0:1 200 "GET /js/bundle/menu/menu.bundle.js HTTP/1.1" 2707144 (34 ms)
2020-06-10 14:26:24 0:0:0:0:0:0:0:1 200 "GET /js/bundle/menu/menu.bundle.js.map HTTP/1.1" 3046226 (25 ms)
2020-06-10 14:26:24 0:0:0:0:0:0:0:1 404 "GET /favicon.ico HTTP/1.1" 1032 (11 ms)
2020-06-10 14:26:25 0:0:0:0:0:0:0:1 200 "GET /menu/write HTTP/1.1" 803 (5 ms)
2020-06-10 14:26:25 0:0:0:0:0:0:0:1 200 "GET /js/bundle/menu/menu.bundle.js HTTP/1.1" 2707144 (37 ms)
2020-06-10 14:26:26 0:0:0:0:0:0:0:1 200 "GET /js/bundle/menu/menu.bundle.js.map HTTP/1.1" 3046226 (28 ms)
2020-06-10 14:26:26 0:0:0:0:0:0:0:1 404 "GET /favicon.ico HTTP/1.1" 1032 (2 ms)
2020-06-10 14:26:40 0:0:0:0:0:0:0:1 200 "GET /menu/write HTTP/1.1" 803 (18 ms)
2020-06-10 14:26:40 0:0:0:0:0:0:0:1 200 "GET /js/bundle/menu/menu.bundle.js HTTP/1.1" 2707169 (44 ms)
2020-06-10 14:26:40 0:0:0:0:0:0:0:1 200 "GET /js/bundle/menu/menu.bundle.js.map HTTP/1.1" 3046309 (22 ms)
2020-06-10 14:26:41 0:0:0:0:0:0:0:1 404 "GET /favicon.ico HTTP/1.1" 1032 (10 ms)
2020-06-10 14:26:49 0:0:0:0:0:0:0:1 200 "GET /menu/write HTTP/1.1" 803 (7 ms)
2020-06-10 14:26:49 0:0:0:0:0:0:0:1 200 "GET /js/bundle/menu/menu.bundle.js HTTP/1.1" 2707169 (30 ms)
2020-06-10 14:26:49 0:0:0:0:0:0:0:1 200 "GET /js/bundle/menu/menu.bundle.js.map HTTP/1.1" 3046309 (20 ms)
2020-06-10 14:26:49 0:0:0:0:0:0:0:1 404 "GET /favicon.ico HTTP/1.1" 1032 (6 ms)
2020-06-10 14:29:30 0:0:0:0:0:0:0:1 200 "GET /menu/write HTTP/1.1" 803 (27 ms)
2020-06-10 14:29:30 0:0:0:0:0:0:0:1 200 "GET /js/bundle/menu/menu.bundle.js HTTP/1.1" 2707202 (76 ms)
2020-06-10 14:29:30 0:0:0:0:0:0:0:1 200 "GET /js/bundle/menu/menu.bundle.js.map HTTP/1.1" 3046368 (25 ms)
2020-06-10 14:29:30 0:0:0:0:0:0:0:1 404 "GET /favicon.ico HTTP/1.1" 1032 (13 ms)
2020-06-10 14:29:53 0:0:0:0:0:0:0:1 200 "GET /menu/write HTTP/1.1" 803 (11 ms)
2020-06-10 14:29:53 0:0:0:0:0:0:0:1 200 "GET /js/bundle/menu/menu.bundle.js HTTP/1.1" 2707202 (36 ms)
2020-06-10 14:29:53 0:0:0:0:0:0:0:1 200 "GET /js/bundle/menu/menu.bundle.js.map HTTP/1.1" 3046368 (25 ms)
2020-06-10 14:29:53 0:0:0:0:0:0:0:1 404 "GET /favicon.ico HTTP/1.1" 1032 (10 ms)
2020-06-10 14:29:54 0:0:0:0:0:0:0:1 200 "GET /menu/write HTTP/1.1" 803 (9 ms)
2020-06-10 14:29:54 0:0:0:0:0:0:0:1 200 "GET /js/bundle/menu/menu.bundle.js HTTP/1.1" 2707169 (56 ms)
2020-06-10 14:29:54 0:0:0:0:0:0:0:1 200 "GET /js/bundle/menu/menu.bundle.js.map HTTP/1.1" 3046308 (25 ms)
2020-06-10 14:29:54 0:0:0:0:0:0:0:1 404 "GET /favicon.ico HTTP/1.1" 1032 (4 ms)
2020-06-10 14:59:32 0:0:0:0:0:0:0:1 302 "GET / HTTP/1.1" - (2 ms)
2020-06-10 14:59:32 0:0:0:0:0:0:0:1 200 "GET /main/index HTTP/1.1" 936 (17 ms)
2020-06-10 14:59:32 0:0:0:0:0:0:0:1 200 "GET /js/bundle/main/main.bundle.js HTTP/1.1" 968364 (8 ms)
2020-06-10 14:59:32 0:0:0:0:0:0:0:1 302 "GET / HTTP/1.1" - (1 ms)
2020-06-10 14:59:32 0:0:0:0:0:0:0:1 200 "GET /main/index HTTP/1.1" 936 (5 ms)
2020-06-10 14:59:33 0:0:0:0:0:0:0:1 200 "GET /js/bundle/main/main.bundle.js HTTP/1.1" 968364 (15 ms)
2020-06-10 14:59:37 0:0:0:0:0:0:0:1 500 "GET /menu/index HTTP/1.1" 1044 (16 ms)
2020-06-10 14:59:41 0:0:0:0:0:0:0:1 200 "GET /menu/write HTTP/1.1" 803 (12 ms)
2020-06-10 14:59:41 0:0:0:0:0:0:0:1 200 "GET /js/bundle/menu/menu.bundle.js HTTP/1.1" 2707169 (27 ms)
2020-06-10 14:59:46 0:0:0:0:0:0:0:1 200 "GET /js/bundle/menu/menu.bundle.js.map HTTP/1.1" 3046308 (28 ms)
2020-06-10 15:02:08 0:0:0:0:0:0:0:1 200 "GET /menu/write HTTP/1.1" 803 (13 ms)
2020-06-10 15:02:09 0:0:0:0:0:0:0:1 200 "GET /js/bundle/menu/menu.bundle.js HTTP/1.1" 2707286 (75 ms)
2020-06-10 15:02:09 0:0:0:0:0:0:0:1 200 "GET /js/bundle/menu/menu.bundle.js.map HTTP/1.1" 3046454 (26 ms)
2020-06-10 15:02:09 0:0:0:0:0:0:0:1 404 "GET /favicon.ico HTTP/1.1" 1032 (7 ms)
2020-06-10 15:02:24 0:0:0:0:0:0:0:1 200 "GET /menu/write HTTP/1.1" 803 (25 ms)
2020-06-10 15:02:24 0:0:0:0:0:0:0:1 200 "GET /js/bundle/menu/menu.bundle.js HTTP/1.1" 2707286 (27 ms)
2020-06-10 15:02:24 0:0:0:0:0:0:0:1 200 "GET /js/bundle/menu/menu.bundle.js.map HTTP/1.1" 3046454 (26 ms)
2020-06-10 15:02:24 0:0:0:0:0:0:0:1 404 "GET /favicon.ico HTTP/1.1" 1032 (10 ms)
2020-06-10 15:02:39 0:0:0:0:0:0:0:1 200 "GET /menu/write HTTP/1.1" 803 (17 ms)
2020-06-10 15:02:39 0:0:0:0:0:0:0:1 200 "GET /js/bundle/menu/menu.bundle.js HTTP/1.1" 2707286 (34 ms)
2020-06-10 15:02:39 0:0:0:0:0:0:0:1 200 "GET /js/bundle/menu/menu.bundle.js.map HTTP/1.1" 3046454 (29 ms)
2020-06-10 15:02:39 0:0:0:0:0:0:0:1 404 "GET /favicon.ico HTTP/1.1" 1032 (10 ms)
2020-06-10 15:02:55 0:0:0:0:0:0:0:1 200 "GET /menu/write HTTP/1.1" 803 (13 ms)
2020-06-10 15:02:55 0:0:0:0:0:0:0:1 200 "GET /js/bundle/menu/menu.bundle.js HTTP/1.1" 2707169 (75 ms)
2020-06-10 15:02:55 0:0:0:0:0:0:0:1 200 "GET /js/bundle/menu/menu.bundle.js.map HTTP/1.1" 3046326 (26 ms)
2020-06-10 15:02:55 0:0:0:0:0:0:0:1 404 "GET /favicon.ico HTTP/1.1" 1032 (9 ms)
2020-06-10 15:03:06 0:0:0:0:0:0:0:1 200 "GET /menu/write HTTP/1.1" 803 (15 ms)
2020-06-10 15:03:06 0:0:0:0:0:0:0:1 200 "GET /js/bundle/menu/menu.bundle.js HTTP/1.1" 2707169 (36 ms)
2020-06-10 15:03:07 0:0:0:0:0:0:0:1 200 "GET /js/bundle/menu/menu.bundle.js.map HTTP/1.1" 3046326 (28 ms)
2020-06-10 15:03:07 0:0:0:0:0:0:0:1 404 "GET /favicon.ico HTTP/1.1" 1032 (9 ms)
2020-06-10 15:16:32 0:0:0:0:0:0:0:1 200 "GET /menu/write HTTP/1.1" 803 (22 ms)
2020-06-10 15:16:32 0:0:0:0:0:0:0:1 200 "GET /js/bundle/menu/menu.bundle.js HTTP/1.1" 2709549 (89 ms)
2020-06-10 15:16:32 0:0:0:0:0:0:0:1 200 "GET /js/bundle/menu/menu.bundle.js.map HTTP/1.1" 3048583 (34 ms)
2020-06-10 15:16:33 0:0:0:0:0:0:0:1 404 "GET /favicon.ico HTTP/1.1" 1032 (9 ms)
2020-06-10 15:21:48 0:0:0:0:0:0:0:1 200 "GET /menu/write HTTP/1.1" 803 (43 ms)
2020-06-10 15:21:49 0:0:0:0:0:0:0:1 200 "GET /js/bundle/menu/menu.bundle.js HTTP/1.1" 1209354 (95 ms)
2020-06-10 15:21:49 0:0:0:0:0:0:0:1 200 "GET /js/bundle/menu/menu.bundle.js.map HTTP/1.1" 1375614 (19 ms)
2020-06-10 15:21:49 0:0:0:0:0:0:0:1 404 "GET /favicon.ico HTTP/1.1" 1032 (9 ms)
2020-06-10 15:21:50 0:0:0:0:0:0:0:1 200 "GET /menu/write HTTP/1.1" 803 (4 ms)
2020-06-10 15:21:50 0:0:0:0:0:0:0:1 200 "GET /js/bundle/menu/menu.bundle.js HTTP/1.1" 1209354 (16 ms)
2020-06-10 15:21:50 0:0:0:0:0:0:0:1 200 "GET /js/bundle/menu/menu.bundle.js.map HTTP/1.1" 1375614 (13 ms)
2020-06-10 15:21:50 0:0:0:0:0:0:0:1 404 "GET /favicon.ico HTTP/1.1" 1032 (5 ms)
2020-06-10 15:22:00 0:0:0:0:0:0:0:1 200 "GET /menu/write HTTP/1.1" 803 (12 ms)
2020-06-10 15:22:00 0:0:0:0:0:0:0:1 200 "GET /js/bundle/menu/menu.bundle.js HTTP/1.1" 1209354 (15 ms)
2020-06-10 15:22:00 0:0:0:0:0:0:0:1 200 "GET /js/bundle/menu/menu.bundle.js.map HTTP/1.1" 1375614 (14 ms)
2020-06-10 15:22:00 0:0:0:0:0:0:0:1 404 "GET /favicon.ico HTTP/1.1" 1032 (9 ms)
2020-06-10 15:22:59 0:0:0:0:0:0:0:1 200 "GET /menu/write HTTP/1.1" 803 (32 ms)
2020-06-10 15:22:59 0:0:0:0:0:0:0:1 200 "GET /js/bundle/menu/menu.bundle.js HTTP/1.1" 1209354 (21 ms)
2020-06-10 15:23:00 0:0:0:0:0:0:0:1 404 "GET /favicon.ico HTTP/1.1" 1032 (13 ms)
2020-06-10 15:23:00 0:0:0:0:0:0:0:1 200 "GET /js/bundle/menu/menu.bundle.js.map HTTP/1.1" 1375614 (25 ms)
2020-06-10 15:23:00 0:0:0:0:0:0:0:1 200 "GET /menu/write HTTP/1.1" 803 (5 ms)
2020-06-10 15:23:00 0:0:0:0:0:0:0:1 200 "GET /js/bundle/menu/menu.bundle.js HTTP/1.1" 1209354 (50 ms)
2020-06-10 15:23:00 0:0:0:0:0:0:0:1 200 "GET /js/bundle/menu/menu.bundle.js.map HTTP/1.1" 1375614 (14 ms)
2020-06-10 15:23:00 0:0:0:0:0:0:0:1 404 "GET /favicon.ico HTTP/1.1" 1032 (4 ms)
2020-06-10 15:23:02 0:0:0:0:0:0:0:1 200 "GET /menu/write HTTP/1.1" 803 (4 ms)
2020-06-10 15:23:02 0:0:0:0:0:0:0:1 200 "GET /js/bundle/menu/menu.bundle.js HTTP/1.1" 1209354 (25 ms)
2020-06-10 15:23:03 0:0:0:0:0:0:0:1 200 "GET /js/bundle/menu/menu.bundle.js.map HTTP/1.1" 1375614 (13 ms)
2020-06-10 15:23:03 0:0:0:0:0:0:0:1 404 "GET /favicon.ico HTTP/1.1" 1032 (5 ms)
2020-06-10 15:23:43 0:0:0:0:0:0:0:1 200 "GET /menu/write HTTP/1.1" 803 (30 ms)
2020-06-10 15:23:43 0:0:0:0:0:0:0:1 200 "GET /js/bundle/menu/menu.bundle.js HTTP/1.1" 2707769 (95 ms)
2020-06-10 15:23:43 0:0:0:0:0:0:0:1 200 "GET /js/bundle/menu/menu.bundle.js.map HTTP/1.1" 3047456 (22 ms)
2020-06-10 15:23:43 0:0:0:0:0:0:0:1 404 "GET /favicon.ico HTTP/1.1" 1032 (12 ms)
2020-06-10 15:24:03 0:0:0:0:0:0:0:1 200 "GET /menu/write HTTP/1.1" 803 (11 ms)
2020-06-10 15:24:03 0:0:0:0:0:0:0:1 200 "GET /js/bundle/menu/menu.bundle.js HTTP/1.1" 2707769 (34 ms)
2020-06-10 15:24:03 0:0:0:0:0:0:0:1 200 "GET /js/bundle/menu/menu.bundle.js.map HTTP/1.1" 3047456 (22 ms)
2020-06-10 15:24:03 0:0:0:0:0:0:0:1 404 "GET /favicon.ico HTTP/1.1" 1032 (10 ms)
2020-06-10 15:24:04 0:0:0:0:0:0:0:1 200 "GET /menu/write HTTP/1.1" 803 (6 ms)
2020-06-10 15:24:04 0:0:0:0:0:0:0:1 200 "GET /js/bundle/menu/menu.bundle.js HTTP/1.1" 2707794 (56 ms)
2020-06-10 15:24:04 0:0:0:0:0:0:0:1 200 "GET /js/bundle/menu/menu.bundle.js.map HTTP/1.1" 3047530 (24 ms)
2020-06-10 15:24:04 0:0:0:0:0:0:0:1 404 "GET /favicon.ico HTTP/1.1" 1032 (4 ms)
2020-06-10 15:24:33 0:0:0:0:0:0:0:1 200 "GET /menu/write HTTP/1.1" 803 (13 ms)
2020-06-10 15:24:33 0:0:0:0:0:0:0:1 200 "GET /js/bundle/menu/menu.bundle.js HTTP/1.1" 2707794 (40 ms)
2020-06-10 15:24:34 0:0:0:0:0:0:0:1 200 "GET /js/bundle/menu/menu.bundle.js.map HTTP/1.1" 3047530 (22 ms)
2020-06-10 15:24:34 0:0:0:0:0:0:0:1 404 "GET /favicon.ico HTTP/1.1" 1032 (12 ms)
2020-06-10 15:24:34 0:0:0:0:0:0:0:1 200 "GET /menu/write HTTP/1.1" 803 (3 ms)
2020-06-10 15:24:34 0:0:0:0:0:0:0:1 200 "GET /js/bundle/menu/menu.bundle.js HTTP/1.1" 2707813 (61 ms)
2020-06-10 15:24:34 0:0:0:0:0:0:0:1 200 "GET /js/bundle/menu/menu.bundle.js.map HTTP/1.1" 3047573 (25 ms)
2020-06-10 15:24:34 0:0:0:0:0:0:0:1 404 "GET /favicon.ico HTTP/1.1" 1032 (5 ms)
2020-06-10 15:26:10 0:0:0:0:0:0:0:1 200 "GET /menu/write HTTP/1.1" 803 (25 ms)
2020-06-10 15:26:10 0:0:0:0:0:0:0:1 200 "GET /js/bundle/menu/menu.bundle.js HTTP/1.1" 2707905 (74 ms)
2020-06-10 15:26:10 0:0:0:0:0:0:0:1 200 "GET /js/bundle/menu/menu.bundle.js.map HTTP/1.1" 3047800 (28 ms)
2020-06-10 15:26:10 0:0:0:0:0:0:0:1 404 "GET /favicon.ico HTTP/1.1" 1032 (9 ms)
2020-06-10 15:26:13 0:0:0:0:0:0:0:1 200 "GET /menu/write HTTP/1.1" 803 (10 ms)
2020-06-10 15:26:13 0:0:0:0:0:0:0:1 200 "GET /js/bundle/menu/menu.bundle.js HTTP/1.1" 2707905 (33 ms)
2020-06-10 15:26:13 0:0:0:0:0:0:0:1 200 "GET /js/bundle/menu/menu.bundle.js.map HTTP/1.1" 3047800 (28 ms)
2020-06-10 15:26:13 0:0:0:0:0:0:0:1 404 "GET /favicon.ico HTTP/1.1" 1032 (6 ms)
2020-06-10 15:29:56 0:0:0:0:0:0:0:1 200 "GET /menu/write HTTP/1.1" 803 (14 ms)
2020-06-10 15:29:56 0:0:0:0:0:0:0:1 200 "GET /js/bundle/menu/menu.bundle.js HTTP/1.1" 2707952 (88 ms)
2020-06-10 15:29:56 0:0:0:0:0:0:0:1 200 "GET /js/bundle/menu/menu.bundle.js.map HTTP/1.1" 3047862 (22 ms)
2020-06-10 15:29:56 0:0:0:0:0:0:0:1 404 "GET /favicon.ico HTTP/1.1" 1032 (11 ms)
2020-06-10 15:29:57 0:0:0:0:0:0:0:1 200 "GET /menu/write HTTP/1.1" 803 (6 ms)
2020-06-10 15:29:57 0:0:0:0:0:0:0:1 200 "GET /js/bundle/menu/menu.bundle.js HTTP/1.1" 2707952 (30 ms)
2020-06-10 15:29:57 0:0:0:0:0:0:0:1 200 "GET /js/bundle/menu/menu.bundle.js.map HTTP/1.1" 3047862 (23 ms)
2020-06-10 15:29:57 0:0:0:0:0:0:0:1 404 "GET /favicon.ico HTTP/1.1" 1032 (6 ms)
2020-06-10 15:30:30 0:0:0:0:0:0:0:1 200 "GET /menu/write HTTP/1.1" 803 (16 ms)
2020-06-10 15:30:30 0:0:0:0:0:0:0:1 200 "GET /js/bundle/menu/menu.bundle.js HTTP/1.1" 2707467 (82 ms)
2020-06-10 15:30:30 0:0:0:0:0:0:0:1 200 "GET /js/bundle/menu/menu.bundle.js.map HTTP/1.1" 3046950 (28 ms)
2020-06-10 15:30:30 0:0:0:0:0:0:0:1 404 "GET /favicon.ico HTTP/1.1" 1032 (12 ms)
2020-06-10 15:33:04 0:0:0:0:0:0:0:1 200 "GET /menu/write HTTP/1.1" 803 (37 ms)
2020-06-10 15:33:04 0:0:0:0:0:0:0:1 200 "GET /js/bundle/menu/menu.bundle.js HTTP/1.1" 2707841 (99 ms)
2020-06-10 15:33:04 0:0:0:0:0:0:0:1 200 "GET /js/bundle/menu/menu.bundle.js.map HTTP/1.1" 3047624 (33 ms)
2020-06-10 15:33:04 0:0:0:0:0:0:0:1 404 "GET /favicon.ico HTTP/1.1" 1032 (16 ms)
2020-06-10 15:33:05 0:0:0:0:0:0:0:1 200 "GET /menu/write HTTP/1.1" 803 (8 ms)
2020-06-10 15:33:05 0:0:0:0:0:0:0:1 200 "GET /js/bundle/menu/menu.bundle.js HTTP/1.1" 2707841 (39 ms)
2020-06-10 15:33:05 0:0:0:0:0:0:0:1 200 "GET /js/bundle/menu/menu.bundle.js.map HTTP/1.1" 3047624 (27 ms)
2020-06-10 15:33:06 0:0:0:0:0:0:0:1 404 "GET /favicon.ico HTTP/1.1" 1032 (7 ms)
2020-06-10 15:33:09 0:0:0:0:0:0:0:1 200 "GET /menu/write HTTP/1.1" 803 (18 ms)
2020-06-10 15:33:09 0:0:0:0:0:0:0:1 200 "GET /js/bundle/menu/menu.bundle.js HTTP/1.1" 2707841 (28 ms)
2020-06-10 15:33:09 0:0:0:0:0:0:0:1 200 "GET /js/bundle/menu/menu.bundle.js.map HTTP/1.1" 3047624 (24 ms)
2020-06-10 15:33:09 0:0:0:0:0:0:0:1 404 "GET /favicon.ico HTTP/1.1" 1032 (9 ms)
2020-06-10 15:33:56 0:0:0:0:0:0:0:1 200 "GET /menu/write HTTP/1.1" 803 (22 ms)
2020-06-10 15:33:57 0:0:0:0:0:0:0:1 200 "GET /js/bundle/menu/menu.bundle.js HTTP/1.1" 2707818 (87 ms)
2020-06-10 15:33:57 0:0:0:0:0:0:0:1 200 "GET /js/bundle/menu/menu.bundle.js.map HTTP/1.1" 3047307 (27 ms)
2020-06-10 15:33:57 0:0:0:0:0:0:0:1 404 "GET /favicon.ico HTTP/1.1" 1032 (11 ms)
2020-06-10 15:33:57 0:0:0:0:0:0:0:1 200 "GET /menu/write HTTP/1.1" 803 (3 ms)
2020-06-10 15:33:57 0:0:0:0:0:0:0:1 200 "GET /js/bundle/menu/menu.bundle.js HTTP/1.1" 2707855 (55 ms)
2020-06-10 15:33:58 0:0:0:0:0:0:0:1 200 "GET /js/bundle/menu/menu.bundle.js.map HTTP/1.1" 3047424 (25 ms)
2020-06-10 15:33:58 0:0:0:0:0:0:0:1 404 "GET /favicon.ico HTTP/1.1" 1032 (4 ms)
2020-06-10 15:34:12 0:0:0:0:0:0:0:1 200 "GET /menu/write HTTP/1.1" 803 (18 ms)
2020-06-10 15:34:12 0:0:0:0:0:0:0:1 200 "GET /js/bundle/menu/menu.bundle.js HTTP/1.1" 2707847 (55 ms)
2020-06-10 15:34:12 0:0:0:0:0:0:0:1 200 "GET /js/bundle/menu/menu.bundle.js.map HTTP/1.1" 3047393 (25 ms)
2020-06-10 15:34:12 0:0:0:0:0:0:0:1 404 "GET /favicon.ico HTTP/1.1" 1032 (9 ms)
2020-06-10 15:34:13 0:0:0:0:0:0:0:1 200 "GET /menu/write HTTP/1.1" 803 (6 ms)
2020-06-10 15:34:13 0:0:0:0:0:0:0:1 200 "GET /js/bundle/menu/menu.bundle.js HTTP/1.1" 2707847 (31 ms)
2020-06-10 15:34:13 0:0:0:0:0:0:0:1 200 "GET /js/bundle/menu/menu.bundle.js.map HTTP/1.1" 3047393 (21 ms)
2020-06-10 15:34:13 0:0:0:0:0:0:0:1 404 "GET /favicon.ico HTTP/1.1" 1032 (6 ms)
2020-06-10 15:35:32 0:0:0:0:0:0:0:1 200 "GET /menu/write HTTP/1.1" 803 (14 ms)
2020-06-10 15:35:33 0:0:0:0:0:0:0:1 200 "GET /js/bundle/menu/menu.bundle.js HTTP/1.1" 2707964 (92 ms)
2020-06-10 15:35:33 0:0:0:0:0:0:0:1 200 "GET /js/bundle/menu/menu.bundle.js.map HTTP/1.1" 3047533 (38 ms)
2020-06-10 15:35:33 0:0:0:0:0:0:0:1 404 "GET /favicon.ico HTTP/1.1" 1032 (11 ms)
2020-06-10 15:36:36 0:0:0:0:0:0:0:1 200 "GET /menu/write HTTP/1.1" 803 (21 ms)
2020-06-10 15:36:36 0:0:0:0:0:0:0:1 200 "GET /js/bundle/menu/menu.bundle.js HTTP/1.1" 2707964 (65 ms)
2020-06-10 15:36:36 0:0:0:0:0:0:0:1 200 "GET /js/bundle/menu/menu.bundle.js.map HTTP/1.1" 3047533 (31 ms)
2020-06-10 15:36:36 0:0:0:0:0:0:0:1 404 "GET /favicon.ico HTTP/1.1" 1032 (13 ms)
2020-06-10 15:36:37 0:0:0:0:0:0:0:1 200 "GET /menu/write HTTP/1.1" 803 (3 ms)
2020-06-10 15:36:37 0:0:0:0:0:0:0:1 200 "GET /js/bundle/menu/menu.bundle.js HTTP/1.1" 2707847 (66 ms)
2020-06-10 15:36:37 0:0:0:0:0:0:0:1 200 "GET /js/bundle/menu/menu.bundle.js.map HTTP/1.1" 3047415 (33 ms)
2020-06-10 15:36:37 0:0:0:0:0:0:0:1 404 "GET /favicon.ico HTTP/1.1" 1032 (8 ms)
2020-06-10 15:36:38 0:0:0:0:0:0:0:1 200 "GET /menu/write HTTP/1.1" 803 (4 ms)
2020-06-10 15:36:38 0:0:0:0:0:0:0:1 200 "GET /js/bundle/menu/menu.bundle.js HTTP/1.1" 2707847 (41 ms)
2020-06-10 15:36:38 0:0:0:0:0:0:0:1 200 "GET /js/bundle/menu/menu.bundle.js.map HTTP/1.1" 3047415 (25 ms)
2020-06-10 15:36:38 0:0:0:0:0:0:0:1 404 "GET /favicon.ico HTTP/1.1" 1032 (6 ms)
2020-06-10 15:38:41 0:0:0:0:0:0:0:1 200 "GET /menu/write HTTP/1.1" 803 (28 ms)
2020-06-10 15:38:41 0:0:0:0:0:0:0:1 200 "GET /js/bundle/menu/menu.bundle.js HTTP/1.1" 2707605 (108 ms)
2020-06-10 15:38:41 0:0:0:0:0:0:0:1 200 "GET /js/bundle/menu/menu.bundle.js.map HTTP/1.1" 3046896 (36 ms)
2020-06-10 15:38:42 0:0:0:0:0:0:0:1 404 "GET /favicon.ico HTTP/1.1" 1032 (7 ms)
2020-06-10 15:38:52 0:0:0:0:0:0:0:1 200 "GET /menu/write HTTP/1.1" 803 (8 ms)
2020-06-10 15:38:52 0:0:0:0:0:0:0:1 200 "GET /js/bundle/menu/menu.bundle.js HTTP/1.1" 2707579 (60 ms)
2020-06-10 15:38:52 0:0:0:0:0:0:0:1 200 "GET /js/bundle/menu/menu.bundle.js.map HTTP/1.1" 3046828 (33 ms)
2020-06-10 15:38:52 0:0:0:0:0:0:0:1 404 "GET /favicon.ico HTTP/1.1" 1032 (6 ms)
2020-06-10 15:45:00 0:0:0:0:0:0:0:1 200 "GET /menu/write HTTP/1.1" 803 (42 ms)
2020-06-10 15:45:00 0:0:0:0:0:0:0:1 200 "GET /js/bundle/menu/menu.bundle.js HTTP/1.1" 2707974 (80 ms)
2020-06-10 15:45:00 0:0:0:0:0:0:0:1 200 "GET /js/bundle/menu/menu.bundle.js.map HTTP/1.1" 3047558 (22 ms)
2020-06-10 15:45:00 0:0:0:0:0:0:0:1 404 "GET /favicon.ico HTTP/1.1" 1032 (12 ms)
2020-06-10 15:48:27 0:0:0:0:0:0:0:1 302 "GET / HTTP/1.1" - (2 ms)
2020-06-10 15:48:27 0:0:0:0:0:0:0:1 200 "GET /main/index HTTP/1.1" 936 (13 ms)
2020-06-10 15:48:27 0:0:0:0:0:0:0:1 200 "GET /js/bundle/main/main.bundle.js HTTP/1.1" 968364 (13 ms)
2020-06-10 15:48:27 0:0:0:0:0:0:0:1 302 "GET / HTTP/1.1" - (1 ms)
2020-06-10 15:48:27 0:0:0:0:0:0:0:1 200 "GET /main/index HTTP/1.1" 936 (6 ms)
2020-06-10 15:48:27 0:0:0:0:0:0:0:1 200 "GET /js/bundle/main/main.bundle.js HTTP/1.1" 968364 (18 ms)
2020-06-10 15:48:34 0:0:0:0:0:0:0:1 200 "GET /menu/write HTTP/1.1" 803 (9 ms)
2020-06-10 15:48:35 0:0:0:0:0:0:0:1 200 "GET /js/bundle/menu/menu.bundle.js HTTP/1.1" 2708016 (46 ms)
2020-06-10 15:48:38 0:0:0:0:0:0:0:1 200 "GET /js/bundle/menu/menu.bundle.js.map HTTP/1.1" 3047628 (30 ms)
2020-06-10 15:50:28 0:0:0:0:0:0:0:1 200 "GET /menu/write HTTP/1.1" 803 (25 ms)
2020-06-10 15:50:28 0:0:0:0:0:0:0:1 200 "GET /js/bundle/menu/menu.bundle.js HTTP/1.1" 2708021 (88 ms)
2020-06-10 15:50:28 0:0:0:0:0:0:0:1 200 "GET /js/bundle/menu/menu.bundle.js.map HTTP/1.1" 3047614 (29 ms)
2020-06-10 15:50:28 0:0:0:0:0:0:0:1 404 "GET /favicon.ico HTTP/1.1" 1032 (7 ms)
2020-06-10 15:50:30 0:0:0:0:0:0:0:1 200 "GET /menu/write HTTP/1.1" 803 (12 ms)
2020-06-10 15:50:30 0:0:0:0:0:0:0:1 200 "GET /js/bundle/menu/menu.bundle.js HTTP/1.1" 2708021 (37 ms)
2020-06-10 15:50:30 0:0:0:0:0:0:0:1 200 "GET /js/bundle/menu/menu.bundle.js.map HTTP/1.1" 3047614 (21 ms)
2020-06-10 15:50:30 0:0:0:0:0:0:0:1 404 "GET /favicon.ico HTTP/1.1" 1032 (7 ms)
2020-06-10 15:50:49 0:0:0:0:0:0:0:1 200 "GET /menu/write HTTP/1.1" 803 (21 ms)
2020-06-10 15:50:49 0:0:0:0:0:0:0:1 200 "GET /js/bundle/menu/menu.bundle.js HTTP/1.1" 2708016 (66 ms)
2020-06-10 15:50:49 0:0:0:0:0:0:0:1 200 "GET /js/bundle/menu/menu.bundle.js.map HTTP/1.1" 3047609 (25 ms)
2020-06-10 15:50:49 0:0:0:0:0:0:0:1 404 "GET /favicon.ico HTTP/1.1" 1032 (9 ms)
2020-06-10 15:55:30 0:0:0:0:0:0:0:1 200 "GET /menu/write HTTP/1.1" 803 (32 ms)
2020-06-10 15:55:30 0:0:0:0:0:0:0:1 200 "GET /js/bundle/menu/menu.bundle.js HTTP/1.1" 2708004 (89 ms)
2020-06-10 15:55:30 0:0:0:0:0:0:0:1 200 "GET /js/bundle/menu/menu.bundle.js.map HTTP/1.1" 3047815 (29 ms)
2020-06-10 15:55:30 0:0:0:0:0:0:0:1 404 "GET /favicon.ico HTTP/1.1" 1032 (9 ms)
2020-06-10 15:55:36 0:0:0:0:0:0:0:1 200 "GET /menu/write HTTP/1.1" 803 (20 ms)
2020-06-10 15:55:36 0:0:0:0:0:0:0:1 200 "GET /js/bundle/menu/menu.bundle.js HTTP/1.1" 2708004 (39 ms)
2020-06-10 15:55:36 0:0:0:0:0:0:0:1 200 "GET /js/bundle/menu/menu.bundle.js.map HTTP/1.1" 3047815 (30 ms)
2020-06-10 15:55:37 0:0:0:0:0:0:0:1 404 "GET /favicon.ico HTTP/1.1" 1032 (10 ms)
