2020-06-02 12:08:38 0:0:0:0:0:0:0:1 302 "GET / HTTP/1.1" - (118 ms)
2020-06-02 12:08:39 0:0:0:0:0:0:0:1 200 "GET /main/index HTTP/1.1" 936 (231 ms)
2020-06-02 12:08:39 0:0:0:0:0:0:0:1 200 "GET /js/bundle/main/main.bundle.js HTTP/1.1" 968364 (86 ms)
2020-06-02 12:08:39 0:0:0:0:0:0:0:1 404 "GET /favicon.ico HTTP/1.1" 1032 (37 ms)
2020-06-02 12:09:49 0:0:0:0:0:0:0:1 200 "GET /main/index HTTP/1.1" 936 (47 ms)
2020-06-02 12:09:49 0:0:0:0:0:0:0:1 200 "GET /js/bundle/main/main.bundle.js HTTP/1.1" 968364 (30 ms)
2020-06-02 12:09:49 0:0:0:0:0:0:0:1 404 "GET /favicon.ico HTTP/1.1" 1032 (24 ms)
2020-06-02 12:09:49 0:0:0:0:0:0:0:1 200 "GET /member/signup HTTP/1.1" 911 (12 ms)
2020-06-02 12:09:49 0:0:0:0:0:0:0:1 200 "GET /js/bundle/member/member.bundle.js HTTP/1.1" 1741690 (52 ms)
2020-06-02 12:09:52 0:0:0:0:0:0:0:1 200 "GET /js/bundle/member/member.bundle.js.map HTTP/1.1" 2047636 (75 ms)
2020-06-02 12:11:25 0:0:0:0:0:0:0:1 200 "GET /member/signup HTTP/1.1" 911 (44 ms)
2020-06-02 12:11:26 0:0:0:0:0:0:0:1 200 "GET /js/bundle/member/member.bundle.js HTTP/1.1" 1741747 (54 ms)
2020-06-02 12:11:26 0:0:0:0:0:0:0:1 200 "GET /js/bundle/member/member.bundle.js.map HTTP/1.1" 2047748 (27 ms)
2020-06-02 12:11:26 0:0:0:0:0:0:0:1 404 "GET /favicon.ico HTTP/1.1" 1032 (17 ms)
2020-06-02 12:11:27 0:0:0:0:0:0:0:1 200 "GET /member/signup HTTP/1.1" 911 (7 ms)
2020-06-02 12:11:27 0:0:0:0:0:0:0:1 200 "GET /js/bundle/member/member.bundle.js HTTP/1.1" 1741747 (22 ms)
2020-06-02 12:11:27 0:0:0:0:0:0:0:1 200 "GET /js/bundle/member/member.bundle.js.map HTTP/1.1" 2047748 (24 ms)
2020-06-02 12:11:27 0:0:0:0:0:0:0:1 404 "GET /favicon.ico HTTP/1.1" 1032 (9 ms)
2020-06-02 12:11:28 0:0:0:0:0:0:0:1 200 "GET /member/signup HTTP/1.1" 911 (7 ms)
2020-06-02 12:11:28 0:0:0:0:0:0:0:1 200 "GET /js/bundle/member/member.bundle.js HTTP/1.1" 1741747 (28 ms)
2020-06-02 12:11:28 0:0:0:0:0:0:0:1 200 "GET /js/bundle/member/member.bundle.js.map HTTP/1.1" 2047748 (29 ms)
2020-06-02 12:11:28 0:0:0:0:0:0:0:1 404 "GET /favicon.ico HTTP/1.1" 1032 (7 ms)
2020-06-02 12:12:24 0:0:0:0:0:0:0:1 200 "GET /member/signup HTTP/1.1" 911 (25 ms)
2020-06-02 12:12:24 0:0:0:0:0:0:0:1 200 "GET /js/bundle/member/member.bundle.js HTTP/1.1" 1741732 (87 ms)
2020-06-02 12:12:24 0:0:0:0:0:0:0:1 200 "GET /js/bundle/member/member.bundle.js.map HTTP/1.1" 2047749 (28 ms)
2020-06-02 12:12:24 0:0:0:0:0:0:0:1 404 "GET /favicon.ico HTTP/1.1" 1032 (16 ms)
2020-06-02 12:13:48 0:0:0:0:0:0:0:1 200 "GET /member/signup HTTP/1.1" 911 (39 ms)
2020-06-02 12:13:48 0:0:0:0:0:0:0:1 200 "GET /js/bundle/member/member.bundle.js HTTP/1.1" 1741821 (72 ms)
2020-06-02 12:13:48 0:0:0:0:0:0:0:1 200 "GET /js/bundle/member/member.bundle.js.map HTTP/1.1" 2047775 (38 ms)
2020-06-02 12:13:48 0:0:0:0:0:0:0:1 404 "GET /favicon.ico HTTP/1.1" 1032 (13 ms)
2020-06-02 12:13:49 0:0:0:0:0:0:0:1 200 "GET /member/signup HTTP/1.1" 911 (19 ms)
2020-06-02 12:13:49 0:0:0:0:0:0:0:1 200 "GET /js/bundle/member/member.bundle.js HTTP/1.1" 1741821 (25 ms)
2020-06-02 12:13:49 0:0:0:0:0:0:0:1 200 "GET /js/bundle/member/member.bundle.js.map HTTP/1.1" 2047775 (19 ms)
2020-06-02 12:13:50 0:0:0:0:0:0:0:1 404 "GET /favicon.ico HTTP/1.1" 1032 (7 ms)
2020-06-02 12:15:08 0:0:0:0:0:0:0:1 200 "GET /member/signup HTTP/1.1" 911 (39 ms)
2020-06-02 12:15:08 0:0:0:0:0:0:0:1 200 "GET /js/bundle/member/member.bundle.js HTTP/1.1" 1741764 (70 ms)
2020-06-02 12:15:08 0:0:0:0:0:0:0:1 200 "GET /js/bundle/member/member.bundle.js.map HTTP/1.1" 2047677 (21 ms)
2020-06-02 12:15:08 0:0:0:0:0:0:0:1 404 "GET /favicon.ico HTTP/1.1" 1032 (12 ms)
2020-06-02 12:15:09 0:0:0:0:0:0:0:1 200 "GET /member/signup HTTP/1.1" 911 (20 ms)
2020-06-02 12:15:09 0:0:0:0:0:0:0:1 200 "GET /js/bundle/member/member.bundle.js HTTP/1.1" 1741764 (22 ms)
2020-06-02 12:15:09 0:0:0:0:0:0:0:1 200 "GET /js/bundle/member/member.bundle.js.map HTTP/1.1" 2047677 (21 ms)
2020-06-02 12:15:09 0:0:0:0:0:0:0:1 404 "GET /favicon.ico HTTP/1.1" 1032 (9 ms)
2020-06-02 12:15:10 0:0:0:0:0:0:0:1 200 "GET /member/signup HTTP/1.1" 911 (7 ms)
2020-06-02 12:15:10 0:0:0:0:0:0:0:1 200 "GET /js/bundle/member/member.bundle.js HTTP/1.1" 1741764 (28 ms)
2020-06-02 12:15:10 0:0:0:0:0:0:0:1 200 "GET /js/bundle/member/member.bundle.js.map HTTP/1.1" 2047677 (18 ms)
2020-06-02 12:15:10 0:0:0:0:0:0:0:1 404 "GET /favicon.ico HTTP/1.1" 1032 (8 ms)
2020-06-02 12:15:51 0:0:0:0:0:0:0:1 200 "GET /member/signup HTTP/1.1" 911 (43 ms)
2020-06-02 12:15:51 0:0:0:0:0:0:0:1 200 "GET /js/bundle/member/member.bundle.js HTTP/1.1" 1741759 (73 ms)
2020-06-02 12:15:51 0:0:0:0:0:0:0:1 200 "GET /js/bundle/member/member.bundle.js.map HTTP/1.1" 2047665 (25 ms)
2020-06-02 12:15:51 0:0:0:0:0:0:0:1 404 "GET /favicon.ico HTTP/1.1" 1032 (14 ms)
2020-06-02 12:15:52 0:0:0:0:0:0:0:1 200 "GET /member/signup HTTP/1.1" 911 (4 ms)
2020-06-02 12:15:52 0:0:0:0:0:0:0:1 200 "GET /js/bundle/member/member.bundle.js HTTP/1.1" 1741759 (35 ms)
2020-06-02 12:15:52 0:0:0:0:0:0:0:1 200 "GET /js/bundle/member/member.bundle.js.map HTTP/1.1" 2047665 (21 ms)
2020-06-02 12:15:53 0:0:0:0:0:0:0:1 404 "GET /favicon.ico HTTP/1.1" 1032 (5 ms)
2020-06-02 12:15:53 0:0:0:0:0:0:0:1 200 "GET /member/signup HTTP/1.1" 911 (6 ms)
2020-06-02 12:15:53 0:0:0:0:0:0:0:1 200 "GET /js/bundle/member/member.bundle.js HTTP/1.1" 1741759 (30 ms)
2020-06-02 12:15:54 0:0:0:0:0:0:0:1 200 "GET /js/bundle/member/member.bundle.js.map HTTP/1.1" 2047665 (19 ms)
2020-06-02 12:15:54 0:0:0:0:0:0:0:1 404 "GET /favicon.ico HTTP/1.1" 1032 (9 ms)
2020-06-02 12:16:06 0:0:0:0:0:0:0:1 200 "GET /member/signup HTTP/1.1" 911 (18 ms)
2020-06-02 12:16:06 0:0:0:0:0:0:0:1 200 "GET /js/bundle/member/member.bundle.js HTTP/1.1" 1741764 (54 ms)
2020-06-02 12:16:07 0:0:0:0:0:0:0:1 200 "GET /js/bundle/member/member.bundle.js.map HTTP/1.1" 2047677 (23 ms)
2020-06-02 12:16:07 0:0:0:0:0:0:0:1 404 "GET /favicon.ico HTTP/1.1" 1032 (13 ms)
2020-06-02 12:16:07 0:0:0:0:0:0:0:1 200 "GET /member/signup HTTP/1.1" 911 (6 ms)
2020-06-02 12:16:07 0:0:0:0:0:0:0:1 200 "GET /js/bundle/member/member.bundle.js HTTP/1.1" 1741764 (23 ms)
2020-06-02 12:16:07 0:0:0:0:0:0:0:1 200 "GET /js/bundle/member/member.bundle.js.map HTTP/1.1" 2047677 (21 ms)
2020-06-02 12:16:07 0:0:0:0:0:0:0:1 404 "GET /favicon.ico HTTP/1.1" 1032 (7 ms)
2020-06-02 12:17:03 0:0:0:0:0:0:0:1 200 "GET /member/signup HTTP/1.1" 911 (40 ms)
2020-06-02 12:17:03 0:0:0:0:0:0:0:1 200 "GET /js/bundle/member/member.bundle.js HTTP/1.1" 1741800 (64 ms)
2020-06-02 12:17:03 0:0:0:0:0:0:0:1 200 "GET /js/bundle/member/member.bundle.js.map HTTP/1.1" 2047734 (19 ms)
2020-06-02 12:17:03 0:0:0:0:0:0:0:1 404 "GET /favicon.ico HTTP/1.1" 1032 (10 ms)
2020-06-02 12:17:03 0:0:0:0:0:0:0:1 200 "GET /member/signup HTTP/1.1" 911 (8 ms)
2020-06-02 12:17:03 0:0:0:0:0:0:0:1 200 "GET /js/bundle/member/member.bundle.js HTTP/1.1" 1741800 (18 ms)
2020-06-02 12:17:04 0:0:0:0:0:0:0:1 200 "GET /js/bundle/member/member.bundle.js.map HTTP/1.1" 2047734 (19 ms)
2020-06-02 12:17:04 0:0:0:0:0:0:0:1 404 "GET /favicon.ico HTTP/1.1" 1032 (8 ms)
2020-06-02 12:17:06 0:0:0:0:0:0:0:1 200 "GET /member/signup HTTP/1.1" 911 (10 ms)
2020-06-02 12:17:06 0:0:0:0:0:0:0:1 200 "GET /js/bundle/member/member.bundle.js HTTP/1.1" 1741800 (18 ms)
2020-06-02 12:17:06 0:0:0:0:0:0:0:1 200 "GET /js/bundle/member/member.bundle.js.map HTTP/1.1" 2047734 (17 ms)
2020-06-02 12:17:06 0:0:0:0:0:0:0:1 404 "GET /favicon.ico HTTP/1.1" 1032 (9 ms)
2020-06-02 12:18:00 0:0:0:0:0:0:0:1 200 "GET /member/signup HTTP/1.1" 911 (29 ms)
2020-06-02 12:18:00 0:0:0:0:0:0:0:1 200 "GET /js/bundle/member/member.bundle.js HTTP/1.1" 1741795 (97 ms)
2020-06-02 12:18:00 0:0:0:0:0:0:0:1 200 "GET /js/bundle/member/member.bundle.js.map HTTP/1.1" 2047728 (21 ms)
2020-06-02 12:18:00 0:0:0:0:0:0:0:1 404 "GET /favicon.ico HTTP/1.1" 1032 (13 ms)
2020-06-02 12:18:01 0:0:0:0:0:0:0:1 200 "GET /member/signup HTTP/1.1" 911 (7 ms)
2020-06-02 12:18:01 0:0:0:0:0:0:0:1 200 "GET /js/bundle/member/member.bundle.js HTTP/1.1" 1741795 (29 ms)
2020-06-02 12:18:01 0:0:0:0:0:0:0:1 200 "GET /member/signup HTTP/1.1" 911 (7 ms)
2020-06-02 12:18:01 0:0:0:0:0:0:0:1 200 "GET /js/bundle/member/member.bundle.js.map HTTP/1.1" 2047728 (22 ms)
2020-06-02 12:18:01 0:0:0:0:0:0:0:1 200 "GET /js/bundle/member/member.bundle.js HTTP/1.1" 1741795 (17 ms)
2020-06-02 12:18:01 0:0:0:0:0:0:0:1 404 "GET /favicon.ico HTTP/1.1" 1032 (9 ms)
2020-06-02 12:18:02 0:0:0:0:0:0:0:1 200 "GET /js/bundle/member/member.bundle.js.map HTTP/1.1" 2047728 (25 ms)
2020-06-02 12:18:41 0:0:0:0:0:0:0:1 200 "GET /member/signup HTTP/1.1" 911 (26 ms)
2020-06-02 12:18:41 0:0:0:0:0:0:0:1 200 "GET /js/bundle/member/member.bundle.js HTTP/1.1" 1741811 (99 ms)
2020-06-02 12:18:41 0:0:0:0:0:0:0:1 200 "GET /js/bundle/member/member.bundle.js.map HTTP/1.1" 2047766 (22 ms)
2020-06-02 12:18:42 0:0:0:0:0:0:0:1 404 "GET /favicon.ico HTTP/1.1" 1032 (12 ms)
2020-06-02 12:18:43 0:0:0:0:0:0:0:1 200 "GET /member/signup HTTP/1.1" 911 (7 ms)
2020-06-02 12:18:43 0:0:0:0:0:0:0:1 200 "GET /js/bundle/member/member.bundle.js HTTP/1.1" 1741811 (18 ms)
2020-06-02 12:18:43 0:0:0:0:0:0:0:1 200 "GET /js/bundle/member/member.bundle.js.map HTTP/1.1" 2047766 (19 ms)
2020-06-02 12:18:43 0:0:0:0:0:0:0:1 404 "GET /favicon.ico HTTP/1.1" 1032 (6 ms)
2020-06-02 12:18:43 0:0:0:0:0:0:0:1 200 "GET /member/signup HTTP/1.1" 911 (6 ms)
2020-06-02 12:18:43 0:0:0:0:0:0:0:1 200 "GET /js/bundle/member/member.bundle.js HTTP/1.1" 1741811 (16 ms)
2020-06-02 12:18:43 0:0:0:0:0:0:0:1 200 "GET /js/bundle/member/member.bundle.js.map HTTP/1.1" 2047766 (19 ms)
2020-06-02 12:18:44 0:0:0:0:0:0:0:1 404 "GET /favicon.ico HTTP/1.1" 1032 (5 ms)
2020-06-02 12:23:16 0:0:0:0:0:0:0:1 200 "GET /member/signup HTTP/1.1" 911 (30 ms)
2020-06-02 12:23:16 0:0:0:0:0:0:0:1 200 "GET /js/bundle/member/member.bundle.js HTTP/1.1" 1741833 (83 ms)
2020-06-02 12:23:16 0:0:0:0:0:0:0:1 200 "GET /js/bundle/member/member.bundle.js.map HTTP/1.1" 2047772 (25 ms)
2020-06-02 12:23:16 0:0:0:0:0:0:0:1 404 "GET /favicon.ico HTTP/1.1" 1032 (12 ms)
2020-06-02 12:23:17 0:0:0:0:0:0:0:1 200 "GET /member/signup HTTP/1.1" 911 (4 ms)
2020-06-02 12:23:17 0:0:0:0:0:0:0:1 200 "GET /js/bundle/member/member.bundle.js HTTP/1.1" 1741833 (24 ms)
2020-06-02 12:23:17 0:0:0:0:0:0:0:1 200 "GET /js/bundle/member/member.bundle.js.map HTTP/1.1" 2047772 (21 ms)
2020-06-02 12:23:17 0:0:0:0:0:0:0:1 404 "GET /favicon.ico HTTP/1.1" 1032 (4 ms)
2020-06-02 12:23:18 0:0:0:0:0:0:0:1 200 "GET /member/signup HTTP/1.1" 911 (11 ms)
2020-06-02 12:23:18 0:0:0:0:0:0:0:1 200 "GET /js/bundle/member/member.bundle.js HTTP/1.1" 1741833 (17 ms)
2020-06-02 12:23:18 0:0:0:0:0:0:0:1 200 "GET /js/bundle/member/member.bundle.js.map HTTP/1.1" 2047772 (20 ms)
2020-06-02 12:23:18 0:0:0:0:0:0:0:1 404 "GET /favicon.ico HTTP/1.1" 1032 (8 ms)
2020-06-02 12:25:35 0:0:0:0:0:0:0:1 200 "GET /member/signup HTTP/1.1" 911 (21 ms)
2020-06-02 12:25:35 0:0:0:0:0:0:0:1 200 "GET /js/bundle/member/member.bundle.js HTTP/1.1" 1741789 (53 ms)
2020-06-02 12:25:35 0:0:0:0:0:0:0:1 200 "GET /js/bundle/member/member.bundle.js.map HTTP/1.1" 2047679 (26 ms)
2020-06-02 12:25:36 0:0:0:0:0:0:0:1 404 "GET /favicon.ico HTTP/1.1" 1032 (13 ms)
2020-06-02 12:39:44 0:0:0:0:0:0:0:1 200 "GET /member/signup HTTP/1.1" 911 (30 ms)
2020-06-02 12:39:44 0:0:0:0:0:0:0:1 200 "GET /js/bundle/member/member.bundle.js HTTP/1.1" 1741789 (26 ms)
2020-06-02 12:39:44 0:0:0:0:0:0:0:1 200 "GET /js/bundle/member/member.bundle.js.map HTTP/1.1" 2047679 (29 ms)
2020-06-02 12:39:44 0:0:0:0:0:0:0:1 404 "GET /favicon.ico HTTP/1.1" 1032 (10 ms)
2020-06-02 12:40:52 0:0:0:0:0:0:0:1 200 "GET /member/signup HTTP/1.1" 911 (37 ms)
2020-06-02 12:40:52 0:0:0:0:0:0:0:1 200 "GET /js/bundle/member/member.bundle.js HTTP/1.1" 1741818 (74 ms)
2020-06-02 12:40:52 0:0:0:0:0:0:0:1 200 "GET /js/bundle/member/member.bundle.js.map HTTP/1.1" 2047714 (22 ms)
2020-06-02 12:40:52 0:0:0:0:0:0:0:1 404 "GET /favicon.ico HTTP/1.1" 1032 (13 ms)
2020-06-02 12:40:53 0:0:0:0:0:0:0:1 200 "GET /member/signup HTTP/1.1" 911 (8 ms)
2020-06-02 12:40:53 0:0:0:0:0:0:0:1 200 "GET /js/bundle/member/member.bundle.js HTTP/1.1" 1741818 (21 ms)
2020-06-02 12:40:53 0:0:0:0:0:0:0:1 200 "GET /js/bundle/member/member.bundle.js.map HTTP/1.1" 2047714 (20 ms)
2020-06-02 12:40:53 0:0:0:0:0:0:0:1 404 "GET /favicon.ico HTTP/1.1" 1032 (8 ms)
2020-06-02 12:41:19 0:0:0:0:0:0:0:1 200 "GET /member/signup HTTP/1.1" 911 (29 ms)
2020-06-02 12:41:19 0:0:0:0:0:0:0:1 200 "GET /js/bundle/member/member.bundle.js HTTP/1.1" 1741849 (73 ms)
2020-06-02 12:41:19 0:0:0:0:0:0:0:1 200 "GET /js/bundle/member/member.bundle.js.map HTTP/1.1" 2047755 (19 ms)
2020-06-02 12:41:19 0:0:0:0:0:0:0:1 404 "GET /favicon.ico HTTP/1.1" 1032 (8 ms)
2020-06-02 12:41:21 0:0:0:0:0:0:0:1 200 "GET /member/signup HTTP/1.1" 911 (6 ms)
2020-06-02 12:41:21 0:0:0:0:0:0:0:1 200 "GET /js/bundle/member/member.bundle.js HTTP/1.1" 1741849 (18 ms)
2020-06-02 12:41:21 0:0:0:0:0:0:0:1 200 "GET /js/bundle/member/member.bundle.js.map HTTP/1.1" 2047755 (19 ms)
2020-06-02 12:41:21 0:0:0:0:0:0:0:1 404 "GET /favicon.ico HTTP/1.1" 1032 (8 ms)
2020-06-02 12:41:29 0:0:0:0:0:0:0:1 200 "GET /member/signup HTTP/1.1" 911 (37 ms)
2020-06-02 12:41:29 0:0:0:0:0:0:0:1 200 "GET /js/bundle/member/member.bundle.js HTTP/1.1" 1741849 (17 ms)
2020-06-02 12:41:29 0:0:0:0:0:0:0:1 200 "GET /js/bundle/member/member.bundle.js.map HTTP/1.1" 2047755 (19 ms)
2020-06-02 12:41:30 0:0:0:0:0:0:0:1 404 "GET /favicon.ico HTTP/1.1" 1032 (12 ms)
2020-06-02 12:42:58 0:0:0:0:0:0:0:1 200 "GET /member/signup HTTP/1.1" 911 (48 ms)
2020-06-02 12:42:58 0:0:0:0:0:0:0:1 200 "GET /js/bundle/member/member.bundle.js HTTP/1.1" 1741840 (70 ms)
2020-06-02 12:42:58 0:0:0:0:0:0:0:1 200 "GET /js/bundle/member/member.bundle.js.map HTTP/1.1" 2047648 (20 ms)
2020-06-02 12:42:58 0:0:0:0:0:0:0:1 404 "GET /favicon.ico HTTP/1.1" 1032 (13 ms)
2020-06-02 12:43:02 0:0:0:0:0:0:0:1 200 "GET /member/signup HTTP/1.1" 911 (13 ms)
2020-06-02 12:43:02 0:0:0:0:0:0:0:1 200 "GET /js/bundle/member/member.bundle.js HTTP/1.1" 1741840 (20 ms)
2020-06-02 12:43:02 0:0:0:0:0:0:0:1 200 "GET /js/bundle/member/member.bundle.js.map HTTP/1.1" 2047648 (17 ms)
2020-06-02 12:43:02 0:0:0:0:0:0:0:1 404 "GET /favicon.ico HTTP/1.1" 1032 (9 ms)
2020-06-02 12:43:11 0:0:0:0:0:0:0:1 200 "GET /member/signup HTTP/1.1" 911 (37 ms)
2020-06-02 12:43:11 0:0:0:0:0:0:0:1 200 "GET /js/bundle/member/member.bundle.js HTTP/1.1" 1741840 (27 ms)
2020-06-02 12:43:11 0:0:0:0:0:0:0:1 200 "GET /js/bundle/member/member.bundle.js.map HTTP/1.1" 2047648 (20 ms)
2020-06-02 12:43:11 0:0:0:0:0:0:0:1 404 "GET /favicon.ico HTTP/1.1" 1032 (7 ms)
2020-06-02 12:43:13 0:0:0:0:0:0:0:1 200 "GET /member/signup HTTP/1.1" 911 (7 ms)
2020-06-02 12:43:14 0:0:0:0:0:0:0:1 200 "GET /js/bundle/member/member.bundle.js HTTP/1.1" 1741876 (59 ms)
2020-06-02 12:43:14 0:0:0:0:0:0:0:1 200 "GET /js/bundle/member/member.bundle.js.map HTTP/1.1" 2047678 (24 ms)
2020-06-02 12:43:14 0:0:0:0:0:0:0:1 404 "GET /favicon.ico HTTP/1.1" 1032 (9 ms)
2020-06-02 12:43:30 0:0:0:0:0:0:0:1 200 "GET /member/signup HTTP/1.1" 911 (23 ms)
2020-06-02 12:43:30 0:0:0:0:0:0:0:1 200 "GET /js/bundle/member/member.bundle.js HTTP/1.1" 1741876 (77 ms)
2020-06-02 12:43:31 0:0:0:0:0:0:0:1 200 "GET /js/bundle/member/member.bundle.js.map HTTP/1.1" 2047678 (21 ms)
2020-06-02 12:43:31 0:0:0:0:0:0:0:1 404 "GET /favicon.ico HTTP/1.1" 1032 (8 ms)
2020-06-02 12:43:31 0:0:0:0:0:0:0:1 200 "GET /member/signup HTTP/1.1" 911 (7 ms)
2020-06-02 12:43:31 0:0:0:0:0:0:0:1 200 "GET /js/bundle/member/member.bundle.js HTTP/1.1" 1741840 (47 ms)
2020-06-02 12:43:32 0:0:0:0:0:0:0:1 200 "GET /js/bundle/member/member.bundle.js.map HTTP/1.1" 2047648 (18 ms)
2020-06-02 12:43:32 0:0:0:0:0:0:0:1 404 "GET /favicon.ico HTTP/1.1" 1032 (4 ms)
2020-06-02 12:43:46 0:0:0:0:0:0:0:1 200 "GET /member/signup HTTP/1.1" 911 (27 ms)
2020-06-02 12:43:47 0:0:0:0:0:0:0:1 200 "GET /js/bundle/member/member.bundle.js HTTP/1.1" 1741840 (21 ms)
2020-06-02 12:43:47 0:0:0:0:0:0:0:1 200 "GET /js/bundle/member/member.bundle.js.map HTTP/1.1" 2047648 (21 ms)
2020-06-02 12:43:47 0:0:0:0:0:0:0:1 404 "GET /favicon.ico HTTP/1.1" 1032 (12 ms)
2020-06-02 12:43:47 0:0:0:0:0:0:0:1 200 "GET /member/signup HTTP/1.1" 911 (4 ms)
2020-06-02 12:43:47 0:0:0:0:0:0:0:1 200 "GET /js/bundle/member/member.bundle.js HTTP/1.1" 1741876 (45 ms)
2020-06-02 12:43:47 0:0:0:0:0:0:0:1 200 "GET /js/bundle/member/member.bundle.js.map HTTP/1.1" 2047678 (23 ms)
2020-06-02 12:43:47 0:0:0:0:0:0:0:1 404 "GET /favicon.ico HTTP/1.1" 1032 (5 ms)
2020-06-02 12:47:27 0:0:0:0:0:0:0:1 200 "GET /member/signup HTTP/1.1" 911 (49 ms)
2020-06-02 12:47:27 0:0:0:0:0:0:0:1 200 "GET /js/bundle/member/member.bundle.js HTTP/1.1" 1743774 (69 ms)
2020-06-02 12:47:27 0:0:0:0:0:0:0:1 200 "GET /js/bundle/member/member.bundle.js.map HTTP/1.1" 2050528 (22 ms)
2020-06-02 12:47:28 0:0:0:0:0:0:0:1 404 "GET /favicon.ico HTTP/1.1" 1032 (10 ms)
2020-06-02 12:48:42 0:0:0:0:0:0:0:1 200 "GET /member/signup HTTP/1.1" 911 (27 ms)
2020-06-02 12:48:42 0:0:0:0:0:0:0:1 200 "GET /js/bundle/member/member.bundle.js HTTP/1.1" 1743785 (53 ms)
2020-06-02 12:48:42 0:0:0:0:0:0:0:1 200 "GET /js/bundle/member/member.bundle.js.map HTTP/1.1" 2050566 (21 ms)
2020-06-02 12:48:42 0:0:0:0:0:0:0:1 404 "GET /favicon.ico HTTP/1.1" 1032 (10 ms)
2020-06-02 12:48:44 0:0:0:0:0:0:0:1 200 "GET /member/signup HTTP/1.1" 911 (6 ms)
2020-06-02 12:48:44 0:0:0:0:0:0:0:1 200 "GET /js/bundle/member/member.bundle.js HTTP/1.1" 1743785 (16 ms)
2020-06-02 12:48:44 0:0:0:0:0:0:0:1 200 "GET /js/bundle/member/member.bundle.js.map HTTP/1.1" 2050566 (21 ms)
2020-06-02 12:48:44 0:0:0:0:0:0:0:1 404 "GET /favicon.ico HTTP/1.1" 1032 (6 ms)
2020-06-02 12:57:42 0:0:0:0:0:0:0:1 200 "GET /member/signup HTTP/1.1" 911 (23 ms)
2020-06-02 12:57:42 0:0:0:0:0:0:0:1 200 "GET /js/bundle/member/member.bundle.js HTTP/1.1" 1743960 (61 ms)
2020-06-02 12:57:42 0:0:0:0:0:0:0:1 200 "GET /js/bundle/member/member.bundle.js.map HTTP/1.1" 2050353 (20 ms)
2020-06-02 12:57:42 0:0:0:0:0:0:0:1 404 "GET /favicon.ico HTTP/1.1" 1032 (10 ms)
2020-06-02 12:57:43 0:0:0:0:0:0:0:1 200 "GET /member/signup HTTP/1.1" 911 (3 ms)
2020-06-02 12:57:43 0:0:0:0:0:0:0:1 200 "GET /js/bundle/member/member.bundle.js HTTP/1.1" 1743960 (17 ms)
2020-06-02 12:57:43 0:0:0:0:0:0:0:1 200 "GET /js/bundle/member/member.bundle.js.map HTTP/1.1" 2050353 (19 ms)
2020-06-02 12:57:43 0:0:0:0:0:0:0:1 404 "GET /favicon.ico HTTP/1.1" 1032 (5 ms)
2020-06-02 12:59:25 0:0:0:0:0:0:0:1 200 "GET /member/signup HTTP/1.1" 911 (38 ms)
2020-06-02 12:59:25 0:0:0:0:0:0:0:1 200 "GET /js/bundle/member/member.bundle.js HTTP/1.1" 1743995 (57 ms)
2020-06-02 12:59:25 0:0:0:0:0:0:0:1 200 "GET /js/bundle/member/member.bundle.js.map HTTP/1.1" 2050430 (25 ms)
2020-06-02 12:59:25 0:0:0:0:0:0:0:1 404 "GET /favicon.ico HTTP/1.1" 1032 (10 ms)
2020-06-02 12:59:26 0:0:0:0:0:0:0:1 200 "GET /member/signup HTTP/1.1" 911 (5 ms)
2020-06-02 12:59:26 0:0:0:0:0:0:0:1 200 "GET /js/bundle/member/member.bundle.js HTTP/1.1" 1743995 (16 ms)
2020-06-02 12:59:26 0:0:0:0:0:0:0:1 200 "GET /js/bundle/member/member.bundle.js.map HTTP/1.1" 2050430 (15 ms)
2020-06-02 12:59:26 0:0:0:0:0:0:0:1 404 "GET /favicon.ico HTTP/1.1" 1032 (5 ms)
2020-06-02 13:00:00 0:0:0:0:0:0:0:1 200 "GET /member/signup HTTP/1.1" 911 (23 ms)
2020-06-02 13:00:00 0:0:0:0:0:0:0:1 200 "GET /js/bundle/member/member.bundle.js HTTP/1.1" 1743995 (68 ms)
2020-06-02 13:00:00 0:0:0:0:0:0:0:1 200 "GET /js/bundle/member/member.bundle.js.map HTTP/1.1" 2050430 (21 ms)
2020-06-02 13:00:00 0:0:0:0:0:0:0:1 404 "GET /favicon.ico HTTP/1.1" 1032 (12 ms)
2020-06-02 13:00:00 0:0:0:0:0:0:0:1 200 "GET /member/signup HTTP/1.1" 911 (3 ms)
2020-06-02 13:00:00 0:0:0:0:0:0:0:1 200 "GET /js/bundle/member/member.bundle.js HTTP/1.1" 1743995 (20 ms)
2020-06-02 13:00:00 0:0:0:0:0:0:0:1 200 "GET /js/bundle/member/member.bundle.js.map HTTP/1.1" 2050430 (17 ms)
2020-06-02 13:00:01 0:0:0:0:0:0:0:1 404 "GET /favicon.ico HTTP/1.1" 1032 (6 ms)
2020-06-02 13:00:18 0:0:0:0:0:0:0:1 200 "GET /member/signup HTTP/1.1" 911 (36 ms)
2020-06-02 13:00:18 0:0:0:0:0:0:0:1 200 "GET /js/bundle/member/member.bundle.js HTTP/1.1" 1743989 (62 ms)
2020-06-02 13:00:18 0:0:0:0:0:0:0:1 200 "GET /js/bundle/member/member.bundle.js.map HTTP/1.1" 2050416 (18 ms)
2020-06-02 13:00:18 0:0:0:0:0:0:0:1 404 "GET /favicon.ico HTTP/1.1" 1032 (8 ms)
2020-06-02 13:00:19 0:0:0:0:0:0:0:1 200 "GET /member/signup HTTP/1.1" 911 (5 ms)
2020-06-02 13:00:19 0:0:0:0:0:0:0:1 200 "GET /js/bundle/member/member.bundle.js HTTP/1.1" 1743989 (18 ms)
2020-06-02 13:00:19 0:0:0:0:0:0:0:1 200 "GET /js/bundle/member/member.bundle.js.map HTTP/1.1" 2050416 (15 ms)
2020-06-02 13:00:19 0:0:0:0:0:0:0:1 404 "GET /favicon.ico HTTP/1.1" 1032 (4 ms)
2020-06-02 13:00:19 0:0:0:0:0:0:0:1 200 "GET /member/signup HTTP/1.1" 911 (3 ms)
2020-06-02 13:00:19 0:0:0:0:0:0:0:1 200 "GET /js/bundle/member/member.bundle.js HTTP/1.1" 1743989 (20 ms)
2020-06-02 13:00:20 0:0:0:0:0:0:0:1 404 "GET /favicon.ico HTTP/1.1" 1032 (4 ms)
2020-06-02 13:00:21 0:0:0:0:0:0:0:1 200 "GET /js/bundle/member/member.bundle.js.map HTTP/1.1" 2050416 (15 ms)
2020-06-02 13:00:22 0:0:0:0:0:0:0:1 200 "GET /member/signup HTTP/1.1" 911 (17 ms)
2020-06-02 13:00:22 0:0:0:0:0:0:0:1 200 "GET /js/bundle/member/member.bundle.js HTTP/1.1" 1743989 (19 ms)
2020-06-02 13:00:22 0:0:0:0:0:0:0:1 200 "GET /js/bundle/member/member.bundle.js.map HTTP/1.1" 2050416 (17 ms)
2020-06-02 13:00:22 0:0:0:0:0:0:0:1 404 "GET /favicon.ico HTTP/1.1" 1032 (6 ms)
2020-06-02 13:00:55 0:0:0:0:0:0:0:1 200 "GET /member/signup HTTP/1.1" 911 (28 ms)
2020-06-02 13:00:56 0:0:0:0:0:0:0:1 200 "GET /js/bundle/member/member.bundle.js HTTP/1.1" 1744014 (109 ms)
2020-06-02 13:00:56 0:0:0:0:0:0:0:1 200 "GET /js/bundle/member/member.bundle.js.map HTTP/1.1" 2050466 (20 ms)
2020-06-02 13:00:56 0:0:0:0:0:0:0:1 404 "GET /favicon.ico HTTP/1.1" 1032 (10 ms)
2020-06-02 13:00:56 0:0:0:0:0:0:0:1 200 "GET /member/signup HTTP/1.1" 911 (5 ms)
2020-06-02 13:00:56 0:0:0:0:0:0:0:1 200 "GET /js/bundle/member/member.bundle.js HTTP/1.1" 1744014 (17 ms)
2020-06-02 13:00:57 0:0:0:0:0:0:0:1 200 "GET /js/bundle/member/member.bundle.js.map HTTP/1.1" 2050466 (20 ms)
2020-06-02 13:00:57 0:0:0:0:0:0:0:1 404 "GET /favicon.ico HTTP/1.1" 1032 (5 ms)
2020-06-02 13:01:37 0:0:0:0:0:0:0:1 200 "GET /member/signup HTTP/1.1" 911 (42 ms)
2020-06-02 13:01:37 0:0:0:0:0:0:0:1 200 "GET /js/bundle/member/member.bundle.js HTTP/1.1" 1744052 (63 ms)
2020-06-02 13:01:37 0:0:0:0:0:0:0:1 200 "GET /js/bundle/member/member.bundle.js.map HTTP/1.1" 2050523 (18 ms)
2020-06-02 13:01:37 0:0:0:0:0:0:0:1 404 "GET /favicon.ico HTTP/1.1" 1032 (10 ms)
2020-06-02 13:01:38 0:0:0:0:0:0:0:1 200 "GET /member/signup HTTP/1.1" 911 (9 ms)
2020-06-02 13:01:38 0:0:0:0:0:0:0:1 200 "GET /js/bundle/member/member.bundle.js HTTP/1.1" 1744052 (20 ms)
2020-06-02 13:01:38 0:0:0:0:0:0:0:1 200 "GET /js/bundle/member/member.bundle.js.map HTTP/1.1" 2050523 (19 ms)
2020-06-02 13:01:38 0:0:0:0:0:0:0:1 404 "GET /favicon.ico HTTP/1.1" 1032 (5 ms)
2020-06-02 13:03:18 0:0:0:0:0:0:0:1 200 "GET /member/signup HTTP/1.1" 911 (38 ms)
2020-06-02 13:03:18 0:0:0:0:0:0:0:1 200 "GET /js/bundle/member/member.bundle.js HTTP/1.1" 1743975 (57 ms)
2020-06-02 13:03:18 0:0:0:0:0:0:0:1 200 "GET /js/bundle/member/member.bundle.js.map HTTP/1.1" 2050493 (18 ms)
2020-06-02 13:03:18 0:0:0:0:0:0:0:1 404 "GET /favicon.ico HTTP/1.1" 1032 (8 ms)
2020-06-02 13:03:57 0:0:0:0:0:0:0:1 200 "GET /member/signup HTTP/1.1" 911 (42 ms)
2020-06-02 13:03:57 0:0:0:0:0:0:0:1 200 "GET /js/bundle/member/member.bundle.js HTTP/1.1" 1744004 (63 ms)
2020-06-02 13:03:57 0:0:0:0:0:0:0:1 200 "GET /js/bundle/member/member.bundle.js.map HTTP/1.1" 2050557 (20 ms)
2020-06-02 13:03:57 0:0:0:0:0:0:0:1 404 "GET /favicon.ico HTTP/1.1" 1032 (11 ms)
2020-06-02 13:03:58 0:0:0:0:0:0:0:1 200 "GET /member/signup HTTP/1.1" 911 (6 ms)
2020-06-02 13:03:58 0:0:0:0:0:0:0:1 200 "GET /js/bundle/member/member.bundle.js HTTP/1.1" 1744004 (21 ms)
2020-06-02 13:03:58 0:0:0:0:0:0:0:1 200 "GET /js/bundle/member/member.bundle.js.map HTTP/1.1" 2050557 (17 ms)
2020-06-02 13:03:58 0:0:0:0:0:0:0:1 404 "GET /favicon.ico HTTP/1.1" 1032 (7 ms)
2020-06-02 13:03:58 0:0:0:0:0:0:0:1 200 "GET /member/signup HTTP/1.1" 911 (5 ms)
2020-06-02 13:03:59 0:0:0:0:0:0:0:1 200 "GET /js/bundle/member/member.bundle.js HTTP/1.1" 1744004 (19 ms)
2020-06-02 13:03:59 0:0:0:0:0:0:0:1 200 "GET /js/bundle/member/member.bundle.js.map HTTP/1.1" 2050557 (17 ms)
2020-06-02 13:03:59 0:0:0:0:0:0:0:1 404 "GET /favicon.ico HTTP/1.1" 1032 (5 ms)
2020-06-02 13:06:09 0:0:0:0:0:0:0:1 200 "GET /member/signup HTTP/1.1" 911 (26 ms)
2020-06-02 13:06:09 0:0:0:0:0:0:0:1 200 "GET /js/bundle/member/member.bundle.js HTTP/1.1" 1744014 (72 ms)
2020-06-02 13:06:09 0:0:0:0:0:0:0:1 200 "GET /js/bundle/member/member.bundle.js.map HTTP/1.1" 2050568 (26 ms)
2020-06-02 13:06:10 0:0:0:0:0:0:0:1 404 "GET /favicon.ico HTTP/1.1" 1032 (11 ms)
2020-06-02 13:06:10 0:0:0:0:0:0:0:1 200 "GET /member/signup HTTP/1.1" 911 (9 ms)
2020-06-02 13:06:10 0:0:0:0:0:0:0:1 200 "GET /js/bundle/member/member.bundle.js HTTP/1.1" 1744014 (18 ms)
2020-06-02 13:06:10 0:0:0:0:0:0:0:1 200 "GET /js/bundle/member/member.bundle.js.map HTTP/1.1" 2050568 (17 ms)
2020-06-02 13:06:10 0:0:0:0:0:0:0:1 404 "GET /favicon.ico HTTP/1.1" 1032 (5 ms)
2020-06-02 13:08:03 0:0:0:0:0:0:0:1 200 "GET /member/signup HTTP/1.1" 911 (37 ms)
2020-06-02 13:08:04 0:0:0:0:0:0:0:1 200 "GET /js/bundle/member/member.bundle.js HTTP/1.1" 1744206 (78 ms)
2020-06-02 13:08:04 0:0:0:0:0:0:0:1 200 "GET /js/bundle/member/member.bundle.js.map HTTP/1.1" 2050927 (36 ms)
2020-06-02 13:08:04 0:0:0:0:0:0:0:1 404 "GET /favicon.ico HTTP/1.1" 1032 (11 ms)
2020-06-02 13:08:04 0:0:0:0:0:0:0:1 200 "GET /member/signup HTTP/1.1" 911 (4 ms)
2020-06-02 13:08:05 0:0:0:0:0:0:0:1 200 "GET /js/bundle/member/member.bundle.js HTTP/1.1" 1744206 (18 ms)
2020-06-02 13:08:05 0:0:0:0:0:0:0:1 200 "GET /js/bundle/member/member.bundle.js.map HTTP/1.1" 2050927 (18 ms)
2020-06-02 13:08:05 0:0:0:0:0:0:0:1 404 "GET /favicon.ico HTTP/1.1" 1032 (4 ms)
2020-06-02 13:17:25 0:0:0:0:0:0:0:1 302 "GET / HTTP/1.1" - (2 ms)
2020-06-02 13:17:25 0:0:0:0:0:0:0:1 200 "GET /main/index HTTP/1.1" 936 (20 ms)
2020-06-02 13:17:25 0:0:0:0:0:0:0:1 200 "GET /js/bundle/main/main.bundle.js HTTP/1.1" 968364 (10 ms)
2020-06-02 13:17:25 0:0:0:0:0:0:0:1 302 "GET / HTTP/1.1" - (2 ms)
2020-06-02 13:17:25 0:0:0:0:0:0:0:1 200 "GET /main/index HTTP/1.1" 936 (4 ms)
2020-06-02 13:17:25 0:0:0:0:0:0:0:1 200 "GET /js/bundle/main/main.bundle.js HTTP/1.1" 968364 (17 ms)
2020-06-02 13:17:25 0:0:0:0:0:0:0:1 404 "GET /favicon.ico HTTP/1.1" 1032 (7 ms)
2020-06-02 13:17:27 0:0:0:0:0:0:0:1 200 "GET /member/signup HTTP/1.1" 911 (6 ms)
2020-06-02 13:17:27 0:0:0:0:0:0:0:1 200 "GET /js/bundle/member/member.bundle.js HTTP/1.1" 1744258 (35 ms)
2020-06-02 13:17:36 0:0:0:0:0:0:0:1 200 "GET /js/bundle/member/member.bundle.js.map HTTP/1.1" 2051029 (25 ms)
2020-06-02 13:28:48 0:0:0:0:0:0:0:1 200 "GET /member/signup HTTP/1.1" 911 (24 ms)
2020-06-02 13:28:48 0:0:0:0:0:0:0:1 200 "GET /js/bundle/member/member.bundle.js HTTP/1.1" 1744231 (39 ms)
2020-06-02 13:28:49 0:0:0:0:0:0:0:1 404 "GET /favicon.ico HTTP/1.1" 1032 (9 ms)
2020-06-02 13:28:49 0:0:0:0:0:0:0:1 200 "GET /member/signup HTTP/1.1" 911 (12 ms)
2020-06-02 13:28:49 0:0:0:0:0:0:0:1 200 "GET /js/bundle/member/member.bundle.js HTTP/1.1" 1744231 (27 ms)
2020-06-02 13:28:49 0:0:0:0:0:0:0:1 404 "GET /favicon.ico HTTP/1.1" 1032 (4 ms)
2020-06-02 13:28:55 0:0:0:0:0:0:0:1 200 "GET /js/bundle/member/member.bundle.js.map HTTP/1.1" 2051069 (42 ms)
2020-06-02 13:29:26 0:0:0:0:0:0:0:1 200 "POST /member/signupProcess HTTP/1.1" 1059 (430 ms)
2020-06-02 13:29:28 0:0:0:0:0:0:0:1 200 "GET /member/login HTTP/1.1" 915 (11 ms)
2020-06-02 13:29:28 0:0:0:0:0:0:0:1 200 "GET /js/bundle/member/member.bundle.js HTTP/1.1" 1744231 (19 ms)
2020-06-02 13:29:28 0:0:0:0:0:0:0:1 200 "GET /js/bundle/member/member.bundle.js.map HTTP/1.1" 2051069 (19 ms)
2020-06-02 13:29:29 0:0:0:0:0:0:0:1 200 "GET /member/signup HTTP/1.1" 911 (6 ms)
2020-06-02 13:29:29 0:0:0:0:0:0:0:1 200 "GET /js/bundle/member/member.bundle.js HTTP/1.1" 1744231 (24 ms)
2020-06-02 13:29:29 0:0:0:0:0:0:0:1 200 "GET /js/bundle/member/member.bundle.js.map HTTP/1.1" 2051069 (19 ms)
2020-06-02 13:42:46 0:0:0:0:0:0:0:1 200 "GET /member/signup HTTP/1.1" 911 (37 ms)
2020-06-02 13:42:46 0:0:0:0:0:0:0:1 200 "GET /js/bundle/member/member.bundle.js HTTP/1.1" 1744113 (60 ms)
2020-06-02 13:42:46 0:0:0:0:0:0:0:1 200 "GET /js/bundle/member/member.bundle.js.map HTTP/1.1" 2050861 (25 ms)
2020-06-02 13:42:46 0:0:0:0:0:0:0:1 404 "GET /favicon.ico HTTP/1.1" 1032 (11 ms)
2020-06-02 13:42:47 0:0:0:0:0:0:0:1 200 "GET /member/signup HTTP/1.1" 911 (9 ms)
2020-06-02 13:42:47 0:0:0:0:0:0:0:1 200 "GET /js/bundle/member/member.bundle.js HTTP/1.1" 1744113 (24 ms)
2020-06-02 13:42:47 0:0:0:0:0:0:0:1 200 "GET /js/bundle/member/member.bundle.js.map HTTP/1.1" 2050861 (20 ms)
2020-06-02 13:42:47 0:0:0:0:0:0:0:1 404 "GET /favicon.ico HTTP/1.1" 1032 (5 ms)
2020-06-02 13:46:24 0:0:0:0:0:0:0:1 200 "GET /member/signup HTTP/1.1" 911 (19 ms)
2020-06-02 13:46:24 0:0:0:0:0:0:0:1 200 "GET /js/bundle/member/member.bundle.js HTTP/1.1" 1744207 (64 ms)
2020-06-02 13:46:24 0:0:0:0:0:0:0:1 200 "GET /js/bundle/member/member.bundle.js.map HTTP/1.1" 2050817 (28 ms)
2020-06-02 13:46:24 0:0:0:0:0:0:0:1 404 "GET /favicon.ico HTTP/1.1" 1032 (11 ms)
2020-06-02 13:46:25 0:0:0:0:0:0:0:1 200 "GET /member/signup HTTP/1.1" 911 (10 ms)
2020-06-02 13:46:25 0:0:0:0:0:0:0:1 200 "GET /js/bundle/member/member.bundle.js HTTP/1.1" 1744207 (25 ms)
2020-06-02 13:46:25 0:0:0:0:0:0:0:1 200 "GET /js/bundle/member/member.bundle.js.map HTTP/1.1" 2050817 (20 ms)
2020-06-02 13:46:25 0:0:0:0:0:0:0:1 404 "GET /favicon.ico HTTP/1.1" 1032 (6 ms)
2020-06-02 13:46:29 0:0:0:0:0:0:0:1 200 "GET /member/signup HTTP/1.1" 911 (30 ms)
2020-06-02 13:46:29 0:0:0:0:0:0:0:1 200 "GET /js/bundle/member/member.bundle.js HTTP/1.1" 1744207 (16 ms)
2020-06-02 13:46:29 0:0:0:0:0:0:0:1 200 "GET /js/bundle/member/member.bundle.js.map HTTP/1.1" 2050817 (15 ms)
2020-06-02 13:46:29 0:0:0:0:0:0:0:1 404 "GET /favicon.ico HTTP/1.1" 1032 (8 ms)
2020-06-02 13:47:11 0:0:0:0:0:0:0:1 200 "GET /member/signup HTTP/1.1" 911 (28 ms)
2020-06-02 13:47:11 0:0:0:0:0:0:0:1 200 "GET /js/bundle/member/member.bundle.js HTTP/1.1" 1744207 (63 ms)
2020-06-02 13:47:11 0:0:0:0:0:0:0:1 200 "GET /js/bundle/member/member.bundle.js.map HTTP/1.1" 2050817 (17 ms)
2020-06-02 13:47:11 0:0:0:0:0:0:0:1 404 "GET /favicon.ico HTTP/1.1" 1032 (11 ms)
2020-06-02 13:50:52 0:0:0:0:0:0:0:1 200 "GET /member/signup HTTP/1.1" 911 (38 ms)
2020-06-02 13:50:52 0:0:0:0:0:0:0:1 200 "GET /js/bundle/member/member.bundle.js HTTP/1.1" 1742137 (76 ms)
2020-06-02 13:50:52 0:0:0:0:0:0:0:1 200 "GET /js/bundle/member/member.bundle.js.map HTTP/1.1" 2048123 (24 ms)
2020-06-02 13:50:52 0:0:0:0:0:0:0:1 404 "GET /favicon.ico HTTP/1.1" 1032 (12 ms)
2020-06-02 13:50:54 0:0:0:0:0:0:0:1 200 "GET /member/signup HTTP/1.1" 911 (3 ms)
2020-06-02 13:50:54 0:0:0:0:0:0:0:1 200 "GET /js/bundle/member/member.bundle.js HTTP/1.1" 1742137 (31 ms)
2020-06-02 13:50:54 0:0:0:0:0:0:0:1 200 "GET /js/bundle/member/member.bundle.js.map HTTP/1.1" 2048123 (18 ms)
2020-06-02 13:50:54 0:0:0:0:0:0:0:1 404 "GET /favicon.ico HTTP/1.1" 1032 (4 ms)
2020-06-02 13:53:36 0:0:0:0:0:0:0:1 200 "GET /member/signup HTTP/1.1" 911 (37 ms)
2020-06-02 13:53:36 0:0:0:0:0:0:0:1 200 "GET /js/bundle/member/member.bundle.js HTTP/1.1" 1742290 (59 ms)
2020-06-02 13:53:36 0:0:0:0:0:0:0:1 200 "GET /js/bundle/member/member.bundle.js.map HTTP/1.1" 2048467 (23 ms)
2020-06-02 13:53:36 0:0:0:0:0:0:0:1 404 "GET /favicon.ico HTTP/1.1" 1032 (11 ms)
2020-06-02 13:53:36 0:0:0:0:0:0:0:1 200 "GET /member/signup HTTP/1.1" 911 (8 ms)
2020-06-02 13:53:36 0:0:0:0:0:0:0:1 200 "GET /js/bundle/member/member.bundle.js HTTP/1.1" 1742290 (24 ms)
2020-06-02 13:53:37 0:0:0:0:0:0:0:1 200 "GET /js/bundle/member/member.bundle.js.map HTTP/1.1" 2048467 (18 ms)
2020-06-02 13:53:37 0:0:0:0:0:0:0:1 404 "GET /favicon.ico HTTP/1.1" 1032 (6 ms)
2020-06-02 13:53:37 0:0:0:0:0:0:0:1 200 "GET /member/signup HTTP/1.1" 911 (13 ms)
2020-06-02 13:53:37 0:0:0:0:0:0:0:1 200 "GET /js/bundle/member/member.bundle.js HTTP/1.1" 1742290 (21 ms)
2020-06-02 13:53:37 0:0:0:0:0:0:0:1 200 "GET /js/bundle/member/member.bundle.js.map HTTP/1.1" 2048467 (16 ms)
2020-06-02 13:53:37 0:0:0:0:0:0:0:1 404 "GET /favicon.ico HTTP/1.1" 1032 (5 ms)
2020-06-02 13:53:47 0:0:0:0:0:0:0:1 200 "POST /member/signupProcess HTTP/1.1" 1000 (174 ms)
2020-06-02 13:53:47 0:0:0:0:0:0:0:1 405 "GET /member/signupProcess HTTP/1.1" 1041 (19 ms)
2020-06-02 13:53:50 0:0:0:0:0:0:0:1 200 "GET /member/signup HTTP/1.1" 911 (5 ms)
2020-06-02 13:53:50 0:0:0:0:0:0:0:1 200 "GET /js/bundle/member/member.bundle.js HTTP/1.1" 1742290 (23 ms)
2020-06-02 13:53:50 0:0:0:0:0:0:0:1 200 "GET /js/bundle/member/member.bundle.js.map HTTP/1.1" 2048467 (14 ms)
2020-06-02 13:54:36 0:0:0:0:0:0:0:1 200 "GET /member/signup HTTP/1.1" 911 (28 ms)
2020-06-02 13:54:36 0:0:0:0:0:0:0:1 200 "GET /js/bundle/member/member.bundle.js HTTP/1.1" 1742319 (67 ms)
2020-06-02 13:54:36 0:0:0:0:0:0:0:1 200 "GET /js/bundle/member/member.bundle.js.map HTTP/1.1" 2048519 (16 ms)
2020-06-02 13:54:36 0:0:0:0:0:0:0:1 404 "GET /favicon.ico HTTP/1.1" 1032 (11 ms)
2020-06-02 13:54:37 0:0:0:0:0:0:0:1 200 "GET /member/signup HTTP/1.1" 911 (10 ms)
2020-06-02 13:54:37 0:0:0:0:0:0:0:1 200 "GET /js/bundle/member/member.bundle.js HTTP/1.1" 1742319 (19 ms)
2020-06-02 13:54:37 0:0:0:0:0:0:0:1 200 "GET /js/bundle/member/member.bundle.js.map HTTP/1.1" 2048519 (17 ms)
2020-06-02 13:54:37 0:0:0:0:0:0:0:1 404 "GET /favicon.ico HTTP/1.1" 1032 (5 ms)
2020-06-02 13:54:42 0:0:0:0:0:0:0:1 200 "GET /member/signup HTTP/1.1" 911 (22 ms)
2020-06-02 13:54:42 0:0:0:0:0:0:0:1 200 "GET /js/bundle/member/member.bundle.js HTTP/1.1" 1742319 (21 ms)
2020-06-02 13:54:42 0:0:0:0:0:0:0:1 200 "GET /js/bundle/member/member.bundle.js.map HTTP/1.1" 2048519 (19 ms)
2020-06-02 13:54:42 0:0:0:0:0:0:0:1 404 "GET /favicon.ico HTTP/1.1" 1032 (6 ms)
2020-06-02 13:54:50 0:0:0:0:0:0:0:1 200 "GET /member/signup HTTP/1.1" 911 (13 ms)
2020-06-02 13:54:50 0:0:0:0:0:0:0:1 200 "GET /js/bundle/member/member.bundle.js HTTP/1.1" 1742319 (21 ms)
2020-06-02 13:54:50 0:0:0:0:0:0:0:1 200 "GET /js/bundle/member/member.bundle.js.map HTTP/1.1" 2048519 (15 ms)
2020-06-02 13:54:50 0:0:0:0:0:0:0:1 404 "GET /favicon.ico HTTP/1.1" 1032 (8 ms)
2020-06-02 13:54:51 0:0:0:0:0:0:0:1 200 "GET /member/signup HTTP/1.1" 911 (3 ms)
2020-06-02 13:54:51 0:0:0:0:0:0:0:1 200 "GET /js/bundle/member/member.bundle.js HTTP/1.1" 1742320 (52 ms)
2020-06-02 13:54:51 0:0:0:0:0:0:0:1 200 "GET /js/bundle/member/member.bundle.js.map HTTP/1.1" 2048531 (18 ms)
2020-06-02 13:54:51 0:0:0:0:0:0:0:1 404 "GET /favicon.ico HTTP/1.1" 1032 (4 ms)
2020-06-02 13:56:23 0:0:0:0:0:0:0:1 200 "GET /member/signup HTTP/1.1" 911 (16 ms)
2020-06-02 13:56:24 0:0:0:0:0:0:0:1 200 "GET /js/bundle/member/member.bundle.js HTTP/1.1" 1742410 (62 ms)
2020-06-02 13:56:24 0:0:0:0:0:0:0:1 200 "GET /js/bundle/member/member.bundle.js.map HTTP/1.1" 2048721 (20 ms)
2020-06-02 13:56:24 0:0:0:0:0:0:0:1 404 "GET /favicon.ico HTTP/1.1" 1032 (14 ms)
2020-06-02 13:56:24 0:0:0:0:0:0:0:1 200 "GET /member/signup HTTP/1.1" 911 (5 ms)
2020-06-02 13:56:24 0:0:0:0:0:0:0:1 200 "GET /js/bundle/member/member.bundle.js HTTP/1.1" 1742410 (21 ms)
2020-06-02 13:56:24 0:0:0:0:0:0:0:1 200 "GET /js/bundle/member/member.bundle.js.map HTTP/1.1" 2048721 (20 ms)
2020-06-02 13:56:24 0:0:0:0:0:0:0:1 404 "GET /favicon.ico HTTP/1.1" 1032 (6 ms)
2020-06-02 13:57:06 0:0:0:0:0:0:0:1 200 "GET /member/signup HTTP/1.1" 911 (41 ms)
2020-06-02 13:57:06 0:0:0:0:0:0:0:1 200 "GET /js/bundle/member/member.bundle.js HTTP/1.1" 1742406 (66 ms)
2020-06-02 13:57:06 0:0:0:0:0:0:0:1 200 "GET /js/bundle/member/member.bundle.js.map HTTP/1.1" 2048704 (16 ms)
2020-06-02 13:57:06 0:0:0:0:0:0:0:1 404 "GET /favicon.ico HTTP/1.1" 1032 (9 ms)
2020-06-02 13:57:06 0:0:0:0:0:0:0:1 200 "GET /member/signup HTTP/1.1" 911 (7 ms)
2020-06-02 13:57:06 0:0:0:0:0:0:0:1 200 "GET /js/bundle/member/member.bundle.js HTTP/1.1" 1742406 (18 ms)
2020-06-02 13:57:07 0:0:0:0:0:0:0:1 200 "GET /js/bundle/member/member.bundle.js.map HTTP/1.1" 2048704 (16 ms)
2020-06-02 13:57:07 0:0:0:0:0:0:0:1 404 "GET /favicon.ico HTTP/1.1" 1032 (9 ms)
2020-06-02 13:57:07 0:0:0:0:0:0:0:1 200 "GET /member/signup HTTP/1.1" 911 (4 ms)
2020-06-02 13:57:07 0:0:0:0:0:0:0:1 200 "GET /js/bundle/member/member.bundle.js HTTP/1.1" 1742406 (15 ms)
2020-06-02 13:57:07 0:0:0:0:0:0:0:1 200 "GET /js/bundle/member/member.bundle.js.map HTTP/1.1" 2048704 (13 ms)
2020-06-02 13:57:07 0:0:0:0:0:0:0:1 404 "GET /favicon.ico HTTP/1.1" 1032 (5 ms)
2020-06-02 13:58:55 0:0:0:0:0:0:0:1 200 "GET /member/signup HTTP/1.1" 911 (25 ms)
2020-06-02 13:58:55 0:0:0:0:0:0:0:1 200 "GET /js/bundle/member/member.bundle.js HTTP/1.1" 1742406 (24 ms)
2020-06-02 13:58:55 0:0:0:0:0:0:0:1 200 "GET /js/bundle/member/member.bundle.js.map HTTP/1.1" 2048704 (20 ms)
2020-06-02 13:58:55 0:0:0:0:0:0:0:1 404 "GET /favicon.ico HTTP/1.1" 1032 (15 ms)
2020-06-02 13:58:55 0:0:0:0:0:0:0:1 200 "GET /member/signup HTTP/1.1" 911 (6 ms)
2020-06-02 13:58:56 0:0:0:0:0:0:0:1 200 "GET /js/bundle/member/member.bundle.js HTTP/1.1" 1742391 (41 ms)
2020-06-02 13:58:56 0:0:0:0:0:0:0:1 200 "GET /js/bundle/member/member.bundle.js.map HTTP/1.1" 2048682 (16 ms)
2020-06-02 13:58:56 0:0:0:0:0:0:0:1 404 "GET /favicon.ico HTTP/1.1" 1032 (7 ms)
2020-06-02 13:58:56 0:0:0:0:0:0:0:1 200 "GET /member/signup HTTP/1.1" 911 (7 ms)
2020-06-02 13:58:56 0:0:0:0:0:0:0:1 200 "GET /js/bundle/member/member.bundle.js HTTP/1.1" 1742391 (20 ms)
2020-06-02 13:58:56 0:0:0:0:0:0:0:1 200 "GET /js/bundle/member/member.bundle.js.map HTTP/1.1" 2048682 (14 ms)
2020-06-02 13:58:56 0:0:0:0:0:0:0:1 404 "GET /favicon.ico HTTP/1.1" 1032 (5 ms)
2020-06-02 13:59:41 0:0:0:0:0:0:0:1 200 "GET /member/signup HTTP/1.1" 911 (44 ms)
2020-06-02 13:59:41 0:0:0:0:0:0:0:1 200 "GET /js/bundle/member/member.bundle.js HTTP/1.1" 1742427 (71 ms)
2020-06-02 13:59:41 0:0:0:0:0:0:0:1 200 "GET /js/bundle/member/member.bundle.js.map HTTP/1.1" 2048761 (24 ms)
2020-06-02 13:59:41 0:0:0:0:0:0:0:1 404 "GET /favicon.ico HTTP/1.1" 1032 (16 ms)
2020-06-02 13:59:41 0:0:0:0:0:0:0:1 200 "GET /member/signup HTTP/1.1" 911 (6 ms)
2020-06-02 13:59:41 0:0:0:0:0:0:0:1 200 "GET /js/bundle/member/member.bundle.js HTTP/1.1" 1742427 (27 ms)
2020-06-02 13:59:41 0:0:0:0:0:0:0:1 200 "GET /js/bundle/member/member.bundle.js.map HTTP/1.1" 2048761 (21 ms)
2020-06-02 13:59:41 0:0:0:0:0:0:0:1 404 "GET /favicon.ico HTTP/1.1" 1032 (6 ms)
2020-06-02 13:59:42 0:0:0:0:0:0:0:1 200 "GET /member/signup HTTP/1.1" 911 (5 ms)
2020-06-02 13:59:42 0:0:0:0:0:0:0:1 200 "GET /js/bundle/member/member.bundle.js HTTP/1.1" 1742427 (22 ms)
2020-06-02 13:59:42 0:0:0:0:0:0:0:1 200 "GET /js/bundle/member/member.bundle.js.map HTTP/1.1" 2048761 (26 ms)
2020-06-02 13:59:42 0:0:0:0:0:0:0:1 404 "GET /favicon.ico HTTP/1.1" 1032 (6 ms)
2020-06-02 13:59:43 0:0:0:0:0:0:0:1 200 "GET /member/signup HTTP/1.1" 911 (4 ms)
2020-06-02 13:59:43 0:0:0:0:0:0:0:1 200 "GET /js/bundle/member/member.bundle.js HTTP/1.1" 1742427 (20 ms)
2020-06-02 13:59:44 0:0:0:0:0:0:0:1 200 "GET /js/bundle/member/member.bundle.js.map HTTP/1.1" 2048761 (20 ms)
2020-06-02 13:59:44 0:0:0:0:0:0:0:1 404 "GET /favicon.ico HTTP/1.1" 1032 (8 ms)
2020-06-02 14:01:30 0:0:0:0:0:0:0:1 200 "GET /member/signup HTTP/1.1" 911 (19 ms)
2020-06-02 14:01:30 0:0:0:0:0:0:0:1 200 "GET /js/bundle/member/member.bundle.js HTTP/1.1" 1742431 (64 ms)
2020-06-02 14:01:30 0:0:0:0:0:0:0:1 200 "GET /js/bundle/member/member.bundle.js.map HTTP/1.1" 2048776 (32 ms)
2020-06-02 14:01:30 0:0:0:0:0:0:0:1 404 "GET /favicon.ico HTTP/1.1" 1032 (15 ms)
2020-06-02 14:01:36 0:0:0:0:0:0:0:1 200 "GET /member/signup HTTP/1.1" 911 (17 ms)
2020-06-02 14:01:36 0:0:0:0:0:0:0:1 200 "GET /js/bundle/member/member.bundle.js HTTP/1.1" 1742395 (53 ms)
2020-06-02 14:01:36 0:0:0:0:0:0:0:1 200 "GET /js/bundle/member/member.bundle.js.map HTTP/1.1" 2048687 (17 ms)
2020-06-02 14:01:36 0:0:0:0:0:0:0:1 404 "GET /favicon.ico HTTP/1.1" 1032 (7 ms)
2020-06-02 14:01:37 0:0:0:0:0:0:0:1 200 "GET /member/signup HTTP/1.1" 911 (3 ms)
2020-06-02 14:01:37 0:0:0:0:0:0:0:1 200 "GET /js/bundle/member/member.bundle.js HTTP/1.1" 1742395 (19 ms)
2020-06-02 14:01:37 0:0:0:0:0:0:0:1 200 "GET /js/bundle/member/member.bundle.js.map HTTP/1.1" 2048687 (15 ms)
2020-06-02 14:01:37 0:0:0:0:0:0:0:1 404 "GET /favicon.ico HTTP/1.1" 1032 (4 ms)
2020-06-02 14:04:36 0:0:0:0:0:0:0:1 200 "GET /member/signup HTTP/1.1" 911 (16 ms)
2020-06-02 14:04:36 0:0:0:0:0:0:0:1 200 "GET /js/bundle/member/member.bundle.js HTTP/1.1" 1742431 (55 ms)
2020-06-02 14:04:36 0:0:0:0:0:0:0:1 200 "GET /js/bundle/member/member.bundle.js.map HTTP/1.1" 2048752 (22 ms)
2020-06-02 14:04:36 0:0:0:0:0:0:0:1 404 "GET /favicon.ico HTTP/1.1" 1032 (8 ms)
2020-06-02 14:04:39 0:0:0:0:0:0:0:1 200 "GET /member/signup HTTP/1.1" 911 (7 ms)
2020-06-02 14:04:39 0:0:0:0:0:0:0:1 200 "GET /js/bundle/member/member.bundle.js HTTP/1.1" 1742431 (19 ms)
2020-06-02 14:04:39 0:0:0:0:0:0:0:1 200 "GET /js/bundle/member/member.bundle.js.map HTTP/1.1" 2048752 (18 ms)
2020-06-02 14:04:39 0:0:0:0:0:0:0:1 404 "GET /favicon.ico HTTP/1.1" 1032 (6 ms)
2020-06-02 14:04:55 0:0:0:0:0:0:0:1 200 "GET /member/signup HTTP/1.1" 911 (13 ms)
2020-06-02 14:04:55 0:0:0:0:0:0:0:1 200 "GET /js/bundle/member/member.bundle.js HTTP/1.1" 1742433 (68 ms)
2020-06-02 14:04:55 0:0:0:0:0:0:0:1 200 "GET /js/bundle/member/member.bundle.js.map HTTP/1.1" 2048767 (19 ms)
2020-06-02 14:04:55 0:0:0:0:0:0:0:1 404 "GET /favicon.ico HTTP/1.1" 1032 (8 ms)
2020-06-02 14:04:55 0:0:0:0:0:0:0:1 200 "GET /member/signup HTTP/1.1" 911 (7 ms)
2020-06-02 14:04:55 0:0:0:0:0:0:0:1 200 "GET /js/bundle/member/member.bundle.js HTTP/1.1" 1742433 (20 ms)
2020-06-02 14:04:55 0:0:0:0:0:0:0:1 200 "GET /js/bundle/member/member.bundle.js.map HTTP/1.1" 2048767 (16 ms)
2020-06-02 14:04:55 0:0:0:0:0:0:0:1 404 "GET /favicon.ico HTTP/1.1" 1032 (6 ms)
2020-06-02 14:05:22 0:0:0:0:0:0:0:1 200 "GET /member/signup HTTP/1.1" 911 (30 ms)
2020-06-02 14:05:22 0:0:0:0:0:0:0:1 200 "GET /js/bundle/member/member.bundle.js HTTP/1.1" 1742433 (84 ms)
2020-06-02 14:05:22 0:0:0:0:0:0:0:1 200 "GET /js/bundle/member/member.bundle.js.map HTTP/1.1" 2048767 (23 ms)
2020-06-02 14:05:22 0:0:0:0:0:0:0:1 404 "GET /favicon.ico HTTP/1.1" 1032 (9 ms)
2020-06-02 14:05:22 0:0:0:0:0:0:0:1 200 "GET /member/signup HTTP/1.1" 911 (3 ms)
2020-06-02 14:05:22 0:0:0:0:0:0:0:1 200 "GET /js/bundle/member/member.bundle.js HTTP/1.1" 1742433 (20 ms)
2020-06-02 14:05:23 0:0:0:0:0:0:0:1 200 "GET /js/bundle/member/member.bundle.js.map HTTP/1.1" 2048767 (19 ms)
2020-06-02 14:05:23 0:0:0:0:0:0:0:1 404 "GET /favicon.ico HTTP/1.1" 1032 (4 ms)
2020-06-02 14:09:08 0:0:0:0:0:0:0:1 200 "GET /member/signup HTTP/1.1" 911 (18 ms)
2020-06-02 14:09:08 0:0:0:0:0:0:0:1 200 "GET /js/bundle/member/member.bundle.js HTTP/1.1" 1742504 (68 ms)
2020-06-02 14:09:08 0:0:0:0:0:0:0:1 200 "GET /js/bundle/member/member.bundle.js.map HTTP/1.1" 2048935 (24 ms)
2020-06-02 14:09:08 0:0:0:0:0:0:0:1 404 "GET /favicon.ico HTTP/1.1" 1032 (10 ms)
2020-06-02 14:13:51 0:0:0:0:0:0:0:1 200 "GET /member/signup HTTP/1.1" 911 (20 ms)
2020-06-02 14:13:51 0:0:0:0:0:0:0:1 200 "GET /js/bundle/member/member.bundle.js HTTP/1.1" 1742623 (59 ms)
2020-06-02 14:13:52 0:0:0:0:0:0:0:1 200 "GET /js/bundle/member/member.bundle.js.map HTTP/1.1" 2049207 (20 ms)
2020-06-02 14:13:52 0:0:0:0:0:0:0:1 404 "GET /favicon.ico HTTP/1.1" 1032 (12 ms)
2020-06-02 14:13:52 0:0:0:0:0:0:0:1 200 "GET /member/signup HTTP/1.1" 911 (8 ms)
2020-06-02 14:13:52 0:0:0:0:0:0:0:1 200 "GET /js/bundle/member/member.bundle.js HTTP/1.1" 1742623 (21 ms)
2020-06-02 14:13:53 0:0:0:0:0:0:0:1 200 "GET /js/bundle/member/member.bundle.js.map HTTP/1.1" 2049207 (15 ms)
2020-06-02 14:13:53 0:0:0:0:0:0:0:1 404 "GET /favicon.ico HTTP/1.1" 1032 (5 ms)
2020-06-02 14:17:10 0:0:0:0:0:0:0:1 200 "GET /member/signup HTTP/1.1" 911 (26 ms)
2020-06-02 14:17:10 0:0:0:0:0:0:0:1 200 "GET /js/bundle/member/member.bundle.js HTTP/1.1" 1742614 (52 ms)
2020-06-02 14:17:10 0:0:0:0:0:0:0:1 200 "GET /js/bundle/member/member.bundle.js.map HTTP/1.1" 2049196 (20 ms)
2020-06-02 14:17:10 0:0:0:0:0:0:0:1 404 "GET /favicon.ico HTTP/1.1" 1032 (7 ms)
2020-06-02 14:17:39 0:0:0:0:0:0:0:1 200 "GET /member/signup HTTP/1.1" 911 (12 ms)
2020-06-02 14:17:39 0:0:0:0:0:0:0:1 200 "GET /js/bundle/member/member.bundle.js HTTP/1.1" 1742614 (21 ms)
2020-06-02 14:17:39 0:0:0:0:0:0:0:1 200 "GET /js/bundle/member/member.bundle.js.map HTTP/1.1" 2049196 (23 ms)
2020-06-02 14:18:11 0:0:0:0:0:0:0:1 200 "GET /member/signup HTTP/1.1" 911 (35 ms)
2020-06-02 14:18:11 0:0:0:0:0:0:0:1 200 "GET /js/bundle/member/member.bundle.js HTTP/1.1" 1742565 (64 ms)
2020-06-02 14:18:11 0:0:0:0:0:0:0:1 200 "GET /js/bundle/member/member.bundle.js.map HTTP/1.1" 2049080 (22 ms)
2020-06-02 14:18:11 0:0:0:0:0:0:0:1 404 "GET /favicon.ico HTTP/1.1" 1032 (9 ms)
2020-06-02 15:05:02 0:0:0:0:0:0:0:1 200 "GET /member/signup HTTP/1.1" 911 (33 ms)
2020-06-02 15:05:02 0:0:0:0:0:0:0:1 200 "GET /js/bundle/member/member.bundle.js HTTP/1.1" 1742938 (44 ms)
2020-06-02 15:05:02 0:0:0:0:0:0:0:1 200 "GET /js/bundle/member/member.bundle.js.map HTTP/1.1" 2049713 (20 ms)
2020-06-02 15:05:02 0:0:0:0:0:0:0:1 404 "GET /favicon.ico HTTP/1.1" 1032 (8 ms)
2020-06-02 15:05:02 0:0:0:0:0:0:0:1 200 "GET /member/signup HTTP/1.1" 911 (7 ms)
2020-06-02 15:05:02 0:0:0:0:0:0:0:1 200 "GET /js/bundle/member/member.bundle.js HTTP/1.1" 1742938 (17 ms)
2020-06-02 15:05:02 0:0:0:0:0:0:0:1 200 "GET /js/bundle/member/member.bundle.js.map HTTP/1.1" 2049713 (13 ms)
2020-06-02 15:05:02 0:0:0:0:0:0:0:1 404 "GET /favicon.ico HTTP/1.1" 1032 (6 ms)
2020-06-02 15:06:59 0:0:0:0:0:0:0:1 200 "GET /member/signup HTTP/1.1" 911 (21 ms)
2020-06-02 15:06:59 0:0:0:0:0:0:0:1 200 "GET /js/bundle/member/member.bundle.js HTTP/1.1" 1742938 (20 ms)
2020-06-02 15:06:59 0:0:0:0:0:0:0:1 200 "GET /js/bundle/member/member.bundle.js.map HTTP/1.1" 2049713 (17 ms)
2020-06-02 15:06:59 0:0:0:0:0:0:0:1 404 "GET /favicon.ico HTTP/1.1" 1032 (9 ms)
2020-06-02 15:07:00 0:0:0:0:0:0:0:1 200 "GET /member/signup HTTP/1.1" 911 (3 ms)
2020-06-02 15:07:00 0:0:0:0:0:0:0:1 200 "GET /js/bundle/member/member.bundle.js HTTP/1.1" 1742943 (51 ms)
2020-06-02 15:07:00 0:0:0:0:0:0:0:1 200 "GET /js/bundle/member/member.bundle.js.map HTTP/1.1" 2049729 (18 ms)
2020-06-02 15:07:00 0:0:0:0:0:0:0:1 404 "GET /favicon.ico HTTP/1.1" 1032 (6 ms)
2020-06-02 15:07:02 0:0:0:0:0:0:0:1 200 "GET /member/signup HTTP/1.1" 911 (3 ms)
2020-06-02 15:07:02 0:0:0:0:0:0:0:1 200 "GET /js/bundle/member/member.bundle.js HTTP/1.1" 1742943 (21 ms)
2020-06-02 15:07:02 0:0:0:0:0:0:0:1 200 "GET /js/bundle/member/member.bundle.js.map HTTP/1.1" 2049729 (13 ms)
2020-06-02 15:07:02 0:0:0:0:0:0:0:1 404 "GET /favicon.ico HTTP/1.1" 1032 (4 ms)
2020-06-02 15:14:31 0:0:0:0:0:0:0:1 200 "GET /member/signup HTTP/1.1" 911 (37 ms)
2020-06-02 15:14:31 0:0:0:0:0:0:0:1 200 "GET /js/bundle/member/member.bundle.js HTTP/1.1" 1743088 (58 ms)
2020-06-02 15:14:31 0:0:0:0:0:0:0:1 200 "GET /js/bundle/member/member.bundle.js.map HTTP/1.1" 2050185 (16 ms)
2020-06-02 15:14:31 0:0:0:0:0:0:0:1 404 "GET /favicon.ico HTTP/1.1" 1032 (8 ms)
2020-06-02 15:14:32 0:0:0:0:0:0:0:1 200 "GET /member/signup HTTP/1.1" 911 (3 ms)
2020-06-02 15:14:32 0:0:0:0:0:0:0:1 200 "GET /js/bundle/member/member.bundle.js HTTP/1.1" 1743088 (19 ms)
2020-06-02 15:14:32 0:0:0:0:0:0:0:1 200 "GET /js/bundle/member/member.bundle.js.map HTTP/1.1" 2050185 (16 ms)
2020-06-02 15:14:32 0:0:0:0:0:0:0:1 404 "GET /favicon.ico HTTP/1.1" 1032 (6 ms)
2020-06-02 15:17:02 0:0:0:0:0:0:0:1 200 "GET /member/signup HTTP/1.1" 911 (28 ms)
2020-06-02 15:17:02 0:0:0:0:0:0:0:1 200 "GET /js/bundle/member/member.bundle.js HTTP/1.1" 1743065 (53 ms)
2020-06-02 15:17:02 0:0:0:0:0:0:0:1 200 "GET /js/bundle/member/member.bundle.js.map HTTP/1.1" 2050169 (17 ms)
2020-06-02 15:17:02 0:0:0:0:0:0:0:1 404 "GET /favicon.ico HTTP/1.1" 1032 (10 ms)
2020-06-02 15:18:51 0:0:0:0:0:0:0:1 200 "GET /member/signup HTTP/1.1" 911 (49 ms)
2020-06-02 15:18:51 0:0:0:0:0:0:0:1 200 "GET /js/bundle/member/member.bundle.js HTTP/1.1" 1743109 (55 ms)
2020-06-02 15:18:51 0:0:0:0:0:0:0:1 200 "GET /js/bundle/member/member.bundle.js.map HTTP/1.1" 2050230 (18 ms)
2020-06-02 15:18:51 0:0:0:0:0:0:0:1 404 "GET /favicon.ico HTTP/1.1" 1032 (10 ms)
2020-06-02 15:19:15 0:0:0:0:0:0:0:1 200 "GET /member/signup HTTP/1.1" 911 (15 ms)
2020-06-02 15:19:16 0:0:0:0:0:0:0:1 200 "GET /js/bundle/member/member.bundle.js HTTP/1.1" 1743110 (65 ms)
2020-06-02 15:19:16 0:0:0:0:0:0:0:1 200 "GET /js/bundle/member/member.bundle.js.map HTTP/1.1" 2050231 (19 ms)
2020-06-02 15:19:16 0:0:0:0:0:0:0:1 404 "GET /favicon.ico HTTP/1.1" 1032 (9 ms)
2020-06-02 15:19:16 0:0:0:0:0:0:0:1 200 "GET /member/signup HTTP/1.1" 911 (13 ms)
2020-06-02 15:19:16 0:0:0:0:0:0:0:1 200 "GET /js/bundle/member/member.bundle.js HTTP/1.1" 1743110 (18 ms)
2020-06-02 15:19:16 0:0:0:0:0:0:0:1 200 "GET /js/bundle/member/member.bundle.js.map HTTP/1.1" 2050231 (13 ms)
2020-06-02 15:19:17 0:0:0:0:0:0:0:1 404 "GET /favicon.ico HTTP/1.1" 1032 (5 ms)
2020-06-02 15:28:45 0:0:0:0:0:0:0:1 200 "GET /member/signup HTTP/1.1" 911 (27 ms)
2020-06-02 15:28:45 0:0:0:0:0:0:0:1 200 "GET /js/bundle/member/member.bundle.js HTTP/1.1" 1744045 (41 ms)
2020-06-02 15:28:45 0:0:0:0:0:0:0:1 200 "GET /js/bundle/member/member.bundle.js.map HTTP/1.1" 2051202 (16 ms)
2020-06-02 15:28:45 0:0:0:0:0:0:0:1 404 "GET /favicon.ico HTTP/1.1" 1032 (11 ms)
2020-06-02 15:28:46 0:0:0:0:0:0:0:1 200 "GET /member/signup HTTP/1.1" 911 (7 ms)
2020-06-02 15:28:46 0:0:0:0:0:0:0:1 200 "GET /js/bundle/member/member.bundle.js HTTP/1.1" 1744045 (19 ms)
2020-06-02 15:28:46 0:0:0:0:0:0:0:1 200 "GET /js/bundle/member/member.bundle.js.map HTTP/1.1" 2051202 (14 ms)
2020-06-02 15:28:46 0:0:0:0:0:0:0:1 404 "GET /favicon.ico HTTP/1.1" 1032 (3 ms)
2020-06-02 15:30:32 0:0:0:0:0:0:0:1 200 "GET /member/signup HTTP/1.1" 911 (27 ms)
2020-06-02 15:30:33 0:0:0:0:0:0:0:1 200 "GET /js/bundle/member/member.bundle.js HTTP/1.1" 1744046 (62 ms)
2020-06-02 15:30:33 0:0:0:0:0:0:0:1 200 "GET /js/bundle/member/member.bundle.js.map HTTP/1.1" 2051203 (16 ms)
2020-06-02 15:30:33 0:0:0:0:0:0:0:1 404 "GET /favicon.ico HTTP/1.1" 1032 (8 ms)
2020-06-02 15:30:33 0:0:0:0:0:0:0:1 200 "GET /member/signup HTTP/1.1" 911 (2 ms)
2020-06-02 15:30:33 0:0:0:0:0:0:0:1 200 "GET /js/bundle/member/member.bundle.js HTTP/1.1" 1744046 (17 ms)
2020-06-02 15:30:34 0:0:0:0:0:0:0:1 200 "GET /js/bundle/member/member.bundle.js.map HTTP/1.1" 2051203 (13 ms)
2020-06-02 15:30:34 0:0:0:0:0:0:0:1 404 "GET /favicon.ico HTTP/1.1" 1032 (4 ms)
2020-06-02 15:31:48 0:0:0:0:0:0:0:1 200 "GET /member/signup HTTP/1.1" 911 (30 ms)
2020-06-02 15:31:48 0:0:0:0:0:0:0:1 200 "GET /js/bundle/member/member.bundle.js HTTP/1.1" 1744052 (51 ms)
2020-06-02 15:31:48 0:0:0:0:0:0:0:1 200 "GET /js/bundle/member/member.bundle.js.map HTTP/1.1" 2051211 (17 ms)
2020-06-02 15:31:48 0:0:0:0:0:0:0:1 404 "GET /favicon.ico HTTP/1.1" 1032 (10 ms)
2020-06-02 15:39:13 0:0:0:0:0:0:0:1 200 "GET /member/signup HTTP/1.1" 911 (19 ms)
2020-06-02 15:39:13 0:0:0:0:0:0:0:1 200 "GET /js/bundle/member/member.bundle.js HTTP/1.1" 1744079 (83 ms)
2020-06-02 15:39:14 0:0:0:0:0:0:0:1 200 "GET /js/bundle/member/member.bundle.js.map HTTP/1.1" 2051251 (30 ms)
2020-06-02 15:39:14 0:0:0:0:0:0:0:1 404 "GET /favicon.ico HTTP/1.1" 1032 (11 ms)
2020-06-02 15:39:55 0:0:0:0:0:0:0:1 200 "GET /member/signup HTTP/1.1" 911 (41 ms)
2020-06-02 15:39:55 0:0:0:0:0:0:0:1 200 "GET /js/bundle/member/member.bundle.js HTTP/1.1" 1744048 (66 ms)
2020-06-02 15:39:55 0:0:0:0:0:0:0:1 200 "GET /js/bundle/member/member.bundle.js.map HTTP/1.1" 2051181 (15 ms)
2020-06-02 15:39:55 0:0:0:0:0:0:0:1 404 "GET /favicon.ico HTTP/1.1" 1032 (8 ms)
2020-06-02 15:39:55 0:0:0:0:0:0:0:1 200 "GET /member/signup HTTP/1.1" 911 (11 ms)
2020-06-02 15:39:56 0:0:0:0:0:0:0:1 200 "GET /js/bundle/member/member.bundle.js HTTP/1.1" 1744048 (25 ms)
2020-06-02 15:39:56 0:0:0:0:0:0:0:1 200 "GET /js/bundle/member/member.bundle.js.map HTTP/1.1" 2051181 (19 ms)
2020-06-02 15:39:56 0:0:0:0:0:0:0:1 404 "GET /favicon.ico HTTP/1.1" 1032 (5 ms)
2020-06-02 15:39:57 0:0:0:0:0:0:0:1 200 "GET /member/signup HTTP/1.1" 911 (5 ms)
2020-06-02 15:39:57 0:0:0:0:0:0:0:1 200 "GET /js/bundle/member/member.bundle.js HTTP/1.1" 1744048 (18 ms)
2020-06-02 15:39:57 0:0:0:0:0:0:0:1 200 "GET /js/bundle/member/member.bundle.js.map HTTP/1.1" 2051181 (13 ms)
2020-06-02 15:39:57 0:0:0:0:0:0:0:1 404 "GET /favicon.ico HTTP/1.1" 1032 (4 ms)
2020-06-02 15:48:40 0:0:0:0:0:0:0:1 200 "GET /member/signup HTTP/1.1" 911 (22 ms)
2020-06-02 15:48:40 0:0:0:0:0:0:0:1 200 "GET /js/bundle/member/member.bundle.js HTTP/1.1" 1744048 (25 ms)
2020-06-02 15:48:41 0:0:0:0:0:0:0:1 200 "GET /js/bundle/member/member.bundle.js.map HTTP/1.1" 2051181 (22 ms)
2020-06-02 15:48:41 0:0:0:0:0:0:0:1 404 "GET /favicon.ico HTTP/1.1" 1032 (16 ms)
2020-06-02 15:49:49 0:0:0:0:0:0:0:1 200 "GET /member/signup HTTP/1.1" 911 (33 ms)
2020-06-02 15:49:49 0:0:0:0:0:0:0:1 200 "GET /js/bundle/member/member.bundle.js HTTP/1.1" 1744270 (67 ms)
2020-06-02 15:49:49 0:0:0:0:0:0:0:1 200 "GET /js/bundle/member/member.bundle.js.map HTTP/1.1" 2051478 (20 ms)
2020-06-02 15:49:49 0:0:0:0:0:0:0:1 404 "GET /favicon.ico HTTP/1.1" 1032 (8 ms)
2020-06-02 15:49:50 0:0:0:0:0:0:0:1 200 "GET /member/signup HTTP/1.1" 911 (5 ms)
2020-06-02 15:49:50 0:0:0:0:0:0:0:1 200 "GET /js/bundle/member/member.bundle.js HTTP/1.1" 1744270 (18 ms)
2020-06-02 15:49:50 0:0:0:0:0:0:0:1 200 "GET /js/bundle/member/member.bundle.js.map HTTP/1.1" 2051478 (15 ms)
2020-06-02 15:49:50 0:0:0:0:0:0:0:1 404 "GET /favicon.ico HTTP/1.1" 1032 (6 ms)
2020-06-02 15:51:59 0:0:0:0:0:0:0:1 200 "GET /member/signup HTTP/1.1" 911 (40 ms)
2020-06-02 15:51:59 0:0:0:0:0:0:0:1 200 "GET /js/bundle/member/member.bundle.js HTTP/1.1" 1744287 (57 ms)
2020-06-02 15:52:00 0:0:0:0:0:0:0:1 200 "GET /js/bundle/member/member.bundle.js.map HTTP/1.1" 2051502 (20 ms)
2020-06-02 15:52:00 0:0:0:0:0:0:0:1 404 "GET /favicon.ico HTTP/1.1" 1032 (10 ms)
2020-06-02 15:52:44 0:0:0:0:0:0:0:1 200 "GET /member/signup HTTP/1.1" 911 (39 ms)
2020-06-02 15:52:45 0:0:0:0:0:0:0:1 200 "GET /js/bundle/member/member.bundle.js HTTP/1.1" 1744301 (59 ms)
2020-06-02 15:52:45 0:0:0:0:0:0:0:1 200 "GET /js/bundle/member/member.bundle.js.map HTTP/1.1" 2051523 (16 ms)
2020-06-02 15:52:45 0:0:0:0:0:0:0:1 404 "GET /favicon.ico HTTP/1.1" 1032 (6 ms)
2020-06-02 15:52:45 0:0:0:0:0:0:0:1 200 "GET /member/signup HTTP/1.1" 911 (11 ms)
2020-06-02 15:52:45 0:0:0:0:0:0:0:1 200 "GET /js/bundle/member/member.bundle.js HTTP/1.1" 1744301 (13 ms)
2020-06-02 15:52:45 0:0:0:0:0:0:0:1 200 "GET /js/bundle/member/member.bundle.js.map HTTP/1.1" 2051523 (15 ms)
2020-06-02 15:52:45 0:0:0:0:0:0:0:1 404 "GET /favicon.ico HTTP/1.1" 1032 (4 ms)
2020-06-02 15:55:52 0:0:0:0:0:0:0:1 200 "GET /member/signup HTTP/1.1" 911 (35 ms)
2020-06-02 15:55:52 0:0:0:0:0:0:0:1 200 "GET /js/bundle/member/member.bundle.js HTTP/1.1" 1744362 (49 ms)
2020-06-02 15:55:53 0:0:0:0:0:0:0:1 200 "GET /js/bundle/member/member.bundle.js.map HTTP/1.1" 2051607 (16 ms)
2020-06-02 15:55:53 0:0:0:0:0:0:0:1 404 "GET /favicon.ico HTTP/1.1" 1032 (10 ms)
2020-06-02 16:03:48 0:0:0:0:0:0:0:1 200 "GET /member/signup HTTP/1.1" 911 (21 ms)
2020-06-02 16:03:49 0:0:0:0:0:0:0:1 200 "GET /js/bundle/member/member.bundle.js HTTP/1.1" 1744454 (50 ms)
2020-06-02 16:03:49 0:0:0:0:0:0:0:1 200 "GET /js/bundle/member/member.bundle.js.map HTTP/1.1" 2051736 (15 ms)
2020-06-02 16:03:49 0:0:0:0:0:0:0:1 404 "GET /favicon.ico HTTP/1.1" 1032 (10 ms)
2020-06-02 16:03:49 0:0:0:0:0:0:0:1 200 "GET /member/signup HTTP/1.1" 911 (3 ms)
2020-06-02 16:03:49 0:0:0:0:0:0:0:1 200 "GET /js/bundle/member/member.bundle.js HTTP/1.1" 1744454 (16 ms)
2020-06-02 16:03:49 0:0:0:0:0:0:0:1 200 "GET /js/bundle/member/member.bundle.js.map HTTP/1.1" 2051736 (15 ms)
2020-06-02 16:03:49 0:0:0:0:0:0:0:1 404 "GET /favicon.ico HTTP/1.1" 1032 (4 ms)
2020-06-02 16:07:17 0:0:0:0:0:0:0:1 200 "GET /member/signup HTTP/1.1" 911 (29 ms)
2020-06-02 16:07:17 0:0:0:0:0:0:0:1 200 "GET /js/bundle/member/member.bundle.js HTTP/1.1" 1744470 (63 ms)
2020-06-02 16:07:17 0:0:0:0:0:0:0:1 200 "GET /js/bundle/member/member.bundle.js.map HTTP/1.1" 2051789 (21 ms)
2020-06-02 16:07:17 0:0:0:0:0:0:0:1 404 "GET /favicon.ico HTTP/1.1" 1032 (10 ms)
2020-06-02 16:07:18 0:0:0:0:0:0:0:1 200 "GET /member/signup HTTP/1.1" 911 (5 ms)
2020-06-02 16:07:18 0:0:0:0:0:0:0:1 200 "GET /js/bundle/member/member.bundle.js HTTP/1.1" 1744470 (16 ms)
2020-06-02 16:07:18 0:0:0:0:0:0:0:1 200 "GET /js/bundle/member/member.bundle.js.map HTTP/1.1" 2051789 (16 ms)
2020-06-02 16:07:18 0:0:0:0:0:0:0:1 404 "GET /favicon.ico HTTP/1.1" 1032 (4 ms)
2020-06-02 16:08:59 0:0:0:0:0:0:0:1 200 "GET /member/signup HTTP/1.1" 911 (23 ms)
2020-06-02 16:08:59 0:0:0:0:0:0:0:1 200 "GET /js/bundle/member/member.bundle.js HTTP/1.1" 1744522 (59 ms)
2020-06-02 16:08:59 0:0:0:0:0:0:0:1 200 "GET /js/bundle/member/member.bundle.js.map HTTP/1.1" 2051900 (18 ms)
2020-06-02 16:08:59 0:0:0:0:0:0:0:1 404 "GET /favicon.ico HTTP/1.1" 1032 (9 ms)
2020-06-02 16:09:00 0:0:0:0:0:0:0:1 200 "GET /member/signup HTTP/1.1" 911 (4 ms)
2020-06-02 16:09:00 0:0:0:0:0:0:0:1 200 "GET /js/bundle/member/member.bundle.js HTTP/1.1" 1744522 (15 ms)
2020-06-02 16:09:00 0:0:0:0:0:0:0:1 200 "GET /js/bundle/member/member.bundle.js.map HTTP/1.1" 2051900 (16 ms)
2020-06-02 16:09:00 0:0:0:0:0:0:0:1 404 "GET /favicon.ico HTTP/1.1" 1032 (3 ms)
2020-06-02 16:09:59 0:0:0:0:0:0:0:1 200 "GET /member/signup HTTP/1.1" 911 (37 ms)
2020-06-02 16:10:00 0:0:0:0:0:0:0:1 200 "GET /js/bundle/member/member.bundle.js HTTP/1.1" 1744526 (69 ms)
2020-06-02 16:10:00 0:0:0:0:0:0:0:1 200 "GET /js/bundle/member/member.bundle.js.map HTTP/1.1" 2051928 (18 ms)
2020-06-02 16:10:00 0:0:0:0:0:0:0:1 404 "GET /favicon.ico HTTP/1.1" 1032 (10 ms)
2020-06-02 16:10:01 0:0:0:0:0:0:0:1 200 "GET /member/signup HTTP/1.1" 911 (5 ms)
2020-06-02 16:10:01 0:0:0:0:0:0:0:1 200 "GET /js/bundle/member/member.bundle.js HTTP/1.1" 1744526 (17 ms)
2020-06-02 16:10:01 0:0:0:0:0:0:0:1 200 "GET /js/bundle/member/member.bundle.js.map HTTP/1.1" 2051928 (15 ms)
2020-06-02 16:10:01 0:0:0:0:0:0:0:1 404 "GET /favicon.ico HTTP/1.1" 1032 (4 ms)
2020-06-02 16:10:59 0:0:0:0:0:0:0:1 200 "GET /member/signup HTTP/1.1" 911 (44 ms)
2020-06-02 16:10:59 0:0:0:0:0:0:0:1 200 "GET /js/bundle/member/member.bundle.js HTTP/1.1" 1744524 (62 ms)
2020-06-02 16:10:59 0:0:0:0:0:0:0:1 200 "GET /js/bundle/member/member.bundle.js.map HTTP/1.1" 2051915 (18 ms)
2020-06-02 16:10:59 0:0:0:0:0:0:0:1 404 "GET /favicon.ico HTTP/1.1" 1032 (7 ms)
2020-06-02 16:11:08 0:0:0:0:0:0:0:1 200 "GET /member/signup HTTP/1.1" 911 (15 ms)
2020-06-02 16:11:08 0:0:0:0:0:0:0:1 200 "GET /js/bundle/member/member.bundle.js HTTP/1.1" 1744524 (19 ms)
2020-06-02 16:11:08 0:0:0:0:0:0:0:1 200 "GET /js/bundle/member/member.bundle.js.map HTTP/1.1" 2051915 (18 ms)
2020-06-02 16:11:08 0:0:0:0:0:0:0:1 404 "GET /favicon.ico HTTP/1.1" 1032 (10 ms)
2020-06-02 16:13:53 0:0:0:0:0:0:0:1 200 "GET /member/signup HTTP/1.1" 911 (25 ms)
2020-06-02 16:13:53 0:0:0:0:0:0:0:1 200 "GET /js/bundle/member/member.bundle.js HTTP/1.1" 1744609 (70 ms)
2020-06-02 16:13:53 0:0:0:0:0:0:0:1 200 "GET /js/bundle/member/member.bundle.js.map HTTP/1.1" 2052055 (17 ms)
2020-06-02 16:13:53 0:0:0:0:0:0:0:1 404 "GET /favicon.ico HTTP/1.1" 1032 (8 ms)
2020-06-02 16:13:55 0:0:0:0:0:0:0:1 200 "GET /member/signup HTTP/1.1" 911 (3 ms)
2020-06-02 16:13:55 0:0:0:0:0:0:0:1 200 "GET /js/bundle/member/member.bundle.js HTTP/1.1" 1744609 (19 ms)
2020-06-02 16:13:55 0:0:0:0:0:0:0:1 200 "GET /js/bundle/member/member.bundle.js.map HTTP/1.1" 2052055 (13 ms)
2020-06-02 16:13:55 0:0:0:0:0:0:0:1 404 "GET /favicon.ico HTTP/1.1" 1032 (5 ms)
2020-06-02 16:15:06 0:0:0:0:0:0:0:1 200 "GET /member/signup HTTP/1.1" 911 (46 ms)
2020-06-02 16:15:06 0:0:0:0:0:0:0:1 200 "GET /js/bundle/member/member.bundle.js HTTP/1.1" 1744609 (22 ms)
2020-06-02 16:15:07 0:0:0:0:0:0:0:1 200 "GET /js/bundle/member/member.bundle.js.map HTTP/1.1" 2052055 (16 ms)
2020-06-02 16:15:07 0:0:0:0:0:0:0:1 404 "GET /favicon.ico HTTP/1.1" 1032 (9 ms)
2020-06-02 16:15:07 0:0:0:0:0:0:0:1 200 "GET /member/signup HTTP/1.1" 911 (2 ms)
2020-06-02 16:15:07 0:0:0:0:0:0:0:1 200 "GET /js/bundle/member/member.bundle.js HTTP/1.1" 1744671 (37 ms)
2020-06-02 16:15:07 0:0:0:0:0:0:0:1 200 "GET /js/bundle/member/member.bundle.js.map HTTP/1.1" 2052140 (18 ms)
2020-06-02 16:15:07 0:0:0:0:0:0:0:1 404 "GET /favicon.ico HTTP/1.1" 1032 (4 ms)
2020-06-02 16:25:54 0:0:0:0:0:0:0:1 200 "GET /member/signup HTTP/1.1" 911 (20 ms)
2020-06-02 16:25:54 0:0:0:0:0:0:0:1 404 "GET /js/bundle/member/member.bundle.js HTTP/1.1" 991 (26 ms)
2020-06-02 16:25:54 0:0:0:0:0:0:0:1 404 "GET /favicon.ico HTTP/1.1" 1032 (8 ms)
2020-06-02 16:25:54 0:0:0:0:0:0:0:1 200 "GET /member/signup HTTP/1.1" 911 (8 ms)
2020-06-02 16:25:54 0:0:0:0:0:0:0:1 200 "GET /js/bundle/member/member.bundle.js HTTP/1.1" 1744675 (30 ms)
2020-06-02 16:25:54 0:0:0:0:0:0:0:1 404 "GET /favicon.ico HTTP/1.1" 1032 (5 ms)
2020-06-02 16:26:30 0:0:0:0:0:0:0:1 200 "GET /member/signup HTTP/1.1" 911 (19 ms)
2020-06-02 16:26:30 0:0:0:0:0:0:0:1 200 "GET /js/bundle/member/member.bundle.js HTTP/1.1" 1744675 (50 ms)
2020-06-02 16:26:30 0:0:0:0:0:0:0:1 404 "GET /favicon.ico HTTP/1.1" 1032 (8 ms)
2020-06-02 16:26:31 0:0:0:0:0:0:0:1 200 "GET /member/signup HTTP/1.1" 911 (3 ms)
2020-06-02 16:26:31 0:0:0:0:0:0:0:1 200 "GET /js/bundle/member/member.bundle.js HTTP/1.1" 1744675 (16 ms)
2020-06-02 16:26:31 0:0:0:0:0:0:0:1 404 "GET /favicon.ico HTTP/1.1" 1032 (3 ms)
2020-06-02 16:26:41 0:0:0:0:0:0:0:1 200 "GET /js/bundle/member/member.bundle.js.map HTTP/1.1" 2052147 (30 ms)
2020-06-02 16:27:06 0:0:0:0:0:0:0:1 200 "GET /member/signup HTTP/1.1" 911 (19 ms)
2020-06-02 16:27:06 0:0:0:0:0:0:0:1 200 "GET /js/bundle/member/member.bundle.js HTTP/1.1" 1744675 (20 ms)
2020-06-02 16:27:06 0:0:0:0:0:0:0:1 404 "GET /favicon.ico HTTP/1.1" 1032 (6 ms)
2020-06-02 16:27:07 0:0:0:0:0:0:0:1 200 "GET /member/signup HTTP/1.1" 911 (5 ms)
2020-06-02 16:27:07 0:0:0:0:0:0:0:1 200 "GET /js/bundle/member/member.bundle.js HTTP/1.1" 1744630 (32 ms)
2020-06-02 16:27:07 0:0:0:0:0:0:0:1 404 "GET /favicon.ico HTTP/1.1" 1032 (3 ms)
2020-06-02 16:28:50 0:0:0:0:0:0:0:1 200 "GET /member/signup HTTP/1.1" 911 (38 ms)
2020-06-02 16:28:50 0:0:0:0:0:0:0:1 200 "GET /js/bundle/member/member.bundle.js HTTP/1.1" 1744630 (28 ms)
2020-06-02 16:28:50 0:0:0:0:0:0:0:1 404 "GET /favicon.ico HTTP/1.1" 1032 (8 ms)
2020-06-02 16:39:27 0:0:0:0:0:0:0:1 200 "GET /member/signup HTTP/1.1" 911 (1243 ms)
2020-06-02 16:39:27 0:0:0:0:0:0:0:1 200 "GET /js/bundle/member/member.bundle.js HTTP/1.1" 1744670 (86 ms)
2020-06-02 16:39:28 0:0:0:0:0:0:0:1 404 "GET /favicon.ico HTTP/1.1" 1032 (187 ms)
2020-06-02 16:39:47 0:0:0:0:0:0:0:1 200 "POST /member/signupProcess HTTP/1.1" 1000 (382 ms)
2020-06-02 16:39:48 0:0:0:0:0:0:0:1 405 "GET /member/signupProcess HTTP/1.1" 1041 (21 ms)
2020-06-02 16:50:02 0:0:0:0:0:0:0:1 200 "GET /member/signup HTTP/1.1" 911 (339 ms)
2020-06-02 16:50:02 0:0:0:0:0:0:0:1 200 "GET /js/bundle/member/member.bundle.js HTTP/1.1" 1744670 (177 ms)
2020-06-02 16:50:03 0:0:0:0:0:0:0:1 200 "GET /member/signup HTTP/1.1" 911 (12 ms)
2020-06-02 16:50:03 0:0:0:0:0:0:0:1 200 "GET /js/bundle/member/member.bundle.js HTTP/1.1" 1744670 (30 ms)
2020-06-02 16:50:21 0:0:0:0:0:0:0:1 200 "POST /member/signupProcess HTTP/1.1" 1000 (390 ms)
2020-06-02 16:50:21 0:0:0:0:0:0:0:1 405 "GET /member/signupProcess HTTP/1.1" 1041 (71 ms)
2020-06-02 16:57:44 0:0:0:0:0:0:0:1 302 "GET / HTTP/1.1" - (133 ms)
2020-06-02 16:57:44 0:0:0:0:0:0:0:1 302 "GET / HTTP/1.1" - (134 ms)
2020-06-02 16:57:44 0:0:0:0:0:0:0:1 200 "GET /main/index HTTP/1.1" 936 (277 ms)
2020-06-02 16:57:44 0:0:0:0:0:0:0:1 200 "GET /member/signup HTTP/1.1" 911 (419 ms)
2020-06-02 16:57:44 0:0:0:0:0:0:0:1 200 "GET /js/bundle/main/main.bundle.js HTTP/1.1" 968364 (76 ms)
2020-06-02 16:57:47 0:0:0:0:0:0:0:1 200 "GET /member/signup HTTP/1.1" 911 (7 ms)
2020-06-02 16:57:47 0:0:0:0:0:0:0:1 200 "GET /js/bundle/member/member.bundle.js HTTP/1.1" 1744670 (32 ms)
2020-06-02 16:58:06 0:0:0:0:0:0:0:1 200 "POST /member/signupProcess HTTP/1.1" 1000 (410 ms)
2020-06-02 16:58:06 0:0:0:0:0:0:0:1 405 "GET /member/signupProcess HTTP/1.1" 1041 (35 ms)
2020-06-02 16:58:55 0:0:0:0:0:0:0:1 200 "GET /member/signup HTTP/1.1" 911 (23 ms)
2020-06-02 16:58:55 0:0:0:0:0:0:0:1 200 "GET /js/bundle/member/member.bundle.js HTTP/1.1" 1744670 (35 ms)
2020-06-02 17:06:44 0:0:0:0:0:0:0:1 200 "POST /member/signupProcess HTTP/1.1" 1000 (417930 ms)
2020-06-02 17:06:44 0:0:0:0:0:0:0:1 405 "GET /member/signupProcess HTTP/1.1" 1041 (22 ms)
2020-06-02 17:08:08 0:0:0:0:0:0:0:1 302 "GET / HTTP/1.1" - (19 ms)
2020-06-02 17:08:08 0:0:0:0:0:0:0:1 200 "GET /main/index HTTP/1.1" 936 (83 ms)
2020-06-02 17:08:08 0:0:0:0:0:0:0:1 200 "GET /js/bundle/main/main.bundle.js HTTP/1.1" 968364 (23 ms)
2020-06-02 17:08:09 0:0:0:0:0:0:0:1 200 "GET /member/signup HTTP/1.1" 911 (12 ms)
2020-06-02 17:08:09 0:0:0:0:0:0:0:1 200 "GET /js/bundle/member/member.bundle.js HTTP/1.1" 1744670 (29 ms)
2020-06-02 17:08:51 0:0:0:0:0:0:0:1 200 "POST /member/signupProcess HTTP/1.1" 1000 (24945 ms)
2020-06-02 17:08:51 0:0:0:0:0:0:0:1 405 "GET /member/signupProcess HTTP/1.1" 1041 (34 ms)
2020-06-02 17:09:08 0:0:0:0:0:0:0:1 302 "GET / HTTP/1.1" - (5 ms)
2020-06-02 17:09:08 0:0:0:0:0:0:0:1 200 "GET /main/index HTTP/1.1" 936 (17 ms)
2020-06-02 17:09:08 0:0:0:0:0:0:0:1 200 "GET /js/bundle/main/main.bundle.js HTTP/1.1" 968364 (15 ms)
2020-06-02 17:09:08 0:0:0:0:0:0:0:1 200 "GET /member/signup HTTP/1.1" 911 (8 ms)
2020-06-02 17:09:08 0:0:0:0:0:0:0:1 200 "GET /js/bundle/member/member.bundle.js HTTP/1.1" 1744670 (25 ms)
2020-06-02 17:13:07 0:0:0:0:0:0:0:1 200 "GET /member/signup HTTP/1.1" 911 (96 ms)
2020-06-02 17:13:07 0:0:0:0:0:0:0:1 200 "GET /js/bundle/member/member.bundle.js HTTP/1.1" 1744670 (23 ms)
2020-06-02 17:13:08 0:0:0:0:0:0:0:1 200 "GET /member/signup HTTP/1.1" 911 (18 ms)
2020-06-02 17:13:08 0:0:0:0:0:0:0:1 200 "GET /js/bundle/member/member.bundle.js HTTP/1.1" 1744670 (23 ms)
2020-06-02 17:13:08 0:0:0:0:0:0:0:1 404 "GET /favicon.ico HTTP/1.1" 1032 (20 ms)
2020-06-02 17:14:09 0:0:0:0:0:0:0:1 200 "POST /member/signupProcess HTTP/1.1" 1000 (43137 ms)
2020-06-02 17:14:09 0:0:0:0:0:0:0:1 405 "GET /member/signupProcess HTTP/1.1" 1041 (25 ms)
2020-06-02 17:21:06 0:0:0:0:0:0:0:1 405 "GET /member/signupProcess HTTP/1.1" 1041 (322 ms)
2020-06-02 17:21:07 0:0:0:0:0:0:0:1 302 "GET / HTTP/1.1" - (12 ms)
2020-06-02 17:21:07 0:0:0:0:0:0:0:1 200 "GET /main/index HTTP/1.1" 936 (30 ms)
2020-06-02 17:21:07 0:0:0:0:0:0:0:1 200 "GET /js/bundle/main/main.bundle.js HTTP/1.1" 968364 (54 ms)
2020-06-02 17:21:08 0:0:0:0:0:0:0:1 200 "GET /member/signup HTTP/1.1" 911 (8 ms)
2020-06-02 17:21:08 0:0:0:0:0:0:0:1 200 "GET /js/bundle/member/member.bundle.js HTTP/1.1" 1744670 (29 ms)
2020-06-02 17:21:59 0:0:0:0:0:0:0:1 200 "POST /member/signupProcess HTTP/1.1" 1000 (43905 ms)
2020-06-02 17:21:59 0:0:0:0:0:0:0:1 405 "GET /member/signupProcess HTTP/1.1" 1041 (24 ms)
2020-06-02 17:23:22 0:0:0:0:0:0:0:1 302 "GET / HTTP/1.1" - (111 ms)
2020-06-02 17:23:22 0:0:0:0:0:0:0:1 200 "GET /main/index HTTP/1.1" 936 (250 ms)
2020-06-02 17:23:22 0:0:0:0:0:0:0:1 200 "GET /js/bundle/main/main.bundle.js HTTP/1.1" 968364 (70 ms)
2020-06-02 17:23:23 0:0:0:0:0:0:0:1 200 "GET /member/signup HTTP/1.1" 911 (13 ms)
2020-06-02 17:23:23 0:0:0:0:0:0:0:1 200 "GET /js/bundle/member/member.bundle.js HTTP/1.1" 1744670 (44 ms)
2020-06-02 17:23:58 0:0:0:0:0:0:0:1 200 "POST /member/signupProcess HTTP/1.1" 1000 (22427 ms)
2020-06-02 17:23:58 0:0:0:0:0:0:0:1 405 "GET /member/signupProcess HTTP/1.1" 1041 (51 ms)
2020-06-02 17:27:53 0:0:0:0:0:0:0:1 200 "GET /member/signup HTTP/1.1" 911 (57 ms)
2020-06-02 17:27:53 0:0:0:0:0:0:0:1 200 "GET /js/bundle/member/member.bundle.js HTTP/1.1" 1744670 (34 ms)
2020-06-02 17:30:18 0:0:0:0:0:0:0:1 200 "POST /member/signupProcess HTTP/1.1" 1000 (138970 ms)
2020-06-02 17:30:18 0:0:0:0:0:0:0:1 405 "GET /member/signupProcess HTTP/1.1" 1041 (22 ms)
2020-06-02 17:31:20 0:0:0:0:0:0:0:1 200 "GET /member/signup HTTP/1.1" 911 (290 ms)
2020-06-02 17:31:20 0:0:0:0:0:0:0:1 200 "GET /js/bundle/member/member.bundle.js HTTP/1.1" 1744670 (85 ms)
2020-06-02 17:31:48 0:0:0:0:0:0:0:1 200 "POST /member/signupProcess HTTP/1.1" 1000 (21022 ms)
2020-06-02 17:31:48 0:0:0:0:0:0:0:1 405 "GET /member/signupProcess HTTP/1.1" 1041 (55 ms)
2020-06-02 17:33:05 0:0:0:0:0:0:0:1 200 "GET /member/signup HTTP/1.1" 911 (65 ms)
2020-06-02 17:33:05 0:0:0:0:0:0:0:1 200 "GET /js/bundle/member/member.bundle.js HTTP/1.1" 1744670 (44 ms)
2020-06-02 17:33:51 0:0:0:0:0:0:0:1 200 "POST /member/signupProcess HTTP/1.1" 1000 (39862 ms)
2020-06-02 17:33:51 0:0:0:0:0:0:0:1 405 "GET /member/signupProcess HTTP/1.1" 1041 (27 ms)
2020-06-02 17:34:01 0:0:0:0:0:0:0:1 200 "GET /member/signup HTTP/1.1" 911 (23 ms)
2020-06-02 17:34:01 0:0:0:0:0:0:0:1 200 "GET /js/bundle/member/member.bundle.js HTTP/1.1" 1744670 (26 ms)
2020-06-02 17:37:13 0:0:0:0:0:0:0:1 200 "POST /member/signupProcess HTTP/1.1" 1000 (186460 ms)
2020-06-02 17:37:13 0:0:0:0:0:0:0:1 405 "GET /member/signupProcess HTTP/1.1" 1041 (17 ms)
2020-06-02 17:43:18 0:0:0:0:0:0:0:1 200 "GET /member/signup HTTP/1.1" 911 (275 ms)
2020-06-02 17:43:18 0:0:0:0:0:0:0:1 200 "GET /js/bundle/member/member.bundle.js HTTP/1.1" 1744670 (103 ms)
2020-06-02 17:43:27 0:0:0:0:0:0:0:1 200 "POST /member/signupProcess HTTP/1.1" 1000 (522 ms)
2020-06-02 17:43:27 0:0:0:0:0:0:0:1 405 "GET /member/signupProcess HTTP/1.1" 1041 (43 ms)
2020-06-02 17:43:46 127.0.0.1 200 "GET /member/signup HTTP/1.1" 911 (338 ms)
2020-06-02 17:43:47 127.0.0.1 200 "GET /js/bundle/member/member.bundle.js HTTP/1.1" 1744670 (88 ms)
2020-06-02 17:44:38 127.0.0.1 200 "POST /member/signupProcess HTTP/1.1" 1000 (43837 ms)
2020-06-02 17:44:38 127.0.0.1 405 "GET /member/signupProcess HTTP/1.1" 1041 (45 ms)
2020-06-02 17:44:57 127.0.0.1 200 "GET /member/signup HTTP/1.1" 911 (29 ms)
2020-06-02 17:44:57 127.0.0.1 200 "GET /js/bundle/member/member.bundle.js HTTP/1.1" 1744670 (35 ms)
2020-06-02 17:45:56 127.0.0.1 200 "POST /member/signupProcess HTTP/1.1" 1000 (52655 ms)
2020-06-02 17:45:56 127.0.0.1 405 "GET /member/signupProcess HTTP/1.1" 1041 (23 ms)
2020-06-02 17:54:46 0:0:0:0:0:0:0:1 200 "GET /member/signup HTTP/1.1" 911 (85 ms)
2020-06-02 17:54:46 0:0:0:0:0:0:0:1 200 "GET /js/bundle/member/member.bundle.js HTTP/1.1" 1744670 (39 ms)
2020-06-02 17:55:42 0:0:0:0:0:0:0:1 200 "POST /member/signupProcess HTTP/1.1" 1000 (49943 ms)
2020-06-02 17:55:42 0:0:0:0:0:0:0:1 405 "GET /member/signupProcess HTTP/1.1" 1041 (26 ms)
2020-06-02 17:56:08 0:0:0:0:0:0:0:1 200 "GET /member/signup HTTP/1.1" 911 (23 ms)
2020-06-02 17:56:08 0:0:0:0:0:0:0:1 200 "GET /js/bundle/member/member.bundle.js HTTP/1.1" 1744670 (21 ms)
2020-06-02 17:56:46 0:0:0:0:0:0:0:1 200 "POST /member/signupProcess HTTP/1.1" 1000 (31006 ms)
2020-06-02 17:56:46 0:0:0:0:0:0:0:1 405 "GET /member/signupProcess HTTP/1.1" 1041 (18 ms)
2020-06-02 18:32:13 0:0:0:0:0:0:0:1 200 "GET /member/signup HTTP/1.1" 911 (79 ms)
2020-06-02 18:32:13 0:0:0:0:0:0:0:1 200 "GET /js/bundle/member/member.bundle.js HTTP/1.1" 1744670 (31 ms)
2020-06-02 18:32:14 0:0:0:0:0:0:0:1 200 "GET /member/signup HTTP/1.1" 911 (23 ms)
2020-06-02 18:32:14 0:0:0:0:0:0:0:1 200 "GET /js/bundle/member/member.bundle.js HTTP/1.1" 1744670 (23 ms)
2020-06-02 18:32:14 0:0:0:0:0:0:0:1 404 "GET /favicon.ico HTTP/1.1" 1032 (18 ms)
