2020-06-01 13:09:31 0:0:0:0:0:0:0:1 302 "GET / HTTP/1.1" - (94 ms)
2020-06-01 13:09:31 0:0:0:0:0:0:0:1 200 "GET /main/index HTTP/1.1" 936 (216 ms)
2020-06-01 13:09:31 0:0:0:0:0:0:0:1 200 "GET /js/bundle/main/main.bundle.js HTTP/1.1" 968364 (114 ms)
2020-06-01 13:09:32 0:0:0:0:0:0:0:1 404 "GET /favicon.ico HTTP/1.1" 1032 (51 ms)
2020-06-01 13:09:32 0:0:0:0:0:0:0:1 200 "GET /member/signup HTTP/1.1" 911 (7 ms)
2020-06-01 13:09:32 0:0:0:0:0:0:0:1 200 "GET /js/bundle/member/member.bundle.js HTTP/1.1" 1741261 (45 ms)
2020-06-01 13:09:33 0:0:0:0:0:0:0:1 404 "GET /favicon.ico HTTP/1.1" 1032 (13 ms)
2020-06-01 13:09:40 0:0:0:0:0:0:0:1 302 "GET / HTTP/1.1" - (5 ms)
2020-06-01 13:09:40 0:0:0:0:0:0:0:1 200 "GET /main/index HTTP/1.1" 936 (17 ms)
2020-06-01 13:09:40 0:0:0:0:0:0:0:1 200 "GET /js/bundle/main/main.bundle.js HTTP/1.1" 968364 (14 ms)
2020-06-01 13:09:41 0:0:0:0:0:0:0:1 302 "GET / HTTP/1.1" - (3 ms)
2020-06-01 13:09:41 0:0:0:0:0:0:0:1 200 "GET /main/index HTTP/1.1" 936 (8 ms)
2020-06-01 13:09:41 0:0:0:0:0:0:0:1 200 "GET /js/bundle/main/main.bundle.js HTTP/1.1" 968364 (21 ms)
2020-06-01 13:09:41 0:0:0:0:0:0:0:1 404 "GET /favicon.ico HTTP/1.1" 1032 (16 ms)
2020-06-01 13:09:42 0:0:0:0:0:0:0:1 200 "GET /member/signup HTTP/1.1" 911 (10 ms)
2020-06-01 13:09:42 0:0:0:0:0:0:0:1 200 "GET /js/bundle/member/member.bundle.js HTTP/1.1" 1741261 (22 ms)
2020-06-01 13:10:02 0:0:0:0:0:0:0:1 200 "GET /member/signup HTTP/1.1" 911 (17 ms)
2020-06-01 13:10:02 0:0:0:0:0:0:0:1 200 "GET /js/bundle/member/member.bundle.js HTTP/1.1" 1741261 (23 ms)
2020-06-01 13:10:20 0:0:0:0:0:0:0:1 200 "GET /js/bundle/member/member.bundle.js.map HTTP/1.1" 2046359 (63 ms)
2020-06-01 13:10:37 0:0:0:0:0:0:0:1 200 "GET /member/signup HTTP/1.1" 911 (48 ms)
2020-06-01 13:10:37 0:0:0:0:0:0:0:1 200 "GET /js/bundle/member/member.bundle.js HTTP/1.1" 1741279 (49 ms)
2020-06-01 13:10:37 0:0:0:0:0:0:0:1 404 "GET /favicon.ico HTTP/1.1" 1032 (10 ms)
2020-06-01 13:10:37 0:0:0:0:0:0:0:1 200 "GET /member/signup HTTP/1.1" 911 (18 ms)
2020-06-01 13:10:37 0:0:0:0:0:0:0:1 200 "GET /js/bundle/member/member.bundle.js HTTP/1.1" 1741279 (23 ms)
2020-06-01 13:10:37 0:0:0:0:0:0:0:1 404 "GET /favicon.ico HTTP/1.1" 1032 (7 ms)
2020-06-01 13:10:52 0:0:0:0:0:0:0:1 200 "GET /member/signup HTTP/1.1" 911 (18 ms)
2020-06-01 13:10:52 0:0:0:0:0:0:0:1 200 "GET /js/bundle/member/member.bundle.js HTTP/1.1" 1741279 (21 ms)
2020-06-01 13:10:53 0:0:0:0:0:0:0:1 200 "GET /member/signup HTTP/1.1" 911 (13 ms)
2020-06-01 13:10:53 0:0:0:0:0:0:0:1 200 "GET /js/bundle/member/member.bundle.js HTTP/1.1" 1741279 (17 ms)
2020-06-01 13:10:54 0:0:0:0:0:0:0:1 200 "GET /member/signup HTTP/1.1" 911 (6 ms)
2020-06-01 13:10:54 0:0:0:0:0:0:0:1 200 "GET /js/bundle/member/member.bundle.js HTTP/1.1" 1741285 (35 ms)
2020-06-01 13:10:54 0:0:0:0:0:0:0:1 404 "GET /favicon.ico HTTP/1.1" 1032 (8 ms)
2020-06-01 13:11:17 0:0:0:0:0:0:0:1 200 "GET /js/bundle/member/member.bundle.js.map HTTP/1.1" 2046415 (28 ms)
2020-06-01 13:12:15 0:0:0:0:0:0:0:1 200 "GET /member/signup HTTP/1.1" 911 (39 ms)
2020-06-01 13:12:15 0:0:0:0:0:0:0:1 200 "GET /js/bundle/member/member.bundle.js HTTP/1.1" 1741321 (77 ms)
2020-06-01 13:12:15 0:0:0:0:0:0:0:1 200 "GET /js/bundle/member/member.bundle.js.map HTTP/1.1" 2046499 (18 ms)
2020-06-01 13:12:16 0:0:0:0:0:0:0:1 404 "GET /favicon.ico HTTP/1.1" 1032 (10 ms)
2020-06-01 13:12:16 0:0:0:0:0:0:0:1 200 "GET /member/signup HTTP/1.1" 911 (9 ms)
2020-06-01 13:12:16 0:0:0:0:0:0:0:1 200 "GET /js/bundle/member/member.bundle.js HTTP/1.1" 1741321 (30 ms)
2020-06-01 13:12:16 0:0:0:0:0:0:0:1 200 "GET /js/bundle/member/member.bundle.js.map HTTP/1.1" 2046499 (17 ms)
2020-06-01 13:12:16 0:0:0:0:0:0:0:1 404 "GET /favicon.ico HTTP/1.1" 1032 (7 ms)
2020-06-01 13:13:11 0:0:0:0:0:0:0:1 200 "GET /member/signup HTTP/1.1" 911 (38 ms)
2020-06-01 13:13:11 0:0:0:0:0:0:0:1 200 "GET /js/bundle/member/member.bundle.js HTTP/1.1" 1741321 (24 ms)
2020-06-01 13:13:11 0:0:0:0:0:0:0:1 200 "GET /js/bundle/member/member.bundle.js.map HTTP/1.1" 2046499 (28 ms)
2020-06-01 13:13:11 0:0:0:0:0:0:0:1 404 "GET /favicon.ico HTTP/1.1" 1032 (14 ms)
2020-06-01 13:13:12 0:0:0:0:0:0:0:1 200 "GET /member/signup HTTP/1.1" 911 (13 ms)
2020-06-01 13:13:12 0:0:0:0:0:0:0:1 200 "GET /js/bundle/member/member.bundle.js HTTP/1.1" 1741309 (53 ms)
2020-06-01 13:13:12 0:0:0:0:0:0:0:1 200 "GET /js/bundle/member/member.bundle.js.map HTTP/1.1" 2046520 (17 ms)
2020-06-01 13:13:12 0:0:0:0:0:0:0:1 404 "GET /favicon.ico HTTP/1.1" 1032 (7 ms)
2020-06-01 13:14:00 0:0:0:0:0:0:0:1 200 "GET /member/signup HTTP/1.1" 911 (23 ms)
2020-06-01 13:14:00 0:0:0:0:0:0:0:1 200 "GET /js/bundle/member/member.bundle.js HTTP/1.1" 1741309 (34 ms)
2020-06-01 13:14:00 0:0:0:0:0:0:0:1 200 "GET /js/bundle/member/member.bundle.js.map HTTP/1.1" 2046520 (20 ms)
2020-06-01 13:14:00 0:0:0:0:0:0:0:1 404 "GET /favicon.ico HTTP/1.1" 1032 (13 ms)
2020-06-01 13:14:01 0:0:0:0:0:0:0:1 200 "GET /member/signup HTTP/1.1" 911 (6 ms)
2020-06-01 13:14:01 0:0:0:0:0:0:0:1 200 "GET /js/bundle/member/member.bundle.js HTTP/1.1" 1741278 (50 ms)
2020-06-01 13:14:01 0:0:0:0:0:0:0:1 200 "GET /js/bundle/member/member.bundle.js.map HTTP/1.1" 2046426 (27 ms)
2020-06-01 13:14:01 0:0:0:0:0:0:0:1 404 "GET /favicon.ico HTTP/1.1" 1032 (8 ms)
2020-06-01 13:14:02 0:0:0:0:0:0:0:1 200 "GET /member/signup HTTP/1.1" 911 (5 ms)
2020-06-01 13:14:02 0:0:0:0:0:0:0:1 200 "GET /js/bundle/member/member.bundle.js HTTP/1.1" 1741278 (24 ms)
2020-06-01 13:14:02 0:0:0:0:0:0:0:1 200 "GET /js/bundle/member/member.bundle.js.map HTTP/1.1" 2046426 (18 ms)
2020-06-01 13:14:02 0:0:0:0:0:0:0:1 404 "GET /favicon.ico HTTP/1.1" 1032 (8 ms)
2020-06-01 13:15:47 0:0:0:0:0:0:0:1 200 "GET /member/signup HTTP/1.1" 911 (18 ms)
2020-06-01 13:15:47 0:0:0:0:0:0:0:1 200 "GET /js/bundle/member/member.bundle.js HTTP/1.1" 1741303 (46 ms)
2020-06-01 13:15:47 0:0:0:0:0:0:0:1 200 "GET /js/bundle/member/member.bundle.js.map HTTP/1.1" 2046492 (20 ms)
2020-06-01 13:15:47 0:0:0:0:0:0:0:1 404 "GET /favicon.ico HTTP/1.1" 1032 (18 ms)
2020-06-01 13:15:48 0:0:0:0:0:0:0:1 200 "GET /member/signup HTTP/1.1" 911 (6 ms)
2020-06-01 13:15:48 0:0:0:0:0:0:0:1 200 "GET /js/bundle/member/member.bundle.js HTTP/1.1" 1741303 (21 ms)
2020-06-01 13:15:48 0:0:0:0:0:0:0:1 200 "GET /js/bundle/member/member.bundle.js.map HTTP/1.1" 2046492 (15 ms)
2020-06-01 13:15:48 0:0:0:0:0:0:0:1 404 "GET /favicon.ico HTTP/1.1" 1032 (7 ms)
2020-06-01 13:17:22 0:0:0:0:0:0:0:1 200 "GET /js/bundle/member/member.bundle.js.map HTTP/1.1" 2046492 (26 ms)
2020-06-01 13:18:36 0:0:0:0:0:0:0:1 200 "GET /member/signup HTTP/1.1" 911 (36 ms)
2020-06-01 13:18:36 0:0:0:0:0:0:0:1 200 "GET /js/bundle/member/member.bundle.js HTTP/1.1" 1741376 (52 ms)
2020-06-01 13:18:36 0:0:0:0:0:0:0:1 200 "GET /js/bundle/member/member.bundle.js.map HTTP/1.1" 2046651 (17 ms)
2020-06-01 13:18:36 0:0:0:0:0:0:0:1 404 "GET /favicon.ico HTTP/1.1" 1032 (11 ms)
2020-06-01 13:18:40 0:0:0:0:0:0:0:1 200 "GET /member/signup HTTP/1.1" 911 (11 ms)
2020-06-01 13:18:40 0:0:0:0:0:0:0:1 200 "GET /js/bundle/member/member.bundle.js HTTP/1.1" 1741376 (21 ms)
2020-06-01 13:18:40 0:0:0:0:0:0:0:1 200 "GET /js/bundle/member/member.bundle.js.map HTTP/1.1" 2046651 (15 ms)
2020-06-01 13:18:40 0:0:0:0:0:0:0:1 404 "GET /favicon.ico HTTP/1.1" 1032 (7 ms)
2020-06-01 14:31:17 0:0:0:0:0:0:0:1 200 "GET /member/signup HTTP/1.1" 911 (47 ms)
2020-06-01 14:31:17 0:0:0:0:0:0:0:1 200 "GET /js/bundle/member/member.bundle.js HTTP/1.1" 1741333 (47 ms)
2020-06-01 14:31:17 0:0:0:0:0:0:0:1 404 "GET /favicon.ico HTTP/1.1" 1032 (9 ms)
2020-06-01 14:31:24 0:0:0:0:0:0:0:1 200 "GET /js/bundle/member/member.bundle.js.map HTTP/1.1" 2046474 (20 ms)
2020-06-01 15:14:36 0:0:0:0:0:0:0:1 200 "GET /js/bundle/member/member.bundle.js.map HTTP/1.1" 2046756 (24 ms)
2020-06-01 15:19:45 0:0:0:0:0:0:0:1 200 "GET /js/bundle/member/member.bundle.js.map HTTP/1.1" 2046756 (19 ms)
2020-06-01 15:20:17 0:0:0:0:0:0:0:1 200 "GET /member/signup HTTP/1.1" 911 (56 ms)
2020-06-01 15:20:17 0:0:0:0:0:0:0:1 200 "GET /js/bundle/member/member.bundle.js HTTP/1.1" 1741230 (53 ms)
2020-06-01 15:20:17 0:0:0:0:0:0:0:1 200 "GET /js/bundle/member/member.bundle.js.map HTTP/1.1" 2046756 (17 ms)
2020-06-01 15:20:17 0:0:0:0:0:0:0:1 404 "GET /favicon.ico HTTP/1.1" 1032 (12 ms)
2020-06-01 15:41:51 0:0:0:0:0:0:0:1 200 "GET /member/signup HTTP/1.1" 911 (17 ms)
2020-06-01 15:41:51 0:0:0:0:0:0:0:1 200 "GET /js/bundle/member/member.bundle.js HTTP/1.1" 1741297 (99 ms)
2020-06-01 15:41:51 0:0:0:0:0:0:0:1 200 "GET /js/bundle/member/member.bundle.js.map HTTP/1.1" 2046890 (23 ms)
2020-06-01 15:41:51 0:0:0:0:0:0:0:1 404 "GET /favicon.ico HTTP/1.1" 1032 (12 ms)
2020-06-01 15:41:55 0:0:0:0:0:0:0:1 200 "GET /member/signup HTTP/1.1" 911 (4 ms)
2020-06-01 15:41:55 0:0:0:0:0:0:0:1 200 "GET /js/bundle/member/member.bundle.js HTTP/1.1" 1741297 (25 ms)
2020-06-01 15:41:55 0:0:0:0:0:0:0:1 200 "GET /js/bundle/member/member.bundle.js.map HTTP/1.1" 2046890 (20 ms)
2020-06-01 15:41:55 0:0:0:0:0:0:0:1 404 "GET /favicon.ico HTTP/1.1" 1032 (11 ms)
2020-06-01 15:43:25 0:0:0:0:0:0:0:1 200 "GET /member/signup HTTP/1.1" 911 (35 ms)
2020-06-01 15:43:25 0:0:0:0:0:0:0:1 200 "GET /js/bundle/member/member.bundle.js HTTP/1.1" 1741333 (64 ms)
2020-06-01 15:43:25 0:0:0:0:0:0:0:1 200 "GET /js/bundle/member/member.bundle.js.map HTTP/1.1" 2046971 (17 ms)
2020-06-01 15:43:25 0:0:0:0:0:0:0:1 404 "GET /favicon.ico HTTP/1.1" 1032 (10 ms)
2020-06-01 15:47:54 0:0:0:0:0:0:0:1 200 "GET /member/signup HTTP/1.1" 911 (19 ms)
2020-06-01 15:47:54 0:0:0:0:0:0:0:1 200 "GET /js/bundle/member/member.bundle.js HTTP/1.1" 1741365 (64 ms)
2020-06-01 15:47:54 0:0:0:0:0:0:0:1 200 "GET /js/bundle/member/member.bundle.js.map HTTP/1.1" 2047041 (20 ms)
2020-06-01 15:47:54 0:0:0:0:0:0:0:1 404 "GET /favicon.ico HTTP/1.1" 1032 (8 ms)
2020-06-01 15:48:08 0:0:0:0:0:0:0:1 200 "GET /member/signup HTTP/1.1" 911 (25 ms)
2020-06-01 15:48:08 0:0:0:0:0:0:0:1 200 "GET /js/bundle/member/member.bundle.js HTTP/1.1" 1741393 (55 ms)
2020-06-01 15:48:08 0:0:0:0:0:0:0:1 200 "GET /js/bundle/member/member.bundle.js.map HTTP/1.1" 2047119 (16 ms)
2020-06-01 15:48:09 0:0:0:0:0:0:0:1 404 "GET /favicon.ico HTTP/1.1" 1032 (11 ms)
2020-06-01 15:48:09 0:0:0:0:0:0:0:1 200 "GET /member/signup HTTP/1.1" 911 (4 ms)
2020-06-01 15:48:09 0:0:0:0:0:0:0:1 200 "GET /js/bundle/member/member.bundle.js HTTP/1.1" 1741394 (45 ms)
2020-06-01 15:48:10 0:0:0:0:0:0:0:1 200 "GET /js/bundle/member/member.bundle.js.map HTTP/1.1" 2047112 (17 ms)
2020-06-01 15:48:10 0:0:0:0:0:0:0:1 404 "GET /favicon.ico HTTP/1.1" 1032 (5 ms)
2020-06-01 15:48:55 0:0:0:0:0:0:0:1 200 "GET /member/signup HTTP/1.1" 911 (19 ms)
2020-06-01 15:48:55 0:0:0:0:0:0:0:1 200 "GET /js/bundle/member/member.bundle.js HTTP/1.1" 1741394 (24 ms)
2020-06-01 15:48:55 0:0:0:0:0:0:0:1 200 "GET /js/bundle/member/member.bundle.js.map HTTP/1.1" 2047112 (20 ms)
2020-06-01 15:49:11 0:0:0:0:0:0:0:1 200 "GET /member/signup HTTP/1.1" 911 (13 ms)
2020-06-01 15:49:11 0:0:0:0:0:0:0:1 200 "GET /js/bundle/member/member.bundle.js HTTP/1.1" 1741394 (27 ms)
2020-06-01 15:49:11 0:0:0:0:0:0:0:1 200 "GET /js/bundle/member/member.bundle.js.map HTTP/1.1" 2047112 (19 ms)
2020-06-01 15:49:49 0:0:0:0:0:0:0:1 200 "GET /member/signup HTTP/1.1" 911 (14 ms)
2020-06-01 15:49:49 0:0:0:0:0:0:0:1 200 "GET /js/bundle/member/member.bundle.js HTTP/1.1" 1741394 (26 ms)
2020-06-01 15:49:49 0:0:0:0:0:0:0:1 200 "GET /js/bundle/member/member.bundle.js.map HTTP/1.1" 2047112 (23 ms)
2020-06-01 15:49:49 0:0:0:0:0:0:0:1 404 "GET /favicon.ico HTTP/1.1" 1032 (13 ms)
2020-06-01 15:58:37 0:0:0:0:0:0:0:1 200 "GET /member/signup HTTP/1.1" 911 (22 ms)
2020-06-01 15:58:38 0:0:0:0:0:0:0:1 200 "GET /js/bundle/member/member.bundle.js HTTP/1.1" 1741408 (85 ms)
2020-06-01 15:58:38 0:0:0:0:0:0:0:1 200 "GET /js/bundle/member/member.bundle.js.map HTTP/1.1" 2047134 (24 ms)
2020-06-01 15:58:38 0:0:0:0:0:0:0:1 404 "GET /favicon.ico HTTP/1.1" 1032 (17 ms)
2020-06-01 15:58:38 0:0:0:0:0:0:0:1 200 "GET /member/signup HTTP/1.1" 911 (14 ms)
2020-06-01 15:58:38 0:0:0:0:0:0:0:1 200 "GET /js/bundle/member/member.bundle.js HTTP/1.1" 1741408 (21 ms)
2020-06-01 15:58:38 0:0:0:0:0:0:0:1 200 "GET /js/bundle/member/member.bundle.js.map HTTP/1.1" 2047134 (16 ms)
2020-06-01 15:58:39 0:0:0:0:0:0:0:1 404 "GET /favicon.ico HTTP/1.1" 1032 (8 ms)
2020-06-01 15:58:50 0:0:0:0:0:0:0:1 200 "GET /member/signup HTTP/1.1" 911 (17 ms)
2020-06-01 15:58:50 0:0:0:0:0:0:0:1 200 "GET /js/bundle/member/member.bundle.js HTTP/1.1" 1741408 (29 ms)
2020-06-01 15:58:50 0:0:0:0:0:0:0:1 200 "GET /js/bundle/member/member.bundle.js.map HTTP/1.1" 2047134 (20 ms)
2020-06-01 15:58:51 0:0:0:0:0:0:0:1 404 "GET /favicon.ico HTTP/1.1" 1032 (11 ms)
2020-06-01 15:58:52 0:0:0:0:0:0:0:1 200 "GET /member/signup HTTP/1.1" 911 (7 ms)
2020-06-01 15:58:52 0:0:0:0:0:0:0:1 200 "GET /js/bundle/member/member.bundle.js HTTP/1.1" 1741408 (19 ms)
2020-06-01 15:58:52 0:0:0:0:0:0:0:1 200 "GET /js/bundle/member/member.bundle.js.map HTTP/1.1" 2047134 (15 ms)
2020-06-01 15:58:52 0:0:0:0:0:0:0:1 404 "GET /favicon.ico HTTP/1.1" 1032 (5 ms)
2020-06-01 15:59:25 0:0:0:0:0:0:0:1 200 "GET /member/signup HTTP/1.1" 911 (19 ms)
2020-06-01 15:59:26 0:0:0:0:0:0:0:1 200 "GET /js/bundle/member/member.bundle.js HTTP/1.1" 1741401 (71 ms)
2020-06-01 15:59:26 0:0:0:0:0:0:0:1 200 "GET /js/bundle/member/member.bundle.js.map HTTP/1.1" 2047100 (21 ms)
2020-06-01 15:59:26 0:0:0:0:0:0:0:1 404 "GET /favicon.ico HTTP/1.1" 1032 (13 ms)
2020-06-01 15:59:27 0:0:0:0:0:0:0:1 200 "GET /member/signup HTTP/1.1" 911 (8 ms)
2020-06-01 15:59:27 0:0:0:0:0:0:0:1 200 "GET /js/bundle/member/member.bundle.js HTTP/1.1" 1741401 (19 ms)
2020-06-01 15:59:27 0:0:0:0:0:0:0:1 200 "GET /js/bundle/member/member.bundle.js.map HTTP/1.1" 2047100 (18 ms)
2020-06-01 15:59:27 0:0:0:0:0:0:0:1 404 "GET /favicon.ico HTTP/1.1" 1032 (5 ms)
2020-06-01 16:00:51 0:0:0:0:0:0:0:1 200 "GET /member/signup HTTP/1.1" 911 (36 ms)
2020-06-01 16:00:51 0:0:0:0:0:0:0:1 200 "GET /js/bundle/member/member.bundle.js HTTP/1.1" 1741633 (54 ms)
2020-06-01 16:00:51 0:0:0:0:0:0:0:1 200 "GET /js/bundle/member/member.bundle.js.map HTTP/1.1" 2047136 (18 ms)
2020-06-01 16:00:51 0:0:0:0:0:0:0:1 404 "GET /favicon.ico HTTP/1.1" 1032 (11 ms)
2020-06-01 16:19:17 0:0:0:0:0:0:0:1 200 "GET /member/signup HTTP/1.1" 911 (19 ms)
2020-06-01 16:19:17 0:0:0:0:0:0:0:1 200 "GET /js/bundle/member/member.bundle.js HTTP/1.1" 1741408 (83 ms)
2020-06-01 16:19:18 0:0:0:0:0:0:0:1 200 "GET /js/bundle/member/member.bundle.js.map HTTP/1.1" 2047134 (24 ms)
2020-06-01 16:19:18 0:0:0:0:0:0:0:1 404 "GET /favicon.ico HTTP/1.1" 1032 (14 ms)
2020-06-01 16:19:41 0:0:0:0:0:0:0:1 200 "GET /member/signup HTTP/1.1" 911 (20 ms)
2020-06-01 16:19:41 0:0:0:0:0:0:0:1 200 "GET /js/bundle/member/member.bundle.js HTTP/1.1" 1741408 (28 ms)
2020-06-01 16:19:42 0:0:0:0:0:0:0:1 200 "GET /js/bundle/member/member.bundle.js.map HTTP/1.1" 2047134 (20 ms)
2020-06-01 16:19:42 0:0:0:0:0:0:0:1 404 "GET /favicon.ico HTTP/1.1" 1032 (8 ms)
2020-06-01 16:19:43 0:0:0:0:0:0:0:1 200 "GET /member/signup HTTP/1.1" 911 (4 ms)
2020-06-01 16:19:43 0:0:0:0:0:0:0:1 200 "GET /js/bundle/member/member.bundle.js HTTP/1.1" 1741409 (47 ms)
2020-06-01 16:19:43 0:0:0:0:0:0:0:1 200 "GET /js/bundle/member/member.bundle.js.map HTTP/1.1" 2047148 (37 ms)
2020-06-01 16:19:44 0:0:0:0:0:0:0:1 404 "GET /favicon.ico HTTP/1.1" 1032 (19 ms)
2020-06-01 16:19:53 0:0:0:0:0:0:0:1 200 "GET /member/signup HTTP/1.1" 911 (19 ms)
2020-06-01 16:19:53 0:0:0:0:0:0:0:1 200 "GET /js/bundle/member/member.bundle.js HTTP/1.1" 1741409 (22 ms)
2020-06-01 16:19:53 0:0:0:0:0:0:0:1 200 "GET /js/bundle/member/member.bundle.js.map HTTP/1.1" 2047148 (15 ms)
2020-06-01 16:19:53 0:0:0:0:0:0:0:1 404 "GET /favicon.ico HTTP/1.1" 1032 (11 ms)
2020-06-01 16:47:19 0:0:0:0:0:0:0:1 200 "GET /member/signup HTTP/1.1" 911 (37 ms)
2020-06-01 16:47:19 0:0:0:0:0:0:0:1 200 "GET /js/bundle/member/member.bundle.js HTTP/1.1" 1738971 (79 ms)
2020-06-01 16:47:19 0:0:0:0:0:0:0:1 200 "GET /js/bundle/member/member.bundle.js.map HTTP/1.1" 2041086 (19 ms)
2020-06-01 16:47:19 0:0:0:0:0:0:0:1 404 "GET /favicon.ico HTTP/1.1" 1032 (8 ms)
2020-06-01 17:06:21 0:0:0:0:0:0:0:1 200 "GET /member/signup HTTP/1.1" 911 (36 ms)
2020-06-01 17:06:21 0:0:0:0:0:0:0:1 200 "GET /js/bundle/member/member.bundle.js HTTP/1.1" 1738971 (40 ms)
2020-06-01 17:06:22 0:0:0:0:0:0:0:1 404 "GET /favicon.ico HTTP/1.1" 1032 (15 ms)
2020-06-01 17:06:22 0:0:0:0:0:0:0:1 200 "GET /js/bundle/member/member.bundle.js.map HTTP/1.1" 2041086 (25 ms)
2020-06-01 17:06:32 0:0:0:0:0:0:0:1 200 "GET /member/signup HTTP/1.1" 911 (13 ms)
2020-06-01 17:06:32 0:0:0:0:0:0:0:1 200 "GET /js/bundle/member/member.bundle.js HTTP/1.1" 1741399 (52 ms)
2020-06-01 17:06:33 0:0:0:0:0:0:0:1 200 "GET /js/bundle/member/member.bundle.js.map HTTP/1.1" 2047105 (17 ms)
2020-06-01 17:06:33 0:0:0:0:0:0:0:1 404 "GET /favicon.ico HTTP/1.1" 1032 (7 ms)
2020-06-01 17:06:40 0:0:0:0:0:0:0:1 200 "GET /member/signup HTTP/1.1" 911 (13 ms)
2020-06-01 17:06:40 0:0:0:0:0:0:0:1 200 "GET /js/bundle/member/member.bundle.js HTTP/1.1" 1741399 (23 ms)
2020-06-01 17:06:40 0:0:0:0:0:0:0:1 200 "GET /js/bundle/member/member.bundle.js.map HTTP/1.1" 2047105 (16 ms)
2020-06-01 17:06:40 0:0:0:0:0:0:0:1 404 "GET /favicon.ico HTTP/1.1" 1032 (6 ms)
2020-06-01 17:11:04 0:0:0:0:0:0:0:1 200 "GET /member/signup HTTP/1.1" 911 (20 ms)
2020-06-01 17:11:04 0:0:0:0:0:0:0:1 200 "GET /js/bundle/member/member.bundle.js HTTP/1.1" 1741304 (72 ms)
2020-06-01 17:11:04 0:0:0:0:0:0:0:1 200 "GET /js/bundle/member/member.bundle.js.map HTTP/1.1" 2047039 (20 ms)
2020-06-01 17:11:04 0:0:0:0:0:0:0:1 404 "GET /favicon.ico HTTP/1.1" 1032 (10 ms)
2020-06-01 17:12:22 0:0:0:0:0:0:0:1 200 "GET /member/signup HTTP/1.1" 911 (17 ms)
2020-06-01 17:12:22 0:0:0:0:0:0:0:1 200 "GET /js/bundle/member/member.bundle.js HTTP/1.1" 1741652 (84 ms)
2020-06-01 17:12:22 0:0:0:0:0:0:0:1 200 "GET /js/bundle/member/member.bundle.js.map HTTP/1.1" 2047388 (20 ms)
2020-06-01 17:12:22 0:0:0:0:0:0:0:1 404 "GET /favicon.ico HTTP/1.1" 1032 (8 ms)
2020-06-01 17:12:59 0:0:0:0:0:0:0:1 200 "GET /member/signup HTTP/1.1" 911 (19 ms)
2020-06-01 17:12:59 0:0:0:0:0:0:0:1 200 "GET /js/bundle/member/member.bundle.js HTTP/1.1" 1741652 (27 ms)
2020-06-01 17:13:00 0:0:0:0:0:0:0:1 200 "GET /js/bundle/member/member.bundle.js.map HTTP/1.1" 2047388 (20 ms)
2020-06-01 17:13:00 0:0:0:0:0:0:0:1 404 "GET /favicon.ico HTTP/1.1" 1032 (11 ms)
2020-06-01 17:13:01 0:0:0:0:0:0:0:1 200 "GET /member/signup HTTP/1.1" 911 (4 ms)
2020-06-01 17:13:01 0:0:0:0:0:0:0:1 200 "GET /js/bundle/member/member.bundle.js HTTP/1.1" 1741430 (45 ms)
2020-06-01 17:13:01 0:0:0:0:0:0:0:1 200 "GET /js/bundle/member/member.bundle.js.map HTTP/1.1" 2047164 (25 ms)
2020-06-01 17:13:01 0:0:0:0:0:0:0:1 404 "GET /favicon.ico HTTP/1.1" 1032 (8 ms)
2020-06-01 17:13:02 0:0:0:0:0:0:0:1 200 "GET /member/signup HTTP/1.1" 911 (5 ms)
2020-06-01 17:13:02 0:0:0:0:0:0:0:1 200 "GET /js/bundle/member/member.bundle.js HTTP/1.1" 1741430 (18 ms)
2020-06-01 17:13:02 0:0:0:0:0:0:0:1 200 "GET /js/bundle/member/member.bundle.js.map HTTP/1.1" 2047164 (18 ms)
2020-06-01 17:13:02 0:0:0:0:0:0:0:1 404 "GET /favicon.ico HTTP/1.1" 1032 (7 ms)
2020-06-01 17:13:03 0:0:0:0:0:0:0:1 200 "GET /member/signup HTTP/1.1" 911 (4 ms)
2020-06-01 17:13:03 0:0:0:0:0:0:0:1 200 "GET /js/bundle/member/member.bundle.js HTTP/1.1" 1741430 (22 ms)
2020-06-01 17:13:03 0:0:0:0:0:0:0:1 200 "GET /js/bundle/member/member.bundle.js.map HTTP/1.1" 2047164 (19 ms)
2020-06-01 17:13:03 0:0:0:0:0:0:0:1 404 "GET /favicon.ico HTTP/1.1" 1032 (6 ms)
2020-06-01 17:13:11 0:0:0:0:0:0:0:1 200 "GET /member/signup HTTP/1.1" 911 (12 ms)
2020-06-01 17:13:11 0:0:0:0:0:0:0:1 200 "GET /js/bundle/member/member.bundle.js HTTP/1.1" 1741430 (21 ms)
2020-06-01 17:13:12 0:0:0:0:0:0:0:1 200 "GET /js/bundle/member/member.bundle.js.map HTTP/1.1" 2047164 (16 ms)
2020-06-01 17:13:12 0:0:0:0:0:0:0:1 404 "GET /favicon.ico HTTP/1.1" 1032 (6 ms)
2020-06-01 17:14:15 0:0:0:0:0:0:0:1 200 "GET /member/signup HTTP/1.1" 911 (40 ms)
2020-06-01 17:14:15 0:0:0:0:0:0:0:1 200 "GET /js/bundle/member/member.bundle.js HTTP/1.1" 1741264 (63 ms)
2020-06-01 17:14:15 0:0:0:0:0:0:0:1 200 "GET /js/bundle/member/member.bundle.js.map HTTP/1.1" 2046823 (22 ms)
2020-06-01 17:14:15 0:0:0:0:0:0:0:1 404 "GET /favicon.ico HTTP/1.1" 1032 (8 ms)
2020-06-01 17:14:16 0:0:0:0:0:0:0:1 200 "GET /member/signup HTTP/1.1" 911 (4 ms)
2020-06-01 17:14:16 0:0:0:0:0:0:0:1 200 "GET /js/bundle/member/member.bundle.js HTTP/1.1" 1741264 (28 ms)
2020-06-01 17:14:16 0:0:0:0:0:0:0:1 200 "GET /js/bundle/member/member.bundle.js.map HTTP/1.1" 2046823 (24 ms)
2020-06-01 17:14:16 0:0:0:0:0:0:0:1 404 "GET /favicon.ico HTTP/1.1" 1032 (8 ms)
2020-06-01 17:15:49 0:0:0:0:0:0:0:1 200 "GET /member/signup HTTP/1.1" 911 (23 ms)
2020-06-01 17:15:49 0:0:0:0:0:0:0:1 200 "GET /js/bundle/member/member.bundle.js HTTP/1.1" 1741264 (25 ms)
2020-06-01 17:15:49 0:0:0:0:0:0:0:1 200 "GET /js/bundle/member/member.bundle.js.map HTTP/1.1" 2046823 (22 ms)
2020-06-01 17:15:49 0:0:0:0:0:0:0:1 404 "GET /favicon.ico HTTP/1.1" 1032 (16 ms)
2020-06-01 17:15:50 0:0:0:0:0:0:0:1 200 "GET /member/signup HTTP/1.1" 911 (11 ms)
2020-06-01 17:15:50 0:0:0:0:0:0:0:1 404 "GET /js/bundle/member/member.bundle.js HTTP/1.1" 991 (11 ms)
2020-06-01 17:15:50 0:0:0:0:0:0:0:1 404 "GET /favicon.ico HTTP/1.1" 1032 (5 ms)
2020-06-01 17:15:53 0:0:0:0:0:0:0:1 200 "GET /member/signup HTTP/1.1" 911 (8 ms)
2020-06-01 17:15:53 0:0:0:0:0:0:0:1 200 "GET /js/bundle/member/member.bundle.js HTTP/1.1" 1741290 (46 ms)
2020-06-01 17:15:53 0:0:0:0:0:0:0:1 200 "GET /js/bundle/member/member.bundle.js.map HTTP/1.1" 2046885 (19 ms)
2020-06-01 17:15:53 0:0:0:0:0:0:0:1 404 "GET /favicon.ico HTTP/1.1" 1032 (9 ms)
2020-06-01 17:15:58 0:0:0:0:0:0:0:1 200 "GET /member/signup HTTP/1.1" 911 (35 ms)
2020-06-01 17:15:58 0:0:0:0:0:0:0:1 200 "GET /js/bundle/member/member.bundle.js HTTP/1.1" 1741290 (19 ms)
2020-06-01 17:15:58 0:0:0:0:0:0:0:1 200 "GET /js/bundle/member/member.bundle.js.map HTTP/1.1" 2046885 (16 ms)
2020-06-01 17:15:58 0:0:0:0:0:0:0:1 404 "GET /favicon.ico HTTP/1.1" 1032 (7 ms)
2020-06-01 17:16:32 0:0:0:0:0:0:0:1 200 "GET /member/signup HTTP/1.1" 911 (15 ms)
2020-06-01 17:16:32 0:0:0:0:0:0:0:1 200 "GET /js/bundle/member/member.bundle.js HTTP/1.1" 1741381 (56 ms)
2020-06-01 17:16:32 0:0:0:0:0:0:0:1 200 "GET /js/bundle/member/member.bundle.js.map HTTP/1.1" 2046964 (21 ms)
2020-06-01 17:16:32 0:0:0:0:0:0:0:1 404 "GET /favicon.ico HTTP/1.1" 1032 (7 ms)
2020-06-01 17:16:33 0:0:0:0:0:0:0:1 200 "GET /member/signup HTTP/1.1" 911 (3 ms)
2020-06-01 17:16:33 0:0:0:0:0:0:0:1 200 "GET /js/bundle/member/member.bundle.js HTTP/1.1" 1741381 (17 ms)
2020-06-01 17:16:33 0:0:0:0:0:0:0:1 200 "GET /js/bundle/member/member.bundle.js.map HTTP/1.1" 2046964 (16 ms)
2020-06-01 17:16:33 0:0:0:0:0:0:0:1 404 "GET /favicon.ico HTTP/1.1" 1032 (6 ms)
2020-06-01 17:16:38 0:0:0:0:0:0:0:1 200 "GET /member/signup HTTP/1.1" 911 (9 ms)
2020-06-01 17:16:38 0:0:0:0:0:0:0:1 200 "GET /js/bundle/member/member.bundle.js HTTP/1.1" 1741381 (17 ms)
2020-06-01 17:16:39 0:0:0:0:0:0:0:1 200 "GET /js/bundle/member/member.bundle.js.map HTTP/1.1" 2046964 (15 ms)
2020-06-01 17:16:39 0:0:0:0:0:0:0:1 404 "GET /favicon.ico HTTP/1.1" 1032 (8 ms)
2020-06-01 17:17:03 0:0:0:0:0:0:0:1 200 "GET /member/signup HTTP/1.1" 911 (14 ms)
2020-06-01 17:17:03 0:0:0:0:0:0:0:1 200 "GET /js/bundle/member/member.bundle.js HTTP/1.1" 1741381 (21 ms)
2020-06-01 17:17:03 0:0:0:0:0:0:0:1 200 "GET /js/bundle/member/member.bundle.js.map HTTP/1.1" 2046964 (18 ms)
2020-06-01 17:17:03 0:0:0:0:0:0:0:1 404 "GET /favicon.ico HTTP/1.1" 1032 (9 ms)
2020-06-01 17:18:01 0:0:0:0:0:0:0:1 200 "GET /member/signup HTTP/1.1" 911 (33 ms)
2020-06-01 17:18:01 0:0:0:0:0:0:0:1 200 "GET /js/bundle/member/member.bundle.js HTTP/1.1" 1741413 (88 ms)
2020-06-01 17:18:02 0:0:0:0:0:0:0:1 200 "GET /js/bundle/member/member.bundle.js.map HTTP/1.1" 2047063 (19 ms)
2020-06-01 17:18:02 0:0:0:0:0:0:0:1 404 "GET /favicon.ico HTTP/1.1" 1032 (9 ms)
2020-06-01 17:18:21 0:0:0:0:0:0:0:1 200 "GET /member/signup HTTP/1.1" 911 (15 ms)
2020-06-01 17:18:21 0:0:0:0:0:0:0:1 200 "GET /js/bundle/member/member.bundle.js HTTP/1.1" 1741413 (39 ms)
2020-06-01 17:18:21 0:0:0:0:0:0:0:1 200 "GET /js/bundle/member/member.bundle.js.map HTTP/1.1" 2047063 (24 ms)
2020-06-01 17:18:21 0:0:0:0:0:0:0:1 404 "GET /favicon.ico HTTP/1.1" 1032 (12 ms)
2020-06-01 17:18:23 0:0:0:0:0:0:0:1 200 "GET /member/signup HTTP/1.1" 911 (8 ms)
2020-06-01 17:18:23 0:0:0:0:0:0:0:1 200 "GET /js/bundle/member/member.bundle.js HTTP/1.1" 1741408 (61 ms)
2020-06-01 17:18:23 0:0:0:0:0:0:0:1 200 "GET /js/bundle/member/member.bundle.js.map HTTP/1.1" 2047052 (26 ms)
2020-06-01 17:18:23 0:0:0:0:0:0:0:1 404 "GET /favicon.ico HTTP/1.1" 1032 (5 ms)
2020-06-01 17:18:40 0:0:0:0:0:0:0:1 200 "GET /member/signup HTTP/1.1" 911 (17 ms)
2020-06-01 17:18:40 0:0:0:0:0:0:0:1 200 "GET /js/bundle/member/member.bundle.js HTTP/1.1" 1741408 (25 ms)
2020-06-01 17:18:41 0:0:0:0:0:0:0:1 200 "GET /js/bundle/member/member.bundle.js.map HTTP/1.1" 2047052 (21 ms)
2020-06-01 17:18:41 0:0:0:0:0:0:0:1 404 "GET /favicon.ico HTTP/1.1" 1032 (9 ms)
2020-06-01 17:18:42 0:0:0:0:0:0:0:1 200 "GET /member/signup HTTP/1.1" 911 (3 ms)
2020-06-01 17:18:42 0:0:0:0:0:0:0:1 200 "GET /js/bundle/member/member.bundle.js HTTP/1.1" 1741405 (40 ms)
2020-06-01 17:18:42 0:0:0:0:0:0:0:1 200 "GET /js/bundle/member/member.bundle.js.map HTTP/1.1" 2047034 (19 ms)
2020-06-01 17:18:42 0:0:0:0:0:0:0:1 404 "GET /favicon.ico HTTP/1.1" 1032 (7 ms)
2020-06-01 17:18:44 0:0:0:0:0:0:0:1 200 "GET /member/signup HTTP/1.1" 911 (4 ms)
2020-06-01 17:18:44 0:0:0:0:0:0:0:1 200 "GET /js/bundle/member/member.bundle.js HTTP/1.1" 1741405 (19 ms)
2020-06-01 17:18:44 0:0:0:0:0:0:0:1 200 "GET /js/bundle/member/member.bundle.js.map HTTP/1.1" 2047034 (35 ms)
2020-06-01 17:18:44 0:0:0:0:0:0:0:1 404 "GET /favicon.ico HTTP/1.1" 1032 (28 ms)
2020-06-01 17:19:04 0:0:0:0:0:0:0:1 200 "GET /member/signup HTTP/1.1" 911 (34 ms)
2020-06-01 17:19:04 0:0:0:0:0:0:0:1 200 "GET /js/bundle/member/member.bundle.js HTTP/1.1" 1741405 (25 ms)
2020-06-01 17:19:05 0:0:0:0:0:0:0:1 200 "GET /js/bundle/member/member.bundle.js.map HTTP/1.1" 2047034 (16 ms)
2020-06-01 17:19:05 0:0:0:0:0:0:0:1 404 "GET /favicon.ico HTTP/1.1" 1032 (6 ms)
2020-06-01 17:20:34 0:0:0:0:0:0:0:1 200 "GET /member/signup HTTP/1.1" 911 (21 ms)
2020-06-01 17:20:34 0:0:0:0:0:0:0:1 200 "GET /js/bundle/member/member.bundle.js HTTP/1.1" 1741405 (26 ms)
2020-06-01 17:20:34 0:0:0:0:0:0:0:1 200 "GET /js/bundle/member/member.bundle.js.map HTTP/1.1" 2047034 (21 ms)
2020-06-01 17:20:34 0:0:0:0:0:0:0:1 404 "GET /favicon.ico HTTP/1.1" 1032 (10 ms)
2020-06-01 17:20:35 0:0:0:0:0:0:0:1 200 "GET /member/signup HTTP/1.1" 911 (24 ms)
2020-06-01 17:20:35 0:0:0:0:0:0:0:1 200 "GET /js/bundle/member/member.bundle.js HTTP/1.1" 1741537 (57 ms)
2020-06-01 17:20:35 0:0:0:0:0:0:0:1 200 "GET /js/bundle/member/member.bundle.js.map HTTP/1.1" 2047215 (26 ms)
2020-06-01 17:20:35 0:0:0:0:0:0:0:1 404 "GET /favicon.ico HTTP/1.1" 1032 (7 ms)
2020-06-01 17:21:55 0:0:0:0:0:0:0:1 200 "GET /member/signup HTTP/1.1" 911 (13 ms)
2020-06-01 17:21:55 0:0:0:0:0:0:0:1 200 "GET /js/bundle/member/member.bundle.js HTTP/1.1" 1741538 (60 ms)
2020-06-01 17:21:55 0:0:0:0:0:0:0:1 200 "GET /js/bundle/member/member.bundle.js.map HTTP/1.1" 2047262 (20 ms)
2020-06-01 17:21:55 0:0:0:0:0:0:0:1 404 "GET /favicon.ico HTTP/1.1" 1032 (6 ms)
2020-06-01 17:21:57 0:0:0:0:0:0:0:1 200 "GET /member/signup HTTP/1.1" 911 (3 ms)
2020-06-01 17:21:57 0:0:0:0:0:0:0:1 200 "GET /js/bundle/member/member.bundle.js HTTP/1.1" 1741538 (17 ms)
2020-06-01 17:21:57 0:0:0:0:0:0:0:1 200 "GET /js/bundle/member/member.bundle.js.map HTTP/1.1" 2047262 (17 ms)
2020-06-01 17:21:57 0:0:0:0:0:0:0:1 404 "GET /favicon.ico HTTP/1.1" 1032 (5 ms)
2020-06-01 17:21:59 0:0:0:0:0:0:0:1 200 "GET /member/signup HTTP/1.1" 911 (12 ms)
2020-06-01 17:21:59 0:0:0:0:0:0:0:1 200 "GET /js/bundle/member/member.bundle.js HTTP/1.1" 1741538 (24 ms)
2020-06-01 17:21:59 0:0:0:0:0:0:0:1 200 "GET /js/bundle/member/member.bundle.js.map HTTP/1.1" 2047262 (14 ms)
2020-06-01 17:21:59 0:0:0:0:0:0:0:1 404 "GET /favicon.ico HTTP/1.1" 1032 (5 ms)
2020-06-01 17:22:29 0:0:0:0:0:0:0:1 200 "GET /member/signup HTTP/1.1" 911 (15 ms)
2020-06-01 17:22:29 0:0:0:0:0:0:0:1 200 "GET /js/bundle/member/member.bundle.js HTTP/1.1" 1741538 (26 ms)
2020-06-01 17:22:29 0:0:0:0:0:0:0:1 200 "GET /js/bundle/member/member.bundle.js.map HTTP/1.1" 2047262 (21 ms)
2020-06-01 17:22:29 0:0:0:0:0:0:0:1 404 "GET /favicon.ico HTTP/1.1" 1032 (9 ms)
2020-06-01 17:22:31 0:0:0:0:0:0:0:1 200 "GET /member/signup HTTP/1.1" 911 (7 ms)
2020-06-01 17:22:32 0:0:0:0:0:0:0:1 200 "GET /js/bundle/member/member.bundle.js HTTP/1.1" 1741544 (39 ms)
2020-06-01 17:22:32 0:0:0:0:0:0:0:1 200 "GET /js/bundle/member/member.bundle.js.map HTTP/1.1" 2047269 (21 ms)
2020-06-01 17:22:32 0:0:0:0:0:0:0:1 404 "GET /favicon.ico HTTP/1.1" 1032 (6 ms)
2020-06-01 17:22:58 0:0:0:0:0:0:0:1 200 "GET /member/signup HTTP/1.1" 911 (13 ms)
2020-06-01 17:22:58 0:0:0:0:0:0:0:1 200 "GET /js/bundle/member/member.bundle.js HTTP/1.1" 1741544 (25 ms)
2020-06-01 17:22:58 0:0:0:0:0:0:0:1 200 "GET /js/bundle/member/member.bundle.js.map HTTP/1.1" 2047269 (17 ms)
2020-06-01 17:22:58 0:0:0:0:0:0:0:1 404 "GET /favicon.ico HTTP/1.1" 1032 (6 ms)
2020-06-01 17:22:59 0:0:0:0:0:0:0:1 200 "GET /member/signup HTTP/1.1" 911 (5 ms)
2020-06-01 17:22:59 0:0:0:0:0:0:0:1 200 "GET /js/bundle/member/member.bundle.js HTTP/1.1" 1741547 (41 ms)
2020-06-01 17:22:59 0:0:0:0:0:0:0:1 200 "GET /js/bundle/member/member.bundle.js.map HTTP/1.1" 2047287 (18 ms)
2020-06-01 17:22:59 0:0:0:0:0:0:0:1 404 "GET /favicon.ico HTTP/1.1" 1032 (4 ms)
2020-06-01 17:23:00 0:0:0:0:0:0:0:1 200 "GET /member/signup HTTP/1.1" 911 (3 ms)
2020-06-01 17:23:00 0:0:0:0:0:0:0:1 200 "GET /js/bundle/member/member.bundle.js HTTP/1.1" 1741547 (21 ms)
2020-06-01 17:23:00 0:0:0:0:0:0:0:1 200 "GET /js/bundle/member/member.bundle.js.map HTTP/1.1" 2047287 (22 ms)
2020-06-01 17:23:00 0:0:0:0:0:0:0:1 404 "GET /favicon.ico HTTP/1.1" 1032 (6 ms)
2020-06-01 17:23:22 0:0:0:0:0:0:0:1 200 "GET /member/signup HTTP/1.1" 911 (13 ms)
2020-06-01 17:23:22 0:0:0:0:0:0:0:1 200 "GET /js/bundle/member/member.bundle.js HTTP/1.1" 1741550 (82 ms)
2020-06-01 17:23:22 0:0:0:0:0:0:0:1 200 "GET /js/bundle/member/member.bundle.js.map HTTP/1.1" 2047305 (22 ms)
2020-06-01 17:23:22 0:0:0:0:0:0:0:1 404 "GET /favicon.ico HTTP/1.1" 1032 (9 ms)
2020-06-01 17:23:23 0:0:0:0:0:0:0:1 200 "GET /member/signup HTTP/1.1" 911 (4 ms)
2020-06-01 17:23:23 0:0:0:0:0:0:0:1 200 "GET /js/bundle/member/member.bundle.js HTTP/1.1" 1741523 (48 ms)
2020-06-01 17:23:23 0:0:0:0:0:0:0:1 200 "GET /js/bundle/member/member.bundle.js.map HTTP/1.1" 2047226 (17 ms)
2020-06-01 17:23:23 0:0:0:0:0:0:0:1 404 "GET /favicon.ico HTTP/1.1" 1032 (5 ms)
2020-06-01 17:23:26 0:0:0:0:0:0:0:1 200 "GET /member/signup HTTP/1.1" 911 (14 ms)
2020-06-01 17:23:26 0:0:0:0:0:0:0:1 200 "GET /js/bundle/member/member.bundle.js HTTP/1.1" 1741523 (22 ms)
2020-06-01 17:23:26 0:0:0:0:0:0:0:1 200 "GET /js/bundle/member/member.bundle.js.map HTTP/1.1" 2047226 (14 ms)
2020-06-01 17:23:26 0:0:0:0:0:0:0:1 404 "GET /favicon.ico HTTP/1.1" 1032 (9 ms)
2020-06-01 17:28:10 0:0:0:0:0:0:0:1 200 "GET /member/signup HTTP/1.1" 911 (25 ms)
2020-06-01 17:28:11 0:0:0:0:0:0:0:1 200 "GET /js/bundle/member/member.bundle.js HTTP/1.1" 1741761 (62 ms)
2020-06-01 17:28:11 0:0:0:0:0:0:0:1 200 "GET /js/bundle/member/member.bundle.js.map HTTP/1.1" 2047563 (17 ms)
2020-06-01 17:28:11 0:0:0:0:0:0:0:1 404 "GET /favicon.ico HTTP/1.1" 1032 (9 ms)
2020-06-01 17:28:12 0:0:0:0:0:0:0:1 200 "GET /member/signup HTTP/1.1" 911 (11 ms)
2020-06-01 17:28:12 0:0:0:0:0:0:0:1 200 "GET /js/bundle/member/member.bundle.js HTTP/1.1" 1741761 (23 ms)
2020-06-01 17:28:12 0:0:0:0:0:0:0:1 200 "GET /js/bundle/member/member.bundle.js.map HTTP/1.1" 2047563 (15 ms)
2020-06-01 17:28:12 0:0:0:0:0:0:0:1 404 "GET /favicon.ico HTTP/1.1" 1032 (5 ms)
2020-06-01 17:28:13 0:0:0:0:0:0:0:1 200 "GET /member/signup HTTP/1.1" 911 (5 ms)
2020-06-01 17:28:13 0:0:0:0:0:0:0:1 200 "GET /js/bundle/member/member.bundle.js HTTP/1.1" 1741761 (21 ms)
2020-06-01 17:28:13 0:0:0:0:0:0:0:1 200 "GET /js/bundle/member/member.bundle.js.map HTTP/1.1" 2047563 (17 ms)
2020-06-01 17:28:13 0:0:0:0:0:0:0:1 404 "GET /favicon.ico HTTP/1.1" 1032 (3 ms)
2020-06-01 17:28:24 0:0:0:0:0:0:0:1 200 "GET /member/signup HTTP/1.1" 911 (25 ms)
2020-06-01 17:28:24 0:0:0:0:0:0:0:1 200 "GET /js/bundle/member/member.bundle.js HTTP/1.1" 1741529 (65 ms)
2020-06-01 17:28:24 0:0:0:0:0:0:0:1 200 "GET /js/bundle/member/member.bundle.js.map HTTP/1.1" 2047318 (18 ms)
2020-06-01 17:28:24 0:0:0:0:0:0:0:1 404 "GET /favicon.ico HTTP/1.1" 1032 (9 ms)
2020-06-01 17:28:25 0:0:0:0:0:0:0:1 200 "GET /member/signup HTTP/1.1" 911 (4 ms)
2020-06-01 17:28:25 0:0:0:0:0:0:0:1 200 "GET /js/bundle/member/member.bundle.js HTTP/1.1" 1741529 (20 ms)
2020-06-01 17:28:25 0:0:0:0:0:0:0:1 200 "GET /js/bundle/member/member.bundle.js.map HTTP/1.1" 2047318 (18 ms)
2020-06-01 17:28:25 0:0:0:0:0:0:0:1 404 "GET /favicon.ico HTTP/1.1" 1032 (7 ms)
2020-06-01 17:28:49 0:0:0:0:0:0:0:1 200 "GET /member/signup HTTP/1.1" 911 (20 ms)
2020-06-01 17:28:49 0:0:0:0:0:0:0:1 200 "GET /js/bundle/member/member.bundle.js HTTP/1.1" 1741529 (23 ms)
2020-06-01 17:28:49 0:0:0:0:0:0:0:1 200 "GET /js/bundle/member/member.bundle.js.map HTTP/1.1" 2047318 (16 ms)
2020-06-01 17:28:49 0:0:0:0:0:0:0:1 404 "GET /favicon.ico HTTP/1.1" 1032 (10 ms)
2020-06-01 17:32:36 0:0:0:0:0:0:0:1 200 "GET /member/signup HTTP/1.1" 911 (17 ms)
2020-06-01 17:32:36 0:0:0:0:0:0:0:1 200 "GET /js/bundle/member/member.bundle.js HTTP/1.1" 1741529 (31 ms)
2020-06-01 17:32:36 0:0:0:0:0:0:0:1 200 "GET /js/bundle/member/member.bundle.js.map HTTP/1.1" 2047318 (19 ms)
2020-06-01 17:32:36 0:0:0:0:0:0:0:1 404 "GET /favicon.ico HTTP/1.1" 1032 (12 ms)
2020-06-01 17:32:36 0:0:0:0:0:0:0:1 200 "GET /member/signup HTTP/1.1" 911 (10 ms)
2020-06-01 17:32:36 0:0:0:0:0:0:0:1 200 "GET /js/bundle/member/member.bundle.js HTTP/1.1" 1741529 (20 ms)
2020-06-01 17:32:37 0:0:0:0:0:0:0:1 200 "GET /js/bundle/member/member.bundle.js.map HTTP/1.1" 2047318 (17 ms)
2020-06-01 17:32:37 0:0:0:0:0:0:0:1 404 "GET /favicon.ico HTTP/1.1" 1032 (7 ms)
2020-06-01 17:33:47 0:0:0:0:0:0:0:1 200 "GET /member/signup HTTP/1.1" 911 (23 ms)
2020-06-01 17:33:47 0:0:0:0:0:0:0:1 200 "GET /js/bundle/member/member.bundle.js HTTP/1.1" 1741528 (86 ms)
2020-06-01 17:33:47 0:0:0:0:0:0:0:1 200 "GET /js/bundle/member/member.bundle.js.map HTTP/1.1" 2047317 (20 ms)
2020-06-01 17:33:47 0:0:0:0:0:0:0:1 404 "GET /favicon.ico HTTP/1.1" 1032 (7 ms)
2020-06-01 17:46:59 0:0:0:0:0:0:0:1 200 "GET /member/signup HTTP/1.1" 911 (16 ms)
2020-06-01 17:46:59 0:0:0:0:0:0:0:1 200 "GET /js/bundle/member/member.bundle.js HTTP/1.1" 1741590 (60 ms)
2020-06-01 17:47:00 0:0:0:0:0:0:0:1 200 "GET /js/bundle/member/member.bundle.js.map HTTP/1.1" 2047467 (23 ms)
2020-06-01 17:47:00 0:0:0:0:0:0:0:1 404 "GET /favicon.ico HTTP/1.1" 1032 (9 ms)
2020-06-01 17:47:00 0:0:0:0:0:0:0:1 200 "GET /member/signup HTTP/1.1" 911 (13 ms)
2020-06-01 17:47:00 0:0:0:0:0:0:0:1 200 "GET /js/bundle/member/member.bundle.js HTTP/1.1" 1741590 (22 ms)
2020-06-01 17:47:00 0:0:0:0:0:0:0:1 200 "GET /js/bundle/member/member.bundle.js.map HTTP/1.1" 2047467 (14 ms)
2020-06-01 17:47:00 0:0:0:0:0:0:0:1 404 "GET /favicon.ico HTTP/1.1" 1032 (5 ms)
2020-06-01 17:47:01 0:0:0:0:0:0:0:1 200 "GET /member/signup HTTP/1.1" 911 (4 ms)
2020-06-01 17:47:01 0:0:0:0:0:0:0:1 200 "GET /js/bundle/member/member.bundle.js HTTP/1.1" 1741590 (19 ms)
2020-06-01 17:47:01 0:0:0:0:0:0:0:1 200 "GET /js/bundle/member/member.bundle.js.map HTTP/1.1" 2047467 (16 ms)
2020-06-01 17:47:01 0:0:0:0:0:0:0:1 404 "GET /favicon.ico HTTP/1.1" 1032 (5 ms)
2020-06-01 17:51:46 0:0:0:0:0:0:0:1 200 "GET /member/signup HTTP/1.1" 911 (23 ms)
2020-06-01 17:51:46 0:0:0:0:0:0:0:1 200 "GET /js/bundle/member/member.bundle.js HTTP/1.1" 1741779 (81 ms)
2020-06-01 17:51:46 0:0:0:0:0:0:0:1 200 "GET /js/bundle/member/member.bundle.js.map HTTP/1.1" 2047621 (20 ms)
2020-06-01 17:51:46 0:0:0:0:0:0:0:1 404 "GET /favicon.ico HTTP/1.1" 1032 (8 ms)
2020-06-01 17:51:47 0:0:0:0:0:0:0:1 200 "GET /member/signup HTTP/1.1" 911 (11 ms)
2020-06-01 17:51:47 0:0:0:0:0:0:0:1 200 "GET /js/bundle/member/member.bundle.js HTTP/1.1" 1741779 (20 ms)
2020-06-01 17:51:48 0:0:0:0:0:0:0:1 200 "GET /js/bundle/member/member.bundle.js.map HTTP/1.1" 2047621 (15 ms)
2020-06-01 17:51:48 0:0:0:0:0:0:0:1 404 "GET /favicon.ico HTTP/1.1" 1032 (6 ms)
2020-06-01 17:52:01 0:0:0:0:0:0:0:1 200 "GET /member/signup HTTP/1.1" 911 (16 ms)
2020-06-01 17:52:01 0:0:0:0:0:0:0:1 200 "GET /js/bundle/member/member.bundle.js HTTP/1.1" 1741779 (21 ms)
2020-06-01 17:52:01 0:0:0:0:0:0:0:1 200 "GET /js/bundle/member/member.bundle.js.map HTTP/1.1" 2047621 (21 ms)
2020-06-01 17:52:01 0:0:0:0:0:0:0:1 404 "GET /favicon.ico HTTP/1.1" 1032 (7 ms)
2020-06-01 17:52:02 0:0:0:0:0:0:0:1 200 "GET /member/signup HTTP/1.1" 911 (4 ms)
2020-06-01 17:52:02 0:0:0:0:0:0:0:1 200 "GET /js/bundle/member/member.bundle.js HTTP/1.1" 1741784 (39 ms)
2020-06-01 17:52:02 0:0:0:0:0:0:0:1 200 "GET /js/bundle/member/member.bundle.js.map HTTP/1.1" 2047617 (17 ms)
2020-06-01 17:52:02 0:0:0:0:0:0:0:1 404 "GET /favicon.ico HTTP/1.1" 1032 (5 ms)
2020-06-01 17:52:03 0:0:0:0:0:0:0:1 200 "GET /member/signup HTTP/1.1" 911 (5 ms)
2020-06-01 17:52:03 0:0:0:0:0:0:0:1 200 "GET /js/bundle/member/member.bundle.js HTTP/1.1" 1741784 (19 ms)
2020-06-01 17:52:03 0:0:0:0:0:0:0:1 200 "GET /js/bundle/member/member.bundle.js.map HTTP/1.1" 2047617 (18 ms)
2020-06-01 17:52:03 0:0:0:0:0:0:0:1 404 "GET /favicon.ico HTTP/1.1" 1032 (7 ms)
2020-06-01 17:52:04 0:0:0:0:0:0:0:1 200 "GET /member/signup HTTP/1.1" 911 (3 ms)
2020-06-01 17:52:04 0:0:0:0:0:0:0:1 200 "GET /js/bundle/member/member.bundle.js HTTP/1.1" 1741784 (18 ms)
2020-06-01 17:52:04 0:0:0:0:0:0:0:1 200 "GET /js/bundle/member/member.bundle.js.map HTTP/1.1" 2047617 (19 ms)
2020-06-01 17:52:04 0:0:0:0:0:0:0:1 404 "GET /favicon.ico HTTP/1.1" 1032 (5 ms)
2020-06-01 17:52:39 0:0:0:0:0:0:0:1 200 "GET /member/signup HTTP/1.1" 911 (20 ms)
2020-06-01 17:52:39 0:0:0:0:0:0:0:1 200 "GET /js/bundle/member/member.bundle.js HTTP/1.1" 1741804 (61 ms)
2020-06-01 17:52:39 0:0:0:0:0:0:0:1 404 "GET /favicon.ico HTTP/1.1" 1032 (6 ms)
2020-06-01 17:52:40 0:0:0:0:0:0:0:1 200 "GET /member/signup HTTP/1.1" 911 (11 ms)
2020-06-01 17:52:40 0:0:0:0:0:0:0:1 200 "GET /js/bundle/member/member.bundle.js HTTP/1.1" 1741804 (16 ms)
2020-06-01 17:52:40 0:0:0:0:0:0:0:1 404 "GET /favicon.ico HTTP/1.1" 1032 (4 ms)
2020-06-01 17:52:42 0:0:0:0:0:0:0:1 200 "GET /js/bundle/member/member.bundle.js.map HTTP/1.1" 2047652 (22 ms)
2020-06-01 17:52:57 0:0:0:0:0:0:0:1 200 "GET /member/signup HTTP/1.1" 911 (12 ms)
2020-06-01 17:52:57 0:0:0:0:0:0:0:1 200 "GET /js/bundle/member/member.bundle.js HTTP/1.1" 1741804 (22 ms)
2020-06-01 17:52:57 0:0:0:0:0:0:0:1 200 "GET /js/bundle/member/member.bundle.js.map HTTP/1.1" 2047652 (18 ms)
2020-06-01 17:52:57 0:0:0:0:0:0:0:1 404 "GET /favicon.ico HTTP/1.1" 1032 (9 ms)
2020-06-01 17:52:58 0:0:0:0:0:0:0:1 200 "GET /member/signup HTTP/1.1" 911 (6 ms)
2020-06-01 17:52:58 0:0:0:0:0:0:0:1 200 "GET /js/bundle/member/member.bundle.js HTTP/1.1" 1741797 (43 ms)
2020-06-01 17:52:58 0:0:0:0:0:0:0:1 200 "GET /js/bundle/member/member.bundle.js.map HTTP/1.1" 2047596 (15 ms)
2020-06-01 17:52:58 0:0:0:0:0:0:0:1 404 "GET /favicon.ico HTTP/1.1" 1032 (3 ms)
2020-06-01 17:52:59 0:0:0:0:0:0:0:1 200 "GET /member/signup HTTP/1.1" 911 (4 ms)
2020-06-01 17:53:00 0:0:0:0:0:0:0:1 200 "GET /js/bundle/member/member.bundle.js HTTP/1.1" 1741797 (19 ms)
2020-06-01 17:53:00 0:0:0:0:0:0:0:1 200 "GET /js/bundle/member/member.bundle.js.map HTTP/1.1" 2047596 (13 ms)
2020-06-01 17:53:00 0:0:0:0:0:0:0:1 404 "GET /favicon.ico HTTP/1.1" 1032 (4 ms)
2020-06-01 17:53:33 0:0:0:0:0:0:0:1 200 "GET /member/signup HTTP/1.1" 911 (19 ms)
2020-06-01 17:53:33 0:0:0:0:0:0:0:1 200 "GET /js/bundle/member/member.bundle.js HTTP/1.1" 1741797 (26 ms)
2020-06-01 17:53:33 0:0:0:0:0:0:0:1 200 "GET /js/bundle/member/member.bundle.js.map HTTP/1.1" 2047596 (20 ms)
2020-06-01 17:53:34 0:0:0:0:0:0:0:1 200 "GET /member/signup HTTP/1.1" 911 (4 ms)
2020-06-01 17:53:35 0:0:0:0:0:0:0:1 200 "GET /js/bundle/member/member.bundle.js HTTP/1.1" 1741818 (42 ms)
2020-06-01 17:53:35 0:0:0:0:0:0:0:1 200 "GET /js/bundle/member/member.bundle.js.map HTTP/1.1" 2047651 (15 ms)
2020-06-01 17:53:44 0:0:0:0:0:0:0:1 200 "GET /member/signup HTTP/1.1" 911 (9 ms)
2020-06-01 17:53:44 0:0:0:0:0:0:0:1 200 "GET /js/bundle/member/member.bundle.js HTTP/1.1" 1741818 (21 ms)
2020-06-01 17:53:44 0:0:0:0:0:0:0:1 200 "GET /js/bundle/member/member.bundle.js.map HTTP/1.1" 2047651 (13 ms)
2020-06-01 17:53:46 0:0:0:0:0:0:0:1 404 "GET /favicon.ico HTTP/1.1" 1032 (6 ms)
2020-06-01 17:54:01 0:0:0:0:0:0:0:1 200 "GET /member/signup HTTP/1.1" 911 (12 ms)
2020-06-01 17:54:02 0:0:0:0:0:0:0:1 200 "GET /js/bundle/member/member.bundle.js HTTP/1.1" 1741813 (65 ms)
2020-06-01 17:54:02 0:0:0:0:0:0:0:1 200 "GET /js/bundle/member/member.bundle.js.map HTTP/1.1" 2047650 (16 ms)
2020-06-01 17:54:03 0:0:0:0:0:0:0:1 404 "GET /favicon.ico HTTP/1.1" 1032 (7 ms)
2020-06-01 17:54:04 0:0:0:0:0:0:0:1 200 "GET /member/signup HTTP/1.1" 911 (11 ms)
2020-06-01 17:54:04 0:0:0:0:0:0:0:1 200 "GET /js/bundle/member/member.bundle.js HTTP/1.1" 1741815 (43 ms)
2020-06-01 17:54:04 0:0:0:0:0:0:0:1 200 "GET /js/bundle/member/member.bundle.js.map HTTP/1.1" 2047650 (17 ms)
2020-06-01 17:54:04 0:0:0:0:0:0:0:1 404 "GET /favicon.ico HTTP/1.1" 1032 (5 ms)
2020-06-01 17:54:05 0:0:0:0:0:0:0:1 200 "GET /member/signup HTTP/1.1" 911 (4 ms)
2020-06-01 17:54:05 0:0:0:0:0:0:0:1 200 "GET /js/bundle/member/member.bundle.js HTTP/1.1" 1741815 (17 ms)
2020-06-01 17:54:05 0:0:0:0:0:0:0:1 200 "GET /js/bundle/member/member.bundle.js.map HTTP/1.1" 2047650 (16 ms)
2020-06-01 17:54:05 0:0:0:0:0:0:0:1 404 "GET /favicon.ico HTTP/1.1" 1032 (7 ms)
2020-06-01 17:54:06 0:0:0:0:0:0:0:1 200 "GET /member/signup HTTP/1.1" 911 (13 ms)
2020-06-01 17:54:06 0:0:0:0:0:0:0:1 200 "GET /js/bundle/member/member.bundle.js HTTP/1.1" 1741815 (17 ms)
2020-06-01 17:54:06 0:0:0:0:0:0:0:1 200 "GET /js/bundle/member/member.bundle.js.map HTTP/1.1" 2047650 (13 ms)
2020-06-01 17:54:06 0:0:0:0:0:0:0:1 404 "GET /favicon.ico HTTP/1.1" 1032 (6 ms)
2020-06-01 17:54:18 0:0:0:0:0:0:0:1 200 "GET /member/signup HTTP/1.1" 911 (37 ms)
2020-06-01 17:54:18 0:0:0:0:0:0:0:1 200 "GET /js/bundle/member/member.bundle.js HTTP/1.1" 1741815 (19 ms)
2020-06-01 17:54:18 0:0:0:0:0:0:0:1 200 "GET /js/bundle/member/member.bundle.js.map HTTP/1.1" 2047650 (14 ms)
2020-06-01 17:54:23 0:0:0:0:0:0:0:1 200 "GET /member/signup HTTP/1.1" 911 (9 ms)
2020-06-01 17:54:23 0:0:0:0:0:0:0:1 200 "GET /js/bundle/member/member.bundle.js HTTP/1.1" 1741815 (22 ms)
2020-06-01 17:54:23 0:0:0:0:0:0:0:1 200 "GET /js/bundle/member/member.bundle.js.map HTTP/1.1" 2047650 (14 ms)
2020-06-01 17:54:23 0:0:0:0:0:0:0:1 404 "GET /favicon.ico HTTP/1.1" 1032 (7 ms)
2020-06-01 17:54:24 0:0:0:0:0:0:0:1 200 "GET /member/signup HTTP/1.1" 911 (2 ms)
2020-06-01 17:54:24 0:0:0:0:0:0:0:1 200 "GET /js/bundle/member/member.bundle.js HTTP/1.1" 1741822 (45 ms)
2020-06-01 17:54:24 0:0:0:0:0:0:0:1 200 "GET /js/bundle/member/member.bundle.js.map HTTP/1.1" 2047680 (15 ms)
2020-06-01 17:54:24 0:0:0:0:0:0:0:1 404 "GET /favicon.ico HTTP/1.1" 1032 (4 ms)
2020-06-01 17:54:25 0:0:0:0:0:0:0:1 200 "GET /member/signup HTTP/1.1" 911 (4 ms)
2020-06-01 17:54:25 0:0:0:0:0:0:0:1 200 "GET /js/bundle/member/member.bundle.js HTTP/1.1" 1741822 (23 ms)
2020-06-01 17:54:26 0:0:0:0:0:0:0:1 200 "GET /js/bundle/member/member.bundle.js.map HTTP/1.1" 2047680 (15 ms)
2020-06-01 17:54:26 0:0:0:0:0:0:0:1 404 "GET /favicon.ico HTTP/1.1" 1032 (21 ms)
2020-06-01 17:54:29 0:0:0:0:0:0:0:1 200 "GET /member/signup HTTP/1.1" 911 (13 ms)
2020-06-01 17:54:29 0:0:0:0:0:0:0:1 200 "GET /js/bundle/member/member.bundle.js HTTP/1.1" 1741822 (20 ms)
2020-06-01 17:54:29 0:0:0:0:0:0:0:1 200 "GET /js/bundle/member/member.bundle.js.map HTTP/1.1" 2047680 (14 ms)
2020-06-01 17:54:29 0:0:0:0:0:0:0:1 404 "GET /favicon.ico HTTP/1.1" 1032 (7 ms)
2020-06-01 17:54:58 0:0:0:0:0:0:0:1 200 "GET /member/signup HTTP/1.1" 911 (31 ms)
2020-06-01 17:54:58 0:0:0:0:0:0:0:1 200 "GET /js/bundle/member/member.bundle.js HTTP/1.1" 1741822 (23 ms)
2020-06-01 17:54:58 0:0:0:0:0:0:0:1 200 "GET /js/bundle/member/member.bundle.js.map HTTP/1.1" 2047680 (15 ms)
2020-06-01 17:54:58 0:0:0:0:0:0:0:1 404 "GET /favicon.ico HTTP/1.1" 1032 (10 ms)
2020-06-01 17:55:00 0:0:0:0:0:0:0:1 200 "GET /member/signup HTTP/1.1" 911 (3 ms)
2020-06-01 17:55:00 0:0:0:0:0:0:0:1 200 "GET /js/bundle/member/member.bundle.js HTTP/1.1" 1741792 (41 ms)
2020-06-01 17:55:00 0:0:0:0:0:0:0:1 200 "GET /js/bundle/member/member.bundle.js.map HTTP/1.1" 2047634 (19 ms)
2020-06-01 17:55:00 0:0:0:0:0:0:0:1 404 "GET /favicon.ico HTTP/1.1" 1032 (5 ms)
2020-06-01 17:55:01 0:0:0:0:0:0:0:1 200 "GET /member/signup HTTP/1.1" 911 (2 ms)
2020-06-01 17:55:01 0:0:0:0:0:0:0:1 200 "GET /js/bundle/member/member.bundle.js HTTP/1.1" 1741792 (19 ms)
2020-06-01 17:55:01 0:0:0:0:0:0:0:1 200 "GET /member/signup HTTP/1.1" 911 (4 ms)
2020-06-01 17:55:01 0:0:0:0:0:0:0:1 200 "GET /js/bundle/member/member.bundle.js HTTP/1.1" 1741792 (13 ms)
2020-06-01 17:55:01 0:0:0:0:0:0:0:1 200 "GET /js/bundle/member/member.bundle.js.map HTTP/1.1" 2047634 (12 ms)
2020-06-01 17:55:01 0:0:0:0:0:0:0:1 404 "GET /favicon.ico HTTP/1.1" 1032 (5 ms)
2020-06-01 17:55:25 0:0:0:0:0:0:0:1 200 "GET /member/signup HTTP/1.1" 911 (23 ms)
2020-06-01 17:55:25 0:0:0:0:0:0:0:1 200 "GET /js/bundle/member/member.bundle.js HTTP/1.1" 1741792 (23 ms)
2020-06-01 17:55:25 0:0:0:0:0:0:0:1 200 "GET /js/bundle/member/member.bundle.js.map HTTP/1.1" 2047634 (17 ms)
2020-06-01 17:55:25 0:0:0:0:0:0:0:1 404 "GET /favicon.ico HTTP/1.1" 1032 (7 ms)
2020-06-01 17:55:26 0:0:0:0:0:0:0:1 200 "GET /member/signup HTTP/1.1" 911 (3 ms)
2020-06-01 17:55:26 0:0:0:0:0:0:0:1 200 "GET /js/bundle/member/member.bundle.js HTTP/1.1" 1741792 (18 ms)
2020-06-01 17:55:26 0:0:0:0:0:0:0:1 200 "GET /js/bundle/member/member.bundle.js.map HTTP/1.1" 2047634 (15 ms)
2020-06-01 17:55:26 0:0:0:0:0:0:0:1 404 "GET /favicon.ico HTTP/1.1" 1032 (8 ms)
2020-06-01 17:55:55 0:0:0:0:0:0:0:1 200 "GET /member/signup HTTP/1.1" 911 (17 ms)
2020-06-01 17:55:55 0:0:0:0:0:0:0:1 200 "GET /js/bundle/member/member.bundle.js HTTP/1.1" 1741792 (28 ms)
2020-06-01 17:55:56 0:0:0:0:0:0:0:1 200 "GET /js/bundle/member/member.bundle.js.map HTTP/1.1" 2047634 (19 ms)
2020-06-01 17:55:56 0:0:0:0:0:0:0:1 404 "GET /favicon.ico HTTP/1.1" 1032 (11 ms)
2020-06-01 17:55:56 0:0:0:0:0:0:0:1 200 "GET /member/signup HTTP/1.1" 911 (3 ms)
2020-06-01 17:55:56 0:0:0:0:0:0:0:1 200 "GET /js/bundle/member/member.bundle.js HTTP/1.1" 1741792 (21 ms)
2020-06-01 17:55:56 0:0:0:0:0:0:0:1 200 "GET /js/bundle/member/member.bundle.js.map HTTP/1.1" 2047750 (21 ms)
2020-06-01 17:55:56 0:0:0:0:0:0:0:1 404 "GET /favicon.ico HTTP/1.1" 1032 (7 ms)
2020-06-01 17:56:15 0:0:0:0:0:0:0:1 200 "GET /member/signup HTTP/1.1" 911 (12 ms)
2020-06-01 17:56:15 0:0:0:0:0:0:0:1 200 "GET /js/bundle/member/member.bundle.js HTTP/1.1" 1741839 (71 ms)
2020-06-01 17:56:15 0:0:0:0:0:0:0:1 200 "GET /js/bundle/member/member.bundle.js.map HTTP/1.1" 2047750 (13 ms)
2020-06-01 17:56:15 0:0:0:0:0:0:0:1 404 "GET /favicon.ico HTTP/1.1" 1032 (5 ms)
2020-06-01 17:56:16 0:0:0:0:0:0:0:1 200 "GET /member/signup HTTP/1.1" 911 (8 ms)
2020-06-01 17:56:16 0:0:0:0:0:0:0:1 200 "GET /js/bundle/member/member.bundle.js HTTP/1.1" 1741839 (26 ms)
2020-06-01 17:56:16 0:0:0:0:0:0:0:1 200 "GET /js/bundle/member/member.bundle.js.map HTTP/1.1" 2047750 (15 ms)
2020-06-01 17:56:16 0:0:0:0:0:0:0:1 404 "GET /favicon.ico HTTP/1.1" 1032 (5 ms)
2020-06-01 17:56:55 0:0:0:0:0:0:0:1 200 "GET /member/signup HTTP/1.1" 911 (17 ms)
2020-06-01 17:56:55 0:0:0:0:0:0:0:1 200 "GET /js/bundle/member/member.bundle.js HTTP/1.1" 1741839 (28 ms)
2020-06-01 17:56:55 0:0:0:0:0:0:0:1 200 "GET /js/bundle/member/member.bundle.js.map HTTP/1.1" 2047750 (20 ms)
2020-06-01 17:56:55 0:0:0:0:0:0:0:1 404 "GET /favicon.ico HTTP/1.1" 1032 (10 ms)
2020-06-01 17:56:56 0:0:0:0:0:0:0:1 200 "GET /member/signup HTTP/1.1" 911 (6 ms)
2020-06-01 17:56:56 0:0:0:0:0:0:0:1 200 "GET /js/bundle/member/member.bundle.js HTTP/1.1" 1741843 (36 ms)
2020-06-01 17:56:56 0:0:0:0:0:0:0:1 200 "GET /js/bundle/member/member.bundle.js.map HTTP/1.1" 2047754 (19 ms)
2020-06-01 17:56:56 0:0:0:0:0:0:0:1 404 "GET /favicon.ico HTTP/1.1" 1032 (4 ms)
2020-06-01 17:56:56 0:0:0:0:0:0:0:1 200 "GET /member/signup HTTP/1.1" 911 (14 ms)
2020-06-01 17:56:56 0:0:0:0:0:0:0:1 200 "GET /js/bundle/member/member.bundle.js HTTP/1.1" 1741843 (17 ms)
2020-06-01 17:56:57 0:0:0:0:0:0:0:1 200 "GET /js/bundle/member/member.bundle.js.map HTTP/1.1" 2047754 (15 ms)
2020-06-01 17:56:57 0:0:0:0:0:0:0:1 404 "GET /favicon.ico HTTP/1.1" 1032 (5 ms)
2020-06-01 17:57:22 0:0:0:0:0:0:0:1 200 "GET /member/signup HTTP/1.1" 911 (8 ms)
2020-06-01 17:57:22 0:0:0:0:0:0:0:1 200 "GET /js/bundle/member/member.bundle.js HTTP/1.1" 1741843 (27 ms)
2020-06-01 17:57:22 0:0:0:0:0:0:0:1 200 "GET /js/bundle/member/member.bundle.js.map HTTP/1.1" 2047754 (19 ms)
2020-06-01 17:57:22 0:0:0:0:0:0:0:1 404 "GET /favicon.ico HTTP/1.1" 1032 (6 ms)
2020-06-01 17:57:23 0:0:0:0:0:0:0:1 200 "GET /member/signup HTTP/1.1" 911 (4 ms)
2020-06-01 17:57:23 0:0:0:0:0:0:0:1 200 "GET /js/bundle/member/member.bundle.js HTTP/1.1" 1741849 (47 ms)
2020-06-01 17:57:23 0:0:0:0:0:0:0:1 200 "GET /js/bundle/member/member.bundle.js.map HTTP/1.1" 2047761 (15 ms)
2020-06-01 17:57:23 0:0:0:0:0:0:0:1 404 "GET /favicon.ico HTTP/1.1" 1032 (5 ms)
2020-06-01 17:57:23 0:0:0:0:0:0:0:1 200 "GET /member/signup HTTP/1.1" 911 (5 ms)
2020-06-01 17:57:23 0:0:0:0:0:0:0:1 200 "GET /js/bundle/member/member.bundle.js HTTP/1.1" 1741849 (19 ms)
2020-06-01 17:57:24 0:0:0:0:0:0:0:1 200 "GET /js/bundle/member/member.bundle.js.map HTTP/1.1" 2047761 (14 ms)
2020-06-01 17:57:24 0:0:0:0:0:0:0:1 404 "GET /favicon.ico HTTP/1.1" 1032 (6 ms)
2020-06-01 17:57:38 0:0:0:0:0:0:0:1 200 "GET /member/signup HTTP/1.1" 911 (18 ms)
2020-06-01 17:57:38 0:0:0:0:0:0:0:1 200 "GET /js/bundle/member/member.bundle.js HTTP/1.1" 1741849 (28 ms)
2020-06-01 17:57:39 0:0:0:0:0:0:0:1 200 "GET /js/bundle/member/member.bundle.js.map HTTP/1.1" 2047761 (17 ms)
2020-06-01 17:57:39 0:0:0:0:0:0:0:1 404 "GET /favicon.ico HTTP/1.1" 1032 (6 ms)
2020-06-01 17:57:39 0:0:0:0:0:0:0:1 200 "GET /member/signup HTTP/1.1" 911 (6 ms)
2020-06-01 17:57:39 0:0:0:0:0:0:0:1 200 "GET /js/bundle/member/member.bundle.js HTTP/1.1" 1741849 (16 ms)
2020-06-01 17:57:39 0:0:0:0:0:0:0:1 200 "GET /js/bundle/member/member.bundle.js.map HTTP/1.1" 2047761 (15 ms)
2020-06-01 17:57:39 0:0:0:0:0:0:0:1 404 "GET /favicon.ico HTTP/1.1" 1032 (5 ms)
2020-06-01 17:57:40 0:0:0:0:0:0:0:1 200 "GET /member/signup HTTP/1.1" 911 (2 ms)
2020-06-01 17:57:40 0:0:0:0:0:0:0:1 200 "GET /js/bundle/member/member.bundle.js HTTP/1.1" 1741848 (35 ms)
2020-06-01 17:57:40 0:0:0:0:0:0:0:1 200 "GET /js/bundle/member/member.bundle.js.map HTTP/1.1" 2047760 (16 ms)
2020-06-01 17:57:40 0:0:0:0:0:0:0:1 404 "GET /favicon.ico HTTP/1.1" 1032 (4 ms)
2020-06-01 17:58:04 0:0:0:0:0:0:0:1 200 "GET /member/signup HTTP/1.1" 911 (10 ms)
2020-06-01 17:58:04 0:0:0:0:0:0:0:1 200 "GET /js/bundle/member/member.bundle.js HTTP/1.1" 1741848 (25 ms)
2020-06-01 17:58:04 0:0:0:0:0:0:0:1 200 "GET /js/bundle/member/member.bundle.js.map HTTP/1.1" 2047760 (18 ms)
2020-06-01 17:58:04 0:0:0:0:0:0:0:1 404 "GET /favicon.ico HTTP/1.1" 1032 (8 ms)
2020-06-01 17:58:05 0:0:0:0:0:0:0:1 200 "GET /member/signup HTTP/1.1" 911 (5 ms)
2020-06-01 17:58:05 0:0:0:0:0:0:0:1 200 "GET /js/bundle/member/member.bundle.js HTTP/1.1" 1741865 (55 ms)
2020-06-01 17:58:05 0:0:0:0:0:0:0:1 200 "GET /js/bundle/member/member.bundle.js.map HTTP/1.1" 2047813 (19 ms)
2020-06-01 17:58:05 0:0:0:0:0:0:0:1 404 "GET /favicon.ico HTTP/1.1" 1032 (4 ms)
2020-06-01 17:58:05 0:0:0:0:0:0:0:1 200 "GET /member/signup HTTP/1.1" 911 (4 ms)
2020-06-01 17:58:05 0:0:0:0:0:0:0:1 200 "GET /js/bundle/member/member.bundle.js HTTP/1.1" 1741865 (18 ms)
2020-06-01 17:58:05 0:0:0:0:0:0:0:1 200 "GET /js/bundle/member/member.bundle.js.map HTTP/1.1" 2047813 (18 ms)
2020-06-01 17:58:05 0:0:0:0:0:0:0:1 404 "GET /favicon.ico HTTP/1.1" 1032 (7 ms)
2020-06-01 17:58:11 0:0:0:0:0:0:0:1 200 "GET /member/signup HTTP/1.1" 911 (34 ms)
2020-06-01 17:58:12 0:0:0:0:0:0:0:1 200 "GET /js/bundle/member/member.bundle.js HTTP/1.1" 1741865 (18 ms)
2020-06-01 17:58:12 0:0:0:0:0:0:0:1 200 "GET /js/bundle/member/member.bundle.js.map HTTP/1.1" 2047813 (18 ms)
2020-06-01 17:58:12 0:0:0:0:0:0:0:1 404 "GET /favicon.ico HTTP/1.1" 1032 (8 ms)
2020-06-01 17:59:10 0:0:0:0:0:0:0:1 200 "GET /member/signup HTTP/1.1" 911 (14 ms)
2020-06-01 17:59:10 0:0:0:0:0:0:0:1 200 "GET /js/bundle/member/member.bundle.js HTTP/1.1" 1738894 (48 ms)
2020-06-01 17:59:10 0:0:0:0:0:0:0:1 200 "GET /js/bundle/member/member.bundle.js.map HTTP/1.1" 2041086 (18 ms)
2020-06-01 17:59:10 0:0:0:0:0:0:0:1 404 "GET /favicon.ico HTTP/1.1" 1032 (9 ms)
2020-06-01 17:59:11 0:0:0:0:0:0:0:1 200 "GET /member/signup HTTP/1.1" 911 (9 ms)
2020-06-01 17:59:11 0:0:0:0:0:0:0:1 200 "GET /js/bundle/member/member.bundle.js HTTP/1.1" 1741901 (74 ms)
2020-06-01 17:59:11 0:0:0:0:0:0:0:1 200 "GET /js/bundle/member/member.bundle.js.map HTTP/1.1" 2047900 (19 ms)
2020-06-01 17:59:11 0:0:0:0:0:0:0:1 404 "GET /favicon.ico HTTP/1.1" 1032 (7 ms)
2020-06-01 17:59:12 0:0:0:0:0:0:0:1 200 "GET /member/signup HTTP/1.1" 911 (4 ms)
2020-06-01 17:59:12 0:0:0:0:0:0:0:1 200 "GET /js/bundle/member/member.bundle.js HTTP/1.1" 1741901 (20 ms)
2020-06-01 17:59:12 0:0:0:0:0:0:0:1 200 "GET /js/bundle/member/member.bundle.js.map HTTP/1.1" 2047900 (15 ms)
2020-06-01 17:59:12 0:0:0:0:0:0:0:1 404 "GET /favicon.ico HTTP/1.1" 1032 (5 ms)
2020-06-01 17:59:13 0:0:0:0:0:0:0:1 200 "GET /member/signup HTTP/1.1" 911 (4 ms)
2020-06-01 17:59:13 0:0:0:0:0:0:0:1 200 "GET /js/bundle/member/member.bundle.js HTTP/1.1" 1741901 (20 ms)
2020-06-01 17:59:13 0:0:0:0:0:0:0:1 200 "GET /js/bundle/member/member.bundle.js.map HTTP/1.1" 2047900 (14 ms)
2020-06-01 17:59:13 0:0:0:0:0:0:0:1 404 "GET /favicon.ico HTTP/1.1" 1032 (4 ms)
2020-06-01 17:59:44 0:0:0:0:0:0:0:1 200 "GET /member/signup HTTP/1.1" 911 (14 ms)
2020-06-01 17:59:44 0:0:0:0:0:0:0:1 200 "GET /js/bundle/member/member.bundle.js HTTP/1.1" 1741901 (28 ms)
2020-06-01 17:59:44 0:0:0:0:0:0:0:1 200 "GET /js/bundle/member/member.bundle.js.map HTTP/1.1" 2047900 (17 ms)
2020-06-01 17:59:44 0:0:0:0:0:0:0:1 404 "GET /favicon.ico HTTP/1.1" 1032 (7 ms)
2020-06-01 17:59:44 0:0:0:0:0:0:0:1 200 "GET /member/signup HTTP/1.1" 911 (4 ms)
2020-06-01 17:59:45 0:0:0:0:0:0:0:1 200 "GET /js/bundle/member/member.bundle.js HTTP/1.1" 1741902 (37 ms)
2020-06-01 17:59:45 0:0:0:0:0:0:0:1 200 "GET /js/bundle/member/member.bundle.js.map HTTP/1.1" 2047889 (16 ms)
2020-06-01 17:59:45 0:0:0:0:0:0:0:1 404 "GET /favicon.ico HTTP/1.1" 1032 (3 ms)
2020-06-01 17:59:58 0:0:0:0:0:0:0:1 200 "GET /member/signup HTTP/1.1" 911 (11 ms)
2020-06-01 17:59:58 0:0:0:0:0:0:0:1 200 "GET /js/bundle/member/member.bundle.js HTTP/1.1" 1741902 (21 ms)
2020-06-01 17:59:58 0:0:0:0:0:0:0:1 200 "GET /js/bundle/member/member.bundle.js.map HTTP/1.1" 2047889 (15 ms)
2020-06-01 17:59:58 0:0:0:0:0:0:0:1 404 "GET /favicon.ico HTTP/1.1" 1032 (6 ms)
2020-06-01 17:59:58 0:0:0:0:0:0:0:1 200 "GET /member/signup HTTP/1.1" 911 (5 ms)
2020-06-01 17:59:58 0:0:0:0:0:0:0:1 200 "GET /js/bundle/member/member.bundle.js HTTP/1.1" 1741902 (20 ms)
2020-06-01 17:59:58 0:0:0:0:0:0:0:1 200 "GET /js/bundle/member/member.bundle.js.map HTTP/1.1" 2047888 (22 ms)
2020-06-01 17:59:58 0:0:0:0:0:0:0:1 404 "GET /favicon.ico HTTP/1.1" 1032 (4 ms)
2020-06-01 17:59:59 0:0:0:0:0:0:0:1 200 "GET /member/signup HTTP/1.1" 911 (32 ms)
2020-06-01 17:59:59 0:0:0:0:0:0:0:1 200 "GET /js/bundle/member/member.bundle.js HTTP/1.1" 1741901 (37 ms)
2020-06-01 17:59:59 0:0:0:0:0:0:0:1 200 "GET /js/bundle/member/member.bundle.js.map HTTP/1.1" 2047888 (17 ms)
2020-06-01 17:59:59 0:0:0:0:0:0:0:1 404 "GET /favicon.ico HTTP/1.1" 1032 (3 ms)
2020-06-01 18:00:38 0:0:0:0:0:0:0:1 200 "GET /member/signup HTTP/1.1" 911 (14 ms)
2020-06-01 18:00:39 0:0:0:0:0:0:0:1 200 "GET /js/bundle/member/member.bundle.js HTTP/1.1" 1741901 (25 ms)
2020-06-01 18:00:39 0:0:0:0:0:0:0:1 200 "GET /js/bundle/member/member.bundle.js.map HTTP/1.1" 2047888 (18 ms)
2020-06-01 18:00:39 0:0:0:0:0:0:0:1 404 "GET /favicon.ico HTTP/1.1" 1032 (14 ms)
2020-06-01 18:00:39 0:0:0:0:0:0:0:1 200 "GET /member/signup HTTP/1.1" 911 (5 ms)
2020-06-01 18:00:39 0:0:0:0:0:0:0:1 200 "GET /js/bundle/member/member.bundle.js HTTP/1.1" 1741901 (21 ms)
2020-06-01 18:00:39 0:0:0:0:0:0:0:1 200 "GET /js/bundle/member/member.bundle.js.map HTTP/1.1" 163840 (9 ms)
2020-06-01 18:00:39 0:0:0:0:0:0:0:1 404 "GET /favicon.ico HTTP/1.1" 1032 (4 ms)
2020-06-01 18:00:41 0:0:0:0:0:0:0:1 200 "GET /member/signup HTTP/1.1" 911 (9 ms)
2020-06-01 18:00:42 0:0:0:0:0:0:0:1 200 "GET /js/bundle/member/member.bundle.js HTTP/1.1" 1741901 (42 ms)
2020-06-01 18:00:42 0:0:0:0:0:0:0:1 200 "GET /js/bundle/member/member.bundle.js.map HTTP/1.1" 2047900 (18 ms)
2020-06-01 18:00:42 0:0:0:0:0:0:0:1 404 "GET /favicon.ico HTTP/1.1" 1032 (3 ms)
2020-06-01 18:03:10 0:0:0:0:0:0:0:1 200 "GET /member/signup HTTP/1.1" 911 (16 ms)
2020-06-01 18:03:11 0:0:0:0:0:0:0:1 200 "GET /js/bundle/member/member.bundle.js HTTP/1.1" 1741901 (30 ms)
2020-06-01 18:03:11 0:0:0:0:0:0:0:1 200 "GET /js/bundle/member/member.bundle.js.map HTTP/1.1" 2047900 (22 ms)
2020-06-01 18:03:11 0:0:0:0:0:0:0:1 404 "GET /favicon.ico HTTP/1.1" 1032 (7 ms)
2020-06-01 18:03:11 0:0:0:0:0:0:0:1 200 "GET /member/signup HTTP/1.1" 911 (7 ms)
2020-06-01 18:03:11 0:0:0:0:0:0:0:1 200 "GET /js/bundle/member/member.bundle.js HTTP/1.1" 1741937 (42 ms)
2020-06-01 18:03:11 0:0:0:0:0:0:0:1 200 "GET /js/bundle/member/member.bundle.js.map HTTP/1.1" 2047990 (19 ms)
2020-06-01 18:03:11 0:0:0:0:0:0:0:1 404 "GET /favicon.ico HTTP/1.1" 1032 (3 ms)
2020-06-01 18:03:50 0:0:0:0:0:0:0:1 200 "GET /member/signup HTTP/1.1" 911 (15 ms)
2020-06-01 18:03:50 0:0:0:0:0:0:0:1 200 "GET /js/bundle/member/member.bundle.js HTTP/1.1" 1741936 (81 ms)
2020-06-01 18:03:50 0:0:0:0:0:0:0:1 200 "GET /js/bundle/member/member.bundle.js.map HTTP/1.1" 2047973 (16 ms)
2020-06-01 18:03:50 0:0:0:0:0:0:0:1 404 "GET /favicon.ico HTTP/1.1" 1032 (6 ms)
2020-06-01 18:03:51 0:0:0:0:0:0:0:1 200 "GET /member/signup HTTP/1.1" 911 (3 ms)
2020-06-01 18:03:51 0:0:0:0:0:0:0:1 200 "GET /js/bundle/member/member.bundle.js HTTP/1.1" 1741936 (19 ms)
2020-06-01 18:03:51 0:0:0:0:0:0:0:1 200 "GET /js/bundle/member/member.bundle.js.map HTTP/1.1" 2047973 (14 ms)
2020-06-01 18:03:51 0:0:0:0:0:0:0:1 404 "GET /favicon.ico HTTP/1.1" 1032 (5 ms)
2020-06-01 18:03:51 0:0:0:0:0:0:0:1 200 "GET /member/signup HTTP/1.1" 911 (3 ms)
2020-06-01 18:03:51 0:0:0:0:0:0:0:1 200 "GET /js/bundle/member/member.bundle.js HTTP/1.1" 1741936 (16 ms)
2020-06-01 18:03:51 0:0:0:0:0:0:0:1 200 "GET /js/bundle/member/member.bundle.js.map HTTP/1.1" 2047973 (16 ms)
2020-06-01 18:03:51 0:0:0:0:0:0:0:1 404 "GET /favicon.ico HTTP/1.1" 1032 (4 ms)
2020-06-01 18:04:39 0:0:0:0:0:0:0:1 200 "GET /member/signup HTTP/1.1" 911 (15 ms)
2020-06-01 18:04:39 0:0:0:0:0:0:0:1 200 "GET /js/bundle/member/member.bundle.js HTTP/1.1" 1741936 (21 ms)
2020-06-01 18:04:39 0:0:0:0:0:0:0:1 200 "GET /js/bundle/member/member.bundle.js.map HTTP/1.1" 2047973 (20 ms)
2020-06-01 18:05:25 0:0:0:0:0:0:0:1 200 "GET /member/signup HTTP/1.1" 911 (14 ms)
2020-06-01 18:05:25 0:0:0:0:0:0:0:1 200 "GET /js/bundle/member/member.bundle.js HTTP/1.1" 1741938 (47 ms)
2020-06-01 18:05:25 0:0:0:0:0:0:0:1 200 "GET /js/bundle/member/member.bundle.js.map HTTP/1.1" 2047981 (15 ms)
2020-06-01 18:05:26 0:0:0:0:0:0:0:1 404 "GET /favicon.ico HTTP/1.1" 1032 (7 ms)
2020-06-01 18:05:26 0:0:0:0:0:0:0:1 200 "GET /member/signup HTTP/1.1" 911 (2 ms)
2020-06-01 18:05:26 0:0:0:0:0:0:0:1 404 "GET /js/bundle/member/member.bundle.js HTTP/1.1" 991 (8 ms)
2020-06-01 18:05:26 0:0:0:0:0:0:0:1 404 "GET /favicon.ico HTTP/1.1" 1032 (7 ms)
2020-06-01 18:05:27 0:0:0:0:0:0:0:1 200 "GET /member/signup HTTP/1.1" 911 (3 ms)
2020-06-01 18:05:27 0:0:0:0:0:0:0:1 200 "GET /js/bundle/member/member.bundle.js HTTP/1.1" 1741939 (41 ms)
2020-06-01 18:05:27 0:0:0:0:0:0:0:1 200 "GET /js/bundle/member/member.bundle.js.map HTTP/1.1" 2047994 (16 ms)
2020-06-01 18:05:27 0:0:0:0:0:0:0:1 404 "GET /favicon.ico HTTP/1.1" 1032 (3 ms)
2020-06-01 18:05:28 0:0:0:0:0:0:0:1 200 "GET /member/signup HTTP/1.1" 911 (8 ms)
2020-06-01 18:05:28 0:0:0:0:0:0:0:1 200 "GET /js/bundle/member/member.bundle.js HTTP/1.1" 1741939 (19 ms)
2020-06-01 18:05:28 0:0:0:0:0:0:0:1 200 "GET /js/bundle/member/member.bundle.js.map HTTP/1.1" 2047994 (14 ms)
2020-06-01 18:05:28 0:0:0:0:0:0:0:1 404 "GET /favicon.ico HTTP/1.1" 1032 (4 ms)
2020-06-01 18:05:28 0:0:0:0:0:0:0:1 200 "GET /member/signup HTTP/1.1" 911 (2 ms)
2020-06-01 18:05:28 0:0:0:0:0:0:0:1 200 "GET /js/bundle/member/member.bundle.js HTTP/1.1" 1741939 (15 ms)
2020-06-01 18:05:29 0:0:0:0:0:0:0:1 200 "GET /js/bundle/member/member.bundle.js.map HTTP/1.1" 2047994 (19 ms)
2020-06-01 18:05:29 0:0:0:0:0:0:0:1 404 "GET /favicon.ico HTTP/1.1" 1032 (4 ms)
