2020-06-08 16:25:24 0:0:0:0:0:0:0:1 302 "GET / HTTP/1.1" - (112 ms)
2020-06-08 16:25:25 0:0:0:0:0:0:0:1 302 "GET / HTTP/1.1" - (10 ms)
2020-06-08 16:25:25 0:0:0:0:0:0:0:1 200 "GET /main/index HTTP/1.1" 936 (333 ms)
2020-06-08 16:25:25 0:0:0:0:0:0:0:1 200 "GET /main/index HTTP/1.1" 936 (13 ms)
2020-06-08 16:25:25 0:0:0:0:0:0:0:1 200 "GET /js/bundle/main/main.bundle.js HTTP/1.1" 968364 (21 ms)
2020-06-08 16:25:25 0:0:0:0:0:0:0:1 200 "GET /js/bundle/main/main.bundle.js HTTP/1.1" 968364 (76 ms)
2020-06-08 16:25:25 0:0:0:0:0:0:0:1 404 "GET /favicon.ico HTTP/1.1" 1032 (80 ms)
2020-06-08 16:25:27 0:0:0:0:0:0:0:1 200 "GET /member/login HTTP/1.1" 913 (51 ms)
2020-06-08 16:25:27 0:0:0:0:0:0:0:1 200 "GET /js/bundle/member/member.bundle.js HTTP/1.1" 1772960 (31 ms)
2020-06-08 16:25:31 0:0:0:0:0:0:0:1 302 "POST /member/loginProcess HTTP/1.1" - (422 ms)
2020-06-08 16:25:31 0:0:0:0:0:0:0:1 200 "GET /blank/?url=/main/index&msg=%EB%A1%9C%EA%B7%B8%EC%9D%B8+%EB%90%98%EC%97%88%EC%8A%B5%EB%8B%88%EB%8B%A4. HTTP/1.1" 1060 (28 ms)
2020-06-08 16:25:32 0:0:0:0:0:0:0:1 200 "GET /main/index HTTP/1.1" 953 (20 ms)
2020-06-08 16:25:32 0:0:0:0:0:0:0:1 200 "GET /js/bundle/main/main.bundle.js HTTP/1.1" 968364 (17 ms)
2020-06-08 16:25:33 0:0:0:0:0:0:0:1 200 "GET /member/list HTTP/1.1" 924 (14 ms)
2020-06-08 16:25:33 0:0:0:0:0:0:0:1 200 "GET /js/bundle/member/member.bundle.js HTTP/1.1" 1772960 (24 ms)
2020-06-08 16:25:33 0:0:0:0:0:0:0:1 200 "GET /member/api/list?pageIndex=1&memberId=&memberName= HTTP/1.1" 710 (171 ms)
2020-06-08 16:25:35 0:0:0:0:0:0:0:1 200 "GET /member/api/write?no=51 HTTP/1.1" 136 (13 ms)
2020-06-08 16:25:35 0:0:0:0:0:0:0:1 200 "GET /file/api/selectFiles?fileId= HTTP/1.1" 24 (24 ms)
2020-06-08 16:25:36 0:0:0:0:0:0:0:1 200 "POST /member/update HTTP/1.1" 1059 (164 ms)
2020-06-08 16:25:37 0:0:0:0:0:0:0:1 200 "GET /member/write?no=51 HTTP/1.1" 1009 (11 ms)
2020-06-08 16:25:37 0:0:0:0:0:0:0:1 200 "GET /js/bundle/member/member.bundle.js HTTP/1.1" 1772960 (19 ms)
2020-06-08 16:25:37 0:0:0:0:0:0:0:1 200 "GET /member/api/write?no=51 HTTP/1.1" 136 (11 ms)
2020-06-08 16:25:37 0:0:0:0:0:0:0:1 200 "GET /file/api/selectFiles?fileId= HTTP/1.1" 24 (7 ms)
2020-06-08 16:28:23 0:0:0:0:0:0:0:1 302 "GET /member/write?no=51 HTTP/1.1" - (109 ms)
2020-06-08 16:28:23 0:0:0:0:0:0:0:1 200 "GET /member/denied?url=./login&msg=%ED%9A%8C%EC%9B%90%EB%A7%8C+%EA%B0%80%EB%8A%A5%ED%95%A9%EB%8B%88%EB%8B%A4. HTTP/1.1" 1056 (259 ms)
2020-06-08 16:28:25 0:0:0:0:0:0:0:1 200 "GET /member/login HTTP/1.1" 913 (30 ms)
2020-06-08 16:28:25 0:0:0:0:0:0:0:1 200 "GET /js/bundle/member/member.bundle.js HTTP/1.1" 1772960 (53 ms)
2020-06-08 16:28:30 0:0:0:0:0:0:0:1 302 "POST /member/loginProcess HTTP/1.1" - (479 ms)
2020-06-08 16:28:30 0:0:0:0:0:0:0:1 200 "GET /member/write?no=51 HTTP/1.1" 1009 (47 ms)
2020-06-08 16:28:30 0:0:0:0:0:0:0:1 200 "GET /js/bundle/member/member.bundle.js HTTP/1.1" 1772960 (26 ms)
2020-06-08 16:28:30 0:0:0:0:0:0:0:1 200 "GET /member/api/write?no=51 HTTP/1.1" 136 (76 ms)
2020-06-08 16:28:30 0:0:0:0:0:0:0:1 200 "GET /file/api/selectFiles?fileId= HTTP/1.1" 24 (14 ms)
2020-06-08 16:28:30 0:0:0:0:0:0:0:1 200 "GET /member/list HTTP/1.1" 924 (14 ms)
2020-06-08 16:28:31 0:0:0:0:0:0:0:1 200 "GET /js/bundle/member/member.bundle.js HTTP/1.1" 1772960 (29 ms)
2020-06-08 16:28:31 0:0:0:0:0:0:0:1 200 "GET /member/api/list?pageIndex=1&memberId=&memberName= HTTP/1.1" 710 (65 ms)
2020-06-08 16:28:32 0:0:0:0:0:0:0:1 200 "GET /member/api/write?no=51 HTTP/1.1" 136 (11 ms)
2020-06-08 16:28:32 0:0:0:0:0:0:0:1 200 "GET /file/api/selectFiles?fileId= HTTP/1.1" 24 (10 ms)
2020-06-08 16:28:33 0:0:0:0:0:0:0:1 200 "POST /member/update HTTP/1.1" 1068 (137 ms)
2020-06-08 16:28:34 0:0:0:0:0:0:0:1 200 "GET /member/write?no=51 HTTP/1.1" 1009 (21 ms)
2020-06-08 16:28:34 0:0:0:0:0:0:0:1 200 "GET /js/bundle/member/member.bundle.js HTTP/1.1" 1772960 (26 ms)
2020-06-08 16:28:34 0:0:0:0:0:0:0:1 200 "GET /member/api/write?no=51 HTTP/1.1" 136 (17 ms)
2020-06-08 16:28:34 0:0:0:0:0:0:0:1 200 "GET /file/api/selectFiles?fileId= HTTP/1.1" 24 (8 ms)
2020-06-08 16:28:45 0:0:0:0:0:0:0:1 200 "GET /member/write?no=51 HTTP/1.1" 1009 (17 ms)
2020-06-08 16:28:45 0:0:0:0:0:0:0:1 200 "GET /js/bundle/member/member.bundle.js HTTP/1.1" 1772960 (22 ms)
2020-06-08 16:28:45 0:0:0:0:0:0:0:1 200 "GET /member/api/write?no=51 HTTP/1.1" 136 (12 ms)
2020-06-08 16:28:45 0:0:0:0:0:0:0:1 200 "GET /file/api/selectFiles?fileId= HTTP/1.1" 24 (5 ms)
2020-06-08 16:28:52 0:0:0:0:0:0:0:1 200 "POST /member/update HTTP/1.1" 1068 (5337 ms)
2020-06-08 16:30:17 0:0:0:0:0:0:0:1 302 "GET /member/write?no=51 HTTP/1.1" - (123 ms)
2020-06-08 16:30:17 0:0:0:0:0:0:0:1 200 "GET /member/denied?url=./login&msg=%ED%9A%8C%EC%9B%90%EB%A7%8C+%EA%B0%80%EB%8A%A5%ED%95%A9%EB%8B%88%EB%8B%A4. HTTP/1.1" 1056 (213 ms)
2020-06-08 16:30:18 0:0:0:0:0:0:0:1 200 "GET /member/login HTTP/1.1" 913 (33 ms)
2020-06-08 16:30:18 0:0:0:0:0:0:0:1 200 "GET /js/bundle/member/member.bundle.js HTTP/1.1" 1772960 (75 ms)
2020-06-08 16:30:22 0:0:0:0:0:0:0:1 302 "POST /member/loginProcess HTTP/1.1" - (459 ms)
2020-06-08 16:30:22 0:0:0:0:0:0:0:1 200 "GET /member/write?no=51 HTTP/1.1" 1009 (41 ms)
2020-06-08 16:30:22 0:0:0:0:0:0:0:1 200 "GET /js/bundle/member/member.bundle.js HTTP/1.1" 1772960 (110 ms)
2020-06-08 16:30:23 0:0:0:0:0:0:0:1 200 "GET /member/api/write?no=51 HTTP/1.1" 136 (92 ms)
2020-06-08 16:30:23 0:0:0:0:0:0:0:1 200 "GET /file/api/selectFiles?fileId= HTTP/1.1" 24 (18 ms)
2020-06-08 16:30:23 0:0:0:0:0:0:0:1 200 "GET /member/list HTTP/1.1" 924 (12 ms)
2020-06-08 16:30:23 0:0:0:0:0:0:0:1 200 "GET /js/bundle/member/member.bundle.js HTTP/1.1" 1772960 (20 ms)
2020-06-08 16:30:23 0:0:0:0:0:0:0:1 200 "GET /member/api/list?pageIndex=1&memberId=&memberName= HTTP/1.1" 710 (59 ms)
2020-06-08 16:30:24 0:0:0:0:0:0:0:1 200 "GET /member/api/write?no=51 HTTP/1.1" 136 (7 ms)
2020-06-08 16:30:24 0:0:0:0:0:0:0:1 200 "GET /file/api/selectFiles?fileId= HTTP/1.1" 24 (6 ms)
2020-06-08 16:30:25 0:0:0:0:0:0:0:1 200 "POST /member/update HTTP/1.1" 1059 (137 ms)
2020-06-08 16:30:26 0:0:0:0:0:0:0:1 200 "GET /member/write?no=51 HTTP/1.1" 1009 (13 ms)
2020-06-08 16:30:26 0:0:0:0:0:0:0:1 200 "GET /js/bundle/member/member.bundle.js HTTP/1.1" 1772960 (20 ms)
2020-06-08 16:30:26 0:0:0:0:0:0:0:1 200 "GET /member/api/write?no=51 HTTP/1.1" 136 (12 ms)
2020-06-08 16:30:26 0:0:0:0:0:0:0:1 200 "GET /file/api/selectFiles?fileId= HTTP/1.1" 24 (10 ms)
2020-06-08 16:30:35 0:0:0:0:0:0:0:1 200 "GET /member/write?no=51 HTTP/1.1" 1009 (25 ms)
2020-06-08 16:30:35 0:0:0:0:0:0:0:1 200 "GET /js/bundle/member/member.bundle.js HTTP/1.1" 1772960 (24 ms)
2020-06-08 16:30:35 0:0:0:0:0:0:0:1 200 "GET /member/api/write?no=51 HTTP/1.1" 136 (9 ms)
2020-06-08 16:30:35 0:0:0:0:0:0:0:1 200 "GET /file/api/selectFiles?fileId= HTTP/1.1" 24 (6 ms)
2020-06-08 16:30:50 0:0:0:0:0:0:0:1 200 "POST /member/update HTTP/1.1" 1059 (13593 ms)
2020-06-08 16:31:22 0:0:0:0:0:0:0:1 302 "GET /member/write?no=51 HTTP/1.1" - (99 ms)
2020-06-08 16:31:23 0:0:0:0:0:0:0:1 200 "GET /member/denied?url=./login&msg=%ED%9A%8C%EC%9B%90%EB%A7%8C+%EA%B0%80%EB%8A%A5%ED%95%A9%EB%8B%88%EB%8B%A4. HTTP/1.1" 1056 (278 ms)
2020-06-08 16:31:23 0:0:0:0:0:0:0:1 200 "GET /member/denied?url=./login&msg=%ED%9A%8C%EC%9B%90%EB%A7%8C+%EA%B0%80%EB%8A%A5%ED%95%A9%EB%8B%88%EB%8B%A4. HTTP/1.1" 1056 (19 ms)
2020-06-08 16:31:25 0:0:0:0:0:0:0:1 200 "GET /member/login HTTP/1.1" 913 (28 ms)
2020-06-08 16:31:25 0:0:0:0:0:0:0:1 200 "GET /js/bundle/member/member.bundle.js HTTP/1.1" 1772960 (63 ms)
2020-06-08 16:31:25 0:0:0:0:0:0:0:1 200 "GET /member/login HTTP/1.1" 913 (11 ms)
2020-06-08 16:31:25 0:0:0:0:0:0:0:1 200 "GET /js/bundle/member/member.bundle.js HTTP/1.1" 1772960 (30 ms)
2020-06-08 16:31:29 0:0:0:0:0:0:0:1 302 "POST /member/loginProcess HTTP/1.1" - (430 ms)
2020-06-08 16:31:29 0:0:0:0:0:0:0:1 200 "GET /member/write?no=51 HTTP/1.1" 1009 (38 ms)
2020-06-08 16:31:29 0:0:0:0:0:0:0:1 200 "GET /js/bundle/member/member.bundle.js HTTP/1.1" 1772960 (32 ms)
2020-06-08 16:31:30 0:0:0:0:0:0:0:1 200 "GET /member/api/write?no=51 HTTP/1.1" 136 (85 ms)
2020-06-08 16:31:30 0:0:0:0:0:0:0:1 200 "GET /file/api/selectFiles?fileId= HTTP/1.1" 24 (20 ms)
2020-06-08 16:31:31 0:0:0:0:0:0:0:1 200 "GET /member/list HTTP/1.1" 924 (13 ms)
2020-06-08 16:31:31 0:0:0:0:0:0:0:1 200 "GET /js/bundle/member/member.bundle.js HTTP/1.1" 1772960 (22 ms)
2020-06-08 16:31:31 0:0:0:0:0:0:0:1 200 "GET /member/api/list?pageIndex=1&memberId=&memberName= HTTP/1.1" 710 (62 ms)
2020-06-08 16:31:32 0:0:0:0:0:0:0:1 200 "GET /member/api/write?no=51 HTTP/1.1" 136 (10 ms)
2020-06-08 16:31:32 0:0:0:0:0:0:0:1 200 "GET /file/api/selectFiles?fileId= HTTP/1.1" 24 (5 ms)
2020-06-08 16:31:42 0:0:0:0:0:0:0:1 200 "POST /member/update HTTP/1.1" 1068 (8882 ms)
2020-06-08 16:31:44 0:0:0:0:0:0:0:1 200 "GET /member/write?no=51 HTTP/1.1" 1009 (15 ms)
2020-06-08 16:31:44 0:0:0:0:0:0:0:1 200 "GET /js/bundle/member/member.bundle.js HTTP/1.1" 1772960 (17 ms)
2020-06-08 16:31:44 0:0:0:0:0:0:0:1 200 "GET /member/api/write?no=51 HTTP/1.1" 136 (11 ms)
2020-06-08 16:31:44 0:0:0:0:0:0:0:1 200 "GET /file/api/selectFiles?fileId= HTTP/1.1" 24 (6 ms)
2020-06-08 16:32:02 0:0:0:0:0:0:0:1 200 "POST /member/update HTTP/1.1" 1068 (15341 ms)
2020-06-08 16:32:20 0:0:0:0:0:0:0:1 200 "GET /member/write?no=51 HTTP/1.1" 1009 (18 ms)
2020-06-08 16:32:20 0:0:0:0:0:0:0:1 200 "GET /js/bundle/member/member.bundle.js HTTP/1.1" 1772960 (23 ms)
2020-06-08 16:32:20 0:0:0:0:0:0:0:1 200 "GET /member/api/write?no=51 HTTP/1.1" 136 (11 ms)
2020-06-08 16:32:20 0:0:0:0:0:0:0:1 200 "GET /file/api/selectFiles?fileId= HTTP/1.1" 24 (6 ms)
2020-06-08 16:32:25 0:0:0:0:0:0:0:1 200 "POST /member/update HTTP/1.1" 1068 (4588 ms)
2020-06-08 16:35:02 0:0:0:0:0:0:0:1 302 "GET /member/write?no=51 HTTP/1.1" - (105 ms)
2020-06-08 16:35:03 0:0:0:0:0:0:0:1 200 "GET /member/denied?url=./login&msg=%ED%9A%8C%EC%9B%90%EB%A7%8C+%EA%B0%80%EB%8A%A5%ED%95%A9%EB%8B%88%EB%8B%A4. HTTP/1.1" 1056 (216 ms)
2020-06-08 16:35:05 0:0:0:0:0:0:0:1 200 "GET /member/login HTTP/1.1" 913 (25 ms)
2020-06-08 16:35:05 0:0:0:0:0:0:0:1 200 "GET /js/bundle/member/member.bundle.js HTTP/1.1" 1772960 (51 ms)
2020-06-08 16:35:07 0:0:0:0:0:0:0:1 200 "GET /member/login HTTP/1.1" 913 (31 ms)
2020-06-08 16:35:08 0:0:0:0:0:0:0:1 200 "GET /js/bundle/member/member.bundle.js HTTP/1.1" 1772960 (25 ms)
2020-06-08 16:35:12 0:0:0:0:0:0:0:1 302 "POST /member/loginProcess HTTP/1.1" - (500 ms)
2020-06-08 16:35:12 0:0:0:0:0:0:0:1 200 "GET /member/write?no=51 HTTP/1.1" 1009 (34 ms)
2020-06-08 16:35:12 0:0:0:0:0:0:0:1 200 "GET /js/bundle/member/member.bundle.js HTTP/1.1" 1772960 (33 ms)
2020-06-08 16:35:12 0:0:0:0:0:0:0:1 200 "GET /member/api/write?no=51 HTTP/1.1" 136 (272 ms)
2020-06-08 16:35:12 0:0:0:0:0:0:0:1 200 "GET /file/api/selectFiles?fileId= HTTP/1.1" 24 (21 ms)
2020-06-08 16:35:20 0:0:0:0:0:0:0:1 200 "POST /member/update HTTP/1.1" 1068 (4328 ms)
2020-06-08 16:35:22 0:0:0:0:0:0:0:1 200 "GET /member/write?no=51 HTTP/1.1" 1009 (19 ms)
2020-06-08 16:35:22 0:0:0:0:0:0:0:1 200 "GET /js/bundle/member/member.bundle.js HTTP/1.1" 1772960 (20 ms)
2020-06-08 16:35:22 0:0:0:0:0:0:0:1 200 "GET /member/api/write?no=51 HTTP/1.1" 136 (12 ms)
2020-06-08 16:35:22 0:0:0:0:0:0:0:1 200 "GET /file/api/selectFiles?fileId= HTTP/1.1" 24 (7 ms)
2020-06-08 17:28:32 0:0:0:0:0:0:0:1 302 "GET / HTTP/1.1" - (28 ms)
2020-06-08 17:28:32 0:0:0:0:0:0:0:1 200 "GET /main/index HTTP/1.1" 936 (70 ms)
2020-06-08 17:28:32 0:0:0:0:0:0:0:1 200 "GET /js/bundle/main/main.bundle.js HTTP/1.1" 968364 (19 ms)
2020-06-08 17:28:32 0:0:0:0:0:0:0:1 200 "GET /js/bundle/main/main.bundle.js.map HTTP/1.1" 1130167 (66 ms)
2020-06-08 17:28:32 0:0:0:0:0:0:0:1 404 "GET /favicon.ico HTTP/1.1" 1032 (35 ms)
2020-06-08 17:28:33 0:0:0:0:0:0:0:1 200 "GET /member/login HTTP/1.1" 913 (19 ms)
2020-06-08 17:28:33 0:0:0:0:0:0:0:1 200 "GET /js/bundle/member/member.bundle.js HTTP/1.1" 1773390 (44 ms)
2020-06-08 17:28:33 0:0:0:0:0:0:0:1 200 "GET /js/bundle/member/member.bundle.js.map HTTP/1.1" 2078414 (19 ms)
2020-06-08 17:28:37 0:0:0:0:0:0:0:1 302 "POST /member/loginProcess HTTP/1.1" - (95 ms)
2020-06-08 17:28:37 0:0:0:0:0:0:0:1 200 "GET /blank/?url=/main/index&msg=%EB%A1%9C%EA%B7%B8%EC%9D%B8+%EB%90%98%EC%97%88%EC%8A%B5%EB%8B%88%EB%8B%A4. HTTP/1.1" 1060 (16 ms)
2020-06-08 17:28:38 0:0:0:0:0:0:0:1 200 "GET /main/index HTTP/1.1" 953 (13 ms)
2020-06-08 17:28:38 0:0:0:0:0:0:0:1 200 "GET /js/bundle/main/main.bundle.js HTTP/1.1" 968364 (12 ms)
2020-06-08 17:28:38 0:0:0:0:0:0:0:1 200 "GET /js/bundle/main/main.bundle.js.map HTTP/1.1" 1130167 (12 ms)
2020-06-08 17:28:39 0:0:0:0:0:0:0:1 200 "GET /member/list HTTP/1.1" 924 (12 ms)
2020-06-08 17:28:39 0:0:0:0:0:0:0:1 200 "GET /js/bundle/member/member.bundle.js HTTP/1.1" 1773390 (20 ms)
2020-06-08 17:28:39 0:0:0:0:0:0:0:1 200 "GET /js/bundle/member/member.bundle.js.map HTTP/1.1" 2078414 (18 ms)
2020-06-08 17:28:39 0:0:0:0:0:0:0:1 200 "GET /member/api/list?pageIndex=1&memberId=&memberName= HTTP/1.1" 710 (89 ms)
2020-06-08 17:28:40 0:0:0:0:0:0:0:1 200 "GET /member/api/write?no=51 HTTP/1.1" 136 (11 ms)
2020-06-08 17:28:40 0:0:0:0:0:0:0:1 200 "GET /file/api/selectFiles?fileId= HTTP/1.1" 24 (16 ms)
2020-06-08 17:32:06 0:0:0:0:0:0:0:1 200 "GET /member/write?no=51 HTTP/1.1" 1009 (41 ms)
2020-06-08 17:32:06 0:0:0:0:0:0:0:1 200 "GET /js/bundle/member/member.bundle.js HTTP/1.1" 1773433 (57 ms)
2020-06-08 17:32:06 0:0:0:0:0:0:0:1 200 "GET /js/bundle/member/member.bundle.js.map HTTP/1.1" 2078539 (24 ms)
2020-06-08 17:32:06 0:0:0:0:0:0:0:1 200 "GET /member/api/write?no=51 HTTP/1.1" 136 (14 ms)
2020-06-08 17:32:06 0:0:0:0:0:0:0:1 404 "GET /favicon.ico HTTP/1.1" 1032 (17 ms)
2020-06-08 17:32:06 0:0:0:0:0:0:0:1 200 "GET /file/api/selectFiles?fileId= HTTP/1.1" 24 (9 ms)
2020-06-08 17:32:07 0:0:0:0:0:0:0:1 200 "GET /member/write?no=51 HTTP/1.1" 1009 (14 ms)
2020-06-08 17:32:07 0:0:0:0:0:0:0:1 200 "GET /js/bundle/member/member.bundle.js HTTP/1.1" 1773433 (22 ms)
2020-06-08 17:32:07 0:0:0:0:0:0:0:1 200 "GET /js/bundle/member/member.bundle.js.map HTTP/1.1" 2078539 (18 ms)
2020-06-08 17:32:07 0:0:0:0:0:0:0:1 200 "GET /member/api/write?no=51 HTTP/1.1" 136 (7 ms)
2020-06-08 17:32:07 0:0:0:0:0:0:0:1 404 "GET /favicon.ico HTTP/1.1" 1032 (10 ms)
2020-06-08 17:32:07 0:0:0:0:0:0:0:1 200 "GET /file/api/selectFiles?fileId= HTTP/1.1" 24 (6 ms)
2020-06-08 17:32:09 0:0:0:0:0:0:0:1 200 "GET /member/signup HTTP/1.1" 1069 (17 ms)
2020-06-08 17:32:10 0:0:0:0:0:0:0:1 500 "GET /member/index HTTP/1.1" 1044 (32 ms)
2020-06-08 17:32:10 0:0:0:0:0:0:0:1 404 "GET /favicon.ico HTTP/1.1" 1032 (8 ms)
2020-06-08 17:32:11 0:0:0:0:0:0:0:1 200 "GET /member/signup HTTP/1.1" 1069 (6 ms)
2020-06-08 17:32:12 0:0:0:0:0:0:0:1 500 "GET /member/index HTTP/1.1" 1044 (27 ms)
2020-06-08 17:32:13 0:0:0:0:0:0:0:1 302 "GET / HTTP/1.1" - (3 ms)
2020-06-08 17:32:13 0:0:0:0:0:0:0:1 200 "GET /main/index HTTP/1.1" 953 (10 ms)
2020-06-08 17:32:13 0:0:0:0:0:0:0:1 200 "GET /js/bundle/main/main.bundle.js HTTP/1.1" 968364 (18 ms)
2020-06-08 17:32:13 0:0:0:0:0:0:0:1 200 "GET /js/bundle/main/main.bundle.js.map HTTP/1.1" 1130167 (14 ms)
2020-06-08 17:32:14 0:0:0:0:0:0:0:1 200 "GET /member/list HTTP/1.1" 924 (11 ms)
2020-06-08 17:32:14 0:0:0:0:0:0:0:1 200 "GET /js/bundle/member/member.bundle.js HTTP/1.1" 1773433 (22 ms)
2020-06-08 17:32:14 0:0:0:0:0:0:0:1 200 "GET /js/bundle/member/member.bundle.js.map HTTP/1.1" 2078539 (19 ms)
2020-06-08 17:32:14 0:0:0:0:0:0:0:1 200 "GET /member/api/list?pageIndex=1&memberId=&memberName= HTTP/1.1" 710 (15 ms)
2020-06-08 17:32:59 0:0:0:0:0:0:0:1 200 "GET /member/list HTTP/1.1" 924 (46 ms)
2020-06-08 17:32:59 0:0:0:0:0:0:0:1 200 "GET /js/bundle/member/member.bundle.js HTTP/1.1" 1773428 (59 ms)
2020-06-08 17:32:59 0:0:0:0:0:0:0:1 404 "GET /favicon.ico HTTP/1.1" 1032 (12 ms)
2020-06-08 17:32:59 0:0:0:0:0:0:0:1 200 "GET /js/bundle/member/member.bundle.js.map HTTP/1.1" 2078519 (26 ms)
2020-06-08 17:33:02 0:0:0:0:0:0:0:1 302 "GET / HTTP/1.1" - (2 ms)
2020-06-08 17:33:02 0:0:0:0:0:0:0:1 200 "GET /main/index HTTP/1.1" 953 (10 ms)
2020-06-08 17:33:02 0:0:0:0:0:0:0:1 200 "GET /js/bundle/main/main.bundle.js HTTP/1.1" 968364 (12 ms)
2020-06-08 17:33:02 0:0:0:0:0:0:0:1 200 "GET /js/bundle/main/main.bundle.js.map HTTP/1.1" 1130167 (12 ms)
2020-06-08 17:33:04 0:0:0:0:0:0:0:1 200 "GET /member/list HTTP/1.1" 924 (17 ms)
2020-06-08 17:33:04 0:0:0:0:0:0:0:1 200 "GET /js/bundle/member/member.bundle.js HTTP/1.1" 1773428 (20 ms)
2020-06-08 17:33:05 0:0:0:0:0:0:0:1 200 "GET /js/bundle/member/member.bundle.js.map HTTP/1.1" 2078519 (23 ms)
2020-06-08 17:33:22 0:0:0:0:0:0:0:1 200 "GET /member/list HTTP/1.1" 924 (30 ms)
2020-06-08 17:33:22 0:0:0:0:0:0:0:1 200 "GET /js/bundle/member/member.bundle.js HTTP/1.1" 1773428 (27 ms)
2020-06-08 17:33:22 0:0:0:0:0:0:0:1 200 "GET /js/bundle/member/member.bundle.js.map HTTP/1.1" 2078519 (22 ms)
2020-06-08 17:33:22 0:0:0:0:0:0:0:1 404 "GET /favicon.ico HTTP/1.1" 1032 (9 ms)
2020-06-08 17:33:23 0:0:0:0:0:0:0:1 302 "GET / HTTP/1.1" - (5 ms)
2020-06-08 17:33:23 0:0:0:0:0:0:0:1 200 "GET /main/index HTTP/1.1" 953 (5 ms)
2020-06-08 17:33:23 0:0:0:0:0:0:0:1 200 "GET /js/bundle/main/main.bundle.js HTTP/1.1" 968364 (11 ms)
2020-06-08 17:33:23 0:0:0:0:0:0:0:1 200 "GET /js/bundle/main/main.bundle.js.map HTTP/1.1" 1130167 (10 ms)
2020-06-08 17:33:24 0:0:0:0:0:0:0:1 200 "GET /member/list HTTP/1.1" 924 (5 ms)
2020-06-08 17:33:24 0:0:0:0:0:0:0:1 200 "GET /js/bundle/member/member.bundle.js HTTP/1.1" 1773428 (20 ms)
2020-06-08 17:33:24 0:0:0:0:0:0:0:1 200 "GET /js/bundle/member/member.bundle.js.map HTTP/1.1" 2078519 (24 ms)
2020-06-08 17:34:02 0:0:0:0:0:0:0:1 200 "GET /member/list HTTP/1.1" 924 (21 ms)
2020-06-08 17:34:02 0:0:0:0:0:0:0:1 200 "GET /js/bundle/member/member.bundle.js HTTP/1.1" 1773419 (40 ms)
2020-06-08 17:34:02 0:0:0:0:0:0:0:1 200 "GET /js/bundle/member/member.bundle.js.map HTTP/1.1" 2078487 (22 ms)
2020-06-08 17:34:02 0:0:0:0:0:0:0:1 200 "GET /member/api/list?pageIndex=1&memberId=&memberName= HTTP/1.1" 710 (10 ms)
2020-06-08 17:34:02 0:0:0:0:0:0:0:1 404 "GET /favicon.ico HTTP/1.1" 1032 (10 ms)
2020-06-08 17:34:27 0:0:0:0:0:0:0:1 200 "GET /member/list HTTP/1.1" 924 (29 ms)
2020-06-08 17:34:27 0:0:0:0:0:0:0:1 200 "GET /js/bundle/member/member.bundle.js HTTP/1.1" 1773441 (55 ms)
2020-06-08 17:34:27 0:0:0:0:0:0:0:1 200 "GET /js/bundle/member/member.bundle.js.map HTTP/1.1" 2078550 (17 ms)
2020-06-08 17:34:27 0:0:0:0:0:0:0:1 200 "GET /member/api/list?pageIndex=1&memberId=&memberName= HTTP/1.1" 710 (6 ms)
2020-06-08 17:34:27 0:0:0:0:0:0:0:1 404 "GET /favicon.ico HTTP/1.1" 1032 (12 ms)
2020-06-08 17:34:27 0:0:0:0:0:0:0:1 200 "GET /member/list HTTP/1.1" 924 (6 ms)
2020-06-08 17:34:27 0:0:0:0:0:0:0:1 200 "GET /js/bundle/member/member.bundle.js HTTP/1.1" 1773441 (22 ms)
2020-06-08 17:34:27 0:0:0:0:0:0:0:1 200 "GET /js/bundle/member/member.bundle.js.map HTTP/1.1" 2078550 (17 ms)
2020-06-08 17:34:27 0:0:0:0:0:0:0:1 200 "GET /member/api/list?pageIndex=1&memberId=&memberName= HTTP/1.1" 710 (8 ms)
2020-06-08 17:34:27 0:0:0:0:0:0:0:1 404 "GET /favicon.ico HTTP/1.1" 1032 (8 ms)
2020-06-08 17:34:28 0:0:0:0:0:0:0:1 200 "GET /member/list HTTP/1.1" 924 (12 ms)
2020-06-08 17:34:28 0:0:0:0:0:0:0:1 200 "GET /js/bundle/member/member.bundle.js HTTP/1.1" 1773441 (17 ms)
2020-06-08 17:34:28 0:0:0:0:0:0:0:1 200 "GET /js/bundle/member/member.bundle.js.map HTTP/1.1" 2078550 (14 ms)
2020-06-08 17:34:28 0:0:0:0:0:0:0:1 200 "GET /member/api/list?pageIndex=1&memberId=&memberName= HTTP/1.1" 710 (6 ms)
2020-06-08 17:34:28 0:0:0:0:0:0:0:1 404 "GET /favicon.ico HTTP/1.1" 1032 (5 ms)
2020-06-08 17:34:28 0:0:0:0:0:0:0:1 200 "GET /member/list HTTP/1.1" 924 (5 ms)
2020-06-08 17:34:28 0:0:0:0:0:0:0:1 200 "GET /js/bundle/member/member.bundle.js HTTP/1.1" 1773441 (17 ms)
2020-06-08 17:34:28 0:0:0:0:0:0:0:1 200 "GET /js/bundle/member/member.bundle.js.map HTTP/1.1" 2078550 (13 ms)
2020-06-08 17:34:28 0:0:0:0:0:0:0:1 200 "GET /member/api/list?pageIndex=1&memberId=&memberName= HTTP/1.1" 710 (8 ms)
2020-06-08 17:34:28 0:0:0:0:0:0:0:1 404 "GET /favicon.ico HTTP/1.1" 1032 (6 ms)
2020-06-08 17:40:49 0:0:0:0:0:0:0:1 200 "GET /member/list HTTP/1.1" 924 (41 ms)
2020-06-08 17:40:49 0:0:0:0:0:0:0:1 200 "GET /js/bundle/member/member.bundle.js HTTP/1.1" 1773483 (57 ms)
2020-06-08 17:40:49 0:0:0:0:0:0:0:1 200 "GET /js/bundle/member/member.bundle.js.map HTTP/1.1" 2078664 (21 ms)
2020-06-08 17:40:49 0:0:0:0:0:0:0:1 200 "GET /member/api/list?pageIndex=1&memberId=&memberName= HTTP/1.1" 710 (12 ms)
2020-06-08 17:40:49 0:0:0:0:0:0:0:1 404 "GET /favicon.ico HTTP/1.1" 1032 (11 ms)
2020-06-08 17:40:50 0:0:0:0:0:0:0:1 200 "GET /member/list HTTP/1.1" 924 (7 ms)
2020-06-08 17:40:50 0:0:0:0:0:0:0:1 200 "GET /js/bundle/member/member.bundle.js HTTP/1.1" 1773483 (24 ms)
2020-06-08 17:40:50 0:0:0:0:0:0:0:1 200 "GET /js/bundle/member/member.bundle.js.map HTTP/1.1" 2078664 (23 ms)
2020-06-08 17:40:50 0:0:0:0:0:0:0:1 200 "GET /member/api/list?pageIndex=1&memberId=&memberName= HTTP/1.1" 710 (29 ms)
2020-06-08 17:40:50 0:0:0:0:0:0:0:1 404 "GET /favicon.ico HTTP/1.1" 1032 (8 ms)
2020-06-08 17:40:51 0:0:0:0:0:0:0:1 200 "GET /member/api/write?no=51 HTTP/1.1" 136 (8 ms)
2020-06-08 17:40:51 0:0:0:0:0:0:0:1 200 "GET /file/api/selectFiles?fileId= HTTP/1.1" 24 (8 ms)
2020-06-08 17:42:01 0:0:0:0:0:0:0:1 200 "GET /member/write?no=51&rtnParam=memberId=&memberName=&pageIndex=1 HTTP/1.1" 1009 (26 ms)
2020-06-08 17:42:02 0:0:0:0:0:0:0:1 200 "GET /js/bundle/member/member.bundle.js HTTP/1.1" 1773518 (58 ms)
2020-06-08 17:42:02 0:0:0:0:0:0:0:1 200 "GET /js/bundle/member/member.bundle.js.map HTTP/1.1" 2078740 (22 ms)
2020-06-08 17:42:02 0:0:0:0:0:0:0:1 200 "GET /member/api/write?no=51 HTTP/1.1" 136 (8 ms)
2020-06-08 17:42:02 0:0:0:0:0:0:0:1 200 "GET /file/api/selectFiles?fileId= HTTP/1.1" 24 (6 ms)
2020-06-08 17:42:02 0:0:0:0:0:0:0:1 404 "GET /favicon.ico HTTP/1.1" 1032 (11 ms)
2020-06-08 17:42:02 0:0:0:0:0:0:0:1 200 "GET /member/write?no=51&rtnParam=memberId=&memberName=&pageIndex=1 HTTP/1.1" 1009 (4 ms)
2020-06-08 17:42:02 0:0:0:0:0:0:0:1 200 "GET /js/bundle/member/member.bundle.js HTTP/1.1" 1773545 (51 ms)
2020-06-08 17:42:02 0:0:0:0:0:0:0:1 200 "GET /js/bundle/member/member.bundle.js.map HTTP/1.1" 2078807 (21 ms)
2020-06-08 17:42:02 0:0:0:0:0:0:0:1 200 "GET /member/api/write?no=51 HTTP/1.1" 136 (5 ms)
2020-06-08 17:42:03 0:0:0:0:0:0:0:1 200 "GET /file/api/selectFiles?fileId= HTTP/1.1" 24 (4 ms)
2020-06-08 17:42:03 0:0:0:0:0:0:0:1 404 "GET /favicon.ico HTTP/1.1" 1032 (5 ms)
2020-06-08 17:42:27 0:0:0:0:0:0:0:1 200 "GET /member/write?no=51&rtnParam=memberId=&memberName=&pageIndex=1 HTTP/1.1" 1009 (25 ms)
2020-06-08 17:42:27 0:0:0:0:0:0:0:1 200 "GET /js/bundle/member/member.bundle.js HTTP/1.1" 1773543 (58 ms)
2020-06-08 17:42:28 0:0:0:0:0:0:0:1 200 "GET /js/bundle/member/member.bundle.js.map HTTP/1.1" 2078801 (21 ms)
2020-06-08 17:42:28 0:0:0:0:0:0:0:1 200 "GET /member/api/write HTTP/1.1" 25 (5 ms)
2020-06-08 17:42:28 0:0:0:0:0:0:0:1 404 "GET /favicon.ico HTTP/1.1" 1032 (7 ms)
2020-06-08 17:42:28 0:0:0:0:0:0:0:1 200 "GET /member/write?no=51&rtnParam=memberId=&memberName=&pageIndex=1 HTTP/1.1" 1009 (4 ms)
2020-06-08 17:42:28 0:0:0:0:0:0:0:1 200 "GET /js/bundle/member/member.bundle.js HTTP/1.1" 1773543 (17 ms)
2020-06-08 17:42:28 0:0:0:0:0:0:0:1 200 "GET /js/bundle/member/member.bundle.js.map HTTP/1.1" 2078801 (15 ms)
2020-06-08 17:42:28 0:0:0:0:0:0:0:1 200 "GET /member/api/write HTTP/1.1" 25 (8 ms)
2020-06-08 17:42:28 0:0:0:0:0:0:0:1 404 "GET /favicon.ico HTTP/1.1" 1032 (7 ms)
2020-06-08 17:43:13 0:0:0:0:0:0:0:1 200 "GET /member/write?no=51&rtnParam=memberId=&memberName=&pageIndex=1 HTTP/1.1" 1009 (29 ms)
2020-06-08 17:43:13 0:0:0:0:0:0:0:1 200 "GET /js/bundle/member/member.bundle.js HTTP/1.1" 1773540 (69 ms)
2020-06-08 17:43:13 0:0:0:0:0:0:0:1 200 "GET /js/bundle/member/member.bundle.js.map HTTP/1.1" 2078798 (22 ms)
2020-06-08 17:43:13 0:0:0:0:0:0:0:1 200 "GET /member/api/write HTTP/1.1" 25 (4 ms)
2020-06-08 17:43:13 0:0:0:0:0:0:0:1 404 "GET /favicon.ico HTTP/1.1" 1032 (9 ms)
2020-06-08 17:43:14 0:0:0:0:0:0:0:1 200 "GET /member/write?no=51&rtnParam=memberId=&memberName=&pageIndex=1 HTTP/1.1" 1009 (15 ms)
2020-06-08 17:43:14 0:0:0:0:0:0:0:1 200 "GET /js/bundle/member/member.bundle.js HTTP/1.1" 1773540 (22 ms)
2020-06-08 17:43:14 0:0:0:0:0:0:0:1 200 "GET /js/bundle/member/member.bundle.js.map HTTP/1.1" 2078798 (17 ms)
2020-06-08 17:43:14 0:0:0:0:0:0:0:1 200 "GET /member/api/write HTTP/1.1" 25 (6 ms)
2020-06-08 17:43:14 0:0:0:0:0:0:0:1 404 "GET /favicon.ico HTTP/1.1" 1032 (7 ms)
2020-06-08 17:43:16 0:0:0:0:0:0:0:1 200 "GET /member/list HTTP/1.1" 924 (6 ms)
2020-06-08 17:43:16 0:0:0:0:0:0:0:1 200 "GET /js/bundle/member/member.bundle.js HTTP/1.1" 1773540 (18 ms)
2020-06-08 17:43:16 0:0:0:0:0:0:0:1 200 "GET /js/bundle/member/member.bundle.js.map HTTP/1.1" 2078798 (16 ms)
2020-06-08 17:43:16 0:0:0:0:0:0:0:1 200 "GET /member/api/list?pageIndex=1&memberId=&memberName= HTTP/1.1" 710 (7 ms)
2020-06-08 17:43:17 0:0:0:0:0:0:0:1 200 "GET /member/api/write HTTP/1.1" 25 (7 ms)
2020-06-08 17:43:33 0:0:0:0:0:0:0:1 200 "GET /member/write?no=51&rtnParam=memberId=&memberName=&pageIndex=1 HTTP/1.1" 1009 (14 ms)
2020-06-08 17:43:33 0:0:0:0:0:0:0:1 200 "GET /js/bundle/member/member.bundle.js HTTP/1.1" 1773542 (48 ms)
2020-06-08 17:43:33 0:0:0:0:0:0:0:1 200 "GET /js/bundle/member/member.bundle.js.map HTTP/1.1" 2078804 (18 ms)
2020-06-08 17:43:33 0:0:0:0:0:0:0:1 200 "GET /member/api/write?no=51 HTTP/1.1" 136 (14 ms)
2020-06-08 17:43:33 0:0:0:0:0:0:0:1 200 "GET /file/api/selectFiles?fileId= HTTP/1.1" 24 (7 ms)
2020-06-08 17:43:33 0:0:0:0:0:0:0:1 404 "GET /favicon.ico HTTP/1.1" 1032 (11 ms)
2020-06-08 17:43:33 0:0:0:0:0:0:0:1 200 "GET /member/write?no=51&rtnParam=memberId=&memberName=&pageIndex=1 HTTP/1.1" 1009 (14 ms)
2020-06-08 17:43:33 0:0:0:0:0:0:0:1 200 "GET /js/bundle/member/member.bundle.js HTTP/1.1" 1773542 (18 ms)
2020-06-08 17:43:34 0:0:0:0:0:0:0:1 200 "GET /js/bundle/member/member.bundle.js.map HTTP/1.1" 2078804 (15 ms)
2020-06-08 17:43:34 0:0:0:0:0:0:0:1 200 "GET /member/api/write?no=51 HTTP/1.1" 136 (5 ms)
2020-06-08 17:43:34 0:0:0:0:0:0:0:1 200 "GET /file/api/selectFiles?fileId= HTTP/1.1" 24 (6 ms)
2020-06-08 17:43:34 0:0:0:0:0:0:0:1 404 "GET /favicon.ico HTTP/1.1" 1032 (9 ms)
2020-06-08 17:45:14 0:0:0:0:0:0:0:1 200 "GET /member/write?no=51&rtnParam=memberId=&memberName=&pageIndex=1 HTTP/1.1" 1009 (20 ms)
2020-06-08 17:45:14 0:0:0:0:0:0:0:1 200 "GET /js/bundle/member/member.bundle.js HTTP/1.1" 1773560 (91 ms)
2020-06-08 17:45:14 0:0:0:0:0:0:0:1 200 "GET /js/bundle/member/member.bundle.js.map HTTP/1.1" 2078845 (27 ms)
2020-06-08 17:45:14 0:0:0:0:0:0:0:1 200 "GET /member/api/write?no=51 HTTP/1.1" 136 (7 ms)
2020-06-08 17:45:14 0:0:0:0:0:0:0:1 200 "GET /file/api/selectFiles?fileId= HTTP/1.1" 24 (6 ms)
2020-06-08 17:45:14 0:0:0:0:0:0:0:1 404 "GET /favicon.ico HTTP/1.1" 1032 (13 ms)
2020-06-08 17:45:14 0:0:0:0:0:0:0:1 200 "GET /member/write?no=51&rtnParam=memberId=&memberName=&pageIndex=1 HTTP/1.1" 1009 (3 ms)
2020-06-08 17:45:14 0:0:0:0:0:0:0:1 200 "GET /js/bundle/member/member.bundle.js HTTP/1.1" 1773560 (15 ms)
2020-06-08 17:45:15 0:0:0:0:0:0:0:1 200 "GET /js/bundle/member/member.bundle.js.map HTTP/1.1" 2078845 (18 ms)
2020-06-08 17:45:15 0:0:0:0:0:0:0:1 200 "GET /member/api/write?no=51 HTTP/1.1" 136 (5 ms)
2020-06-08 17:45:15 0:0:0:0:0:0:0:1 200 "GET /file/api/selectFiles?fileId= HTTP/1.1" 24 (4 ms)
2020-06-08 17:45:15 0:0:0:0:0:0:0:1 404 "GET /favicon.ico HTTP/1.1" 1032 (7 ms)
2020-06-08 17:45:18 0:0:0:0:0:0:0:1 200 "GET /member/api/list?pageIndex=1&memberId=&memberName= HTTP/1.1" 710 (9 ms)
2020-06-08 17:45:19 0:0:0:0:0:0:0:1 200 "GET /member/api/write?no=51 HTTP/1.1" 136 (9 ms)
2020-06-08 17:45:19 0:0:0:0:0:0:0:1 200 "GET /file/api/selectFiles?fileId= HTTP/1.1" 24 (5 ms)
2020-06-08 17:45:23 0:0:0:0:0:0:0:1 200 "GET /member/api/list?pageIndex=1&memberId=&memberName= HTTP/1.1" 710 (10 ms)
2020-06-08 17:45:27 0:0:0:0:0:0:0:1 200 "GET /member/api/write?no=51 HTTP/1.1" 136 (7 ms)
2020-06-08 17:45:27 0:0:0:0:0:0:0:1 200 "GET /file/api/selectFiles?fileId= HTTP/1.1" 24 (3 ms)
2020-06-08 17:46:13 0:0:0:0:0:0:0:1 200 "GET /member/write?no=51&rtnParam=memberId%3D%26memberName%3D%26pageIndex%3D1 HTTP/1.1" 1009 (33 ms)
2020-06-08 17:46:13 0:0:0:0:0:0:0:1 200 "GET /js/bundle/member/member.bundle.js HTTP/1.1" 1773530 (59 ms)
2020-06-08 17:46:13 0:0:0:0:0:0:0:1 200 "GET /js/bundle/member/member.bundle.js.map HTTP/1.1" 2078768 (20 ms)
2020-06-08 17:46:13 0:0:0:0:0:0:0:1 200 "GET /member/api/write?no=51 HTTP/1.1" 136 (5 ms)
2020-06-08 17:46:13 0:0:0:0:0:0:0:1 200 "GET /file/api/selectFiles?fileId= HTTP/1.1" 24 (7 ms)
2020-06-08 17:46:13 0:0:0:0:0:0:0:1 404 "GET /favicon.ico HTTP/1.1" 1032 (13 ms)
2020-06-08 17:46:14 0:0:0:0:0:0:0:1 200 "GET /member/api/list?pageIndex=1&memberId=&memberName= HTTP/1.1" 710 (9 ms)
2020-06-08 17:46:16 0:0:0:0:0:0:0:1 200 "GET /member/api/write?no=50 HTTP/1.1" 136 (8 ms)
2020-06-08 17:46:16 0:0:0:0:0:0:0:1 200 "GET /file/api/selectFiles?fileId=file23 HTTP/1.1" 275 (8 ms)
2020-06-08 17:46:16 0:0:0:0:0:0:0:1 404 "GET /user/image/2020/6/20200603122318848.jpg HTTP/1.1" 1032 (10 ms)
2020-06-08 17:46:17 0:0:0:0:0:0:0:1 200 "GET /member/api/list?pageIndex=1&memberId=&memberName= HTTP/1.1" 710 (8 ms)
2020-06-08 17:46:18 0:0:0:0:0:0:0:1 200 "GET /member/api/list?pageIndex=2&memberId=&memberName= HTTP/1.1" 699 (8 ms)
2020-06-08 17:46:19 0:0:0:0:0:0:0:1 200 "GET /member/api/write?no=48 HTTP/1.1" 135 (7 ms)
2020-06-08 17:46:19 0:0:0:0:0:0:0:1 200 "GET /file/api/selectFiles?fileId=file21 HTTP/1.1" 275 (7 ms)
2020-06-08 17:46:19 0:0:0:0:0:0:0:1 404 "GET /user/image/2020/6/20200603122232430.jpg HTTP/1.1" 1032 (14 ms)
2020-06-08 17:46:20 0:0:0:0:0:0:0:1 200 "GET /member/api/list?pageIndex=1&memberId=&memberName= HTTP/1.1" 710 (8 ms)
2020-06-08 17:49:11 0:0:0:0:0:0:0:1 200 "GET /member/list?memberId=&memberName=&pageIndex=2 HTTP/1.1" 924 (24 ms)
2020-06-08 17:49:11 0:0:0:0:0:0:0:1 200 "GET /js/bundle/member/member.bundle.js HTTP/1.1" 1773931 (91 ms)
2020-06-08 17:49:11 0:0:0:0:0:0:0:1 200 "GET /js/bundle/member/member.bundle.js.map HTTP/1.1" 2079095 (22 ms)
2020-06-08 17:49:11 0:0:0:0:0:0:0:1 200 "GET /member/api/list?pageIndex=2&memberId=&memberName= HTTP/1.1" 699 (17 ms)
2020-06-08 17:49:12 0:0:0:0:0:0:0:1 404 "GET /favicon.ico HTTP/1.1" 1032 (11 ms)
2020-06-08 17:49:12 0:0:0:0:0:0:0:1 200 "GET /member/list?memberId=&memberName=&pageIndex=2 HTTP/1.1" 924 (16 ms)
2020-06-08 17:49:12 0:0:0:0:0:0:0:1 200 "GET /js/bundle/member/member.bundle.js HTTP/1.1" 1773931 (32 ms)
2020-06-08 17:49:12 0:0:0:0:0:0:0:1 200 "GET /js/bundle/member/member.bundle.js.map HTTP/1.1" 2079095 (23 ms)
2020-06-08 17:49:12 0:0:0:0:0:0:0:1 200 "GET /member/api/list?pageIndex=2&memberId=&memberName= HTTP/1.1" 699 (8 ms)
2020-06-08 17:49:12 0:0:0:0:0:0:0:1 404 "GET /favicon.ico HTTP/1.1" 1032 (7 ms)
2020-06-08 17:49:13 0:0:0:0:0:0:0:1 200 "GET /member/list?memberId=&memberName=&pageIndex=2 HTTP/1.1" 924 (12 ms)
2020-06-08 17:49:13 0:0:0:0:0:0:0:1 200 "GET /js/bundle/member/member.bundle.js HTTP/1.1" 1773931 (22 ms)
2020-06-08 17:49:13 0:0:0:0:0:0:0:1 200 "GET /js/bundle/member/member.bundle.js.map HTTP/1.1" 2079095 (18 ms)
2020-06-08 17:49:13 0:0:0:0:0:0:0:1 200 "GET /member/api/list?pageIndex=2&memberId=&memberName= HTTP/1.1" 699 (7 ms)
2020-06-08 17:49:13 0:0:0:0:0:0:0:1 404 "GET /favicon.ico HTTP/1.1" 1032 (7 ms)
2020-06-08 17:49:16 0:0:0:0:0:0:0:1 200 "GET /member/api/list?pageIndex=2&memberId=&memberName= HTTP/1.1" 699 (6 ms)
2020-06-08 17:49:18 0:0:0:0:0:0:0:1 200 "GET /member/api/write?no=48 HTTP/1.1" 135 (7 ms)
2020-06-08 17:49:18 0:0:0:0:0:0:0:1 200 "GET /file/api/selectFiles?fileId=file21 HTTP/1.1" 275 (8 ms)
2020-06-08 17:49:18 0:0:0:0:0:0:0:1 404 "GET /user/image/2020/6/20200603122232430.jpg HTTP/1.1" 1032 (18 ms)
2020-06-08 17:49:20 0:0:0:0:0:0:0:1 200 "GET /member/api/list?pageIndex=2&memberId=&memberName= HTTP/1.1" 699 (9 ms)
2020-06-08 17:49:24 0:0:0:0:0:0:0:1 200 "GET /member/api/list?pageIndex=2&memberId=&memberName= HTTP/1.1" 699 (7 ms)
2020-06-08 17:49:27 0:0:0:0:0:0:0:1 200 "GET /member/api/list?pageIndex=2&memberId=f&memberName= HTTP/1.1" 155 (8 ms)
2020-06-08 17:49:27 0:0:0:0:0:0:0:1 200 "GET /member/api/list?pageIndex=2&memberId=fd&memberName= HTTP/1.1" 156 (5 ms)
2020-06-08 17:49:27 0:0:0:0:0:0:0:1 200 "GET /member/api/list?pageIndex=2&memberId=fds&memberName= HTTP/1.1" 157 (4 ms)
2020-06-08 17:49:27 0:0:0:0:0:0:0:1 200 "GET /member/api/list?pageIndex=2&memberId=fdsf&memberName= HTTP/1.1" 158 (7 ms)
2020-06-08 17:49:28 0:0:0:0:0:0:0:1 200 "GET /member/api/list?pageIndex=2&memberId=fdsf&memberName=f HTTP/1.1" 159 (10 ms)
2020-06-08 17:49:28 0:0:0:0:0:0:0:1 200 "GET /member/api/list?pageIndex=2&memberId=fdsf&memberName=fd HTTP/1.1" 160 (5 ms)
2020-06-08 17:49:28 0:0:0:0:0:0:0:1 200 "GET /member/api/list?pageIndex=2&memberId=fdsf&memberName=fds HTTP/1.1" 161 (5 ms)
2020-06-08 17:49:28 0:0:0:0:0:0:0:1 200 "GET /member/api/list?pageIndex=2&memberId=fdsf&memberName=fdsf HTTP/1.1" 162 (8 ms)
2020-06-08 17:49:28 0:0:0:0:0:0:0:1 200 "GET /member/api/list?pageIndex=2&memberId=fdsf&memberName=fdsfs HTTP/1.1" 163 (14 ms)
2020-06-08 17:49:28 0:0:0:0:0:0:0:1 200 "GET /member/api/list?pageIndex=2&memberId=fdsf&memberName=fdsfsd HTTP/1.1" 164 (9 ms)
2020-06-08 17:49:28 0:0:0:0:0:0:0:1 200 "GET /member/api/list?pageIndex=2&memberId=fdsf&memberName=fdsfsdf HTTP/1.1" 165 (7 ms)
2020-06-08 17:49:32 0:0:0:0:0:0:0:1 200 "GET /member/list?memberId=&memberName=&pageIndex=2 HTTP/1.1" 924 (25 ms)
2020-06-08 17:49:32 0:0:0:0:0:0:0:1 200 "GET /js/bundle/member/member.bundle.js HTTP/1.1" 1773931 (20 ms)
2020-06-08 17:49:33 0:0:0:0:0:0:0:1 200 "GET /js/bundle/member/member.bundle.js.map HTTP/1.1" 2079095 (13 ms)
2020-06-08 17:49:33 0:0:0:0:0:0:0:1 200 "GET /member/api/list?pageIndex=2&memberId=&memberName= HTTP/1.1" 699 (5 ms)
2020-06-08 17:49:33 0:0:0:0:0:0:0:1 404 "GET /favicon.ico HTTP/1.1" 1032 (6 ms)
2020-06-08 17:49:35 0:0:0:0:0:0:0:1 200 "GET /member/api/list?pageIndex=2&memberId=t&memberName= HTTP/1.1" 721 (6 ms)
2020-06-08 17:49:37 0:0:0:0:0:0:0:1 200 "GET /member/api/list?pageIndex=2&memberId=tf&memberName= HTTP/1.1" 156 (5 ms)
2020-06-08 17:49:37 0:0:0:0:0:0:0:1 200 "GET /member/api/list?pageIndex=2&memberId=tfg&memberName= HTTP/1.1" 157 (6 ms)
2020-06-08 17:49:37 0:0:0:0:0:0:0:1 200 "GET /member/api/list?pageIndex=2&memberId=tfgs&memberName= HTTP/1.1" 158 (4 ms)
2020-06-08 17:49:37 0:0:0:0:0:0:0:1 200 "GET /member/api/list?pageIndex=2&memberId=tfgsd&memberName= HTTP/1.1" 159 (4 ms)
2020-06-08 17:51:13 0:0:0:0:0:0:0:1 200 "GET /member/list?memberId=&memberName=&pageIndex=2 HTTP/1.1" 924 (26 ms)
2020-06-08 17:51:13 0:0:0:0:0:0:0:1 200 "GET /js/bundle/member/member.bundle.js HTTP/1.1" 1773931 (30 ms)
2020-06-08 17:51:13 0:0:0:0:0:0:0:1 200 "GET /js/bundle/member/member.bundle.js.map HTTP/1.1" 2079142 (21 ms)
2020-06-08 17:51:14 0:0:0:0:0:0:0:1 200 "GET /member/api/list?pageIndex=2&memberId=&memberName= HTTP/1.1" 699 (8 ms)
2020-06-08 17:51:14 0:0:0:0:0:0:0:1 404 "GET /favicon.ico HTTP/1.1" 1032 (9 ms)
2020-06-08 17:51:15 0:0:0:0:0:0:0:1 200 "GET /member/api/list?pageIndex=2&memberId=f&memberName= HTTP/1.1" 155 (6 ms)
2020-06-08 17:51:15 0:0:0:0:0:0:0:1 200 "GET /member/api/list?pageIndex=2&memberId=fs&memberName= HTTP/1.1" 156 (4 ms)
2020-06-08 17:51:15 0:0:0:0:0:0:0:1 200 "GET /member/api/list?pageIndex=2&memberId=fsd&memberName= HTTP/1.1" 157 (5 ms)
2020-06-08 17:51:15 0:0:0:0:0:0:0:1 200 "GET /member/api/list?pageIndex=2&memberId=fsdf&memberName= HTTP/1.1" 158 (4 ms)
2020-06-08 17:51:16 0:0:0:0:0:0:0:1 200 "GET /member/list?memberId=&memberName=&pageIndex=2 HTTP/1.1" 924 (10 ms)
2020-06-08 17:51:17 0:0:0:0:0:0:0:1 200 "GET /js/bundle/member/member.bundle.js HTTP/1.1" 1773951 (44 ms)
2020-06-08 17:51:17 0:0:0:0:0:0:0:1 200 "GET /js/bundle/member/member.bundle.js.map HTTP/1.1" 2079142 (15 ms)
2020-06-08 17:51:17 0:0:0:0:0:0:0:1 200 "GET /member/api/list?pageIndex=2&memberId=&memberName= HTTP/1.1" 699 (6 ms)
2020-06-08 17:51:17 0:0:0:0:0:0:0:1 404 "GET /favicon.ico HTTP/1.1" 1032 (6 ms)
2020-06-08 17:51:23 0:0:0:0:0:0:0:1 200 "GET /member/api/list?pageIndex=2&memberId=&memberName= HTTP/1.1" 699 (5 ms)
2020-06-08 17:51:24 0:0:0:0:0:0:0:1 200 "GET /member/list?memberId=&memberName=&pageIndex=2 HTTP/1.1" 924 (24 ms)
2020-06-08 17:51:25 0:0:0:0:0:0:0:1 200 "GET /js/bundle/member/member.bundle.js HTTP/1.1" 1773951 (18 ms)
2020-06-08 17:51:25 0:0:0:0:0:0:0:1 200 "GET /js/bundle/member/member.bundle.js.map HTTP/1.1" 2079142 (16 ms)
2020-06-08 17:51:25 0:0:0:0:0:0:0:1 200 "GET /member/api/list?pageIndex=2&memberId=&memberName= HTTP/1.1" 699 (6 ms)
2020-06-08 17:51:25 0:0:0:0:0:0:0:1 404 "GET /favicon.ico HTTP/1.1" 1032 (6 ms)
2020-06-08 17:51:26 0:0:0:0:0:0:0:1 200 "GET /member/api/list?pageIndex=2&memberId=&memberName= HTTP/1.1" 699 (6 ms)
2020-06-08 17:51:27 0:0:0:0:0:0:0:1 200 "GET /member/api/list?pageIndex=1&memberId=&memberName= HTTP/1.1" 710 (5 ms)
2020-06-08 17:51:28 0:0:0:0:0:0:0:1 200 "GET /member/api/list?pageIndex=2&memberId=&memberName= HTTP/1.1" 699 (5 ms)
2020-06-08 17:51:30 0:0:0:0:0:0:0:1 200 "GET /member/api/list?pageIndex=1&memberId=&memberName= HTTP/1.1" 710 (5 ms)
2020-06-08 17:51:31 0:0:0:0:0:0:0:1 200 "GET /member/api/write?no=51 HTTP/1.1" 136 (5 ms)
2020-06-08 17:51:31 0:0:0:0:0:0:0:1 200 "GET /file/api/selectFiles?fileId= HTTP/1.1" 24 (5 ms)
2020-06-08 17:51:33 0:0:0:0:0:0:0:1 200 "GET /member/api/list?pageIndex=1&memberId=&memberName= HTTP/1.1" 710 (6 ms)
2020-06-08 17:51:34 0:0:0:0:0:0:0:1 200 "GET /member/api/list?pageIndex=2&memberId=&memberName= HTTP/1.1" 699 (6 ms)
2020-06-08 17:51:36 0:0:0:0:0:0:0:1 200 "GET /member/api/write?no=48 HTTP/1.1" 135 (7 ms)
2020-06-08 17:51:36 0:0:0:0:0:0:0:1 200 "GET /file/api/selectFiles?fileId=file21 HTTP/1.1" 275 (7 ms)
2020-06-08 17:51:36 0:0:0:0:0:0:0:1 404 "GET /user/image/2020/6/20200603122232430.jpg HTTP/1.1" 1032 (15 ms)
2020-06-08 17:51:37 0:0:0:0:0:0:0:1 200 "GET /member/api/list?pageIndex=2&memberId=&memberName= HTTP/1.1" 699 (6 ms)
2020-06-08 17:52:22 0:0:0:0:0:0:0:1 200 "GET /member/list?memberId=&memberName=&pageIndex=2 HTTP/1.1" 924 (17 ms)
2020-06-08 17:52:22 0:0:0:0:0:0:0:1 200 "GET /js/bundle/member/member.bundle.js HTTP/1.1" 1773951 (24 ms)
2020-06-08 17:52:22 0:0:0:0:0:0:0:1 200 "GET /js/bundle/member/member.bundle.js.map HTTP/1.1" 2079142 (19 ms)
2020-06-08 17:52:22 0:0:0:0:0:0:0:1 200 "GET /member/api/list?pageIndex=2&memberId=&memberName= HTTP/1.1" 699 (8 ms)
2020-06-08 17:52:22 0:0:0:0:0:0:0:1 404 "GET /favicon.ico HTTP/1.1" 1032 (9 ms)
2020-06-08 17:52:22 0:0:0:0:0:0:0:1 200 "GET /member/list?memberId=&memberName=&pageIndex=2 HTTP/1.1" 924 (9 ms)
2020-06-08 17:52:22 0:0:0:0:0:0:0:1 404 "GET /js/bundle/member/member.bundle.js HTTP/1.1" 991 (8 ms)
2020-06-08 17:52:22 0:0:0:0:0:0:0:1 404 "GET /favicon.ico HTTP/1.1" 1032 (8 ms)
2020-06-08 17:52:25 0:0:0:0:0:0:0:1 200 "GET /member/list?memberId=&memberName=&pageIndex=2 HTTP/1.1" 924 (4 ms)
2020-06-08 17:52:25 0:0:0:0:0:0:0:1 200 "GET /js/bundle/member/member.bundle.js HTTP/1.1" 1773981 (36 ms)
2020-06-08 17:52:25 0:0:0:0:0:0:0:1 200 "GET /js/bundle/member/member.bundle.js.map HTTP/1.1" 2079202 (22 ms)
2020-06-08 17:52:25 0:0:0:0:0:0:0:1 200 "GET /member/api/list?pageIndex=2&memberId=&memberName= HTTP/1.1" 699 (7 ms)
2020-06-08 17:52:25 0:0:0:0:0:0:0:1 404 "GET /favicon.ico HTTP/1.1" 1032 (6 ms)
2020-06-08 17:53:39 0:0:0:0:0:0:0:1 200 "GET /member/list?memberId=&memberName=&pageIndex=2 HTTP/1.1" 924 (15 ms)
2020-06-08 17:53:39 0:0:0:0:0:0:0:1 200 "GET /js/bundle/member/member.bundle.js HTTP/1.1" 1773981 (29 ms)
2020-06-08 17:53:39 0:0:0:0:0:0:0:1 200 "GET /js/bundle/member/member.bundle.js.map HTTP/1.1" 2079227 (28 ms)
2020-06-08 17:53:39 0:0:0:0:0:0:0:1 200 "GET /member/api/list?pageIndex=2&memberId=&memberName= HTTP/1.1" 699 (8 ms)
2020-06-08 17:53:39 0:0:0:0:0:0:0:1 404 "GET /favicon.ico HTTP/1.1" 1032 (8 ms)
2020-06-08 17:53:40 0:0:0:0:0:0:0:1 200 "GET /member/list?memberId=&memberName=&pageIndex=2 HTTP/1.1" 924 (11 ms)
2020-06-08 17:53:40 0:0:0:0:0:0:0:1 200 "GET /js/bundle/member/member.bundle.js HTTP/1.1" 1773991 (57 ms)
2020-06-08 17:53:40 0:0:0:0:0:0:0:1 200 "GET /js/bundle/member/member.bundle.js.map HTTP/1.1" 2079227 (18 ms)
2020-06-08 17:53:40 0:0:0:0:0:0:0:1 200 "GET /member/api/list?pageIndex=2&memberId=&memberName= HTTP/1.1" 699 (6 ms)
2020-06-08 17:53:40 0:0:0:0:0:0:0:1 404 "GET /favicon.ico HTTP/1.1" 1032 (6 ms)
2020-06-08 17:53:55 0:0:0:0:0:0:0:1 200 "GET /member/list?memberId=&memberName=&pageIndex=2 HTTP/1.1" 924 (10 ms)
2020-06-08 17:53:55 0:0:0:0:0:0:0:1 200 "GET /js/bundle/member/member.bundle.js HTTP/1.1" 1773991 (17 ms)
2020-06-08 17:53:55 0:0:0:0:0:0:0:1 200 "GET /js/bundle/member/member.bundle.js.map HTTP/1.1" 2079227 (16 ms)
2020-06-08 17:53:55 0:0:0:0:0:0:0:1 200 "GET /member/api/list?pageIndex=2&memberId=&memberName= HTTP/1.1" 699 (7 ms)
2020-06-08 17:53:55 0:0:0:0:0:0:0:1 404 "GET /favicon.ico HTTP/1.1" 1032 (7 ms)
2020-06-08 17:53:59 0:0:0:0:0:0:0:1 200 "GET /member/list?memberId=&memberName=&pageIndex=2 HTTP/1.1" 924 (9 ms)
2020-06-08 17:53:59 0:0:0:0:0:0:0:1 200 "GET /js/bundle/member/member.bundle.js HTTP/1.1" 1773991 (24 ms)
2020-06-08 17:53:59 0:0:0:0:0:0:0:1 200 "GET /js/bundle/member/member.bundle.js.map HTTP/1.1" 2079227 (19 ms)
2020-06-08 17:54:00 0:0:0:0:0:0:0:1 200 "GET /member/api/list?pageIndex=2&memberId=&memberName= HTTP/1.1" 699 (5 ms)
2020-06-08 17:54:00 0:0:0:0:0:0:0:1 404 "GET /favicon.ico HTTP/1.1" 1032 (7 ms)
2020-06-08 17:54:02 0:0:0:0:0:0:0:1 200 "GET /member/api/list?pageIndex=1&memberId=&memberName= HTTP/1.1" 710 (8 ms)
2020-06-08 17:54:03 0:0:0:0:0:0:0:1 200 "GET /member/api/write?no=51 HTTP/1.1" 136 (5 ms)
2020-06-08 17:54:03 0:0:0:0:0:0:0:1 200 "GET /file/api/selectFiles?fileId= HTTP/1.1" 24 (4 ms)
2020-06-08 17:54:04 0:0:0:0:0:0:0:1 200 "GET /member/api/list?pageIndex=1&memberId=&memberName= HTTP/1.1" 710 (7 ms)
2020-06-08 17:54:06 0:0:0:0:0:0:0:1 200 "GET /member/api/list?pageIndex=2&memberId=&memberName= HTTP/1.1" 699 (7 ms)
2020-06-08 17:54:11 0:0:0:0:0:0:0:1 200 "GET /member/api/write?no=48 HTTP/1.1" 135 (5 ms)
2020-06-08 17:54:11 0:0:0:0:0:0:0:1 200 "GET /file/api/selectFiles?fileId=file21 HTTP/1.1" 275 (5 ms)
2020-06-08 17:54:11 0:0:0:0:0:0:0:1 404 "GET /user/image/2020/6/20200603122232430.jpg HTTP/1.1" 1032 (19 ms)
2020-06-08 17:54:13 0:0:0:0:0:0:0:1 200 "GET /member/api/list?pageIndex=2&memberId=tr&memberName= HTTP/1.1" 156 (8 ms)
2020-06-08 17:54:20 0:0:0:0:0:0:0:1 200 "GET /member/list?memberId=tr&memberName=&pageIndex=2 HTTP/1.1" 924 (10 ms)
2020-06-08 17:54:20 0:0:0:0:0:0:0:1 200 "GET /js/bundle/member/member.bundle.js HTTP/1.1" 1773991 (19 ms)
2020-06-08 17:54:21 0:0:0:0:0:0:0:1 200 "GET /js/bundle/member/member.bundle.js.map HTTP/1.1" 2079227 (17 ms)
2020-06-08 17:54:21 0:0:0:0:0:0:0:1 200 "GET /member/api/list?pageIndex=2&memberId=tr&memberName= HTTP/1.1" 156 (4 ms)
2020-06-08 17:54:21 0:0:0:0:0:0:0:1 404 "GET /favicon.ico HTTP/1.1" 1032 (8 ms)
2020-06-08 17:54:23 0:0:0:0:0:0:0:1 200 "GET /member/api/list?pageIndex=2&memberId=&memberName= HTTP/1.1" 699 (6 ms)
2020-06-08 17:55:52 0:0:0:0:0:0:0:1 200 "GET /member/api/write?no=48 HTTP/1.1" 135 (5 ms)
2020-06-08 17:55:52 0:0:0:0:0:0:0:1 200 "GET /file/api/selectFiles?fileId=file21 HTTP/1.1" 275 (4 ms)
2020-06-08 17:55:52 0:0:0:0:0:0:0:1 404 "GET /user/image/2020/6/20200603122232430.jpg HTTP/1.1" 1032 (23 ms)
2020-06-08 17:55:53 0:0:0:0:0:0:0:1 200 "GET /member/api/list?pageIndex=2&memberId=tjr&memberName= HTTP/1.1" 715 (8 ms)
2020-06-08 18:01:56 0:0:0:0:0:0:0:1 200 "GET /member/list?memberId=tjr&memberName=&pageIndex=2 HTTP/1.1" 924 (18 ms)
2020-06-08 18:01:56 0:0:0:0:0:0:0:1 200 "GET /js/bundle/member/member.bundle.js HTTP/1.1" 1773991 (28 ms)
2020-06-08 18:01:56 0:0:0:0:0:0:0:1 200 "GET /js/bundle/member/member.bundle.js.map HTTP/1.1" 2079696 (34 ms)
2020-06-08 18:01:56 0:0:0:0:0:0:0:1 200 "GET /member/api/list?pageIndex=2&memberId=tjr&memberName= HTTP/1.1" 715 (11 ms)
2020-06-08 18:01:56 0:0:0:0:0:0:0:1 404 "GET /favicon.ico HTTP/1.1" 1032 (10 ms)
2020-06-08 18:01:57 0:0:0:0:0:0:0:1 200 "GET /member/list?memberId=tjr&memberName=&pageIndex=2 HTTP/1.1" 924 (3 ms)
2020-06-08 18:01:57 0:0:0:0:0:0:0:1 200 "GET /js/bundle/member/member.bundle.js HTTP/1.1" 1774183 (55 ms)
2020-06-08 18:01:57 0:0:0:0:0:0:0:1 200 "GET /js/bundle/member/member.bundle.js.map HTTP/1.1" 2079696 (18 ms)
2020-06-08 18:01:57 0:0:0:0:0:0:0:1 200 "GET /member/api/list?pageIndex=2&memberId=tjr&memberName= HTTP/1.1" 715 (9 ms)
2020-06-08 18:01:57 0:0:0:0:0:0:0:1 404 "GET /favicon.ico HTTP/1.1" 1032 (6 ms)
2020-06-08 18:01:57 0:0:0:0:0:0:0:1 200 "GET /member/list?memberId=tjr&memberName=&pageIndex=2 HTTP/1.1" 924 (4 ms)
2020-06-08 18:01:57 0:0:0:0:0:0:0:1 200 "GET /js/bundle/member/member.bundle.js HTTP/1.1" 1774183 (16 ms)
2020-06-08 18:01:58 0:0:0:0:0:0:0:1 200 "GET /js/bundle/member/member.bundle.js.map HTTP/1.1" 2079696 (19 ms)
2020-06-08 18:01:58 0:0:0:0:0:0:0:1 200 "GET /member/api/list?pageIndex=2&memberId=tjr&memberName= HTTP/1.1" 715 (7 ms)
2020-06-08 18:01:58 0:0:0:0:0:0:0:1 404 "GET /favicon.ico HTTP/1.1" 1032 (5 ms)
2020-06-08 18:02:01 0:0:0:0:0:0:0:1 200 "GET /member/api/write?no=48 HTTP/1.1" 135 (5 ms)
2020-06-08 18:02:01 0:0:0:0:0:0:0:1 200 "GET /file/api/selectFiles?fileId=file21 HTTP/1.1" 275 (6 ms)
2020-06-08 18:02:01 0:0:0:0:0:0:0:1 404 "GET /user/image/2020/6/20200603122232430.jpg HTTP/1.1" 1032 (13 ms)
2020-06-08 18:02:02 0:0:0:0:0:0:0:1 200 "GET /member/api/list?pageIndex=2&memberId=tjr&memberName= HTTP/1.1" 715 (7 ms)
2020-06-08 18:02:07 0:0:0:0:0:0:0:1 200 "GET /member/api/write?no=33 HTTP/1.1" 135 (7 ms)
2020-06-08 18:02:07 0:0:0:0:0:0:0:1 200 "GET /file/api/selectFiles HTTP/1.1" 24 (6 ms)
2020-06-08 18:02:08 0:0:0:0:0:0:0:1 200 "GET /member/api/list?pageIndex=2&memberId=tjr&memberName= HTTP/1.1" 715 (9 ms)
2020-06-08 18:02:09 0:0:0:0:0:0:0:1 200 "GET /member/list?memberId=tjr&memberName=&pageIndex=2 HTTP/1.1" 924 (19 ms)
2020-06-08 18:02:09 0:0:0:0:0:0:0:1 200 "GET /js/bundle/member/member.bundle.js HTTP/1.1" 1774183 (26 ms)
2020-06-08 18:02:09 0:0:0:0:0:0:0:1 200 "GET /js/bundle/member/member.bundle.js.map HTTP/1.1" 2079696 (16 ms)
2020-06-08 18:02:09 0:0:0:0:0:0:0:1 200 "GET /member/api/list?pageIndex=2&memberId=tjr&memberName= HTTP/1.1" 715 (7 ms)
2020-06-08 18:02:10 0:0:0:0:0:0:0:1 404 "GET /favicon.ico HTTP/1.1" 1032 (7 ms)
2020-06-08 18:02:12 0:0:0:0:0:0:0:1 200 "GET /member/api/list?pageIndex=2&memberId=&memberName= HTTP/1.1" 699 (4 ms)
2020-06-08 18:02:26 0:0:0:0:0:0:0:1 200 "GET /member/api/list?pageIndex=2&memberId=aa&memberName= HTTP/1.1" 703 (6 ms)
2020-06-08 18:02:29 0:0:0:0:0:0:0:1 200 "GET /member/api/write?no=40 HTTP/1.1" 130 (5 ms)
2020-06-08 18:02:29 0:0:0:0:0:0:0:1 200 "GET /file/api/selectFiles HTTP/1.1" 24 (4 ms)
2020-06-08 18:02:30 0:0:0:0:0:0:0:1 200 "GET /member/api/list?pageIndex=2&memberId=aa&memberName= HTTP/1.1" 703 (6 ms)
2020-06-08 18:04:12 0:0:0:0:0:0:0:1 200 "GET /member/list?memberId=aa&memberName=&pageIndex=2 HTTP/1.1" 924 (32 ms)
2020-06-08 18:04:12 0:0:0:0:0:0:0:1 200 "GET /js/bundle/member/member.bundle.js HTTP/1.1" 1774180 (61 ms)
2020-06-08 18:04:12 0:0:0:0:0:0:0:1 200 "GET /member/api/list?pageIndex=2&memberId=aa&memberName= HTTP/1.1" 703 (7 ms)
2020-06-08 18:04:12 0:0:0:0:0:0:0:1 404 "GET /favicon.ico HTTP/1.1" 1032 (11 ms)
2020-06-08 18:04:12 0:0:0:0:0:0:0:1 200 "GET /js/bundle/member/member.bundle.js.map HTTP/1.1" 2079691 (24 ms)
2020-06-08 18:04:12 0:0:0:0:0:0:0:1 200 "GET /member/list?memberId=aa&memberName=&pageIndex=2 HTTP/1.1" 924 (4 ms)
2020-06-08 18:04:13 0:0:0:0:0:0:0:1 200 "GET /js/bundle/member/member.bundle.js HTTP/1.1" 1774180 (25 ms)
2020-06-08 18:04:13 0:0:0:0:0:0:0:1 200 "GET /member/api/list?pageIndex=2&memberId=aa&memberName= HTTP/1.1" 703 (7 ms)
2020-06-08 18:04:13 0:0:0:0:0:0:0:1 404 "GET /favicon.ico HTTP/1.1" 1032 (5 ms)
2020-06-08 18:04:14 0:0:0:0:0:0:0:1 200 "GET /member/api/list?pageIndex=2&memberId=aa&memberName= HTTP/1.1" 703 (5 ms)
2020-06-08 18:04:15 0:0:0:0:0:0:0:1 200 "GET /member/api/list?pageIndex=2&memberId=aa&memberName= HTTP/1.1" 703 (4 ms)
2020-06-08 18:04:15 0:0:0:0:0:0:0:1 200 "GET /member/api/list?pageIndex=2&memberId=aa&memberName= HTTP/1.1" 703 (5 ms)
2020-06-08 18:04:16 0:0:0:0:0:0:0:1 200 "GET /js/bundle/member/member.bundle.js.map HTTP/1.1" 2079691 (19 ms)
2020-06-08 18:04:17 0:0:0:0:0:0:0:1 200 "GET /member/api/list?pageIndex=2&memberId=aa&memberName= HTTP/1.1" 703 (5 ms)
2020-06-08 18:04:18 0:0:0:0:0:0:0:1 200 "GET /member/api/list?pageIndex=2&memberId=aa&memberName= HTTP/1.1" 703 (4 ms)
2020-06-08 18:04:25 0:0:0:0:0:0:0:1 200 "GET /member/api/list?pageIndex=2&memberId=aa&memberName= HTTP/1.1" 703 (5 ms)
2020-06-08 18:04:26 0:0:0:0:0:0:0:1 200 "GET /member/api/list?pageIndex=2&memberId=&memberName= HTTP/1.1" 699 (7 ms)
2020-06-08 18:04:27 0:0:0:0:0:0:0:1 200 "GET /member/api/list?pageIndex=2&memberId=&memberName= HTTP/1.1" 699 (4 ms)
2020-06-08 18:04:29 0:0:0:0:0:0:0:1 200 "GET /member/api/list?pageIndex=2&memberId=&memberName= HTTP/1.1" 699 (5 ms)
2020-06-08 18:04:30 0:0:0:0:0:0:0:1 200 "GET /member/api/list?pageIndex=2&memberId=&memberName= HTTP/1.1" 699 (4 ms)
2020-06-08 18:04:50 0:0:0:0:0:0:0:1 200 "GET /member/list?memberId=aa&memberName=&pageIndex=2 HTTP/1.1" 924 (24 ms)
2020-06-08 18:04:50 0:0:0:0:0:0:0:1 200 "GET /js/bundle/member/member.bundle.js HTTP/1.1" 1774207 (95 ms)
2020-06-08 18:04:50 0:0:0:0:0:0:0:1 200 "GET /js/bundle/member/member.bundle.js.map HTTP/1.1" 2079749 (24 ms)
2020-06-08 18:04:50 0:0:0:0:0:0:0:1 200 "GET /member/api/list?pageIndex=2&memberId=aa&memberName= HTTP/1.1" 703 (7 ms)
2020-06-08 18:04:50 0:0:0:0:0:0:0:1 404 "GET /favicon.ico HTTP/1.1" 1032 (13 ms)
2020-06-08 18:04:50 0:0:0:0:0:0:0:1 200 "GET /member/list?memberId=aa&memberName=&pageIndex=2 HTTP/1.1" 924 (4 ms)
2020-06-08 18:04:50 0:0:0:0:0:0:0:1 200 "GET /js/bundle/member/member.bundle.js HTTP/1.1" 1774234 (63 ms)
2020-06-08 18:04:50 0:0:0:0:0:0:0:1 200 "GET /js/bundle/member/member.bundle.js.map HTTP/1.1" 2079808 (23 ms)
2020-06-08 18:04:51 0:0:0:0:0:0:0:1 200 "GET /member/api/list?pageIndex=2&memberId=aa&memberName= HTTP/1.1" 703 (9 ms)
2020-06-08 18:04:51 0:0:0:0:0:0:0:1 404 "GET /favicon.ico HTTP/1.1" 1032 (7 ms)
2020-06-08 18:04:55 0:0:0:0:0:0:0:1 200 "GET /member/api/list?pageIndex=2&memberId=aa&memberName= HTTP/1.1" 703 (7 ms)
2020-06-08 18:05:01 0:0:0:0:0:0:0:1 200 "GET /member/api/list?pageIndex=2&memberId=aa&memberName= HTTP/1.1" 703 (8 ms)
2020-06-08 18:10:28 0:0:0:0:0:0:0:1 200 "GET /member/list?memberId=aa&memberName=&pageIndex=2 HTTP/1.1" 924 (15 ms)
2020-06-08 18:10:28 0:0:0:0:0:0:0:1 200 "GET /js/bundle/member/member.bundle.js HTTP/1.1" 1774237 (93 ms)
2020-06-08 18:10:28 0:0:0:0:0:0:0:1 200 "GET /js/bundle/member/member.bundle.js.map HTTP/1.1" 2079814 (21 ms)
2020-06-08 18:10:28 0:0:0:0:0:0:0:1 200 "GET /member/api/list?pageIndex=2&memberId=aa&memberName= HTTP/1.1" 703 (6 ms)
2020-06-08 18:10:28 0:0:0:0:0:0:0:1 404 "GET /favicon.ico HTTP/1.1" 1032 (11 ms)
2020-06-08 18:10:29 0:0:0:0:0:0:0:1 200 "GET /member/list?memberId=aa&memberName=&pageIndex=2 HTTP/1.1" 924 (9 ms)
2020-06-08 18:10:29 0:0:0:0:0:0:0:1 200 "GET /js/bundle/member/member.bundle.js HTTP/1.1" 1774193 (47 ms)
2020-06-08 18:10:29 0:0:0:0:0:0:0:1 200 "GET /js/bundle/member/member.bundle.js.map HTTP/1.1" 2079786 (20 ms)
2020-06-08 18:10:29 0:0:0:0:0:0:0:1 404 "GET /favicon.ico HTTP/1.1" 1032 (5 ms)
2020-06-08 18:10:30 0:0:0:0:0:0:0:1 200 "GET /member/list?memberId=aa&memberName=&pageIndex=2 HTTP/1.1" 924 (11 ms)
2020-06-08 18:10:30 0:0:0:0:0:0:0:1 200 "GET /js/bundle/member/member.bundle.js HTTP/1.1" 1774193 (29 ms)
2020-06-08 18:10:30 0:0:0:0:0:0:0:1 200 "GET /js/bundle/member/member.bundle.js.map HTTP/1.1" 2079786 (20 ms)
2020-06-08 18:10:30 0:0:0:0:0:0:0:1 404 "GET /favicon.ico HTTP/1.1" 1032 (4 ms)
2020-06-08 18:10:41 0:0:0:0:0:0:0:1 200 "GET /member/list?memberId=aa&memberName=&pageIndex=2 HTTP/1.1" 924 (8 ms)
2020-06-08 18:10:41 0:0:0:0:0:0:0:1 200 "GET /js/bundle/member/member.bundle.js HTTP/1.1" 1774163 (38 ms)
2020-06-08 18:10:41 0:0:0:0:0:0:0:1 200 "GET /member/api/list?pageIndex=2&memberId=aa&memberName= HTTP/1.1" 703 (9 ms)
2020-06-08 18:10:41 0:0:0:0:0:0:0:1 404 "GET /favicon.ico HTTP/1.1" 1032 (9 ms)
2020-06-08 18:10:42 0:0:0:0:0:0:0:1 200 "GET /js/bundle/member/member.bundle.js.map HTTP/1.1" 2079728 (22 ms)
2020-06-08 18:10:44 0:0:0:0:0:0:0:1 200 "GET /member/api/list?pageIndex=1&memberId=aa&memberName= HTTP/1.1" 700 (5 ms)
2020-06-08 18:10:45 0:0:0:0:0:0:0:1 200 "GET /member/list?memberId=aa&memberName=&pageIndex=2 HTTP/1.1" 924 (6 ms)
2020-06-08 18:10:45 0:0:0:0:0:0:0:1 200 "GET /js/bundle/member/member.bundle.js HTTP/1.1" 1774163 (17 ms)
2020-06-08 18:10:45 0:0:0:0:0:0:0:1 200 "GET /member/api/list?pageIndex=2&memberId=aa&memberName= HTTP/1.1" 703 (7 ms)
2020-06-08 18:10:45 0:0:0:0:0:0:0:1 404 "GET /favicon.ico HTTP/1.1" 1032 (7 ms)
2020-06-08 18:10:46 0:0:0:0:0:0:0:1 200 "GET /js/bundle/member/member.bundle.js.map HTTP/1.1" 2079728 (15 ms)
2020-06-08 18:10:46 0:0:0:0:0:0:0:1 200 "GET /member/api/list?pageIndex=3&memberId=aa&memberName= HTTP/1.1" 714 (4 ms)
2020-06-08 18:10:49 0:0:0:0:0:0:0:1 200 "GET /member/api/list?pageIndex=4&memberId=aa&memberName= HTTP/1.1" 542 (4 ms)
2020-06-08 18:10:52 0:0:0:0:0:0:0:1 200 "GET /member/api/list?pageIndex=3&memberId=aa&memberName= HTTP/1.1" 714 (5 ms)
2020-06-08 18:10:59 0:0:0:0:0:0:0:1 200 "GET /member/api/list?pageIndex=4&memberId=aa&memberName= HTTP/1.1" 542 (4 ms)
2020-06-08 18:11:01 0:0:0:0:0:0:0:1 200 "GET /member/api/list?pageIndex=3&memberId=aa&memberName= HTTP/1.1" 714 (7 ms)
2020-06-08 18:11:03 0:0:0:0:0:0:0:1 200 "GET /member/api/list?pageIndex=1&memberId=aa&memberName= HTTP/1.1" 700 (7 ms)
2020-06-08 18:11:06 0:0:0:0:0:0:0:1 200 "GET /member/api/list?pageIndex=3&memberId=aa&memberName= HTTP/1.1" 714 (6 ms)
2020-06-08 18:11:07 0:0:0:0:0:0:0:1 200 "GET /member/api/list?pageIndex=1&memberId=aa&memberName= HTTP/1.1" 700 (5 ms)
2020-06-08 18:11:14 0:0:0:0:0:0:0:1 200 "GET /member/api/list?pageIndex=1&memberId=&memberName= HTTP/1.1" 710 (7 ms)
2020-06-08 18:11:15 0:0:0:0:0:0:0:1 200 "GET /member/api/list?pageIndex=2&memberId=&memberName= HTTP/1.1" 699 (5 ms)
2020-06-08 18:11:16 0:0:0:0:0:0:0:1 200 "GET /member/api/list?pageIndex=3&memberId=&memberName= HTTP/1.1" 693 (6 ms)
2020-06-08 18:11:18 0:0:0:0:0:0:0:1 200 "GET /member/api/list?pageIndex=2&memberId=&memberName= HTTP/1.1" 699 (4 ms)
2020-06-08 18:11:20 0:0:0:0:0:0:0:1 200 "GET /member/api/list?pageIndex=3&memberId=&memberName= HTTP/1.1" 693 (8 ms)
2020-06-08 18:11:21 0:0:0:0:0:0:0:1 200 "GET /member/api/list?pageIndex=2&memberId=&memberName= HTTP/1.1" 699 (6 ms)
2020-06-08 18:11:24 0:0:0:0:0:0:0:1 200 "GET /member/api/list?pageIndex=3&memberId=&memberName= HTTP/1.1" 693 (6 ms)
2020-06-08 18:11:25 0:0:0:0:0:0:0:1 200 "GET /member/api/list?pageIndex=2&memberId=&memberName= HTTP/1.1" 699 (6 ms)
2020-06-08 18:11:27 0:0:0:0:0:0:0:1 200 "GET /member/list?memberId=aa&memberName=&pageIndex=2 HTTP/1.1" 924 (40 ms)
2020-06-08 18:11:27 0:0:0:0:0:0:0:1 200 "GET /js/bundle/member/member.bundle.js HTTP/1.1" 1774163 (22 ms)
2020-06-08 18:11:27 0:0:0:0:0:0:0:1 200 "GET /js/bundle/member/member.bundle.js.map HTTP/1.1" 2079728 (14 ms)
2020-06-08 18:11:27 0:0:0:0:0:0:0:1 200 "GET /member/api/list?pageIndex=2&memberId=aa&memberName= HTTP/1.1" 703 (6 ms)
2020-06-08 18:11:30 0:0:0:0:0:0:0:1 200 "GET /member/api/list?pageIndex=2&memberId=&memberName= HTTP/1.1" 699 (9 ms)
2020-06-08 18:11:35 0:0:0:0:0:0:0:1 200 "GET /member/api/list?pageIndex=3&memberId=&memberName= HTTP/1.1" 693 (4 ms)
2020-06-08 18:11:37 0:0:0:0:0:0:0:1 302 "GET / HTTP/1.1" - (2 ms)
2020-06-08 18:11:37 0:0:0:0:0:0:0:1 200 "GET /main/index HTTP/1.1" 953 (11 ms)
2020-06-08 18:11:37 0:0:0:0:0:0:0:1 200 "GET /js/bundle/main/main.bundle.js HTTP/1.1" 968364 (13 ms)
2020-06-08 18:11:37 0:0:0:0:0:0:0:1 200 "GET /js/bundle/main/main.bundle.js.map HTTP/1.1" 1130167 (9 ms)
2020-06-08 18:11:38 0:0:0:0:0:0:0:1 200 "GET /member/list HTTP/1.1" 924 (5 ms)
2020-06-08 18:11:38 0:0:0:0:0:0:0:1 200 "GET /js/bundle/member/member.bundle.js HTTP/1.1" 1774163 (21 ms)
2020-06-08 18:11:38 0:0:0:0:0:0:0:1 200 "GET /js/bundle/member/member.bundle.js.map HTTP/1.1" 2079728 (20 ms)
2020-06-08 18:11:38 0:0:0:0:0:0:0:1 200 "GET /member/api/list?pageIndex=1&memberId=&memberName= HTTP/1.1" 710 (7 ms)
2020-06-08 18:11:41 0:0:0:0:0:0:0:1 200 "GET /member/api/list?pageIndex=2&memberId=&memberName= HTTP/1.1" 699 (6 ms)
2020-06-08 18:11:50 0:0:0:0:0:0:0:1 200 "GET /member/api/list?pageIndex=3&memberId=&memberName= HTTP/1.1" 693 (6 ms)
2020-06-08 18:11:58 0:0:0:0:0:0:0:1 200 "GET /member/api/list?pageIndex=2&memberId=&memberName= HTTP/1.1" 699 (7 ms)
2020-06-08 18:12:33 0:0:0:0:0:0:0:1 200 "GET /member/list HTTP/1.1" 924 (32 ms)
2020-06-08 18:12:33 0:0:0:0:0:0:0:1 200 "GET /js/bundle/member/member.bundle.js HTTP/1.1" 1774164 (61 ms)
2020-06-08 18:12:33 0:0:0:0:0:0:0:1 200 "GET /js/bundle/member/member.bundle.js.map HTTP/1.1" 2079729 (20 ms)
2020-06-08 18:12:33 0:0:0:0:0:0:0:1 200 "GET /member/api/list?pageIndex=1&memberId=&memberName= HTTP/1.1" 710 (8 ms)
2020-06-08 18:12:34 0:0:0:0:0:0:0:1 404 "GET /favicon.ico HTTP/1.1" 1032 (9 ms)
2020-06-08 18:12:34 0:0:0:0:0:0:0:1 200 "GET /member/list HTTP/1.1" 924 (6 ms)
2020-06-08 18:12:34 0:0:0:0:0:0:0:1 200 "GET /js/bundle/member/member.bundle.js HTTP/1.1" 1774164 (18 ms)
2020-06-08 18:12:34 0:0:0:0:0:0:0:1 200 "GET /js/bundle/member/member.bundle.js.map HTTP/1.1" 2079729 (15 ms)
2020-06-08 18:12:34 0:0:0:0:0:0:0:1 200 "GET /member/api/list?pageIndex=1&memberId=&memberName= HTTP/1.1" 710 (6 ms)
2020-06-08 18:12:34 0:0:0:0:0:0:0:1 404 "GET /favicon.ico HTTP/1.1" 1032 (7 ms)
2020-06-08 18:12:34 0:0:0:0:0:0:0:1 200 "GET /member/api/list?pageIndex=2&memberId=&memberName= HTTP/1.1" 699 (7 ms)
2020-06-08 18:12:35 0:0:0:0:0:0:0:1 200 "GET /member/api/list?pageIndex=1&memberId=&memberName= HTTP/1.1" 710 (4 ms)
2020-06-08 18:12:36 0:0:0:0:0:0:0:1 200 "GET /member/api/list?pageIndex=2&memberId=&memberName= HTTP/1.1" 699 (6 ms)
2020-06-08 18:12:37 0:0:0:0:0:0:0:1 200 "GET /member/api/list?pageIndex=3&memberId=&memberName= HTTP/1.1" 693 (6 ms)
2020-06-08 18:12:39 0:0:0:0:0:0:0:1 200 "GET /member/api/list?pageIndex=2&memberId=&memberName= HTTP/1.1" 699 (6 ms)
2020-06-08 18:12:39 0:0:0:0:0:0:0:1 200 "GET /member/api/list?pageIndex=1&memberId=&memberName= HTTP/1.1" 710 (5 ms)
2020-06-08 18:12:40 0:0:0:0:0:0:0:1 200 "GET /member/api/list?pageIndex=3&memberId=&memberName= HTTP/1.1" 693 (6 ms)
2020-06-08 18:12:40 0:0:0:0:0:0:0:1 200 "GET /member/api/list?pageIndex=4&memberId=&memberName= HTTP/1.1" 706 (6 ms)
2020-06-08 18:12:42 0:0:0:0:0:0:0:1 200 "GET /member/api/list?pageIndex=3&memberId=&memberName= HTTP/1.1" 693 (3 ms)
2020-06-08 18:12:44 0:0:0:0:0:0:0:1 200 "GET /member/api/list?pageIndex=2&memberId=&memberName= HTTP/1.1" 699 (9 ms)
2020-06-08 18:12:45 0:0:0:0:0:0:0:1 200 "GET /member/api/list?pageIndex=1&memberId=&memberName= HTTP/1.1" 710 (4 ms)
2020-06-08 18:12:47 0:0:0:0:0:0:0:1 200 "GET /member/api/write?no=51 HTTP/1.1" 136 (5 ms)
2020-06-08 18:12:47 0:0:0:0:0:0:0:1 200 "GET /file/api/selectFiles?fileId= HTTP/1.1" 24 (5 ms)
2020-06-08 18:12:48 0:0:0:0:0:0:0:1 200 "GET /member/api/list?pageIndex=1&memberId=&memberName= HTTP/1.1" 710 (8 ms)
2020-06-08 18:12:50 0:0:0:0:0:0:0:1 200 "GET /member/api/list?pageIndex=1&memberId=aa&memberName= HTTP/1.1" 700 (6 ms)
2020-06-08 18:12:52 0:0:0:0:0:0:0:1 200 "GET /member/api/list?pageIndex=2&memberId=aa&memberName= HTTP/1.1" 703 (5 ms)
2020-06-08 18:12:52 0:0:0:0:0:0:0:1 200 "GET /member/api/list?pageIndex=3&memberId=aa&memberName= HTTP/1.1" 714 (6 ms)
2020-06-08 18:12:53 0:0:0:0:0:0:0:1 200 "GET /member/api/list?pageIndex=4&memberId=aa&memberName= HTTP/1.1" 542 (5 ms)
2020-06-08 18:12:54 0:0:0:0:0:0:0:1 200 "GET /member/api/write?no=5 HTTP/1.1" 138 (5 ms)
2020-06-08 18:12:54 0:0:0:0:0:0:0:1 200 "GET /file/api/selectFiles HTTP/1.1" 24 (6 ms)
2020-06-08 18:12:55 0:0:0:0:0:0:0:1 200 "GET /member/api/list?pageIndex=4&memberId=aa&memberName= HTTP/1.1" 542 (8 ms)
2020-06-08 18:14:30 0:0:0:0:0:0:0:1 200 "GET /member/list?memberId=aa&memberName=&pageIndex=4 HTTP/1.1" 924 (29 ms)
2020-06-08 18:14:30 0:0:0:0:0:0:0:1 200 "GET /js/bundle/member/member.bundle.js HTTP/1.1" 1774110 (57 ms)
2020-06-08 18:14:31 0:0:0:0:0:0:0:1 200 "GET /js/bundle/member/member.bundle.js.map HTTP/1.1" 2079609 (19 ms)
2020-06-08 18:14:31 0:0:0:0:0:0:0:1 200 "GET /member/api/list?pageIndex=4&memberId=aa&memberName= HTTP/1.1" 542 (7 ms)
2020-06-08 18:14:31 0:0:0:0:0:0:0:1 404 "GET /favicon.ico HTTP/1.1" 1032 (11 ms)
2020-06-08 18:19:38 0:0:0:0:0:0:0:1 200 "GET /member/list?memberId=aa&memberName=&pageIndex=4 HTTP/1.1" 924 (44 ms)
2020-06-08 18:19:38 0:0:0:0:0:0:0:1 200 "GET /js/bundle/member/member.bundle.js HTTP/1.1" 1774110 (32 ms)
2020-06-08 18:19:38 0:0:0:0:0:0:0:1 200 "GET /js/bundle/member/member.bundle.js.map HTTP/1.1" 2079609 (20 ms)
2020-06-08 18:19:38 0:0:0:0:0:0:0:1 200 "GET /member/api/list?pageIndex=4&memberId=aa&memberName= HTTP/1.1" 542 (58 ms)
2020-06-08 18:19:38 0:0:0:0:0:0:0:1 404 "GET /favicon.ico HTTP/1.1" 1032 (18 ms)
2020-06-08 18:19:41 0:0:0:0:0:0:0:1 200 "GET /member/list?memberId=aa&memberName=&pageIndex=4 HTTP/1.1" 924 (4 ms)
2020-06-08 18:19:41 0:0:0:0:0:0:0:1 200 "GET /js/bundle/member/member.bundle.js HTTP/1.1" 1774110 (22 ms)
2020-06-08 18:19:41 0:0:0:0:0:0:0:1 200 "GET /js/bundle/member/member.bundle.js.map HTTP/1.1" 2079609 (17 ms)
2020-06-08 18:19:41 0:0:0:0:0:0:0:1 200 "GET /member/api/list?pageIndex=4&memberId=aa&memberName= HTTP/1.1" 542 (6 ms)
2020-06-08 18:19:45 0:0:0:0:0:0:0:1 200 "GET /member/list?memberId=tjrghk&memberName=&pageIndex=4 HTTP/1.1" 924 (9 ms)
2020-06-08 18:19:45 0:0:0:0:0:0:0:1 200 "GET /js/bundle/member/member.bundle.js HTTP/1.1" 1774110 (19 ms)
2020-06-08 18:19:45 0:0:0:0:0:0:0:1 200 "GET /js/bundle/member/member.bundle.js.map HTTP/1.1" 2079609 (14 ms)
2020-06-08 18:19:45 0:0:0:0:0:0:0:1 200 "GET /member/api/list?pageIndex=4&memberId=tjrghk&memberName= HTTP/1.1" 546 (7 ms)
2020-06-08 18:19:48 0:0:0:0:0:0:0:1 200 "GET /member/api/list?pageIndex=3&memberId=tjrghk&memberName= HTTP/1.1" 728 (4 ms)
2020-06-08 18:19:49 0:0:0:0:0:0:0:1 200 "GET /member/api/list?pageIndex=2&memberId=tjrghk&memberName= HTTP/1.1" 718 (7 ms)
2020-06-08 18:19:52 0:0:0:0:0:0:0:1 200 "GET /member/api/list?pageIndex=3&memberId=tjrghk&memberName= HTTP/1.1" 728 (5 ms)
2020-06-08 18:19:53 0:0:0:0:0:0:0:1 200 "GET /member/api/list?pageIndex=4&memberId=tjrghk&memberName= HTTP/1.1" 546 (6 ms)
2020-06-08 18:19:56 0:0:0:0:0:0:0:1 200 "GET /member/list?memberId=tjrghk&memberName=&pageIndex=5 HTTP/1.1" 924 (10 ms)
2020-06-08 18:19:56 0:0:0:0:0:0:0:1 200 "GET /js/bundle/member/member.bundle.js HTTP/1.1" 1774110 (20 ms)
2020-06-08 18:19:57 0:0:0:0:0:0:0:1 200 "GET /js/bundle/member/member.bundle.js.map HTTP/1.1" 2079609 (17 ms)
2020-06-08 18:19:57 0:0:0:0:0:0:0:1 200 "GET /member/api/list?pageIndex=5&memberId=tjrghk&memberName= HTTP/1.1" 161 (7 ms)
2020-06-08 18:19:59 0:0:0:0:0:0:0:1 200 "GET /member/list?memberId=tjrghk&memberName=&pageIndex=1 HTTP/1.1" 924 (4 ms)
2020-06-08 18:19:59 0:0:0:0:0:0:0:1 200 "GET /js/bundle/member/member.bundle.js HTTP/1.1" 1774110 (18 ms)
2020-06-08 18:19:59 0:0:0:0:0:0:0:1 200 "GET /js/bundle/member/member.bundle.js.map HTTP/1.1" 2079609 (16 ms)
2020-06-08 18:19:59 0:0:0:0:0:0:0:1 200 "GET /member/api/list?pageIndex=1&memberId=tjrghk&memberName= HTTP/1.1" 716 (6 ms)
2020-06-08 18:20:01 0:0:0:0:0:0:0:1 200 "GET /member/api/list?pageIndex=2&memberId=tjrghk&memberName= HTTP/1.1" 718 (4 ms)
2020-06-08 18:20:04 0:0:0:0:0:0:0:1 200 "GET /member/api/list?pageIndex=3&memberId=tjrghk&memberName= HTTP/1.1" 728 (6 ms)
2020-06-08 18:20:07 0:0:0:0:0:0:0:1 200 "GET /member/api/list?pageIndex=2&memberId=tjrghk&memberName= HTTP/1.1" 718 (5 ms)
2020-06-08 18:20:08 0:0:0:0:0:0:0:1 200 "GET /member/api/write?no=48 HTTP/1.1" 135 (7 ms)
2020-06-08 18:20:09 0:0:0:0:0:0:0:1 200 "GET /file/api/selectFiles?fileId=file21 HTTP/1.1" 275 (12 ms)
2020-06-08 18:20:09 0:0:0:0:0:0:0:1 404 "GET /user/image/2020/6/20200603122232430.jpg HTTP/1.1" 1032 (17 ms)
2020-06-08 18:20:12 0:0:0:0:0:0:0:1 200 "GET /member/api/list?pageIndex=2&memberId=tjrghk&memberName= HTTP/1.1" 718 (7 ms)
2020-06-08 18:25:50 0:0:0:0:0:0:0:1 200 "GET /member/api/list?pageIndex=2&memberId=tjrghk&memberName= HTTP/1.1" 718 (5 ms)
2020-06-08 18:27:08 0:0:0:0:0:0:0:1 200 "GET /member/list?memberId=tjrghk&memberName=&pageIndex=2 HTTP/1.1" 924 (28 ms)
2020-06-08 18:27:08 0:0:0:0:0:0:0:1 200 "GET /js/bundle/member/member.bundle.js HTTP/1.1" 1774107 (104 ms)
2020-06-08 18:27:08 0:0:0:0:0:0:0:1 200 "GET /js/bundle/member/member.bundle.js.map HTTP/1.1" 2079605 (23 ms)
2020-06-08 18:27:08 0:0:0:0:0:0:0:1 200 "GET /member/api/list?pageIndex=2&memberId=tjrghk&memberName= HTTP/1.1" 718 (12 ms)
2020-06-08 18:27:12 0:0:0:0:0:0:0:1 200 "GET /member/api/list?pageIndex=1&memberId=tjrghk&memberName= HTTP/1.1" 716 (12 ms)
2020-06-08 18:27:13 0:0:0:0:0:0:0:1 200 "GET /member/api/list?pageIndex=2&memberId=tjrghk&memberName= HTTP/1.1" 718 (4 ms)
2020-06-08 18:27:13 0:0:0:0:0:0:0:1 200 "GET /member/api/list?pageIndex=3&memberId=tjrghk&memberName= HTTP/1.1" 728 (3 ms)
2020-06-08 18:27:16 0:0:0:0:0:0:0:1 200 "GET /member/api/list?pageIndex=2&memberId=tjrghk&memberName= HTTP/1.1" 718 (5 ms)
2020-06-08 18:27:20 0:0:0:0:0:0:0:1 200 "GET /member/api/list?pageIndex=1&memberId=tjrghk&memberName= HTTP/1.1" 716 (6 ms)
2020-06-08 18:27:20 0:0:0:0:0:0:0:1 200 "GET /member/api/list?pageIndex=2&memberId=tjrghk&memberName= HTTP/1.1" 718 (4 ms)
2020-06-08 18:27:21 0:0:0:0:0:0:0:1 200 "GET /member/api/list?pageIndex=2&memberId=fsdfdsf&memberName=fdsfdf HTTP/1.1" 167 (7 ms)
2020-06-08 18:27:25 0:0:0:0:0:0:0:1 200 "GET /member/api/list?pageIndex=2&memberId=&memberName= HTTP/1.1" 699 (5 ms)
2020-06-08 18:27:26 0:0:0:0:0:0:0:1 200 "GET /member/api/list?pageIndex=3&memberId=&memberName= HTTP/1.1" 693 (6 ms)
2020-06-08 18:27:28 0:0:0:0:0:0:0:1 200 "GET /member/api/list?pageIndex=2&memberId=&memberName= HTTP/1.1" 699 (4 ms)
2020-06-08 18:27:28 0:0:0:0:0:0:0:1 200 "GET /member/api/list?pageIndex=1&memberId=&memberName= HTTP/1.1" 710 (4 ms)
2020-06-08 18:27:29 0:0:0:0:0:0:0:1 200 "GET /member/api/list?pageIndex=2&memberId=&memberName= HTTP/1.1" 699 (7 ms)
2020-06-08 18:30:52 0:0:0:0:0:0:0:1 200 "GET /member/list?memberId=tjrghk&memberName=&pageIndex=2 HTTP/1.1" 924 (36 ms)
2020-06-08 18:30:52 0:0:0:0:0:0:0:1 200 "GET /js/bundle/member/member.bundle.js HTTP/1.1" 1774048 (64 ms)
2020-06-08 18:30:52 0:0:0:0:0:0:0:1 200 "GET /js/bundle/member/member.bundle.js.map HTTP/1.1" 2079476 (19 ms)
2020-06-08 18:30:52 0:0:0:0:0:0:0:1 200 "GET /member/api/list?pageIndex=2&memberId=tjrghk&memberName= HTTP/1.1" 718 (6 ms)
2020-06-08 18:30:52 0:0:0:0:0:0:0:1 404 "GET /favicon.ico HTTP/1.1" 1032 (8 ms)
2020-06-08 18:30:53 0:0:0:0:0:0:0:1 200 "GET /member/list?memberId=tjrghk&memberName=&pageIndex=2 HTTP/1.1" 924 (5 ms)
2020-06-08 18:30:53 0:0:0:0:0:0:0:1 200 "GET /js/bundle/member/member.bundle.js HTTP/1.1" 1774048 (17 ms)
2020-06-08 18:30:53 0:0:0:0:0:0:0:1 200 "GET /js/bundle/member/member.bundle.js.map HTTP/1.1" 2079476 (16 ms)
2020-06-08 18:30:53 0:0:0:0:0:0:0:1 200 "GET /member/api/list?pageIndex=2&memberId=tjrghk&memberName= HTTP/1.1" 718 (3 ms)
2020-06-08 18:30:53 0:0:0:0:0:0:0:1 404 "GET /favicon.ico HTTP/1.1" 1032 (6 ms)
2020-06-08 18:30:54 0:0:0:0:0:0:0:1 200 "GET /member/api/list?pageIndex=3&memberId=tjrghk&memberName= HTTP/1.1" 728 (6 ms)
2020-06-08 18:30:56 0:0:0:0:0:0:0:1 200 "GET /member/api/list?pageIndex=1&memberId=tjrghk&memberName= HTTP/1.1" 716 (5 ms)
2020-06-08 18:31:01 0:0:0:0:0:0:0:1 200 "GET /member/api/list?pageIndex=1&memberId=aa&memberName= HTTP/1.1" 700 (6 ms)
2020-06-08 18:31:02 0:0:0:0:0:0:0:1 200 "GET /member/api/list?pageIndex=2&memberId=aa&memberName= HTTP/1.1" 703 (5 ms)
2020-06-08 18:31:04 0:0:0:0:0:0:0:1 200 "GET /member/api/list?pageIndex=1&memberId=aa&memberName= HTTP/1.1" 700 (7 ms)
2020-06-08 18:31:05 0:0:0:0:0:0:0:1 200 "GET /member/api/list?pageIndex=2&memberId=aa&memberName= HTTP/1.1" 703 (4 ms)
2020-06-08 18:31:06 0:0:0:0:0:0:0:1 200 "GET /member/api/list?pageIndex=3&memberId=aa&memberName= HTTP/1.1" 714 (6 ms)
2020-06-08 18:31:09 0:0:0:0:0:0:0:1 200 "GET /member/api/list?pageIndex=2&memberId=aa&memberName= HTTP/1.1" 703 (6 ms)
2020-06-08 18:31:10 0:0:0:0:0:0:0:1 200 "GET /member/api/list?pageIndex=3&memberId=aa&memberName= HTTP/1.1" 714 (5 ms)
2020-06-08 18:31:12 0:0:0:0:0:0:0:1 200 "GET /member/api/list?pageIndex=1&memberId=sdf&memberName= HTTP/1.1" 363 (5 ms)
2020-06-08 18:31:15 0:0:0:0:0:0:0:1 200 "GET /member/api/list?pageIndex=1&memberId=&memberName= HTTP/1.1" 710 (6 ms)
2020-06-08 18:31:16 0:0:0:0:0:0:0:1 200 "GET /member/api/list?pageIndex=2&memberId=&memberName= HTTP/1.1" 699 (3 ms)
2020-06-08 18:31:17 0:0:0:0:0:0:0:1 200 "GET /member/api/list?pageIndex=3&memberId=&memberName= HTTP/1.1" 693 (5 ms)
2020-06-08 18:31:17 0:0:0:0:0:0:0:1 200 "GET /member/api/list?pageIndex=4&memberId=&memberName= HTTP/1.1" 706 (4 ms)
2020-06-08 18:31:18 0:0:0:0:0:0:0:1 200 "GET /member/api/list?pageIndex=5&memberId=&memberName= HTTP/1.1" 721 (4 ms)
2020-06-08 18:31:18 0:0:0:0:0:0:0:1 200 "GET /member/api/list?pageIndex=6&memberId=&memberName= HTTP/1.1" 723 (3 ms)
2020-06-08 18:31:19 0:0:0:0:0:0:0:1 200 "GET /member/api/list?pageIndex=5&memberId=&memberName= HTTP/1.1" 721 (5 ms)
