2020-06-03 11:22:34 0:0:0:0:0:0:0:1 302 "GET / HTTP/1.1" - (100 ms)
2020-06-03 11:22:34 0:0:0:0:0:0:0:1 302 "GET / HTTP/1.1" - (6 ms)
2020-06-03 11:22:35 0:0:0:0:0:0:0:1 200 "GET /main/index HTTP/1.1" 936 (238 ms)
2020-06-03 11:22:35 0:0:0:0:0:0:0:1 200 "GET /main/index HTTP/1.1" 936 (16 ms)
2020-06-03 11:22:35 0:0:0:0:0:0:0:1 200 "GET /js/bundle/main/main.bundle.js HTTP/1.1" 968364 (60 ms)
2020-06-03 11:22:35 0:0:0:0:0:0:0:1 200 "GET /js/bundle/main/main.bundle.js HTTP/1.1" 968364 (30 ms)
2020-06-03 11:22:35 0:0:0:0:0:0:0:1 404 "GET /favicon.ico HTTP/1.1" 1032 (69 ms)
2020-06-03 11:22:36 0:0:0:0:0:0:0:1 200 "GET /member/login HTTP/1.1" 915 (10 ms)
2020-06-03 11:22:36 0:0:0:0:0:0:0:1 200 "GET /js/bundle/member/member.bundle.js HTTP/1.1" 1744670 (57 ms)
2020-06-03 11:22:38 0:0:0:0:0:0:0:1 200 "GET /member/signup HTTP/1.1" 911 (10 ms)
2020-06-03 11:22:38 0:0:0:0:0:0:0:1 200 "GET /js/bundle/member/member.bundle.js HTTP/1.1" 1744670 (25 ms)
2020-06-03 11:22:53 0:0:0:0:0:0:0:1 200 "POST /member/signupProcess HTTP/1.1" 1000 (551 ms)
2020-06-03 11:22:53 0:0:0:0:0:0:0:1 405 "GET /member/signupProcess HTTP/1.1" 1041 (26 ms)
2020-06-03 11:24:11 0:0:0:0:0:0:0:1 200 "GET /member/signup HTTP/1.1" 911 (323 ms)
2020-06-03 11:24:11 0:0:0:0:0:0:0:1 200 "GET /js/bundle/member/member.bundle.js HTTP/1.1" 1744670 (83 ms)
2020-06-03 11:28:46 0:0:0:0:0:0:0:1 200 "GET /member/signup HTTP/1.1" 911 (308 ms)
2020-06-03 11:28:46 0:0:0:0:0:0:0:1 200 "GET /js/bundle/member/member.bundle.js HTTP/1.1" 1744670 (66 ms)
2020-06-03 11:28:48 0:0:0:0:0:0:0:1 200 "GET /member/signup HTTP/1.1" 911 (26 ms)
2020-06-03 11:28:48 0:0:0:0:0:0:0:1 200 "GET /js/bundle/member/member.bundle.js HTTP/1.1" 1744670 (32 ms)
2020-06-03 11:29:02 0:0:0:0:0:0:0:1 200 "POST /member/signupProcess HTTP/1.1" 1000 (748 ms)
2020-06-03 11:29:02 0:0:0:0:0:0:0:1 405 "GET /member/signupProcess HTTP/1.1" 1041 (47 ms)
2020-06-03 11:30:30 0:0:0:0:0:0:0:1 200 "GET /member/signup HTTP/1.1" 911 (318 ms)
2020-06-03 11:30:30 0:0:0:0:0:0:0:1 200 "GET /js/bundle/member/member.bundle.js HTTP/1.1" 1744670 (70 ms)
2020-06-03 11:30:46 0:0:0:0:0:0:0:1 200 "POST /member/signupProcess HTTP/1.1" 1000 (672 ms)
2020-06-03 11:30:46 0:0:0:0:0:0:0:1 405 "GET /member/signupProcess HTTP/1.1" 1041 (77 ms)
2020-06-03 11:31:27 0:0:0:0:0:0:0:1 200 "GET /member/signup HTTP/1.1" 911 (22 ms)
2020-06-03 11:31:27 0:0:0:0:0:0:0:1 200 "GET /js/bundle/member/member.bundle.js HTTP/1.1" 1744670 (33 ms)
2020-06-03 11:31:30 0:0:0:0:0:0:0:1 200 "GET /js/bundle/member/member.bundle.js.map HTTP/1.1" 2052119 (118 ms)
2020-06-03 11:34:10 0:0:0:0:0:0:0:1 200 "GET /member/signup HTTP/1.1" 911 (323 ms)
2020-06-03 11:34:10 0:0:0:0:0:0:0:1 200 "GET /js/bundle/member/member.bundle.js HTTP/1.1" 1744670 (77 ms)
2020-06-03 11:34:10 0:0:0:0:0:0:0:1 200 "GET /js/bundle/member/member.bundle.js.map HTTP/1.1" 2052119 (53 ms)
2020-06-03 11:34:19 0:0:0:0:0:0:0:1 200 "POST /member/signupProcess HTTP/1.1" 1000 (670 ms)
2020-06-03 11:34:19 0:0:0:0:0:0:0:1 405 "GET /member/signupProcess HTTP/1.1" 1041 (48 ms)
2020-06-03 11:34:46 0:0:0:0:0:0:0:1 200 "GET /member/signup HTTP/1.1" 911 (21 ms)
2020-06-03 11:34:46 0:0:0:0:0:0:0:1 200 "GET /js/bundle/member/member.bundle.js HTTP/1.1" 1744670 (41 ms)
2020-06-03 11:34:46 0:0:0:0:0:0:0:1 200 "GET /js/bundle/member/member.bundle.js.map HTTP/1.1" 2052119 (26 ms)
2020-06-03 11:41:44 0:0:0:0:0:0:0:1 200 "POST /member/signupProcess HTTP/1.1" 1000 (392320 ms)
2020-06-03 11:41:47 127.0.0.1 405 "GET /member/signupProcess HTTP/1.1" 1041 (71 ms)
2020-06-03 11:47:04 127.0.0.1 200 "GET /member/signup HTTP/1.1" 911 (492 ms)
2020-06-03 11:47:04 127.0.0.1 200 "GET /js/bundle/member/member.bundle.js HTTP/1.1" 1744670 (99 ms)
2020-06-03 11:47:05 127.0.0.1 200 "GET /js/bundle/member/member.bundle.js.map HTTP/1.1" 2052119 (58 ms)
2020-06-03 11:47:05 127.0.0.1 404 "GET /favicon.ico HTTP/1.1" 1032 (27 ms)
2020-06-03 11:47:13 127.0.0.1 200 "POST /member/signupProcess HTTP/1.1" 1000 (614 ms)
2020-06-03 11:47:13 127.0.0.1 405 "GET /member/signupProcess HTTP/1.1" 1041 (30 ms)
2020-06-03 11:52:42 0:0:0:0:0:0:0:1 200 "GET /member/signup HTTP/1.1" 911 (285 ms)
2020-06-03 11:52:42 0:0:0:0:0:0:0:1 200 "GET /js/bundle/member/member.bundle.js HTTP/1.1" 1744670 (96 ms)
2020-06-03 11:52:42 0:0:0:0:0:0:0:1 200 "GET /js/bundle/member/member.bundle.js.map HTTP/1.1" 2052119 (64 ms)
2020-06-03 11:56:24 0:0:0:0:0:0:0:1 200 "POST /member/signupProcess HTTP/1.1" 1000 (213361 ms)
2020-06-03 11:56:24 0:0:0:0:0:0:0:1 405 "GET /member/signupProcess HTTP/1.1" 1041 (94 ms)
2020-06-03 11:56:34 0:0:0:0:0:0:0:1 200 "GET /member/signup HTTP/1.1" 911 (26 ms)
2020-06-03 11:56:34 0:0:0:0:0:0:0:1 200 "GET /js/bundle/member/member.bundle.js HTTP/1.1" 1744670 (34 ms)
2020-06-03 11:56:34 0:0:0:0:0:0:0:1 200 "GET /js/bundle/member/member.bundle.js.map HTTP/1.1" 2052119 (22 ms)
2020-06-03 11:56:43 0:0:0:0:0:0:0:1 200 "POST /member/signupProcess HTTP/1.1" 1000 (1920 ms)
2020-06-03 11:56:44 0:0:0:0:0:0:0:1 405 "GET /member/signupProcess HTTP/1.1" 1041 (36 ms)
2020-06-03 11:58:14 0:0:0:0:0:0:0:1 200 "GET /member/signup HTTP/1.1" 911 (313 ms)
2020-06-03 11:58:14 0:0:0:0:0:0:0:1 200 "GET /js/bundle/member/member.bundle.js HTTP/1.1" 1744670 (96 ms)
2020-06-03 11:58:15 0:0:0:0:0:0:0:1 200 "GET /js/bundle/member/member.bundle.js.map HTTP/1.1" 2052119 (67 ms)
2020-06-03 11:58:24 0:0:0:0:0:0:0:1 200 "POST /member/signupProcess HTTP/1.1" 1000 (3115 ms)
2020-06-03 11:58:24 0:0:0:0:0:0:0:1 405 "GET /member/signupProcess HTTP/1.1" 1041 (53 ms)
2020-06-03 11:59:57 0:0:0:0:0:0:0:1 200 "GET /member/signup HTTP/1.1" 911 (290 ms)
2020-06-03 11:59:57 0:0:0:0:0:0:0:1 200 "GET /js/bundle/member/member.bundle.js HTTP/1.1" 1744670 (80 ms)
2020-06-03 11:59:57 0:0:0:0:0:0:0:1 200 "GET /js/bundle/member/member.bundle.js.map HTTP/1.1" 2052119 (78 ms)
2020-06-03 12:00:06 0:0:0:0:0:0:0:1 200 "POST /member/signupProcess HTTP/1.1" 1000 (2840 ms)
2020-06-03 12:00:07 0:0:0:0:0:0:0:1 405 "GET /member/signupProcess HTTP/1.1" 1041 (50 ms)
2020-06-03 12:03:25 0:0:0:0:0:0:0:1 200 "GET /member/signup HTTP/1.1" 911 (291 ms)
2020-06-03 12:03:26 0:0:0:0:0:0:0:1 200 "GET /js/bundle/member/member.bundle.js HTTP/1.1" 1744670 (159 ms)
2020-06-03 12:03:26 0:0:0:0:0:0:0:1 200 "GET /js/bundle/member/member.bundle.js.map HTTP/1.1" 2052119 (67 ms)
2020-06-03 12:03:35 0:0:0:0:0:0:0:1 200 "POST /member/signupProcess HTTP/1.1" 1000 (845 ms)
2020-06-03 12:03:35 0:0:0:0:0:0:0:1 405 "GET /member/signupProcess HTTP/1.1" 1041 (32 ms)
2020-06-03 12:04:03 0:0:0:0:0:0:0:1 200 "GET /member/signup HTTP/1.1" 911 (27 ms)
2020-06-03 12:04:03 0:0:0:0:0:0:0:1 200 "GET /js/bundle/member/member.bundle.js HTTP/1.1" 1744670 (45 ms)
2020-06-03 12:04:03 0:0:0:0:0:0:0:1 200 "GET /js/bundle/member/member.bundle.js.map HTTP/1.1" 2052119 (27 ms)
2020-06-03 12:04:14 0:0:0:0:0:0:0:1 200 "POST /member/signupProcess HTTP/1.1" 1059 (131 ms)
2020-06-03 12:04:15 0:0:0:0:0:0:0:1 200 "GET /member/login HTTP/1.1" 915 (18 ms)
2020-06-03 12:04:15 0:0:0:0:0:0:0:1 200 "GET /js/bundle/member/member.bundle.js HTTP/1.1" 1744670 (25 ms)
2020-06-03 12:04:15 0:0:0:0:0:0:0:1 200 "GET /js/bundle/member/member.bundle.js.map HTTP/1.1" 2052119 (24 ms)
2020-06-03 12:04:44 0:0:0:0:0:0:0:1 200 "GET /member/signup HTTP/1.1" 911 (16 ms)
2020-06-03 12:04:44 0:0:0:0:0:0:0:1 200 "GET /js/bundle/member/member.bundle.js HTTP/1.1" 1744670 (31 ms)
2020-06-03 12:04:44 0:0:0:0:0:0:0:1 200 "GET /js/bundle/member/member.bundle.js.map HTTP/1.1" 2052119 (25 ms)
2020-06-03 12:04:55 0:0:0:0:0:0:0:1 200 "POST /member/signupProcess HTTP/1.1" 1059 (167 ms)
2020-06-03 12:04:56 0:0:0:0:0:0:0:1 200 "GET /member/login HTTP/1.1" 915 (14 ms)
2020-06-03 12:04:56 0:0:0:0:0:0:0:1 200 "GET /js/bundle/member/member.bundle.js HTTP/1.1" 1744670 (23 ms)
2020-06-03 12:04:56 0:0:0:0:0:0:0:1 200 "GET /js/bundle/member/member.bundle.js.map HTTP/1.1" 2052119 (25 ms)
2020-06-03 12:05:52 0:0:0:0:0:0:0:1 200 "GET /member/signup HTTP/1.1" 911 (20 ms)
2020-06-03 12:05:52 0:0:0:0:0:0:0:1 200 "GET /js/bundle/member/member.bundle.js HTTP/1.1" 1744670 (34 ms)
2020-06-03 12:05:52 0:0:0:0:0:0:0:1 200 "GET /js/bundle/member/member.bundle.js.map HTTP/1.1" 2052119 (27 ms)
2020-06-03 12:05:56 0:0:0:0:0:0:0:1 200 "POST /member/signupProcess HTTP/1.1" 1059 (101 ms)
2020-06-03 12:05:57 0:0:0:0:0:0:0:1 200 "GET /member/login HTTP/1.1" 915 (11 ms)
2020-06-03 12:05:57 0:0:0:0:0:0:0:1 200 "GET /js/bundle/member/member.bundle.js HTTP/1.1" 1744670 (23 ms)
2020-06-03 12:05:57 0:0:0:0:0:0:0:1 200 "GET /js/bundle/member/member.bundle.js.map HTTP/1.1" 2052119 (18 ms)
2020-06-03 12:22:32 0:0:0:0:0:0:0:1 200 "POST /member/signupProcess HTTP/1.1" 1059 (119 ms)
2020-06-03 12:22:33 0:0:0:0:0:0:0:1 200 "GET /member/login HTTP/1.1" 915 (18 ms)
2020-06-03 12:22:33 0:0:0:0:0:0:0:1 200 "GET /js/bundle/member/member.bundle.js HTTP/1.1" 1744670 (20 ms)
2020-06-03 12:22:33 0:0:0:0:0:0:0:1 200 "GET /js/bundle/member/member.bundle.js.map HTTP/1.1" 2052119 (23 ms)
2020-06-03 12:22:39 0:0:0:0:0:0:0:1 302 "POST /member/loginProcess HTTP/1.1" - (8 ms)
2020-06-03 12:22:39 0:0:0:0:0:0:0:1 200 "GET /member/login?error HTTP/1.1" 1082 (16 ms)
2020-06-03 12:22:40 0:0:0:0:0:0:0:1 200 "GET /member/login HTTP/1.1" 915 (13 ms)
2020-06-03 12:22:40 0:0:0:0:0:0:0:1 200 "GET /js/bundle/member/member.bundle.js HTTP/1.1" 1744670 (22 ms)
2020-06-03 12:22:40 0:0:0:0:0:0:0:1 200 "GET /js/bundle/member/member.bundle.js.map HTTP/1.1" 2052119 (21 ms)
2020-06-03 12:22:44 0:0:0:0:0:0:0:1 302 "POST /member/loginProcess HTTP/1.1" - (5 ms)
2020-06-03 12:22:44 0:0:0:0:0:0:0:1 200 "GET /member/login?error HTTP/1.1" 1082 (9 ms)
2020-06-03 12:22:45 0:0:0:0:0:0:0:1 200 "GET /member/login HTTP/1.1" 915 (9 ms)
2020-06-03 12:22:46 0:0:0:0:0:0:0:1 200 "GET /js/bundle/member/member.bundle.js HTTP/1.1" 1744670 (25 ms)
2020-06-03 12:22:46 0:0:0:0:0:0:0:1 200 "GET /js/bundle/member/member.bundle.js.map HTTP/1.1" 2052119 (23 ms)
2020-06-03 12:22:51 0:0:0:0:0:0:0:1 200 "GET /member/signup HTTP/1.1" 911 (13 ms)
2020-06-03 12:22:51 0:0:0:0:0:0:0:1 200 "GET /js/bundle/member/member.bundle.js HTTP/1.1" 1744670 (23 ms)
2020-06-03 12:22:51 0:0:0:0:0:0:0:1 200 "GET /js/bundle/member/member.bundle.js.map HTTP/1.1" 2052119 (22 ms)
2020-06-03 12:23:00 0:0:0:0:0:0:0:1 200 "POST /member/signupProcess HTTP/1.1" 1059 (157 ms)
2020-06-03 12:23:01 0:0:0:0:0:0:0:1 200 "GET /member/login HTTP/1.1" 915 (13 ms)
2020-06-03 12:23:01 0:0:0:0:0:0:0:1 200 "GET /js/bundle/member/member.bundle.js HTTP/1.1" 1744670 (24 ms)
2020-06-03 12:23:01 0:0:0:0:0:0:0:1 200 "GET /js/bundle/member/member.bundle.js.map HTTP/1.1" 2052119 (22 ms)
2020-06-03 12:23:05 0:0:0:0:0:0:0:1 302 "POST /member/loginProcess HTTP/1.1" - (81 ms)
2020-06-03 12:23:05 0:0:0:0:0:0:0:1 200 "GET /blank/?url=/main/index&msg=%EB%A1%9C%EA%B7%B8%EC%9D%B8+%EB%90%98%EC%97%88%EC%8A%B5%EB%8B%88%EB%8B%A4. HTTP/1.1" 1060 (13 ms)
2020-06-03 12:23:06 0:0:0:0:0:0:0:1 200 "GET /main/index HTTP/1.1" 862 (21 ms)
2020-06-03 12:23:06 0:0:0:0:0:0:0:1 200 "GET /js/bundle/main/main.bundle.js HTTP/1.1" 968364 (13 ms)
2020-06-03 12:23:06 0:0:0:0:0:0:0:1 200 "GET /js/bundle/main/main.bundle.js.map HTTP/1.1" 1130167 (71 ms)
2020-06-03 12:23:07 0:0:0:0:0:0:0:1 302 "GET /member/logout HTTP/1.1" - (3 ms)
2020-06-03 12:23:07 0:0:0:0:0:0:0:1 200 "GET /member/logoutProcess HTTP/1.1" 1063 (4 ms)
2020-06-03 12:23:09 0:0:0:0:0:0:0:1 200 "GET /main/index HTTP/1.1" 936 (10 ms)
2020-06-03 12:23:09 0:0:0:0:0:0:0:1 200 "GET /js/bundle/main/main.bundle.js HTTP/1.1" 968364 (15 ms)
2020-06-03 12:23:09 0:0:0:0:0:0:0:1 200 "GET /js/bundle/main/main.bundle.js.map HTTP/1.1" 1130167 (12 ms)
2020-06-03 12:23:10 0:0:0:0:0:0:0:1 200 "GET /member/signup HTTP/1.1" 911 (22 ms)
2020-06-03 12:23:10 0:0:0:0:0:0:0:1 200 "GET /js/bundle/member/member.bundle.js HTTP/1.1" 1744670 (25 ms)
2020-06-03 12:23:10 0:0:0:0:0:0:0:1 200 "GET /js/bundle/member/member.bundle.js.map HTTP/1.1" 2052119 (23 ms)
2020-06-03 12:23:18 0:0:0:0:0:0:0:1 200 "POST /member/signupProcess HTTP/1.1" 1059 (121 ms)
2020-06-03 12:23:20 0:0:0:0:0:0:0:1 200 "GET /member/login HTTP/1.1" 915 (17 ms)
2020-06-03 12:23:20 0:0:0:0:0:0:0:1 200 "GET /js/bundle/member/member.bundle.js HTTP/1.1" 1744670 (21 ms)
2020-06-03 12:23:20 0:0:0:0:0:0:0:1 200 "GET /js/bundle/member/member.bundle.js.map HTTP/1.1" 2052119 (22 ms)
2020-06-03 12:23:23 0:0:0:0:0:0:0:1 302 "POST /member/loginProcess HTTP/1.1" - (78 ms)
2020-06-03 12:23:23 0:0:0:0:0:0:0:1 200 "GET /blank/?url=/main/index&msg=%EB%A1%9C%EA%B7%B8%EC%9D%B8+%EB%90%98%EC%97%88%EC%8A%B5%EB%8B%88%EB%8B%A4. HTTP/1.1" 1060 (12 ms)
2020-06-03 12:23:24 0:0:0:0:0:0:0:1 200 "GET /main/index HTTP/1.1" 947 (10 ms)
2020-06-03 12:23:24 0:0:0:0:0:0:0:1 200 "GET /js/bundle/main/main.bundle.js HTTP/1.1" 968364 (15 ms)
2020-06-03 12:23:24 0:0:0:0:0:0:0:1 200 "GET /js/bundle/main/main.bundle.js.map HTTP/1.1" 1130167 (10 ms)
2020-06-03 12:23:26 0:0:0:0:0:0:0:1 200 "GET /member/list HTTP/1.1" 920 (6 ms)
2020-06-03 12:23:26 0:0:0:0:0:0:0:1 200 "GET /js/bundle/member/member.bundle.js HTTP/1.1" 1744670 (18 ms)
2020-06-03 12:23:26 0:0:0:0:0:0:0:1 200 "GET /js/bundle/member/member.bundle.js.map HTTP/1.1" 2052119 (15 ms)
2020-06-03 12:23:26 0:0:0:0:0:0:0:1 200 "GET /member/api/list?pageIndex=1&memberId=&memberName= HTTP/1.1" 679 (119 ms)
2020-06-03 12:23:28 0:0:0:0:0:0:0:1 200 "GET /member/api/list?pageIndex=3&memberId=&memberName= HTTP/1.1" 669 (8 ms)
2020-06-03 12:23:29 0:0:0:0:0:0:0:1 200 "GET /member/api/list?pageIndex=4&memberId=&memberName= HTTP/1.1" 698 (6 ms)
2020-06-03 12:23:29 0:0:0:0:0:0:0:1 200 "GET /member/api/list?pageIndex=5&memberId=&memberName= HTTP/1.1" 686 (6 ms)
2020-06-03 12:23:29 0:0:0:0:0:0:0:1 200 "GET /member/api/list?pageIndex=6&memberId=&memberName= HTTP/1.1" 703 (6 ms)
2020-06-03 12:23:30 0:0:0:0:0:0:0:1 200 "GET /member/api/list?pageIndex=5&memberId=&memberName= HTTP/1.1" 686 (9 ms)
2020-06-03 12:23:40 0:0:0:0:0:0:0:1 200 "GET /member/api/list?pageIndex=5 HTTP/1.1" 656 (8 ms)
2020-06-03 12:23:40 0:0:0:0:0:0:0:1 200 "GET /member/api/list?pageIndex=5 HTTP/1.1" 656 (10 ms)
2020-06-03 14:20:17 0:0:0:0:0:0:0:1 302 "GET /member/logout HTTP/1.1" - (72 ms)
2020-06-03 14:20:17 0:0:0:0:0:0:0:1 200 "GET /member/logoutProcess HTTP/1.1" 1063 (224 ms)
2020-06-03 14:20:19 0:0:0:0:0:0:0:1 200 "GET /main/index HTTP/1.1" 936 (36 ms)
2020-06-03 14:20:19 0:0:0:0:0:0:0:1 200 "GET /js/bundle/main/main.bundle.js HTTP/1.1" 968364 (38 ms)
2020-06-03 14:20:20 0:0:0:0:0:0:0:1 200 "GET /member/login HTTP/1.1" 915 (16 ms)
2020-06-03 14:20:20 0:0:0:0:0:0:0:1 200 "GET /js/bundle/member/member.bundle.js HTTP/1.1" 1744670 (29 ms)
2020-06-03 14:20:20 0:0:0:0:0:0:0:1 302 "GET / HTTP/1.1" - (10 ms)
2020-06-03 14:20:21 0:0:0:0:0:0:0:1 200 "GET /main/index HTTP/1.1" 936 (10 ms)
2020-06-03 14:20:21 0:0:0:0:0:0:0:1 200 "GET /js/bundle/main/main.bundle.js HTTP/1.1" 968364 (37 ms)
2020-06-03 14:20:21 0:0:0:0:0:0:0:1 200 "GET /member/signup HTTP/1.1" 911 (15 ms)
2020-06-03 14:20:21 0:0:0:0:0:0:0:1 200 "GET /js/bundle/member/member.bundle.js HTTP/1.1" 1744670 (33 ms)
2020-06-03 14:20:22 0:0:0:0:0:0:0:1 200 "GET /member/login HTTP/1.1" 915 (10 ms)
2020-06-03 14:20:22 0:0:0:0:0:0:0:1 200 "GET /js/bundle/member/member.bundle.js HTTP/1.1" 1744670 (30 ms)
2020-06-03 14:20:23 0:0:0:0:0:0:0:1 302 "GET / HTTP/1.1" - (4 ms)
2020-06-03 14:20:23 0:0:0:0:0:0:0:1 200 "GET /main/index HTTP/1.1" 936 (10 ms)
2020-06-03 14:20:23 0:0:0:0:0:0:0:1 200 "GET /js/bundle/main/main.bundle.js HTTP/1.1" 968364 (13 ms)
2020-06-03 14:20:24 0:0:0:0:0:0:0:1 200 "GET /member/signup HTTP/1.1" 911 (9 ms)
2020-06-03 14:20:24 0:0:0:0:0:0:0:1 200 "GET /js/bundle/member/member.bundle.js HTTP/1.1" 1744670 (26 ms)
2020-06-03 14:20:25 0:0:0:0:0:0:0:1 200 "GET /member/login HTTP/1.1" 915 (10 ms)
2020-06-03 14:20:25 0:0:0:0:0:0:0:1 200 "GET /js/bundle/member/member.bundle.js HTTP/1.1" 1744670 (20 ms)
2020-06-03 14:20:27 0:0:0:0:0:0:0:1 302 "GET / HTTP/1.1" - (4 ms)
2020-06-03 14:20:27 0:0:0:0:0:0:0:1 200 "GET /main/index HTTP/1.1" 936 (11 ms)
2020-06-03 14:20:27 0:0:0:0:0:0:0:1 200 "GET /js/bundle/main/main.bundle.js HTTP/1.1" 968364 (13 ms)
2020-06-03 14:20:27 0:0:0:0:0:0:0:1 200 "GET /member/login HTTP/1.1" 915 (11 ms)
2020-06-03 14:20:27 0:0:0:0:0:0:0:1 200 "GET /js/bundle/member/member.bundle.js HTTP/1.1" 1744670 (22 ms)
2020-06-03 14:20:37 0:0:0:0:0:0:0:1 302 "POST /member/loginProcess HTTP/1.1" - (357 ms)
2020-06-03 14:20:37 0:0:0:0:0:0:0:1 200 "GET /blank/?url=/main/index&msg=%EB%A1%9C%EA%B7%B8%EC%9D%B8+%EB%90%98%EC%97%88%EC%8A%B5%EB%8B%88%EB%8B%A4. HTTP/1.1" 1060 (14 ms)
2020-06-03 14:20:38 0:0:0:0:0:0:0:1 200 "GET /main/index HTTP/1.1" 947 (15 ms)
2020-06-03 14:20:38 0:0:0:0:0:0:0:1 200 "GET /js/bundle/main/main.bundle.js HTTP/1.1" 968364 (13 ms)
2020-06-03 14:20:40 0:0:0:0:0:0:0:1 200 "GET /member/list HTTP/1.1" 920 (10 ms)
2020-06-03 14:20:40 0:0:0:0:0:0:0:1 200 "GET /js/bundle/member/member.bundle.js HTTP/1.1" 1744670 (21 ms)
2020-06-03 14:20:40 0:0:0:0:0:0:0:1 200 "GET /member/api/list?pageIndex=1&memberId=&memberName= HTTP/1.1" 703 (105 ms)
2020-06-03 14:20:41 0:0:0:0:0:0:0:1 302 "GET /member/logout HTTP/1.1" - (3 ms)
2020-06-03 14:20:41 0:0:0:0:0:0:0:1 200 "GET /member/logoutProcess HTTP/1.1" 1063 (14 ms)
2020-06-03 14:20:43 0:0:0:0:0:0:0:1 200 "GET /main/index HTTP/1.1" 936 (13 ms)
2020-06-03 14:20:43 0:0:0:0:0:0:0:1 200 "GET /js/bundle/main/main.bundle.js HTTP/1.1" 968364 (15 ms)
2020-06-03 14:20:44 0:0:0:0:0:0:0:1 200 "GET /member/login HTTP/1.1" 915 (8 ms)
2020-06-03 14:20:44 0:0:0:0:0:0:0:1 200 "GET /js/bundle/member/member.bundle.js HTTP/1.1" 1744670 (20 ms)
2020-06-03 14:20:45 0:0:0:0:0:0:0:1 302 "GET / HTTP/1.1" - (4 ms)
2020-06-03 14:20:45 0:0:0:0:0:0:0:1 200 "GET /main/index HTTP/1.1" 936 (5 ms)
2020-06-03 14:20:45 0:0:0:0:0:0:0:1 200 "GET /js/bundle/main/main.bundle.js HTTP/1.1" 968364 (13 ms)
2020-06-03 14:20:46 0:0:0:0:0:0:0:1 200 "GET /member/signup HTTP/1.1" 911 (12 ms)
2020-06-03 14:20:46 0:0:0:0:0:0:0:1 200 "GET /js/bundle/member/member.bundle.js HTTP/1.1" 1744670 (21 ms)
2020-06-03 14:22:59 0:0:0:0:0:0:0:1 200 "GET /member/signup HTTP/1.1" 911 (22 ms)
2020-06-03 14:22:59 0:0:0:0:0:0:0:1 200 "GET /js/bundle/member/member.bundle.js HTTP/1.1" 1744670 (25 ms)
2020-06-03 14:22:59 0:0:0:0:0:0:0:1 404 "GET /favicon.ico HTTP/1.1" 1032 (21 ms)
2020-06-03 14:23:00 0:0:0:0:0:0:0:1 200 "GET /member/signup HTTP/1.1" 911 (21 ms)
2020-06-03 14:23:00 0:0:0:0:0:0:0:1 200 "GET /js/bundle/member/member.bundle.js HTTP/1.1" 1744670 (22 ms)
2020-06-03 14:23:00 0:0:0:0:0:0:0:1 404 "GET /favicon.ico HTTP/1.1" 1032 (5 ms)
2020-06-03 14:23:01 0:0:0:0:0:0:0:1 200 "GET /member/login HTTP/1.1" 915 (8 ms)
2020-06-03 14:23:01 0:0:0:0:0:0:0:1 200 "GET /js/bundle/member/member.bundle.js HTTP/1.1" 1744670 (24 ms)
2020-06-03 14:23:05 0:0:0:0:0:0:0:1 302 "POST /member/loginProcess HTTP/1.1" - (92 ms)
2020-06-03 14:23:05 0:0:0:0:0:0:0:1 200 "GET /blank/?url=/main/index&msg=%EB%A1%9C%EA%B7%B8%EC%9D%B8+%EB%90%98%EC%97%88%EC%8A%B5%EB%8B%88%EB%8B%A4. HTTP/1.1" 1060 (11 ms)
2020-06-03 14:23:06 0:0:0:0:0:0:0:1 200 "GET /main/index HTTP/1.1" 947 (8 ms)
2020-06-03 14:23:06 0:0:0:0:0:0:0:1 200 "GET /js/bundle/main/main.bundle.js HTTP/1.1" 968364 (14 ms)
2020-06-03 14:23:07 0:0:0:0:0:0:0:1 200 "GET /member/list HTTP/1.1" 920 (10 ms)
2020-06-03 14:23:07 0:0:0:0:0:0:0:1 200 "GET /js/bundle/member/member.bundle.js HTTP/1.1" 1744670 (21 ms)
2020-06-03 14:23:08 0:0:0:0:0:0:0:1 200 "GET /member/api/list?pageIndex=1&memberId=&memberName= HTTP/1.1" 703 (17 ms)
2020-06-03 14:23:30 0:0:0:0:0:0:0:1 200 "GET /member/list HTTP/1.1" 920 (33 ms)
2020-06-03 14:23:30 0:0:0:0:0:0:0:1 200 "GET /js/bundle/member/member.bundle.js HTTP/1.1" 1744711 (100 ms)
2020-06-03 14:23:31 0:0:0:0:0:0:0:1 200 "GET /member/api/list?pageIndex=1&memberId=&memberName= HTTP/1.1" 703 (15 ms)
2020-06-03 14:23:31 0:0:0:0:0:0:0:1 404 "GET /favicon.ico HTTP/1.1" 1032 (18 ms)
2020-06-03 14:23:32 0:0:0:0:0:0:0:1 200 "GET /member/list HTTP/1.1" 920 (14 ms)
2020-06-03 14:23:32 0:0:0:0:0:0:0:1 200 "GET /js/bundle/member/member.bundle.js HTTP/1.1" 1744711 (17 ms)
2020-06-03 14:23:32 0:0:0:0:0:0:0:1 200 "GET /member/api/list?pageIndex=1&memberId=&memberName= HTTP/1.1" 703 (10 ms)
2020-06-03 14:23:32 0:0:0:0:0:0:0:1 404 "GET /favicon.ico HTTP/1.1" 1032 (10 ms)
2020-06-03 14:23:34 0:0:0:0:0:0:0:1 302 "GET / HTTP/1.1" - (2 ms)
2020-06-03 14:23:34 0:0:0:0:0:0:0:1 200 "GET /main/index HTTP/1.1" 947 (6 ms)
2020-06-03 14:23:34 0:0:0:0:0:0:0:1 200 "GET /js/bundle/main/main.bundle.js HTTP/1.1" 968364 (30 ms)
2020-06-03 14:23:35 0:0:0:0:0:0:0:1 200 "GET /member/list HTTP/1.1" 920 (11 ms)
2020-06-03 14:23:35 0:0:0:0:0:0:0:1 200 "GET /js/bundle/member/member.bundle.js HTTP/1.1" 1744711 (14 ms)
2020-06-03 14:23:35 0:0:0:0:0:0:0:1 200 "GET /member/api/list?pageIndex=1&memberId=&memberName= HTTP/1.1" 703 (12 ms)
2020-06-03 14:23:37 0:0:0:0:0:0:0:1 200 "GET /js/bundle/member/member.bundle.js.map HTTP/1.1" 2052040 (69 ms)
2020-06-03 14:24:36 0:0:0:0:0:0:0:1 200 "GET /member/list HTTP/1.1" 920 (36 ms)
2020-06-03 14:24:36 0:0:0:0:0:0:0:1 200 "GET /js/bundle/member/member.bundle.js HTTP/1.1" 1744697 (64 ms)
2020-06-03 14:24:36 0:0:0:0:0:0:0:1 200 "GET /js/bundle/member/member.bundle.js.map HTTP/1.1" 2052026 (23 ms)
2020-06-03 14:24:36 0:0:0:0:0:0:0:1 200 "GET /member/api/list?pageIndex=1&memberId=&memberName= HTTP/1.1" 703 (14 ms)
2020-06-03 14:24:36 0:0:0:0:0:0:0:1 404 "GET /favicon.ico HTTP/1.1" 1032 (19 ms)
2020-06-03 14:24:38 0:0:0:0:0:0:0:1 200 "GET /member/list HTTP/1.1" 920 (20 ms)
2020-06-03 14:24:38 0:0:0:0:0:0:0:1 200 "GET /js/bundle/member/member.bundle.js HTTP/1.1" 1744697 (20 ms)
2020-06-03 14:24:38 0:0:0:0:0:0:0:1 200 "GET /js/bundle/member/member.bundle.js.map HTTP/1.1" 2052026 (22 ms)
2020-06-03 14:24:38 0:0:0:0:0:0:0:1 200 "GET /member/api/list?pageIndex=1&memberId=&memberName= HTTP/1.1" 703 (9 ms)
2020-06-03 14:24:38 0:0:0:0:0:0:0:1 404 "GET /favicon.ico HTTP/1.1" 1032 (8 ms)
2020-06-03 14:25:47 0:0:0:0:0:0:0:1 200 "GET /member/list HTTP/1.1" 920 (20 ms)
2020-06-03 14:25:47 0:0:0:0:0:0:0:1 200 "GET /js/bundle/member/member.bundle.js HTTP/1.1" 1744845 (64 ms)
2020-06-03 14:25:47 0:0:0:0:0:0:0:1 200 "GET /js/bundle/member/member.bundle.js.map HTTP/1.1" 2052082 (25 ms)
2020-06-03 14:25:47 0:0:0:0:0:0:0:1 200 "GET /member/api/list?pageIndex=1&memberId=&memberName= HTTP/1.1" 703 (12 ms)
2020-06-03 14:25:47 0:0:0:0:0:0:0:1 404 "GET /favicon.ico HTTP/1.1" 1032 (11 ms)
2020-06-03 14:26:02 0:0:0:0:0:0:0:1 200 "GET /member/list HTTP/1.1" 920 (22 ms)
2020-06-03 14:26:02 0:0:0:0:0:0:0:1 200 "GET /js/bundle/member/member.bundle.js HTTP/1.1" 1744845 (21 ms)
2020-06-03 14:26:02 0:0:0:0:0:0:0:1 200 "GET /js/bundle/member/member.bundle.js.map HTTP/1.1" 2052082 (17 ms)
2020-06-03 14:26:02 0:0:0:0:0:0:0:1 200 "GET /member/api/list?pageIndex=1&memberId=&memberName= HTTP/1.1" 703 (10 ms)
2020-06-03 14:26:02 0:0:0:0:0:0:0:1 404 "GET /favicon.ico HTTP/1.1" 1032 (11 ms)
2020-06-03 14:26:02 0:0:0:0:0:0:0:1 200 "GET /member/list HTTP/1.1" 920 (6 ms)
2020-06-03 14:26:03 0:0:0:0:0:0:0:1 200 "GET /js/bundle/member/member.bundle.js HTTP/1.1" 1744865 (37 ms)
2020-06-03 14:26:03 0:0:0:0:0:0:0:1 200 "GET /js/bundle/member/member.bundle.js.map HTTP/1.1" 2052102 (20 ms)
2020-06-03 14:26:03 0:0:0:0:0:0:0:1 200 "GET /member/api/list?pageIndex=1&memberId=&memberName= HTTP/1.1" 703 (10 ms)
2020-06-03 14:26:03 0:0:0:0:0:0:0:1 404 "GET /favicon.ico HTTP/1.1" 1032 (7 ms)
2020-06-03 14:29:36 0:0:0:0:0:0:0:1 200 "GET /member/list HTTP/1.1" 920 (34 ms)
2020-06-03 14:29:36 0:0:0:0:0:0:0:1 200 "GET /js/bundle/member/member.bundle.js HTTP/1.1" 1744846 (54 ms)
2020-06-03 14:29:36 0:0:0:0:0:0:0:1 200 "GET /js/bundle/member/member.bundle.js.map HTTP/1.1" 2052097 (20 ms)
2020-06-03 14:29:36 0:0:0:0:0:0:0:1 200 "GET /member/api/list?pageIndex=1&memberId=&memberName= HTTP/1.1" 703 (10 ms)
2020-06-03 14:29:36 0:0:0:0:0:0:0:1 404 "GET /favicon.ico HTTP/1.1" 1032 (13 ms)
2020-06-03 14:29:48 0:0:0:0:0:0:0:1 200 "GET /member/list HTTP/1.1" 920 (12 ms)
2020-06-03 14:29:48 0:0:0:0:0:0:0:1 200 "GET /js/bundle/member/member.bundle.js HTTP/1.1" 1744846 (25 ms)
2020-06-03 14:29:48 0:0:0:0:0:0:0:1 200 "GET /js/bundle/member/member.bundle.js.map HTTP/1.1" 2052097 (18 ms)
2020-06-03 14:29:48 0:0:0:0:0:0:0:1 200 "GET /member/api/list?pageIndex=1&memberId=&memberName= HTTP/1.1" 703 (7 ms)
2020-06-03 14:29:48 0:0:0:0:0:0:0:1 404 "GET /favicon.ico HTTP/1.1" 1032 (8 ms)
2020-06-03 14:30:10 0:0:0:0:0:0:0:1 200 "GET /member/list HTTP/1.1" 920 (29 ms)
2020-06-03 14:30:10 0:0:0:0:0:0:0:1 200 "GET /js/bundle/member/member.bundle.js HTTP/1.1" 1744846 (21 ms)
2020-06-03 14:30:11 0:0:0:0:0:0:0:1 200 "GET /js/bundle/member/member.bundle.js.map HTTP/1.1" - (3 ms)
2020-06-03 14:30:11 0:0:0:0:0:0:0:1 200 "GET /member/api/list?pageIndex=1&memberId=&memberName= HTTP/1.1" 703 (11 ms)
2020-06-03 14:30:11 0:0:0:0:0:0:0:1 404 "GET /favicon.ico HTTP/1.1" 1032 (12 ms)
2020-06-03 14:30:15 0:0:0:0:0:0:0:1 200 "GET /member/list HTTP/1.1" 920 (14 ms)
2020-06-03 14:30:15 0:0:0:0:0:0:0:1 200 "GET /js/bundle/member/member.bundle.js HTTP/1.1" 1744832 (47 ms)
2020-06-03 14:30:15 0:0:0:0:0:0:0:1 200 "GET /js/bundle/member/member.bundle.js.map HTTP/1.1" 2052069 (17 ms)
2020-06-03 14:30:15 0:0:0:0:0:0:0:1 200 "GET /member/api/list?pageIndex=1&memberId=&memberName= HTTP/1.1" 703 (16 ms)
2020-06-03 14:30:15 0:0:0:0:0:0:0:1 404 "GET /favicon.ico HTTP/1.1" 1032 (22 ms)
2020-06-03 14:30:17 0:0:0:0:0:0:0:1 200 "GET /member/list HTTP/1.1" 920 (4 ms)
2020-06-03 14:30:17 0:0:0:0:0:0:0:1 200 "GET /js/bundle/member/member.bundle.js HTTP/1.1" 1744832 (18 ms)
2020-06-03 14:30:18 0:0:0:0:0:0:0:1 200 "GET /js/bundle/member/member.bundle.js.map HTTP/1.1" 2052069 (16 ms)
2020-06-03 14:30:18 0:0:0:0:0:0:0:1 200 "GET /member/api/list?pageIndex=1&memberId=&memberName= HTTP/1.1" 703 (10 ms)
2020-06-03 14:30:18 0:0:0:0:0:0:0:1 404 "GET /favicon.ico HTTP/1.1" 1032 (9 ms)
2020-06-03 14:30:35 0:0:0:0:0:0:0:1 200 "GET /member/list HTTP/1.1" 920 (13 ms)
2020-06-03 14:30:35 0:0:0:0:0:0:0:1 200 "GET /js/bundle/member/member.bundle.js HTTP/1.1" 1744840 (64 ms)
2020-06-03 14:30:35 0:0:0:0:0:0:0:1 200 "GET /js/bundle/member/member.bundle.js.map HTTP/1.1" 2052098 (21 ms)
2020-06-03 14:30:35 0:0:0:0:0:0:0:1 200 "GET /member/api/list?pageIndex=1&memberId=&memberName= HTTP/1.1" 703 (9 ms)
2020-06-03 14:30:35 0:0:0:0:0:0:0:1 404 "GET /favicon.ico HTTP/1.1" 1032 (15 ms)
2020-06-03 14:30:40 0:0:0:0:0:0:0:1 200 "GET /member/list HTTP/1.1" 920 (13 ms)
2020-06-03 14:30:40 0:0:0:0:0:0:0:1 200 "GET /js/bundle/member/member.bundle.js HTTP/1.1" 1744840 (16 ms)
2020-06-03 14:30:40 0:0:0:0:0:0:0:1 200 "GET /js/bundle/member/member.bundle.js.map HTTP/1.1" 2052098 (15 ms)
2020-06-03 14:30:40 0:0:0:0:0:0:0:1 200 "GET /member/api/list?pageIndex=1&memberId=&memberName= HTTP/1.1" 703 (9 ms)
2020-06-03 14:30:40 0:0:0:0:0:0:0:1 404 "GET /favicon.ico HTTP/1.1" 1032 (10 ms)
2020-06-03 14:30:46 0:0:0:0:0:0:0:1 200 "GET /member/list HTTP/1.1" 920 (16 ms)
2020-06-03 14:30:46 0:0:0:0:0:0:0:1 200 "GET /js/bundle/member/member.bundle.js HTTP/1.1" 1744840 (15 ms)
2020-06-03 14:30:46 0:0:0:0:0:0:0:1 200 "GET /js/bundle/member/member.bundle.js.map HTTP/1.1" 2052098 (15 ms)
2020-06-03 14:30:46 0:0:0:0:0:0:0:1 200 "GET /member/api/list?pageIndex=1&memberId=&memberName= HTTP/1.1" 703 (9 ms)
2020-06-03 14:30:46 0:0:0:0:0:0:0:1 404 "GET /favicon.ico HTTP/1.1" 1032 (11 ms)
2020-06-03 14:30:46 0:0:0:0:0:0:0:1 200 "GET /member/list HTTP/1.1" 920 (8 ms)
2020-06-03 14:30:47 0:0:0:0:0:0:0:1 200 "GET /js/bundle/member/member.bundle.js HTTP/1.1" 1744840 (20 ms)
2020-06-03 14:30:47 0:0:0:0:0:0:0:1 200 "GET /js/bundle/member/member.bundle.js.map HTTP/1.1" 2052098 (15 ms)
2020-06-03 14:30:47 0:0:0:0:0:0:0:1 200 "GET /member/api/list?pageIndex=1&memberId=&memberName= HTTP/1.1" 703 (7 ms)
2020-06-03 14:30:47 0:0:0:0:0:0:0:1 404 "GET /favicon.ico HTTP/1.1" 1032 (7 ms)
2020-06-03 14:30:47 0:0:0:0:0:0:0:1 200 "GET /member/list HTTP/1.1" 920 (12 ms)
2020-06-03 14:30:47 0:0:0:0:0:0:0:1 200 "GET /js/bundle/member/member.bundle.js HTTP/1.1" 1744840 (14 ms)
2020-06-03 14:30:47 0:0:0:0:0:0:0:1 200 "GET /js/bundle/member/member.bundle.js.map HTTP/1.1" 2052098 (17 ms)
2020-06-03 14:30:47 0:0:0:0:0:0:0:1 200 "GET /member/api/list?pageIndex=1&memberId=&memberName= HTTP/1.1" 703 (12 ms)
2020-06-03 14:30:47 0:0:0:0:0:0:0:1 404 "GET /favicon.ico HTTP/1.1" 1032 (8 ms)
2020-06-03 14:30:53 0:0:0:0:0:0:0:1 200 "GET /member/list HTTP/1.1" 920 (32 ms)
2020-06-03 14:30:53 0:0:0:0:0:0:0:1 200 "GET /js/bundle/member/member.bundle.js HTTP/1.1" 1744840 (17 ms)
2020-06-03 14:30:53 0:0:0:0:0:0:0:1 200 "GET /js/bundle/member/member.bundle.js.map HTTP/1.1" 2052098 (13 ms)
2020-06-03 14:30:53 0:0:0:0:0:0:0:1 200 "GET /member/api/list?pageIndex=1&memberId=&memberName= HTTP/1.1" 703 (8 ms)
2020-06-03 14:30:53 0:0:0:0:0:0:0:1 404 "GET /favicon.ico HTTP/1.1" 1032 (9 ms)
2020-06-03 14:30:54 0:0:0:0:0:0:0:1 200 "GET /member/list HTTP/1.1" 920 (6 ms)
2020-06-03 14:30:54 0:0:0:0:0:0:0:1 200 "GET /js/bundle/member/member.bundle.js HTTP/1.1" 1744840 (19 ms)
2020-06-03 14:30:54 0:0:0:0:0:0:0:1 200 "GET /js/bundle/member/member.bundle.js.map HTTP/1.1" 2052098 (15 ms)
2020-06-03 14:30:54 0:0:0:0:0:0:0:1 200 "GET /member/api/list?pageIndex=1&memberId=&memberName= HTTP/1.1" 703 (9 ms)
2020-06-03 14:30:54 0:0:0:0:0:0:0:1 404 "GET /favicon.ico HTTP/1.1" 1032 (8 ms)
2020-06-03 14:30:54 0:0:0:0:0:0:0:1 200 "GET /member/list HTTP/1.1" 920 (7 ms)
2020-06-03 14:30:54 0:0:0:0:0:0:0:1 200 "GET /js/bundle/member/member.bundle.js HTTP/1.1" 1744840 (17 ms)
2020-06-03 14:30:54 0:0:0:0:0:0:0:1 200 "GET /js/bundle/member/member.bundle.js.map HTTP/1.1" 2052098 (15 ms)
2020-06-03 14:30:54 0:0:0:0:0:0:0:1 200 "GET /member/api/list?pageIndex=1&memberId=&memberName= HTTP/1.1" 703 (6 ms)
2020-06-03 14:30:54 0:0:0:0:0:0:0:1 404 "GET /favicon.ico HTTP/1.1" 1032 (7 ms)
2020-06-03 14:30:55 0:0:0:0:0:0:0:1 200 "GET /member/list HTTP/1.1" 920 (4 ms)
2020-06-03 14:30:55 0:0:0:0:0:0:0:1 200 "GET /js/bundle/member/member.bundle.js HTTP/1.1" 1744840 (23 ms)
2020-06-03 14:30:55 0:0:0:0:0:0:0:1 200 "GET /js/bundle/member/member.bundle.js.map HTTP/1.1" 2052098 (16 ms)
2020-06-03 14:30:55 0:0:0:0:0:0:0:1 200 "GET /member/api/list?pageIndex=1&memberId=&memberName= HTTP/1.1" 703 (8 ms)
2020-06-03 14:30:55 0:0:0:0:0:0:0:1 404 "GET /favicon.ico HTTP/1.1" 1032 (7 ms)
2020-06-03 14:30:56 0:0:0:0:0:0:0:1 200 "GET /member/list HTTP/1.1" 920 (16 ms)
2020-06-03 14:30:56 0:0:0:0:0:0:0:1 200 "GET /js/bundle/member/member.bundle.js HTTP/1.1" 1744840 (23 ms)
2020-06-03 14:30:56 0:0:0:0:0:0:0:1 200 "GET /js/bundle/member/member.bundle.js.map HTTP/1.1" 2052098 (16 ms)
2020-06-03 14:30:56 0:0:0:0:0:0:0:1 200 "GET /member/api/list?pageIndex=1&memberId=&memberName= HTTP/1.1" 703 (9 ms)
2020-06-03 14:30:56 0:0:0:0:0:0:0:1 404 "GET /favicon.ico HTTP/1.1" 1032 (6 ms)
2020-06-03 14:30:56 0:0:0:0:0:0:0:1 200 "GET /member/list HTTP/1.1" 920 (7 ms)
2020-06-03 14:30:56 0:0:0:0:0:0:0:1 200 "GET /js/bundle/member/member.bundle.js HTTP/1.1" 1744840 (18 ms)
2020-06-03 14:30:56 0:0:0:0:0:0:0:1 200 "GET /js/bundle/member/member.bundle.js.map HTTP/1.1" 2052098 (14 ms)
2020-06-03 14:30:56 0:0:0:0:0:0:0:1 200 "GET /member/api/list?pageIndex=1&memberId=&memberName= HTTP/1.1" 703 (6 ms)
2020-06-03 14:30:56 0:0:0:0:0:0:0:1 404 "GET /favicon.ico HTTP/1.1" 1032 (7 ms)
2020-06-03 14:30:57 0:0:0:0:0:0:0:1 302 "GET / HTTP/1.1" - (2 ms)
2020-06-03 14:30:57 0:0:0:0:0:0:0:1 200 "GET /main/index HTTP/1.1" 947 (10 ms)
2020-06-03 14:30:57 0:0:0:0:0:0:0:1 200 "GET /js/bundle/main/main.bundle.js HTTP/1.1" 968364 (11 ms)
2020-06-03 14:30:57 0:0:0:0:0:0:0:1 200 "GET /js/bundle/main/main.bundle.js.map HTTP/1.1" 1130167 (37 ms)
2020-06-03 14:30:58 0:0:0:0:0:0:0:1 200 "GET /member/list HTTP/1.1" 920 (4 ms)
2020-06-03 14:30:58 0:0:0:0:0:0:0:1 200 "GET /js/bundle/member/member.bundle.js HTTP/1.1" 1744840 (17 ms)
2020-06-03 14:30:58 0:0:0:0:0:0:0:1 200 "GET /js/bundle/member/member.bundle.js.map HTTP/1.1" 2052098 (14 ms)
2020-06-03 14:30:58 0:0:0:0:0:0:0:1 200 "GET /member/api/list?pageIndex=1&memberId=&memberName= HTTP/1.1" 703 (11 ms)
2020-06-03 14:31:11 0:0:0:0:0:0:0:1 200 "GET /member/list HTTP/1.1" 920 (12 ms)
2020-06-03 14:31:11 0:0:0:0:0:0:0:1 200 "GET /js/bundle/member/member.bundle.js HTTP/1.1" 1744840 (23 ms)
2020-06-03 14:31:11 0:0:0:0:0:0:0:1 200 "GET /js/bundle/member/member.bundle.js.map HTTP/1.1" 2052098 (18 ms)
2020-06-03 14:31:11 0:0:0:0:0:0:0:1 200 "GET /member/api/list?pageIndex=1&memberId=&memberName= HTTP/1.1" 703 (6 ms)
2020-06-03 14:31:11 0:0:0:0:0:0:0:1 404 "GET /favicon.ico HTTP/1.1" 1032 (12 ms)
2020-06-03 14:31:12 0:0:0:0:0:0:0:1 200 "GET /member/list HTTP/1.1" 920 (10 ms)
2020-06-03 14:31:12 0:0:0:0:0:0:0:1 404 "GET /js/bundle/member/member.bundle.js HTTP/1.1" 991 (7 ms)
2020-06-03 14:31:12 0:0:0:0:0:0:0:1 404 "GET /favicon.ico HTTP/1.1" 1032 (11 ms)
2020-06-03 14:31:13 0:0:0:0:0:0:0:1 200 "GET /member/list HTTP/1.1" 920 (9 ms)
2020-06-03 14:31:13 0:0:0:0:0:0:0:1 200 "GET /js/bundle/member/member.bundle.js HTTP/1.1" 1744862 (41 ms)
2020-06-03 14:31:13 0:0:0:0:0:0:0:1 200 "GET /js/bundle/member/member.bundle.js.map HTTP/1.1" 2052141 (18 ms)
2020-06-03 14:31:13 0:0:0:0:0:0:0:1 200 "GET /member/api/list?pageIndex=1&memberId=&memberName= HTTP/1.1" 703 (7 ms)
2020-06-03 14:31:13 0:0:0:0:0:0:0:1 404 "GET /favicon.ico HTTP/1.1" 1032 (7 ms)
2020-06-03 14:31:14 0:0:0:0:0:0:0:1 200 "GET /member/list HTTP/1.1" 920 (14 ms)
2020-06-03 14:31:14 0:0:0:0:0:0:0:1 200 "GET /js/bundle/member/member.bundle.js HTTP/1.1" 1744862 (27 ms)
2020-06-03 14:31:14 0:0:0:0:0:0:0:1 200 "GET /js/bundle/member/member.bundle.js.map HTTP/1.1" 2052141 (14 ms)
2020-06-03 14:31:14 0:0:0:0:0:0:0:1 200 "GET /member/api/list?pageIndex=1&memberId=&memberName= HTTP/1.1" 703 (9 ms)
2020-06-03 14:31:14 0:0:0:0:0:0:0:1 404 "GET /favicon.ico HTTP/1.1" 1032 (5 ms)
2020-06-03 14:31:15 0:0:0:0:0:0:0:1 200 "GET /member/list HTTP/1.1" 920 (13 ms)
2020-06-03 14:31:15 0:0:0:0:0:0:0:1 200 "GET /js/bundle/member/member.bundle.js HTTP/1.1" 1744862 (17 ms)
2020-06-03 14:31:15 0:0:0:0:0:0:0:1 200 "GET /js/bundle/member/member.bundle.js.map HTTP/1.1" 2052141 (15 ms)
2020-06-03 14:31:15 0:0:0:0:0:0:0:1 200 "GET /member/api/list?pageIndex=1&memberId=&memberName= HTTP/1.1" 703 (8 ms)
2020-06-03 14:31:15 0:0:0:0:0:0:0:1 404 "GET /favicon.ico HTTP/1.1" 1032 (7 ms)
2020-06-03 14:32:03 0:0:0:0:0:0:0:1 200 "GET /member/list HTTP/1.1" 920 (19 ms)
2020-06-03 14:32:03 0:0:0:0:0:0:0:1 200 "GET /js/bundle/member/member.bundle.js HTTP/1.1" 1744884 (58 ms)
2020-06-03 14:32:03 0:0:0:0:0:0:0:1 200 "GET /js/bundle/member/member.bundle.js.map HTTP/1.1" 2052169 (20 ms)
2020-06-03 14:32:03 0:0:0:0:0:0:0:1 200 "GET /member/api/list?pageIndex=1&memberId=&memberName= HTTP/1.1" 703 (7 ms)
2020-06-03 14:32:03 0:0:0:0:0:0:0:1 404 "GET /favicon.ico HTTP/1.1" 1032 (11 ms)
2020-06-03 14:32:42 0:0:0:0:0:0:0:1 200 "GET /member/list HTTP/1.1" 920 (17 ms)
2020-06-03 14:32:43 0:0:0:0:0:0:0:1 200 "GET /js/bundle/member/member.bundle.js HTTP/1.1" 1744862 (67 ms)
2020-06-03 14:32:43 0:0:0:0:0:0:0:1 200 "GET /js/bundle/member/member.bundle.js.map HTTP/1.1" 2052125 (15 ms)
2020-06-03 14:32:43 0:0:0:0:0:0:0:1 200 "GET /member/api/list?pageIndex=1&memberId=&memberName= HTTP/1.1" 703 (7 ms)
2020-06-03 14:32:43 0:0:0:0:0:0:0:1 404 "GET /favicon.ico HTTP/1.1" 1032 (13 ms)
2020-06-03 14:36:49 0:0:0:0:0:0:0:1 500 "GET /member/write?no=50 HTTP/1.1" 1044 (77 ms)
2020-06-03 14:36:49 0:0:0:0:0:0:0:1 404 "GET /favicon.ico HTTP/1.1" 1032 (13 ms)
2020-06-03 14:37:02 0:0:0:0:0:0:0:1 302 "GET / HTTP/1.1" - (4 ms)
2020-06-03 14:37:02 0:0:0:0:0:0:0:1 200 "GET /main/index HTTP/1.1" 947 (27 ms)
2020-06-03 14:37:02 0:0:0:0:0:0:0:1 200 "GET /js/bundle/main/main.bundle.js HTTP/1.1" 968364 (16 ms)
2020-06-03 14:37:02 0:0:0:0:0:0:0:1 200 "GET /js/bundle/main/main.bundle.js.map HTTP/1.1" 1130167 (13 ms)
2020-06-03 14:37:04 0:0:0:0:0:0:0:1 200 "GET /member/list HTTP/1.1" 920 (12 ms)
2020-06-03 14:37:04 0:0:0:0:0:0:0:1 200 "GET /js/bundle/member/member.bundle.js HTTP/1.1" 1755393 (49 ms)
2020-06-03 14:37:04 0:0:0:0:0:0:0:1 200 "GET /js/bundle/member/member.bundle.js.map HTTP/1.1" 2057443 (19 ms)
2020-06-03 14:37:04 0:0:0:0:0:0:0:1 200 "GET /member/api/list?pageIndex=1&memberId=&memberName= HTTP/1.1" 703 (75 ms)
2020-06-03 14:37:11 0:0:0:0:0:0:0:1 500 "GET /member/write?no=50 HTTP/1.1" 1044 (14 ms)
2020-06-03 14:42:09 0:0:0:0:0:0:0:1 200 "GET /member/write?no=50 HTTP/1.1" 992 (953 ms)
2020-06-03 14:42:09 0:0:0:0:0:0:0:1 200 "GET /js/bundle/member/member.bundle.js HTTP/1.1" 1755393 (76 ms)
2020-06-03 14:42:09 0:0:0:0:0:0:0:1 200 "GET /js/bundle/member/member.bundle.js.map HTTP/1.1" 2057443 (52 ms)
2020-06-03 14:42:11 0:0:0:0:0:0:0:1 200 "GET /member/write?no=50 HTTP/1.1" 992 (10 ms)
2020-06-03 14:42:11 0:0:0:0:0:0:0:1 200 "GET /js/bundle/member/member.bundle.js HTTP/1.1" 1755393 (34 ms)
2020-06-03 14:42:12 0:0:0:0:0:0:0:1 200 "GET /js/bundle/member/member.bundle.js.map HTTP/1.1" 2057443 (30 ms)
2020-06-03 14:42:16 0:0:0:0:0:0:0:1 302 "GET / HTTP/1.1" - (7 ms)
2020-06-03 14:42:16 0:0:0:0:0:0:0:1 200 "GET /main/index HTTP/1.1" 936 (33 ms)
2020-06-03 14:42:16 0:0:0:0:0:0:0:1 200 "GET /js/bundle/main/main.bundle.js HTTP/1.1" 968364 (22 ms)
2020-06-03 14:42:16 0:0:0:0:0:0:0:1 200 "GET /js/bundle/main/main.bundle.js.map HTTP/1.1" 1130167 (25 ms)
2020-06-03 14:43:04 0:0:0:0:0:0:0:1 200 "GET /member/login HTTP/1.1" 913 (31 ms)
2020-06-03 14:43:04 0:0:0:0:0:0:0:1 200 "GET /js/bundle/member/member.bundle.js HTTP/1.1" 1755393 (31 ms)
2020-06-03 14:43:04 0:0:0:0:0:0:0:1 200 "GET /js/bundle/member/member.bundle.js.map HTTP/1.1" 2057443 (24 ms)
2020-06-03 14:43:10 0:0:0:0:0:0:0:1 302 "POST /member/loginProcess HTTP/1.1" - (378 ms)
2020-06-03 14:43:10 0:0:0:0:0:0:0:1 200 "GET /blank/?url=/main/index&msg=%EB%A1%9C%EA%B7%B8%EC%9D%B8+%EB%90%98%EC%97%88%EC%8A%B5%EB%8B%88%EB%8B%A4. HTTP/1.1" 1060 (24 ms)
2020-06-03 14:43:11 0:0:0:0:0:0:0:1 200 "GET /main/index HTTP/1.1" 947 (20 ms)
2020-06-03 14:43:11 0:0:0:0:0:0:0:1 200 "GET /js/bundle/main/main.bundle.js HTTP/1.1" 968364 (18 ms)
2020-06-03 14:43:11 0:0:0:0:0:0:0:1 200 "GET /js/bundle/main/main.bundle.js.map HTTP/1.1" 1130167 (14 ms)
2020-06-03 14:43:13 0:0:0:0:0:0:0:1 200 "GET /member/list HTTP/1.1" 918 (12 ms)
2020-06-03 14:43:13 0:0:0:0:0:0:0:1 200 "GET /js/bundle/member/member.bundle.js HTTP/1.1" 1755393 (30 ms)
2020-06-03 14:43:13 0:0:0:0:0:0:0:1 200 "GET /js/bundle/member/member.bundle.js.map HTTP/1.1" 2057443 (22 ms)
2020-06-03 14:43:14 0:0:0:0:0:0:0:1 200 "GET /member/api/list?pageIndex=1&memberId=&memberName= HTTP/1.1" 703 (402 ms)
2020-06-03 14:43:20 0:0:0:0:0:0:0:1 200 "GET /member/write?no=50 HTTP/1.1" 1003 (13 ms)
2020-06-03 14:43:20 0:0:0:0:0:0:0:1 200 "GET /js/bundle/member/member.bundle.js HTTP/1.1" 1755393 (32 ms)
2020-06-03 14:43:20 0:0:0:0:0:0:0:1 200 "GET /js/bundle/member/member.bundle.js.map HTTP/1.1" 2057443 (30 ms)
2020-06-03 15:17:41 0:0:0:0:0:0:0:1 200 "GET /member/write?no=50 HTTP/1.1" 992 (76 ms)
2020-06-03 15:17:41 0:0:0:0:0:0:0:1 200 "GET /js/bundle/member/member.bundle.js HTTP/1.1" 1755398 (68 ms)
2020-06-03 15:17:41 0:0:0:0:0:0:0:1 200 "GET /js/bundle/member/member.bundle.js.map HTTP/1.1" 2057445 (25 ms)
2020-06-03 15:17:41 0:0:0:0:0:0:0:1 200 "GET /member/api/write?pageIndex=1&memberId=&memberName= HTTP/1.1" 25 (39 ms)
2020-06-03 15:17:41 0:0:0:0:0:0:0:1 404 "GET /favicon.ico HTTP/1.1" 1032 (50 ms)
2020-06-03 15:17:48 0:0:0:0:0:0:0:1 200 "GET /member/api/write?pageIndex=1&memberId=tjrghk2&memberName=2 HTTP/1.1" 25 (8 ms)
2020-06-03 15:17:49 0:0:0:0:0:0:0:1 200 "GET /member/api/write?pageIndex=1&memberId=tjrghk2&memberName=2 HTTP/1.1" 25 (8 ms)
2020-06-03 15:17:51 0:0:0:0:0:0:0:1 200 "GET /member/login HTTP/1.1" 913 (19 ms)
2020-06-03 15:17:51 0:0:0:0:0:0:0:1 200 "GET /js/bundle/member/member.bundle.js HTTP/1.1" 1755398 (22 ms)
2020-06-03 15:17:52 0:0:0:0:0:0:0:1 200 "GET /js/bundle/member/member.bundle.js.map HTTP/1.1" 2057445 (21 ms)
2020-06-03 15:17:56 0:0:0:0:0:0:0:1 302 "POST /member/loginProcess HTTP/1.1" - (86 ms)
2020-06-03 15:17:56 0:0:0:0:0:0:0:1 200 "GET /blank/?url=/main/index&msg=%EB%A1%9C%EA%B7%B8%EC%9D%B8+%EB%90%98%EC%97%88%EC%8A%B5%EB%8B%88%EB%8B%A4. HTTP/1.1" 1060 (16 ms)
2020-06-03 15:17:57 0:0:0:0:0:0:0:1 200 "GET /main/index HTTP/1.1" 947 (27 ms)
2020-06-03 15:17:57 0:0:0:0:0:0:0:1 200 "GET /js/bundle/main/main.bundle.js HTTP/1.1" 968364 (20 ms)
2020-06-03 15:17:57 0:0:0:0:0:0:0:1 200 "GET /js/bundle/main/main.bundle.js.map HTTP/1.1" 1130167 (14 ms)
2020-06-03 15:17:58 0:0:0:0:0:0:0:1 200 "GET /member/list HTTP/1.1" 918 (15 ms)
2020-06-03 15:17:58 0:0:0:0:0:0:0:1 200 "GET /js/bundle/member/member.bundle.js HTTP/1.1" 1755398 (28 ms)
2020-06-03 15:17:58 0:0:0:0:0:0:0:1 200 "GET /js/bundle/member/member.bundle.js.map HTTP/1.1" 2057445 (22 ms)
2020-06-03 15:17:58 0:0:0:0:0:0:0:1 200 "GET /member/api/list?pageIndex=1&memberId=&memberName= HTTP/1.1" 703 (14 ms)
2020-06-03 15:18:05 0:0:0:0:0:0:0:1 200 "GET /member/api/list?pageIndex=2&memberId=&memberName= HTTP/1.1" 698 (13 ms)
2020-06-03 15:18:07 0:0:0:0:0:0:0:1 200 "GET /member/api/list?pageIndex=1&memberId=&memberName= HTTP/1.1" 703 (6 ms)
2020-06-03 15:18:23 0:0:0:0:0:0:0:1 200 "GET /member/list HTTP/1.1" 918 (24 ms)
2020-06-03 15:18:23 0:0:0:0:0:0:0:1 200 "GET /js/bundle/member/member.bundle.js HTTP/1.1" 1755423 (78 ms)
2020-06-03 15:18:23 0:0:0:0:0:0:0:1 200 "GET /js/bundle/member/member.bundle.js.map HTTP/1.1" 2057508 (25 ms)
2020-06-03 15:18:23 0:0:0:0:0:0:0:1 200 "GET /member/api/list?pageIndex=1&memberId=&memberName= HTTP/1.1" 703 (11 ms)
2020-06-03 15:18:52 0:0:0:0:0:0:0:1 200 "GET /member/list HTTP/1.1" 918 (37 ms)
2020-06-03 15:18:52 0:0:0:0:0:0:0:1 200 "GET /js/bundle/member/member.bundle.js HTTP/1.1" 1755423 (24 ms)
2020-06-03 15:18:53 0:0:0:0:0:0:0:1 200 "GET /js/bundle/member/member.bundle.js.map HTTP/1.1" 2057508 (22 ms)
2020-06-03 15:18:53 0:0:0:0:0:0:0:1 200 "GET /member/api/list?pageIndex=1&memberId=&memberName= HTTP/1.1" 703 (20 ms)
2020-06-03 15:18:55 0:0:0:0:0:0:0:1 200 "GET /member/list HTTP/1.1" 918 (12 ms)
2020-06-03 15:18:56 0:0:0:0:0:0:0:1 200 "GET /js/bundle/member/member.bundle.js HTTP/1.1" 1755419 (52 ms)
2020-06-03 15:18:56 0:0:0:0:0:0:0:1 200 "GET /js/bundle/member/member.bundle.js.map HTTP/1.1" 2057507 (18 ms)
2020-06-03 15:18:56 0:0:0:0:0:0:0:1 404 "GET /favicon.ico HTTP/1.1" 1032 (19 ms)
2020-06-03 15:18:58 0:0:0:0:0:0:0:1 200 "GET /member/list HTTP/1.1" 918 (18 ms)
2020-06-03 15:18:58 0:0:0:0:0:0:0:1 200 "GET /js/bundle/member/member.bundle.js HTTP/1.1" 1755419 (23 ms)
2020-06-03 15:18:58 0:0:0:0:0:0:0:1 200 "GET /js/bundle/member/member.bundle.js.map HTTP/1.1" 2057507 (19 ms)
2020-06-03 15:18:58 0:0:0:0:0:0:0:1 404 "GET /favicon.ico HTTP/1.1" 1032 (9 ms)
2020-06-03 15:19:07 0:0:0:0:0:0:0:1 200 "GET /member/list HTTP/1.1" 918 (37 ms)
2020-06-03 15:19:07 0:0:0:0:0:0:0:1 200 "GET /js/bundle/member/member.bundle.js HTTP/1.1" 1755419 (20 ms)
2020-06-03 15:19:08 0:0:0:0:0:0:0:1 200 "GET /js/bundle/member/member.bundle.js.map HTTP/1.1" 2057507 (19 ms)
2020-06-03 15:19:08 0:0:0:0:0:0:0:1 404 "GET /favicon.ico HTTP/1.1" 1032 (15 ms)
2020-06-03 15:19:08 0:0:0:0:0:0:0:1 200 "GET /member/list HTTP/1.1" 918 (10 ms)
2020-06-03 15:19:08 0:0:0:0:0:0:0:1 200 "GET /js/bundle/member/member.bundle.js HTTP/1.1" 1755423 (57 ms)
2020-06-03 15:19:08 0:0:0:0:0:0:0:1 200 "GET /js/bundle/member/member.bundle.js.map HTTP/1.1" 2057508 (17 ms)
2020-06-03 15:19:08 0:0:0:0:0:0:0:1 200 "GET /member/api/list?pageIndex=1&memberId=&memberName= HTTP/1.1" 703 (9 ms)
2020-06-03 15:19:08 0:0:0:0:0:0:0:1 404 "GET /favicon.ico HTTP/1.1" 1032 (11 ms)
2020-06-03 15:26:34 0:0:0:0:0:0:0:1 200 "GET /member/list HTTP/1.1" 918 (27 ms)
2020-06-03 15:26:34 0:0:0:0:0:0:0:1 200 "GET /js/bundle/member/member.bundle.js HTTP/1.1" 1755431 (65 ms)
2020-06-03 15:26:34 0:0:0:0:0:0:0:1 200 "GET /js/bundle/member/member.bundle.js.map HTTP/1.1" 2057415 (21 ms)
2020-06-03 15:26:34 0:0:0:0:0:0:0:1 200 "GET /member/api/list?pageIndex=1 HTTP/1.1" 673 (12 ms)
2020-06-03 15:26:34 0:0:0:0:0:0:0:1 404 "GET /favicon.ico HTTP/1.1" 1032 (14 ms)
2020-06-03 15:26:42 0:0:0:0:0:0:0:1 200 "GET /member/api/list?pageIndex=2&memberId= HTTP/1.1" 682 (7 ms)
2020-06-03 15:26:43 0:0:0:0:0:0:0:1 200 "GET /member/api/list?pageIndex=1&memberId= HTTP/1.1" 687 (8 ms)
2020-06-03 15:26:46 0:0:0:0:0:0:0:1 200 "GET /member/api/list?pageIndex=1&memberId=t HTTP/1.1" 688 (10 ms)
2020-06-03 15:26:47 0:0:0:0:0:0:0:1 200 "GET /member/api/list?pageIndex=1&memberId=t HTTP/1.1" 688 (7 ms)
2020-06-03 15:26:48 0:0:0:0:0:0:0:1 200 "GET /member/api/list?pageIndex=1&memberId=t HTTP/1.1" 688 (9 ms)
2020-06-03 15:26:49 0:0:0:0:0:0:0:1 200 "GET /member/api/list?pageIndex=2&memberId=t HTTP/1.1" 712 (11 ms)
2020-06-03 15:26:52 0:0:0:0:0:0:0:1 200 "GET /member/api/list?pageIndex=3&memberId=t HTTP/1.1" 707 (9 ms)
2020-06-03 15:26:56 0:0:0:0:0:0:0:1 200 "GET /member/api/list?pageIndex=3&memberId= HTTP/1.1" 677 (8 ms)
2020-06-03 15:26:57 0:0:0:0:0:0:0:1 200 "GET /member/api/list?pageIndex=2&memberId= HTTP/1.1" 682 (7 ms)
2020-06-03 15:26:58 0:0:0:0:0:0:0:1 200 "GET /member/api/list?pageIndex=1&memberId= HTTP/1.1" 687 (9 ms)
2020-06-03 15:27:01 0:0:0:0:0:0:0:1 200 "GET /member/api/list?pageIndex=2&memberId= HTTP/1.1" 682 (7 ms)
2020-06-03 15:27:05 0:0:0:0:0:0:0:1 200 "GET /member/api/list?pageIndex=1&memberId=a HTTP/1.1" 683 (5 ms)
2020-06-03 15:27:07 0:0:0:0:0:0:0:1 200 "GET /member/api/list?pageIndex=2&memberId=a HTTP/1.1" 683 (5 ms)
2020-06-03 15:27:09 0:0:0:0:0:0:0:1 200 "GET /member/api/list?pageIndex=3&memberId=a HTTP/1.1" 709 (9 ms)
2020-06-03 15:27:13 0:0:0:0:0:0:0:1 200 "GET /member/api/list?pageIndex=2&memberId=t HTTP/1.1" 712 (12 ms)
2020-06-03 15:27:15 0:0:0:0:0:0:0:1 200 "GET /member/api/list?pageIndex=1&memberId=t HTTP/1.1" 688 (8 ms)
2020-06-03 15:27:16 0:0:0:0:0:0:0:1 200 "GET /member/api/list?pageIndex=2&memberId=t HTTP/1.1" 712 (8 ms)
2020-06-03 15:27:17 0:0:0:0:0:0:0:1 200 "GET /member/api/list?pageIndex=3&memberId=t HTTP/1.1" 707 (7 ms)
2020-06-03 15:27:35 0:0:0:0:0:0:0:1 200 "GET /member/list HTTP/1.1" 918 (23 ms)
2020-06-03 15:27:35 0:0:0:0:0:0:0:1 200 "GET /js/bundle/member/member.bundle.js HTTP/1.1" 1755431 (24 ms)
2020-06-03 15:27:35 0:0:0:0:0:0:0:1 200 "GET /member/api/list?pageIndex=1 HTTP/1.1" 673 (8 ms)
2020-06-03 15:27:35 0:0:0:0:0:0:0:1 404 "GET /favicon.ico HTTP/1.1" 1032 (21 ms)
2020-06-03 15:27:36 0:0:0:0:0:0:0:1 200 "GET /js/bundle/member/member.bundle.js.map HTTP/1.1" 2057508 (22 ms)
2020-06-03 15:27:39 0:0:0:0:0:0:0:1 200 "GET /member/api/list?pageIndex=2&memberId=werwet HTTP/1.1" 144 (7 ms)
2020-06-03 15:27:41 0:0:0:0:0:0:0:1 200 "GET /member/api/list?pageIndex=1&memberId=werwet HTTP/1.1" 144 (7 ms)
2020-06-03 15:27:42 0:0:0:0:0:0:0:1 200 "GET /member/list HTTP/1.1" 918 (27 ms)
2020-06-03 15:27:42 0:0:0:0:0:0:0:1 200 "GET /js/bundle/member/member.bundle.js HTTP/1.1" 1755423 (43 ms)
2020-06-03 15:27:42 0:0:0:0:0:0:0:1 200 "GET /js/bundle/member/member.bundle.js.map HTTP/1.1" 2057508 (18 ms)
2020-06-03 15:27:42 0:0:0:0:0:0:0:1 200 "GET /member/api/list?pageIndex=1&memberId=&memberName= HTTP/1.1" 703 (7 ms)
2020-06-03 15:27:42 0:0:0:0:0:0:0:1 404 "GET /favicon.ico HTTP/1.1" 1032 (17 ms)
2020-06-03 15:27:47 0:0:0:0:0:0:0:1 200 "GET /member/api/list?pageIndex=2&memberId=&memberName= HTTP/1.1" 698 (10 ms)
2020-06-03 15:27:48 0:0:0:0:0:0:0:1 200 "GET /member/api/list?pageIndex=1&memberId=&memberName= HTTP/1.1" 703 (6 ms)
2020-06-03 15:27:50 0:0:0:0:0:0:0:1 200 "GET /member/api/list?pageIndex=3&memberId=&memberName= HTTP/1.1" 693 (5 ms)
2020-06-03 15:27:52 0:0:0:0:0:0:0:1 200 "GET /member/api/list?pageIndex=4&memberId=&memberName= HTTP/1.1" 722 (19 ms)
2020-06-03 15:27:56 0:0:0:0:0:0:0:1 200 "GET /member/api/list?pageIndex=3&memberId=&memberName= HTTP/1.1" 693 (6 ms)
2020-06-03 15:28:01 0:0:0:0:0:0:0:1 200 "GET /member/api/list?pageIndex=2&memberId=&memberName= HTTP/1.1" 698 (9 ms)
2020-06-03 15:28:03 0:0:0:0:0:0:0:1 200 "GET /member/api/list?pageIndex=1&memberId=&memberName= HTTP/1.1" 703 (12 ms)
2020-06-03 15:28:06 0:0:0:0:0:0:0:1 200 "GET /member/api/list?pageIndex=2&memberId=&memberName= HTTP/1.1" 698 (9 ms)
2020-06-03 15:28:07 0:0:0:0:0:0:0:1 200 "GET /member/api/list?pageIndex=3&memberId=&memberName= HTTP/1.1" 693 (7 ms)
2020-06-03 15:28:09 0:0:0:0:0:0:0:1 200 "GET /member/api/list?pageIndex=2&memberId=&memberName= HTTP/1.1" 698 (8 ms)
2020-06-03 15:28:09 0:0:0:0:0:0:0:1 200 "GET /member/api/list?pageIndex=1&memberId=&memberName= HTTP/1.1" 703 (7 ms)
2020-06-03 15:28:10 0:0:0:0:0:0:0:1 200 "GET /member/api/list?pageIndex=1&memberId=mfsadffawer HTTP/1.1" 149 (4 ms)
2020-06-03 15:28:13 0:0:0:0:0:0:0:1 200 "GET /main/index HTTP/1.1" 947 (21 ms)
2020-06-03 15:28:13 0:0:0:0:0:0:0:1 200 "GET /js/bundle/main/main.bundle.js HTTP/1.1" 968364 (38 ms)
2020-06-03 15:28:14 0:0:0:0:0:0:0:1 200 "GET /js/bundle/main/main.bundle.js.map HTTP/1.1" 1130167 (13 ms)
2020-06-03 15:28:15 0:0:0:0:0:0:0:1 200 "GET /member/list HTTP/1.1" 918 (10 ms)
2020-06-03 15:28:15 0:0:0:0:0:0:0:1 200 "GET /js/bundle/member/member.bundle.js HTTP/1.1" 1755423 (23 ms)
2020-06-03 15:28:15 0:0:0:0:0:0:0:1 200 "GET /js/bundle/member/member.bundle.js.map HTTP/1.1" 2057508 (16 ms)
2020-06-03 15:28:15 0:0:0:0:0:0:0:1 200 "GET /member/api/list?pageIndex=1&memberId=&memberName= HTTP/1.1" 703 (9 ms)
2020-06-03 15:38:00 0:0:0:0:0:0:0:1 200 "GET /member/list HTTP/1.1" 918 (38 ms)
2020-06-03 15:38:00 0:0:0:0:0:0:0:1 200 "GET /js/bundle/member/member.bundle.js HTTP/1.1" 1755426 (71 ms)
2020-06-03 15:38:00 0:0:0:0:0:0:0:1 200 "GET /js/bundle/member/member.bundle.js.map HTTP/1.1" 2057511 (23 ms)
2020-06-03 15:38:00 0:0:0:0:0:0:0:1 200 "GET /member/api/list?pageIndex=1&memberId=&memberName= HTTP/1.1" 703 (7 ms)
2020-06-03 15:38:00 0:0:0:0:0:0:0:1 404 "GET /favicon.ico HTTP/1.1" 1032 (12 ms)
2020-06-03 15:38:46 0:0:0:0:0:0:0:1 200 "GET /member/list HTTP/1.1" 918 (21 ms)
2020-06-03 15:38:47 0:0:0:0:0:0:0:1 200 "GET /js/bundle/member/member.bundle.js HTTP/1.1" 1755347 (68 ms)
2020-06-03 15:38:47 0:0:0:0:0:0:0:1 200 "GET /js/bundle/member/member.bundle.js.map HTTP/1.1" 2057332 (25 ms)
2020-06-03 15:38:47 0:0:0:0:0:0:0:1 200 "GET /member/api/list?pageIndex=1&memberId=&memberName= HTTP/1.1" 703 (9 ms)
2020-06-03 15:38:47 0:0:0:0:0:0:0:1 404 "GET /favicon.ico HTTP/1.1" 1032 (14 ms)
2020-06-03 15:38:48 0:0:0:0:0:0:0:1 200 "GET /member/list HTTP/1.1" 918 (8 ms)
2020-06-03 15:38:48 0:0:0:0:0:0:0:1 200 "GET /js/bundle/member/member.bundle.js HTTP/1.1" 1755347 (23 ms)
2020-06-03 15:38:48 0:0:0:0:0:0:0:1 200 "GET /js/bundle/member/member.bundle.js.map HTTP/1.1" 2057332 (19 ms)
2020-06-03 15:38:48 0:0:0:0:0:0:0:1 200 "GET /member/api/list?pageIndex=1&memberId=&memberName= HTTP/1.1" 703 (23 ms)
2020-06-03 15:38:48 0:0:0:0:0:0:0:1 404 "GET /favicon.ico HTTP/1.1" 1032 (19 ms)
2020-06-03 15:38:49 0:0:0:0:0:0:0:1 200 "GET /member/api/list?pageIndex=2&memberId=&memberName= HTTP/1.1" 698 (4 ms)
2020-06-03 15:38:50 0:0:0:0:0:0:0:1 200 "GET /member/api/list?pageIndex=3&memberId=&memberName= HTTP/1.1" 693 (5 ms)
2020-06-03 15:38:51 0:0:0:0:0:0:0:1 200 "GET /member/api/list?pageIndex=2&memberId=&memberName= HTTP/1.1" 698 (10 ms)
2020-06-03 15:39:02 0:0:0:0:0:0:0:1 200 "GET /member/api/list?pageIndex=1&memberId=&memberName= HTTP/1.1" 703 (7 ms)
2020-06-03 15:39:02 0:0:0:0:0:0:0:1 200 "GET /member/api/list?pageIndex=2&memberId=&memberName= HTTP/1.1" 698 (6 ms)
2020-06-03 15:39:03 0:0:0:0:0:0:0:1 200 "GET /member/api/list?pageIndex=3&memberId=&memberName= HTTP/1.1" 693 (5 ms)
2020-06-03 15:39:03 0:0:0:0:0:0:0:1 200 "GET /member/api/list?pageIndex=4&memberId=&memberName= HTTP/1.1" 722 (6 ms)
2020-06-03 15:39:04 0:0:0:0:0:0:0:1 200 "GET /member/api/list?pageIndex=5&memberId=&memberName= HTTP/1.1" 710 (5 ms)
2020-06-03 15:39:04 0:0:0:0:0:0:0:1 200 "GET /member/api/list?pageIndex=6&memberId=&memberName= HTTP/1.1" 727 (5 ms)
2020-06-03 15:39:05 0:0:0:0:0:0:0:1 200 "GET /member/api/list?pageIndex=7&memberId=&memberName= HTTP/1.1" 724 (7 ms)
2020-06-03 15:39:07 0:0:0:0:0:0:0:1 200 "GET /member/api/list?pageIndex=8&memberId=&memberName= HTTP/1.1" 714 (10 ms)
2020-06-03 15:39:07 0:0:0:0:0:0:0:1 200 "GET /member/api/list?pageIndex=9&memberId=&memberName= HTTP/1.1" 723 (9 ms)
2020-06-03 15:39:08 0:0:0:0:0:0:0:1 200 "GET /member/api/list?pageIndex=12&memberId=&memberName= HTTP/1.1" 542 (6 ms)
2020-06-03 15:39:09 0:0:0:0:0:0:0:1 200 "GET /member/api/list?pageIndex=11&memberId=&memberName= HTTP/1.1" 727 (5 ms)
2020-06-03 15:39:09 0:0:0:0:0:0:0:1 200 "GET /member/api/list?pageIndex=12&memberId=&memberName= HTTP/1.1" 542 (7 ms)
2020-06-03 15:39:11 0:0:0:0:0:0:0:1 200 "GET /member/api/list?pageIndex=11&memberId=&memberName= HTTP/1.1" 727 (10 ms)
2020-06-03 15:39:11 0:0:0:0:0:0:0:1 200 "GET /member/api/list?pageIndex=10&memberId=&memberName= HTTP/1.1" 723 (5 ms)
2020-06-03 15:39:12 0:0:0:0:0:0:0:1 200 "GET /member/api/list?pageIndex=9&memberId=&memberName= HTTP/1.1" 723 (5 ms)
2020-06-03 15:41:31 0:0:0:0:0:0:0:1 200 "GET /member/api/write?pageIndex=1&memberId=&memberName= HTTP/1.1" 25 (12 ms)
2020-06-03 15:42:01 0:0:0:0:0:0:0:1 200 "GET /member/write?no=11 HTTP/1.1" 1003 (32 ms)
2020-06-03 15:42:02 0:0:0:0:0:0:0:1 200 "GET /js/bundle/member/member.bundle.js HTTP/1.1" 1755347 (23 ms)
2020-06-03 15:42:02 0:0:0:0:0:0:0:1 200 "GET /js/bundle/member/member.bundle.js.map HTTP/1.1" 2057332 (20 ms)
2020-06-03 15:42:02 0:0:0:0:0:0:0:1 200 "GET /member/api/write?pageIndex=1&memberId=&memberName= HTTP/1.1" 25 (9 ms)
2020-06-03 15:42:02 0:0:0:0:0:0:0:1 404 "GET /favicon.ico HTTP/1.1" 1032 (17 ms)
2020-06-03 15:42:23 0:0:0:0:0:0:0:1 200 "GET /member/write?no=11 HTTP/1.1" 1003 (34 ms)
2020-06-03 15:42:23 0:0:0:0:0:0:0:1 200 "GET /js/bundle/member/member.bundle.js HTTP/1.1" 1767127 (56 ms)
2020-06-03 15:42:23 0:0:0:0:0:0:0:1 200 "GET /member/api/write?memberId=&memberName= HTTP/1.1" 25 (5 ms)
2020-06-03 15:42:23 0:0:0:0:0:0:0:1 404 "GET /favicon.ico HTTP/1.1" 1032 (9 ms)
2020-06-03 15:42:24 0:0:0:0:0:0:0:1 200 "GET /js/bundle/member/member.bundle.js.map HTTP/1.1" 2072475 (19 ms)
2020-06-03 15:45:16 0:0:0:0:0:0:0:1 200 "GET /member/write?no=11 HTTP/1.1" 1003 (31 ms)
2020-06-03 15:45:16 0:0:0:0:0:0:0:1 200 "GET /js/bundle/member/member.bundle.js HTTP/1.1" 1766323 (95 ms)
2020-06-03 15:45:16 0:0:0:0:0:0:0:1 200 "GET /js/bundle/member/member.bundle.js.map HTTP/1.1" 2071343 (26 ms)
2020-06-03 15:45:16 0:0:0:0:0:0:0:1 200 "GET /member/api/write?no=11 HTTP/1.1" 121 (10 ms)
2020-06-03 15:45:16 0:0:0:0:0:0:0:1 200 "GET /member/api/write?no=11 HTTP/1.1" 121 (11 ms)
2020-06-03 15:45:16 0:0:0:0:0:0:0:1 404 "GET /favicon.ico HTTP/1.1" 1032 (22 ms)
2020-06-03 15:45:19 0:0:0:0:0:0:0:1 200 "GET /member/write?no=11 HTTP/1.1" 1003 (5 ms)
2020-06-03 15:45:19 0:0:0:0:0:0:0:1 200 "GET /js/bundle/member/member.bundle.js HTTP/1.1" 1766323 (23 ms)
2020-06-03 15:45:19 0:0:0:0:0:0:0:1 200 "GET /member/api/write?no=11 HTTP/1.1" 121 (12 ms)
2020-06-03 15:45:19 0:0:0:0:0:0:0:1 200 "GET /member/api/write?no=11 HTTP/1.1" 121 (21 ms)
2020-06-03 15:45:19 0:0:0:0:0:0:0:1 404 "GET /favicon.ico HTTP/1.1" 1032 (13 ms)
2020-06-03 15:45:19 0:0:0:0:0:0:0:1 200 "GET /js/bundle/member/member.bundle.js.map HTTP/1.1" 2071343 (19 ms)
2020-06-03 15:47:08 0:0:0:0:0:0:0:1 200 "GET /member/write?no=11 HTTP/1.1" 1003 (28 ms)
2020-06-03 15:47:08 0:0:0:0:0:0:0:1 200 "GET /js/bundle/member/member.bundle.js HTTP/1.1" 1766426 (65 ms)
2020-06-03 15:47:08 0:0:0:0:0:0:0:1 200 "GET /member/api/write?no=11 HTTP/1.1" 121 (6 ms)
2020-06-03 15:47:08 0:0:0:0:0:0:0:1 200 "GET /member/api/write?no=11 HTTP/1.1" 121 (6 ms)
2020-06-03 15:47:08 0:0:0:0:0:0:0:1 404 "GET /favicon.ico HTTP/1.1" 1032 (14 ms)
2020-06-03 15:47:08 0:0:0:0:0:0:0:1 200 "GET /js/bundle/member/member.bundle.js.map HTTP/1.1" 2071424 (20 ms)
2020-06-03 15:48:07 0:0:0:0:0:0:0:1 200 "GET /member/write?no=11 HTTP/1.1" 1003 (24 ms)
2020-06-03 15:48:07 0:0:0:0:0:0:0:1 200 "GET /js/bundle/member/member.bundle.js HTTP/1.1" 1766188 (72 ms)
2020-06-03 15:48:07 0:0:0:0:0:0:0:1 200 "GET /member/api/write?no=11 HTTP/1.1" 121 (12 ms)
2020-06-03 15:48:07 0:0:0:0:0:0:0:1 404 "GET /favicon.ico HTTP/1.1" 1032 (16 ms)
2020-06-03 15:48:07 0:0:0:0:0:0:0:1 200 "GET /js/bundle/member/member.bundle.js.map HTTP/1.1" 2071061 (25 ms)
2020-06-03 15:48:19 0:0:0:0:0:0:0:1 200 "GET /member/write?no=11 HTTP/1.1" 1003 (36 ms)
2020-06-03 15:48:19 0:0:0:0:0:0:0:1 200 "GET /js/bundle/member/member.bundle.js HTTP/1.1" 1766160 (44 ms)
2020-06-03 15:48:19 0:0:0:0:0:0:0:1 200 "GET /member/api/write?no=11 HTTP/1.1" 121 (6 ms)
2020-06-03 15:48:19 0:0:0:0:0:0:0:1 404 "GET /favicon.ico HTTP/1.1" 1032 (11 ms)
2020-06-03 15:48:19 0:0:0:0:0:0:0:1 200 "GET /js/bundle/member/member.bundle.js.map HTTP/1.1" 2071061 (18 ms)
2020-06-03 15:48:21 0:0:0:0:0:0:0:1 200 "GET /member/write?no=11 HTTP/1.1" 1003 (7 ms)
2020-06-03 15:48:21 0:0:0:0:0:0:0:1 200 "GET /js/bundle/member/member.bundle.js HTTP/1.1" 1766160 (18 ms)
2020-06-03 15:48:21 0:0:0:0:0:0:0:1 200 "GET /js/bundle/member/member.bundle.js.map HTTP/1.1" 2071061 (19 ms)
2020-06-03 15:48:21 0:0:0:0:0:0:0:1 200 "GET /member/api/write?no=11 HTTP/1.1" 121 (5 ms)
2020-06-03 15:48:21 0:0:0:0:0:0:0:1 404 "GET /favicon.ico HTTP/1.1" 1032 (7 ms)
2020-06-03 15:48:36 0:0:0:0:0:0:0:1 200 "GET /member/write?no=11 HTTP/1.1" 1003 (12 ms)
2020-06-03 15:48:36 0:0:0:0:0:0:0:1 200 "GET /js/bundle/member/member.bundle.js HTTP/1.1" 1766160 (18 ms)
2020-06-03 15:48:36 0:0:0:0:0:0:0:1 200 "GET /js/bundle/member/member.bundle.js.map HTTP/1.1" 2071061 (23 ms)
2020-06-03 15:48:36 0:0:0:0:0:0:0:1 200 "GET /member/api/write?no=11 HTTP/1.1" 121 (3 ms)
2020-06-03 15:48:36 0:0:0:0:0:0:0:1 404 "GET /favicon.ico HTTP/1.1" 1032 (10 ms)
2020-06-03 15:49:44 0:0:0:0:0:0:0:1 200 "GET /member/list HTTP/1.1" 918 (28 ms)
2020-06-03 15:49:44 0:0:0:0:0:0:0:1 200 "GET /js/bundle/member/member.bundle.js HTTP/1.1" 1766189 (131 ms)
2020-06-03 15:49:44 0:0:0:0:0:0:0:1 200 "GET /js/bundle/member/member.bundle.js.map HTTP/1.1" 2071118 (23 ms)
2020-06-03 15:49:44 0:0:0:0:0:0:0:1 200 "GET /member/api/list?pageIndex=1&memberId=&memberName= HTTP/1.1" 703 (11 ms)
2020-06-03 15:51:34 0:0:0:0:0:0:0:1 200 "GET /member/list HTTP/1.1" 918 (21 ms)
2020-06-03 15:51:34 0:0:0:0:0:0:0:1 200 "GET /js/bundle/member/member.bundle.js HTTP/1.1" 1766160 (68 ms)
2020-06-03 15:51:34 0:0:0:0:0:0:0:1 200 "GET /js/bundle/member/member.bundle.js.map HTTP/1.1" 2071062 (26 ms)
2020-06-03 15:51:34 0:0:0:0:0:0:0:1 200 "GET /member/api/list?pageIndex=1&memberId=&memberName= HTTP/1.1" 703 (10 ms)
2020-06-03 15:51:34 0:0:0:0:0:0:0:1 404 "GET /favicon.ico HTTP/1.1" 1032 (19 ms)
2020-06-03 15:51:36 0:0:0:0:0:0:0:1 200 "GET /member/api/write?no=50 HTTP/1.1" 118 (9 ms)
2020-06-03 15:52:05 0:0:0:0:0:0:0:1 200 "GET /member/write?no=50 HTTP/1.1" 1003 (21 ms)
2020-06-03 15:52:05 0:0:0:0:0:0:0:1 200 "GET /js/bundle/member/member.bundle.js HTTP/1.1" 1766160 (23 ms)
2020-06-03 15:52:05 0:0:0:0:0:0:0:1 200 "GET /js/bundle/member/member.bundle.js.map HTTP/1.1" 2071062 (17 ms)
2020-06-03 15:52:05 0:0:0:0:0:0:0:1 200 "GET /member/api/write?no=50 HTTP/1.1" 118 (6 ms)
2020-06-03 15:52:05 0:0:0:0:0:0:0:1 404 "GET /favicon.ico HTTP/1.1" 1032 (22 ms)
2020-06-03 15:52:06 0:0:0:0:0:0:0:1 200 "GET /member/write?no=50 HTTP/1.1" 1003 (11 ms)
2020-06-03 15:52:06 0:0:0:0:0:0:0:1 200 "GET /js/bundle/member/member.bundle.js HTTP/1.1" 1766175 (39 ms)
2020-06-03 15:52:06 0:0:0:0:0:0:0:1 200 "GET /js/bundle/member/member.bundle.js.map HTTP/1.1" 2071101 (19 ms)
2020-06-03 15:52:06 0:0:0:0:0:0:0:1 200 "GET /member/api/write?no=50 HTTP/1.1" 118 (4 ms)
2020-06-03 15:52:06 0:0:0:0:0:0:0:1 404 "GET /favicon.ico HTTP/1.1" 1032 (6 ms)
2020-06-03 15:52:07 0:0:0:0:0:0:0:1 200 "GET /member/write?no=50 HTTP/1.1" 1003 (10 ms)
2020-06-03 15:52:07 0:0:0:0:0:0:0:1 200 "GET /js/bundle/member/member.bundle.js HTTP/1.1" 1766175 (18 ms)
2020-06-03 15:52:07 0:0:0:0:0:0:0:1 200 "GET /js/bundle/member/member.bundle.js.map HTTP/1.1" 2071101 (15 ms)
2020-06-03 15:52:07 0:0:0:0:0:0:0:1 200 "GET /member/api/write?no=50 HTTP/1.1" 118 (5 ms)
2020-06-03 15:52:07 0:0:0:0:0:0:0:1 404 "GET /favicon.ico HTTP/1.1" 1032 (7 ms)
2020-06-03 15:52:23 0:0:0:0:0:0:0:1 200 "GET /member/write?no=50 HTTP/1.1" 1003 (25 ms)
2020-06-03 15:52:23 0:0:0:0:0:0:0:1 200 "GET /js/bundle/member/member.bundle.js HTTP/1.1" 1766175 (29 ms)
2020-06-03 15:52:24 0:0:0:0:0:0:0:1 200 "GET /js/bundle/member/member.bundle.js.map HTTP/1.1" 2071101 (19 ms)
2020-06-03 15:52:24 0:0:0:0:0:0:0:1 200 "GET /member/api/write?no=50 HTTP/1.1" 118 (6 ms)
2020-06-03 15:52:24 0:0:0:0:0:0:0:1 404 "GET /favicon.ico HTTP/1.1" 1032 (10 ms)
2020-06-03 15:52:24 0:0:0:0:0:0:0:1 200 "GET /member/write?no=50 HTTP/1.1" 1003 (14 ms)
2020-06-03 15:52:25 0:0:0:0:0:0:0:1 200 "GET /js/bundle/member/member.bundle.js HTTP/1.1" 1766178 (38 ms)
2020-06-03 15:52:25 0:0:0:0:0:0:0:1 200 "GET /js/bundle/member/member.bundle.js.map HTTP/1.1" 2071104 (16 ms)
2020-06-03 15:52:25 0:0:0:0:0:0:0:1 200 "GET /member/api/write?no=50 HTTP/1.1" 118 (5 ms)
2020-06-03 15:52:25 0:0:0:0:0:0:0:1 404 "GET /favicon.ico HTTP/1.1" 1032 (7 ms)
2020-06-03 15:52:36 0:0:0:0:0:0:0:1 200 "GET /member/write?no=50 HTTP/1.1" 1003 (32 ms)
2020-06-03 15:52:36 0:0:0:0:0:0:0:1 200 "GET /js/bundle/member/member.bundle.js HTTP/1.1" 1766178 (21 ms)
2020-06-03 15:52:36 0:0:0:0:0:0:0:1 200 "GET /js/bundle/member/member.bundle.js.map HTTP/1.1" 2071104 (17 ms)
2020-06-03 15:52:36 0:0:0:0:0:0:0:1 200 "GET /member/api/write?no=50 HTTP/1.1" 118 (5 ms)
2020-06-03 15:52:36 0:0:0:0:0:0:0:1 404 "GET /favicon.ico HTTP/1.1" 1032 (13 ms)
2020-06-03 15:52:36 0:0:0:0:0:0:0:1 200 "GET /member/write?no=50 HTTP/1.1" 1003 (4 ms)
2020-06-03 15:52:37 0:0:0:0:0:0:0:1 200 "GET /js/bundle/member/member.bundle.js HTTP/1.1" 1766181 (41 ms)
2020-06-03 15:52:37 0:0:0:0:0:0:0:1 200 "GET /js/bundle/member/member.bundle.js.map HTTP/1.1" 2071107 (16 ms)
2020-06-03 15:52:37 0:0:0:0:0:0:0:1 200 "GET /member/api/write?no=50 HTTP/1.1" 118 (5 ms)
2020-06-03 15:52:37 0:0:0:0:0:0:0:1 404 "GET /favicon.ico HTTP/1.1" 1032 (6 ms)
2020-06-03 15:52:43 0:0:0:0:0:0:0:1 200 "GET /member/write?no=50 HTTP/1.1" 1003 (30 ms)
2020-06-03 15:52:43 0:0:0:0:0:0:0:1 200 "GET /js/bundle/member/member.bundle.js HTTP/1.1" 1766181 (19 ms)
2020-06-03 15:52:43 0:0:0:0:0:0:0:1 200 "GET /js/bundle/member/member.bundle.js.map HTTP/1.1" 2071107 (16 ms)
2020-06-03 15:52:43 0:0:0:0:0:0:0:1 200 "GET /member/api/write?no=50 HTTP/1.1" 118 (5 ms)
2020-06-03 15:52:43 0:0:0:0:0:0:0:1 404 "GET /favicon.ico HTTP/1.1" 1032 (9 ms)
2020-06-03 15:52:43 0:0:0:0:0:0:0:1 200 "GET /member/write?no=50 HTTP/1.1" 1003 (7 ms)
2020-06-03 15:52:43 0:0:0:0:0:0:0:1 200 "GET /js/bundle/member/member.bundle.js HTTP/1.1" 1766189 (39 ms)
2020-06-03 15:52:43 0:0:0:0:0:0:0:1 200 "GET /js/bundle/member/member.bundle.js.map HTTP/1.1" 2071109 (19 ms)
2020-06-03 15:52:43 0:0:0:0:0:0:0:1 200 "GET /member/api/write?no=50 HTTP/1.1" 118 (5 ms)
2020-06-03 15:52:43 0:0:0:0:0:0:0:1 404 "GET /favicon.ico HTTP/1.1" 1032 (7 ms)
2020-06-03 15:52:44 0:0:0:0:0:0:0:1 200 "GET /member/write?no=50 HTTP/1.1" 1003 (12 ms)
2020-06-03 15:52:44 0:0:0:0:0:0:0:1 200 "GET /js/bundle/member/member.bundle.js HTTP/1.1" 1766189 (18 ms)
2020-06-03 15:52:44 0:0:0:0:0:0:0:1 200 "GET /js/bundle/member/member.bundle.js.map HTTP/1.1" 2071109 (16 ms)
2020-06-03 15:52:44 0:0:0:0:0:0:0:1 200 "GET /member/api/write?no=50 HTTP/1.1" 118 (5 ms)
2020-06-03 15:52:44 0:0:0:0:0:0:0:1 404 "GET /favicon.ico HTTP/1.1" 1032 (6 ms)
2020-06-03 15:54:13 0:0:0:0:0:0:0:1 200 "GET /member/write?no=50 HTTP/1.1" 1003 (20 ms)
2020-06-03 15:54:13 0:0:0:0:0:0:0:1 200 "GET /js/bundle/member/member.bundle.js HTTP/1.1" 1766222 (71 ms)
2020-06-03 15:54:13 0:0:0:0:0:0:0:1 200 "GET /js/bundle/member/member.bundle.js.map HTTP/1.1" 2071190 (26 ms)
2020-06-03 15:54:13 0:0:0:0:0:0:0:1 200 "GET /member/api/write?no=50 HTTP/1.1" 118 (6 ms)
2020-06-03 15:54:13 0:0:0:0:0:0:0:1 404 "GET /favicon.ico HTTP/1.1" 1032 (11 ms)
2020-06-03 15:54:15 0:0:0:0:0:0:0:1 200 "GET /member/write?no=50 HTTP/1.1" 1003 (12 ms)
2020-06-03 15:54:15 0:0:0:0:0:0:0:1 200 "GET /js/bundle/member/member.bundle.js HTTP/1.1" 1766222 (19 ms)
2020-06-03 15:54:16 0:0:0:0:0:0:0:1 200 "GET /member/api/write?no=50 HTTP/1.1" 118 (5 ms)
2020-06-03 15:54:16 0:0:0:0:0:0:0:1 404 "GET /favicon.ico HTTP/1.1" 1032 (8 ms)
2020-06-03 15:54:16 0:0:0:0:0:0:0:1 200 "GET /js/bundle/member/member.bundle.js.map HTTP/1.1" 2071190 (18 ms)
2020-06-03 15:54:33 0:0:0:0:0:0:0:1 200 "GET /member/write?no=50 HTTP/1.1" 1003 (11 ms)
2020-06-03 15:54:33 0:0:0:0:0:0:0:1 200 "GET /js/bundle/member/member.bundle.js HTTP/1.1" 1766222 (25 ms)
2020-06-03 15:54:33 0:0:0:0:0:0:0:1 200 "GET /member/api/write?no=50 HTTP/1.1" 118 (5 ms)
2020-06-03 15:54:33 0:0:0:0:0:0:0:1 404 "GET /favicon.ico HTTP/1.1" 1032 (10 ms)
2020-06-03 15:54:33 0:0:0:0:0:0:0:1 200 "GET /js/bundle/member/member.bundle.js.map HTTP/1.1" 2071190 (18 ms)
2020-06-03 15:54:39 0:0:0:0:0:0:0:1 200 "GET /member/list HTTP/1.1" 918 (13 ms)
2020-06-03 15:54:39 0:0:0:0:0:0:0:1 200 "GET /js/bundle/member/member.bundle.js HTTP/1.1" 1766220 (37 ms)
2020-06-03 15:54:39 0:0:0:0:0:0:0:1 200 "GET /member/api/list?pageIndex=1&memberId=&memberName= HTTP/1.1" 703 (6 ms)
2020-06-03 15:54:39 0:0:0:0:0:0:0:1 200 "GET /js/bundle/member/member.bundle.js.map HTTP/1.1" 2071188 (27 ms)
2020-06-03 15:54:47 0:0:0:0:0:0:0:1 302 "GET / HTTP/1.1" - (5 ms)
2020-06-03 15:54:47 0:0:0:0:0:0:0:1 200 "GET /main/index HTTP/1.1" 947 (18 ms)
2020-06-03 15:54:47 0:0:0:0:0:0:0:1 200 "GET /js/bundle/main/main.bundle.js HTTP/1.1" 968364 (14 ms)
2020-06-03 15:54:47 0:0:0:0:0:0:0:1 200 "GET /js/bundle/main/main.bundle.js.map HTTP/1.1" 1130167 (11 ms)
2020-06-03 15:54:48 0:0:0:0:0:0:0:1 200 "GET /member/list HTTP/1.1" 918 (8 ms)
2020-06-03 15:54:48 0:0:0:0:0:0:0:1 200 "GET /js/bundle/member/member.bundle.js HTTP/1.1" 1766220 (22 ms)
2020-06-03 15:54:48 0:0:0:0:0:0:0:1 200 "GET /js/bundle/member/member.bundle.js.map HTTP/1.1" 2071188 (21 ms)
2020-06-03 15:54:48 0:0:0:0:0:0:0:1 200 "GET /member/api/list?pageIndex=1&memberId=&memberName= HTTP/1.1" 703 (7 ms)
2020-06-03 15:54:49 0:0:0:0:0:0:0:1 200 "GET /member/api/write?no=50 HTTP/1.1" 118 (6 ms)
2020-06-03 15:55:05 0:0:0:0:0:0:0:1 200 "GET /member/write?no=50 HTTP/1.1" 1003 (12 ms)
2020-06-03 15:55:05 0:0:0:0:0:0:0:1 200 "GET /js/bundle/member/member.bundle.js HTTP/1.1" 1766220 (23 ms)
2020-06-03 15:55:05 0:0:0:0:0:0:0:1 200 "GET /member/api/write?no=50 HTTP/1.1" 118 (5 ms)
2020-06-03 15:55:05 0:0:0:0:0:0:0:1 404 "GET /favicon.ico HTTP/1.1" 1032 (12 ms)
2020-06-03 15:55:05 0:0:0:0:0:0:0:1 200 "GET /js/bundle/member/member.bundle.js.map HTTP/1.1" 2071188 (20 ms)
2020-06-03 15:55:07 0:0:0:0:0:0:0:1 200 "GET /member/write?no=50 HTTP/1.1" 1003 (4 ms)
2020-06-03 15:55:07 0:0:0:0:0:0:0:1 200 "GET /js/bundle/member/member.bundle.js HTTP/1.1" 1766220 (38 ms)
2020-06-03 15:55:07 0:0:0:0:0:0:0:1 200 "GET /member/api/write?no=50 HTTP/1.1" 118 (4 ms)
2020-06-03 15:55:07 0:0:0:0:0:0:0:1 404 "GET /favicon.ico HTTP/1.1" 1032 (4 ms)
2020-06-03 15:55:07 0:0:0:0:0:0:0:1 200 "GET /js/bundle/member/member.bundle.js.map HTTP/1.1" 2071188 (18 ms)
2020-06-03 15:55:09 0:0:0:0:0:0:0:1 200 "GET /member/write?no=50 HTTP/1.1" 1003 (9 ms)
2020-06-03 15:55:09 0:0:0:0:0:0:0:1 200 "GET /js/bundle/member/member.bundle.js HTTP/1.1" 1766220 (16 ms)
2020-06-03 15:55:10 0:0:0:0:0:0:0:1 200 "GET /member/api/write?no=50 HTTP/1.1" 118 (4 ms)
2020-06-03 15:55:10 0:0:0:0:0:0:0:1 404 "GET /favicon.ico HTTP/1.1" 1032 (11 ms)
2020-06-03 15:55:10 0:0:0:0:0:0:0:1 200 "GET /js/bundle/member/member.bundle.js.map HTTP/1.1" 2071188 (26 ms)
2020-06-03 15:55:22 0:0:0:0:0:0:0:1 200 "GET /member/write?no=50 HTTP/1.1" 1003 (44 ms)
2020-06-03 15:55:22 0:0:0:0:0:0:0:1 404 "GET /js/bundle/member/member.bundle.js HTTP/1.1" 991 (13 ms)
2020-06-03 15:55:22 0:0:0:0:0:0:0:1 404 "GET /favicon.ico HTTP/1.1" 1032 (8 ms)
2020-06-03 15:55:23 0:0:0:0:0:0:0:1 200 "GET /member/write?no=50 HTTP/1.1" 1003 (12 ms)
2020-06-03 15:55:23 0:0:0:0:0:0:0:1 200 "GET /js/bundle/member/member.bundle.js HTTP/1.1" 1766221 (42 ms)
2020-06-03 15:55:24 0:0:0:0:0:0:0:1 200 "GET /js/bundle/member/member.bundle.js.map HTTP/1.1" 2071189 (18 ms)
2020-06-03 15:55:24 0:0:0:0:0:0:0:1 200 "GET /member/api/write?no=50 HTTP/1.1" 118 (6 ms)
2020-06-03 15:55:24 0:0:0:0:0:0:0:1 404 "GET /favicon.ico HTTP/1.1" 1032 (7 ms)
2020-06-03 15:55:24 0:0:0:0:0:0:0:1 200 "GET /member/write?no=50 HTTP/1.1" 1003 (4 ms)
2020-06-03 15:55:24 0:0:0:0:0:0:0:1 200 "GET /js/bundle/member/member.bundle.js HTTP/1.1" 1766221 (18 ms)
2020-06-03 15:55:24 0:0:0:0:0:0:0:1 200 "GET /member/api/write?no=50 HTTP/1.1" 118 (4 ms)
2020-06-03 15:55:24 0:0:0:0:0:0:0:1 404 "GET /favicon.ico HTTP/1.1" 1032 (5 ms)
2020-06-03 15:55:25 0:0:0:0:0:0:0:1 200 "GET /js/bundle/member/member.bundle.js.map HTTP/1.1" 2071189 (15 ms)
2020-06-03 15:56:24 0:0:0:0:0:0:0:1 200 "GET /member/write?no=50 HTTP/1.1" 1003 (37 ms)
2020-06-03 15:56:24 0:0:0:0:0:0:0:1 200 "GET /js/bundle/member/member.bundle.js HTTP/1.1" 1766221 (21 ms)
2020-06-03 15:56:24 0:0:0:0:0:0:0:1 200 "GET /member/api/write?no=50 HTTP/1.1" 118 (4 ms)
2020-06-03 15:56:24 0:0:0:0:0:0:0:1 404 "GET /favicon.ico HTTP/1.1" 1032 (11 ms)
2020-06-03 15:56:24 0:0:0:0:0:0:0:1 200 "GET /js/bundle/member/member.bundle.js.map HTTP/1.1" 2071189 (17 ms)
2020-06-03 15:56:26 0:0:0:0:0:0:0:1 200 "GET /member/write?no=50 HTTP/1.1" 1003 (4 ms)
2020-06-03 15:56:26 0:0:0:0:0:0:0:1 200 "GET /js/bundle/member/member.bundle.js HTTP/1.1" 1766222 (48 ms)
2020-06-03 15:56:26 0:0:0:0:0:0:0:1 200 "GET /member/api/write?no=50 HTTP/1.1" 118 (3 ms)
2020-06-03 15:56:26 0:0:0:0:0:0:0:1 200 "GET /js/bundle/member/member.bundle.js.map HTTP/1.1" 2071192 (24 ms)
2020-06-03 15:56:26 0:0:0:0:0:0:0:1 404 "GET /favicon.ico HTTP/1.1" 1032 (5 ms)
2020-06-03 15:58:16 0:0:0:0:0:0:0:1 200 "GET /member/write?no=50 HTTP/1.1" 1003 (31 ms)
2020-06-03 15:58:16 0:0:0:0:0:0:0:1 200 "GET /js/bundle/member/member.bundle.js HTTP/1.1" 1766220 (60 ms)
2020-06-03 15:58:16 0:0:0:0:0:0:0:1 200 "GET /member/api/write?no=50 HTTP/1.1" 118 (5 ms)
2020-06-03 15:58:16 0:0:0:0:0:0:0:1 404 "GET /favicon.ico HTTP/1.1" 1032 (11 ms)
2020-06-03 15:58:16 0:0:0:0:0:0:0:1 200 "GET /js/bundle/member/member.bundle.js.map HTTP/1.1" 2071187 (19 ms)
2020-06-03 15:59:04 0:0:0:0:0:0:0:1 200 "GET /member/write?no=50 HTTP/1.1" 1003 (22 ms)
2020-06-03 15:59:04 0:0:0:0:0:0:0:1 200 "GET /js/bundle/member/member.bundle.js HTTP/1.1" 1766220 (25 ms)
2020-06-03 15:59:05 0:0:0:0:0:0:0:1 200 "GET /js/bundle/member/member.bundle.js.map HTTP/1.1" 2071187 (17 ms)
2020-06-03 15:59:05 0:0:0:0:0:0:0:1 200 "GET /member/api/write?no=50 HTTP/1.1" 118 (4 ms)
2020-06-03 15:59:05 0:0:0:0:0:0:0:1 404 "GET /favicon.ico HTTP/1.1" 1032 (14 ms)
2020-06-03 15:59:05 0:0:0:0:0:0:0:1 200 "GET /member/write?no=50 HTTP/1.1" 1003 (4 ms)
2020-06-03 15:59:05 0:0:0:0:0:0:0:1 200 "GET /js/bundle/member/member.bundle.js HTTP/1.1" 1766231 (52 ms)
2020-06-03 15:59:05 0:0:0:0:0:0:0:1 200 "GET /js/bundle/member/member.bundle.js.map HTTP/1.1" 2071215 (21 ms)
2020-06-03 15:59:05 0:0:0:0:0:0:0:1 200 "GET /member/api/write?no=50 HTTP/1.1" 118 (3 ms)
2020-06-03 15:59:05 0:0:0:0:0:0:0:1 404 "GET /favicon.ico HTTP/1.1" 1032 (7 ms)
2020-06-03 15:59:08 0:0:0:0:0:0:0:1 200 "GET /member/write?no=50 HTTP/1.1" 1003 (4 ms)
2020-06-03 15:59:08 0:0:0:0:0:0:0:1 200 "GET /js/bundle/member/member.bundle.js HTTP/1.1" 1766231 (22 ms)
2020-06-03 15:59:08 0:0:0:0:0:0:0:1 200 "GET /member/api/write?no=50 HTTP/1.1" 118 (5 ms)
2020-06-03 15:59:08 0:0:0:0:0:0:0:1 404 "GET /favicon.ico HTTP/1.1" 1032 (7 ms)
2020-06-03 15:59:08 0:0:0:0:0:0:0:1 200 "GET /js/bundle/member/member.bundle.js.map HTTP/1.1" 2071215 (19 ms)
2020-06-03 15:59:14 0:0:0:0:0:0:0:1 200 "GET /member/write?no=50 HTTP/1.1" 1003 (43 ms)
2020-06-03 15:59:14 0:0:0:0:0:0:0:1 200 "GET /js/bundle/member/member.bundle.js HTTP/1.1" 1766231 (15 ms)
2020-06-03 15:59:14 0:0:0:0:0:0:0:1 200 "GET /member/api/write?no=50 HTTP/1.1" 118 (5 ms)
2020-06-03 15:59:14 0:0:0:0:0:0:0:1 404 "GET /favicon.ico HTTP/1.1" 1032 (10 ms)
2020-06-03 15:59:14 0:0:0:0:0:0:0:1 200 "GET /js/bundle/member/member.bundle.js.map HTTP/1.1" 2071215 (16 ms)
2020-06-03 15:59:15 0:0:0:0:0:0:0:1 200 "GET /member/write?no=50 HTTP/1.1" 1003 (8 ms)
2020-06-03 15:59:15 0:0:0:0:0:0:0:1 200 "GET /js/bundle/member/member.bundle.js HTTP/1.1" 1766208 (36 ms)
2020-06-03 15:59:15 0:0:0:0:0:0:0:1 200 "GET /member/api/write?no=50 HTTP/1.1" 118 (6 ms)
2020-06-03 15:59:15 0:0:0:0:0:0:0:1 200 "GET /js/bundle/member/member.bundle.js.map HTTP/1.1" 2071153 (23 ms)
2020-06-03 15:59:15 0:0:0:0:0:0:0:1 404 "GET /favicon.ico HTTP/1.1" 1032 (6 ms)
2020-06-03 15:59:17 0:0:0:0:0:0:0:1 200 "GET /member/write?no=50 HTTP/1.1" 1003 (14 ms)
2020-06-03 15:59:17 0:0:0:0:0:0:0:1 200 "GET /js/bundle/member/member.bundle.js HTTP/1.1" 1766208 (17 ms)
2020-06-03 15:59:17 0:0:0:0:0:0:0:1 200 "GET /js/bundle/member/member.bundle.js.map HTTP/1.1" 2071153 (14 ms)
2020-06-03 15:59:17 0:0:0:0:0:0:0:1 200 "GET /member/api/write?no=50 HTTP/1.1" 118 (5 ms)
2020-06-03 15:59:17 0:0:0:0:0:0:0:1 404 "GET /favicon.ico HTTP/1.1" 1032 (10 ms)
2020-06-03 15:59:18 0:0:0:0:0:0:0:1 200 "GET /member/write?no=50 HTTP/1.1" 1003 (6 ms)
2020-06-03 15:59:18 0:0:0:0:0:0:0:1 200 "GET /js/bundle/member/member.bundle.js HTTP/1.1" 1766208 (16 ms)
2020-06-03 15:59:18 0:0:0:0:0:0:0:1 200 "GET /js/bundle/member/member.bundle.js.map HTTP/1.1" 2071153 (15 ms)
2020-06-03 15:59:18 0:0:0:0:0:0:0:1 200 "GET /member/api/write?no=50 HTTP/1.1" 118 (4 ms)
2020-06-03 15:59:18 0:0:0:0:0:0:0:1 404 "GET /favicon.ico HTTP/1.1" 1032 (9 ms)
2020-06-03 15:59:18 0:0:0:0:0:0:0:1 200 "GET /member/write?no=50 HTTP/1.1" 1003 (21 ms)
2020-06-03 15:59:18 0:0:0:0:0:0:0:1 200 "GET /js/bundle/member/member.bundle.js HTTP/1.1" 1766208 (16 ms)
2020-06-03 15:59:19 0:0:0:0:0:0:0:1 200 "GET /js/bundle/member/member.bundle.js.map HTTP/1.1" 2071153 (17 ms)
2020-06-03 15:59:19 0:0:0:0:0:0:0:1 200 "GET /member/api/write?no=50 HTTP/1.1" 118 (4 ms)
2020-06-03 15:59:19 0:0:0:0:0:0:0:1 404 "GET /favicon.ico HTTP/1.1" 1032 (9 ms)
2020-06-03 15:59:19 0:0:0:0:0:0:0:1 200 "GET /member/write?no=50 HTTP/1.1" 1003 (5 ms)
2020-06-03 15:59:19 0:0:0:0:0:0:0:1 200 "GET /js/bundle/member/member.bundle.js HTTP/1.1" 1766208 (18 ms)
2020-06-03 15:59:19 0:0:0:0:0:0:0:1 200 "GET /js/bundle/member/member.bundle.js.map HTTP/1.1" 2071153 (18 ms)
2020-06-03 15:59:19 0:0:0:0:0:0:0:1 200 "GET /member/api/write?no=50 HTTP/1.1" 118 (3 ms)
2020-06-03 15:59:19 0:0:0:0:0:0:0:1 404 "GET /favicon.ico HTTP/1.1" 1032 (4 ms)
2020-06-03 15:59:20 0:0:0:0:0:0:0:1 200 "GET /member/write?no=50 HTTP/1.1" 1003 (6 ms)
2020-06-03 15:59:20 0:0:0:0:0:0:0:1 200 "GET /js/bundle/member/member.bundle.js HTTP/1.1" 1766208 (18 ms)
2020-06-03 15:59:20 0:0:0:0:0:0:0:1 200 "GET /js/bundle/member/member.bundle.js.map HTTP/1.1" 2071153 (17 ms)
2020-06-03 15:59:20 0:0:0:0:0:0:0:1 200 "GET /member/api/write?no=50 HTTP/1.1" 118 (3 ms)
2020-06-03 15:59:20 0:0:0:0:0:0:0:1 404 "GET /favicon.ico HTTP/1.1" 1032 (4 ms)
2020-06-03 15:59:31 0:0:0:0:0:0:0:1 200 "GET /member/write?no=50 HTTP/1.1" 1003 (21 ms)
2020-06-03 15:59:31 0:0:0:0:0:0:0:1 200 "GET /js/bundle/member/member.bundle.js HTTP/1.1" 1766208 (17 ms)
2020-06-03 15:59:31 0:0:0:0:0:0:0:1 200 "GET /js/bundle/member/member.bundle.js.map HTTP/1.1" 2071153 (16 ms)
2020-06-03 15:59:31 0:0:0:0:0:0:0:1 200 "GET /member/api/write?no=50 HTTP/1.1" 118 (4 ms)
2020-06-03 15:59:31 0:0:0:0:0:0:0:1 404 "GET /favicon.ico HTTP/1.1" 1032 (11 ms)
2020-06-03 15:59:34 0:0:0:0:0:0:0:1 200 "GET /member/list HTTP/1.1" 918 (4 ms)
2020-06-03 15:59:34 0:0:0:0:0:0:0:1 200 "GET /js/bundle/member/member.bundle.js HTTP/1.1" 1766208 (17 ms)
2020-06-03 15:59:34 0:0:0:0:0:0:0:1 200 "GET /js/bundle/member/member.bundle.js.map HTTP/1.1" 2071153 (18 ms)
2020-06-03 15:59:35 0:0:0:0:0:0:0:1 200 "GET /member/api/list?pageIndex=1&memberId=&memberName= HTTP/1.1" 703 (7 ms)
2020-06-03 16:00:01 0:0:0:0:0:0:0:1 200 "GET /member/list HTTP/1.1" 918 (30 ms)
2020-06-03 16:00:01 0:0:0:0:0:0:0:1 200 "GET /js/bundle/member/member.bundle.js HTTP/1.1" 1766208 (26 ms)
2020-06-03 16:00:01 0:0:0:0:0:0:0:1 200 "GET /js/bundle/member/member.bundle.js.map HTTP/1.1" 2071153 (15 ms)
2020-06-03 16:00:01 0:0:0:0:0:0:0:1 200 "GET /member/api/list?pageIndex=1&memberId=&memberName= HTTP/1.1" 703 (9 ms)
2020-06-03 16:00:01 0:0:0:0:0:0:0:1 404 "GET /favicon.ico HTTP/1.1" 1032 (11 ms)
2020-06-03 16:00:03 0:0:0:0:0:0:0:1 200 "GET /member/list HTTP/1.1" 918 (4 ms)
2020-06-03 16:00:03 0:0:0:0:0:0:0:1 200 "GET /js/bundle/member/member.bundle.js HTTP/1.1" 1766184 (38 ms)
2020-06-03 16:00:03 0:0:0:0:0:0:0:1 200 "GET /js/bundle/member/member.bundle.js.map HTTP/1.1" 2071093 (18 ms)
2020-06-03 16:00:03 0:0:0:0:0:0:0:1 200 "GET /member/api/list?pageIndex=1&memberId=&memberName= HTTP/1.1" 703 (6 ms)
2020-06-03 16:00:03 0:0:0:0:0:0:0:1 404 "GET /favicon.ico HTTP/1.1" 1032 (6 ms)
2020-06-03 16:00:04 0:0:0:0:0:0:0:1 200 "GET /member/list HTTP/1.1" 918 (3 ms)
2020-06-03 16:00:04 0:0:0:0:0:0:0:1 200 "GET /js/bundle/member/member.bundle.js HTTP/1.1" 1766184 (18 ms)
2020-06-03 16:00:04 0:0:0:0:0:0:0:1 200 "GET /js/bundle/member/member.bundle.js.map HTTP/1.1" 2071093 (17 ms)
2020-06-03 16:00:04 0:0:0:0:0:0:0:1 200 "GET /member/api/list?pageIndex=1&memberId=&memberName= HTTP/1.1" 703 (8 ms)
2020-06-03 16:00:04 0:0:0:0:0:0:0:1 404 "GET /favicon.ico HTTP/1.1" 1032 (8 ms)
2020-06-03 16:00:05 0:0:0:0:0:0:0:1 200 "GET /member/list HTTP/1.1" 918 (12 ms)
2020-06-03 16:00:05 0:0:0:0:0:0:0:1 200 "GET /js/bundle/member/member.bundle.js HTTP/1.1" 1766184 (18 ms)
2020-06-03 16:00:06 0:0:0:0:0:0:0:1 200 "GET /js/bundle/member/member.bundle.js.map HTTP/1.1" 2071093 (15 ms)
2020-06-03 16:00:06 0:0:0:0:0:0:0:1 200 "GET /member/api/list?pageIndex=1&memberId=&memberName= HTTP/1.1" 703 (4 ms)
2020-06-03 16:00:06 0:0:0:0:0:0:0:1 404 "GET /favicon.ico HTTP/1.1" 1032 (9 ms)
2020-06-03 16:00:08 0:0:0:0:0:0:0:1 200 "GET /member/list HTTP/1.1" 918 (3 ms)
2020-06-03 16:00:08 0:0:0:0:0:0:0:1 200 "GET /js/bundle/member/member.bundle.js HTTP/1.1" 1766184 (19 ms)
2020-06-03 16:00:08 0:0:0:0:0:0:0:1 200 "GET /js/bundle/member/member.bundle.js.map HTTP/1.1" 2071093 (16 ms)
2020-06-03 16:00:08 0:0:0:0:0:0:0:1 200 "GET /member/api/list?pageIndex=1&memberId=&memberName= HTTP/1.1" 703 (7 ms)
2020-06-03 16:00:08 0:0:0:0:0:0:0:1 404 "GET /favicon.ico HTTP/1.1" 1032 (10 ms)
2020-06-03 16:00:10 0:0:0:0:0:0:0:1 200 "GET /member/list HTTP/1.1" 918 (12 ms)
2020-06-03 16:00:10 0:0:0:0:0:0:0:1 200 "GET /js/bundle/member/member.bundle.js HTTP/1.1" 1766184 (16 ms)
2020-06-03 16:00:10 0:0:0:0:0:0:0:1 200 "GET /js/bundle/member/member.bundle.js.map HTTP/1.1" 2071093 (15 ms)
2020-06-03 16:00:10 0:0:0:0:0:0:0:1 200 "GET /member/api/list?pageIndex=1&memberId=&memberName= HTTP/1.1" 703 (6 ms)
2020-06-03 16:00:10 0:0:0:0:0:0:0:1 404 "GET /favicon.ico HTTP/1.1" 1032 (8 ms)
2020-06-03 16:00:17 0:0:0:0:0:0:0:1 200 "GET /member/list HTTP/1.1" 918 (30 ms)
2020-06-03 16:00:17 0:0:0:0:0:0:0:1 200 "GET /js/bundle/member/member.bundle.js HTTP/1.1" 1766184 (18 ms)
2020-06-03 16:00:17 0:0:0:0:0:0:0:1 404 "GET /js/bundle/member/member.bundle.js.map HTTP/1.1" 991 (7 ms)
2020-06-03 16:00:17 0:0:0:0:0:0:0:1 200 "GET /member/api/list?pageIndex=1&memberId=&memberName= HTTP/1.1" 703 (6 ms)
2020-06-03 16:00:17 0:0:0:0:0:0:0:1 404 "GET /favicon.ico HTTP/1.1" 1032 (6 ms)
2020-06-03 16:00:21 0:0:0:0:0:0:0:1 200 "GET /member/list HTTP/1.1" 918 (9 ms)
2020-06-03 16:00:21 0:0:0:0:0:0:0:1 200 "GET /js/bundle/member/member.bundle.js HTTP/1.1" 1766190 (38 ms)
2020-06-03 16:00:22 0:0:0:0:0:0:0:1 200 "GET /js/bundle/member/member.bundle.js.map HTTP/1.1" 2071109 (17 ms)
2020-06-03 16:00:22 0:0:0:0:0:0:0:1 200 "GET /member/api/list?pageIndex=1&memberId=&memberName= HTTP/1.1" 703 (5 ms)
2020-06-03 16:00:22 0:0:0:0:0:0:0:1 404 "GET /favicon.ico HTTP/1.1" 1032 (12 ms)
2020-06-03 16:00:33 0:0:0:0:0:0:0:1 200 "GET /member/api/list?pageIndex=1&memberId=th HTTP/1.1" 140 (6 ms)
2020-06-03 16:00:37 0:0:0:0:0:0:0:1 200 "GET /member/api/list?pageIndex=1&memberId=tj HTTP/1.1" 689 (4 ms)
2020-06-03 16:00:57 0:0:0:0:0:0:0:1 200 "GET /member/list HTTP/1.1" 918 (37 ms)
2020-06-03 16:00:57 0:0:0:0:0:0:0:1 200 "GET /js/bundle/member/member.bundle.js HTTP/1.1" 1733349 (48 ms)
2020-06-03 16:00:57 0:0:0:0:0:0:0:1 200 "GET /js/bundle/member/member.bundle.js.map HTTP/1.1" 2033012 (30 ms)
2020-06-03 16:00:57 0:0:0:0:0:0:0:1 404 "GET /favicon.ico HTTP/1.1" 1032 (10 ms)
2020-06-03 16:00:58 0:0:0:0:0:0:0:1 200 "GET /member/list HTTP/1.1" 918 (12 ms)
2020-06-03 16:00:58 0:0:0:0:0:0:0:1 200 "GET /js/bundle/member/member.bundle.js HTTP/1.1" 1766170 (51 ms)
2020-06-03 16:00:58 0:0:0:0:0:0:0:1 200 "GET /js/bundle/member/member.bundle.js.map HTTP/1.1" 2071063 (19 ms)
2020-06-03 16:00:58 0:0:0:0:0:0:0:1 200 "GET /member/api/list?pageIndex=1&memberId=&memberName= HTTP/1.1" 703 (6 ms)
2020-06-03 16:00:58 0:0:0:0:0:0:0:1 404 "GET /favicon.ico HTTP/1.1" 1032 (6 ms)
2020-06-03 16:00:59 0:0:0:0:0:0:0:1 200 "GET /member/list HTTP/1.1" 918 (3 ms)
2020-06-03 16:00:59 0:0:0:0:0:0:0:1 200 "GET /js/bundle/member/member.bundle.js HTTP/1.1" 1766170 (20 ms)
2020-06-03 16:00:59 0:0:0:0:0:0:0:1 200 "GET /js/bundle/member/member.bundle.js.map HTTP/1.1" 2071063 (14 ms)
2020-06-03 16:00:59 0:0:0:0:0:0:0:1 200 "GET /member/api/list?pageIndex=1&memberId=&memberName= HTTP/1.1" 703 (5 ms)
2020-06-03 16:00:59 0:0:0:0:0:0:0:1 404 "GET /favicon.ico HTTP/1.1" 1032 (5 ms)
2020-06-03 16:03:04 0:0:0:0:0:0:0:1 200 "GET /member/list HTTP/1.1" 918 (15 ms)
2020-06-03 16:03:05 0:0:0:0:0:0:0:1 200 "GET /js/bundle/member/member.bundle.js HTTP/1.1" 1766170 (29 ms)
2020-06-03 16:03:05 0:0:0:0:0:0:0:1 200 "GET /js/bundle/member/member.bundle.js.map HTTP/1.1" 2071247 (23 ms)
2020-06-03 16:03:05 0:0:0:0:0:0:0:1 200 "GET /member/api/list?pageIndex=1&memberId=&memberName= HTTP/1.1" 703 (6 ms)
2020-06-03 16:03:05 0:0:0:0:0:0:0:1 404 "GET /favicon.ico HTTP/1.1" 1032 (11 ms)
2020-06-03 16:03:06 0:0:0:0:0:0:0:1 200 "GET /member/list HTTP/1.1" 918 (9 ms)
2020-06-03 16:03:06 0:0:0:0:0:0:0:1 200 "GET /js/bundle/member/member.bundle.js HTTP/1.1" 1766470 (38 ms)
2020-06-03 16:03:06 0:0:0:0:0:0:0:1 200 "GET /js/bundle/member/member.bundle.js.map HTTP/1.1" 2071247 (13 ms)
2020-06-03 16:03:06 0:0:0:0:0:0:0:1 200 "GET /member/api/list?pageIndex=1&memberId=&memberName= HTTP/1.1" 703 (5 ms)
2020-06-03 16:03:06 0:0:0:0:0:0:0:1 404 "GET /favicon.ico HTTP/1.1" 1032 (6 ms)
2020-06-03 16:03:10 0:0:0:0:0:0:0:1 200 "GET /member/api/write?no=50 HTTP/1.1" 118 (5 ms)
2020-06-03 16:04:26 0:0:0:0:0:0:0:1 200 "GET /member/write?no=50 HTTP/1.1" 1003 (35 ms)
2020-06-03 16:04:26 0:0:0:0:0:0:0:1 200 "GET /js/bundle/member/member.bundle.js HTTP/1.1" 1767060 (59 ms)
2020-06-03 16:04:26 0:0:0:0:0:0:0:1 200 "GET /js/bundle/member/member.bundle.js.map HTTP/1.1" 2071866 (22 ms)
2020-06-03 16:04:26 0:0:0:0:0:0:0:1 200 "GET /member/api/write?no=50 HTTP/1.1" 118 (4 ms)
2020-06-03 16:04:26 0:0:0:0:0:0:0:1 404 "GET /favicon.ico HTTP/1.1" 1032 (12 ms)
2020-06-03 16:04:31 0:0:0:0:0:0:0:1 200 "GET /member/write?no=50 HTTP/1.1" 1003 (10 ms)
2020-06-03 16:04:31 0:0:0:0:0:0:0:1 200 "GET /js/bundle/member/member.bundle.js HTTP/1.1" 1767060 (20 ms)
2020-06-03 16:04:31 0:0:0:0:0:0:0:1 200 "GET /js/bundle/member/member.bundle.js.map HTTP/1.1" 2071866 (19 ms)
2020-06-03 16:04:31 0:0:0:0:0:0:0:1 200 "GET /member/api/write?no=50 HTTP/1.1" 118 (4 ms)
2020-06-03 16:04:31 0:0:0:0:0:0:0:1 404 "GET /favicon.ico HTTP/1.1" 1032 (8 ms)
2020-06-03 16:04:33 0:0:0:0:0:0:0:1 200 "GET /member/write?no=50 HTTP/1.1" 1003 (7 ms)
2020-06-03 16:04:33 0:0:0:0:0:0:0:1 200 "GET /js/bundle/member/member.bundle.js HTTP/1.1" 1767060 (16 ms)
2020-06-03 16:04:33 0:0:0:0:0:0:0:1 200 "GET /js/bundle/member/member.bundle.js.map HTTP/1.1" 2071866 (19 ms)
2020-06-03 16:04:33 0:0:0:0:0:0:0:1 200 "GET /member/api/write?no=50 HTTP/1.1" 118 (3 ms)
2020-06-03 16:04:33 0:0:0:0:0:0:0:1 404 "GET /favicon.ico HTTP/1.1" 1032 (4 ms)
2020-06-03 16:04:34 0:0:0:0:0:0:0:1 200 "GET /member/write?no=50 HTTP/1.1" 1003 (4 ms)
2020-06-03 16:04:34 0:0:0:0:0:0:0:1 200 "GET /js/bundle/member/member.bundle.js HTTP/1.1" 1767060 (17 ms)
2020-06-03 16:04:34 0:0:0:0:0:0:0:1 200 "GET /js/bundle/member/member.bundle.js.map HTTP/1.1" 2071866 (18 ms)
2020-06-03 16:04:34 0:0:0:0:0:0:0:1 200 "GET /member/api/write?no=50 HTTP/1.1" 118 (7 ms)
2020-06-03 16:04:34 0:0:0:0:0:0:0:1 404 "GET /favicon.ico HTTP/1.1" 1032 (8 ms)
2020-06-03 16:10:55 0:0:0:0:0:0:0:1 200 "GET /member/write?no=50 HTTP/1.1" 1003 (75 ms)
2020-06-03 16:10:55 0:0:0:0:0:0:0:1 200 "GET /js/bundle/member/member.bundle.js HTTP/1.1" 1768067 (61 ms)
2020-06-03 16:10:56 0:0:0:0:0:0:0:1 200 "GET /js/bundle/member/member.bundle.js.map HTTP/1.1" 2073068 (20 ms)
2020-06-03 16:10:56 0:0:0:0:0:0:0:1 200 "GET /member/api/write?no=50 HTTP/1.1" 136 (26 ms)
2020-06-03 16:10:56 0:0:0:0:0:0:0:1 404 "GET /favicon.ico HTTP/1.1" 1032 (22 ms)
2020-06-03 16:11:06 0:0:0:0:0:0:0:1 200 "GET /member/write?no=50 HTTP/1.1" 1003 (19 ms)
2020-06-03 16:11:06 0:0:0:0:0:0:0:1 200 "GET /js/bundle/member/member.bundle.js HTTP/1.1" 1768067 (28 ms)
2020-06-03 16:11:06 0:0:0:0:0:0:0:1 200 "GET /js/bundle/member/member.bundle.js.map HTTP/1.1" 2073068 (15 ms)
2020-06-03 16:11:06 0:0:0:0:0:0:0:1 200 "GET /member/api/write?no=50 HTTP/1.1" 136 (6 ms)
2020-06-03 16:11:06 0:0:0:0:0:0:0:1 404 "GET /favicon.ico HTTP/1.1" 1032 (8 ms)
2020-06-03 16:13:23 0:0:0:0:0:0:0:1 200 "GET /member/write?no=50 HTTP/1.1" 1003 (40 ms)
2020-06-03 16:13:23 0:0:0:0:0:0:0:1 200 "GET /js/bundle/member/member.bundle.js HTTP/1.1" 1750238 (56 ms)
2020-06-03 16:13:23 0:0:0:0:0:0:0:1 200 "GET /js/bundle/member/member.bundle.js.map HTTP/1.1" 2052161 (20 ms)
2020-06-03 16:13:23 0:0:0:0:0:0:0:1 404 "GET /favicon.ico HTTP/1.1" 1032 (9 ms)
2020-06-03 16:13:33 0:0:0:0:0:0:0:1 200 "GET /member/write?no=50 HTTP/1.1" 1003 (18 ms)
2020-06-03 16:13:33 0:0:0:0:0:0:0:1 200 "GET /js/bundle/member/member.bundle.js HTTP/1.1" 1750238 (17 ms)
2020-06-03 16:13:33 0:0:0:0:0:0:0:1 200 "GET /js/bundle/member/member.bundle.js.map HTTP/1.1" 2052161 (15 ms)
2020-06-03 16:13:34 0:0:0:0:0:0:0:1 404 "GET /favicon.ico HTTP/1.1" 1032 (8 ms)
2020-06-03 16:13:35 0:0:0:0:0:0:0:1 200 "GET /member/write?no=50 HTTP/1.1" 1003 (3 ms)
2020-06-03 16:13:35 0:0:0:0:0:0:0:1 200 "GET /js/bundle/member/member.bundle.js HTTP/1.1" 1768086 (46 ms)
2020-06-03 16:13:36 0:0:0:0:0:0:0:1 200 "GET /js/bundle/member/member.bundle.js.map HTTP/1.1" 2073101 (21 ms)
2020-06-03 16:13:36 0:0:0:0:0:0:0:1 200 "GET /member/api/write?no=50 HTTP/1.1" 136 (4 ms)
2020-06-03 16:13:36 0:0:0:0:0:0:0:1 404 "GET /favicon.ico HTTP/1.1" 1032 (6 ms)
2020-06-03 16:14:13 0:0:0:0:0:0:0:1 200 "GET /member/list HTTP/1.1" 918 (22 ms)
2020-06-03 16:14:13 0:0:0:0:0:0:0:1 200 "GET /js/bundle/member/member.bundle.js HTTP/1.1" 1768086 (24 ms)
2020-06-03 16:14:13 0:0:0:0:0:0:0:1 200 "GET /js/bundle/member/member.bundle.js.map HTTP/1.1" 2073101 (19 ms)
2020-06-03 16:14:13 0:0:0:0:0:0:0:1 200 "GET /member/api/list?pageIndex=1&memberId=&memberName= HTTP/1.1" 703 (20 ms)
2020-06-03 16:14:16 0:0:0:0:0:0:0:1 302 "GET / HTTP/1.1" - (5 ms)
2020-06-03 16:14:16 0:0:0:0:0:0:0:1 200 "GET /main/index HTTP/1.1" 947 (10 ms)
2020-06-03 16:14:16 0:0:0:0:0:0:0:1 200 "GET /js/bundle/main/main.bundle.js HTTP/1.1" 968364 (10 ms)
2020-06-03 16:14:16 0:0:0:0:0:0:0:1 200 "GET /js/bundle/main/main.bundle.js.map HTTP/1.1" 1130167 (8 ms)
2020-06-03 16:14:18 0:0:0:0:0:0:0:1 200 "GET /member/list HTTP/1.1" 918 (12 ms)
2020-06-03 16:14:18 0:0:0:0:0:0:0:1 200 "GET /js/bundle/member/member.bundle.js HTTP/1.1" 1768086 (21 ms)
2020-06-03 16:14:18 0:0:0:0:0:0:0:1 200 "GET /js/bundle/member/member.bundle.js.map HTTP/1.1" 2073101 (15 ms)
2020-06-03 16:14:18 0:0:0:0:0:0:0:1 200 "GET /member/api/list?pageIndex=1&memberId=&memberName= HTTP/1.1" 703 (6 ms)
2020-06-03 16:14:19 0:0:0:0:0:0:0:1 200 "GET /member/api/write?no=50 HTTP/1.1" 136 (4 ms)
2020-06-03 16:18:31 0:0:0:0:0:0:0:1 200 "GET /member/write?no=50 HTTP/1.1" 1003 (38 ms)
2020-06-03 16:18:31 0:0:0:0:0:0:0:1 200 "GET /js/bundle/member/member.bundle.js HTTP/1.1" 1768110 (64 ms)
2020-06-03 16:18:31 0:0:0:0:0:0:0:1 200 "GET /js/bundle/member/member.bundle.js.map HTTP/1.1" 2073160 (23 ms)
2020-06-03 16:18:31 0:0:0:0:0:0:0:1 200 "GET /member/api/write?no=50 HTTP/1.1" 136 (8 ms)
2020-06-03 16:18:31 0:0:0:0:0:0:0:1 404 "GET /favicon.ico HTTP/1.1" 1032 (12 ms)
2020-06-03 16:18:32 0:0:0:0:0:0:0:1 200 "GET /member/write?no=50 HTTP/1.1" 1003 (3 ms)
2020-06-03 16:18:32 0:0:0:0:0:0:0:1 200 "GET /js/bundle/member/member.bundle.js HTTP/1.1" 1768110 (19 ms)
2020-06-03 16:18:32 0:0:0:0:0:0:0:1 200 "GET /js/bundle/member/member.bundle.js.map HTTP/1.1" 2073160 (15 ms)
2020-06-03 16:18:32 0:0:0:0:0:0:0:1 200 "GET /member/api/write?no=50 HTTP/1.1" 136 (4 ms)
2020-06-03 16:18:32 0:0:0:0:0:0:0:1 404 "GET /favicon.ico HTTP/1.1" 1032 (6 ms)
2020-06-03 16:22:20 0:0:0:0:0:0:0:1 200 "GET /member/write?no=50 HTTP/1.1" 1003 (36 ms)
2020-06-03 16:22:20 0:0:0:0:0:0:0:1 200 "GET /js/bundle/member/member.bundle.js HTTP/1.1" 1768165 (55 ms)
2020-06-03 16:22:21 0:0:0:0:0:0:0:1 200 "GET /js/bundle/member/member.bundle.js.map HTTP/1.1" 2073316 (18 ms)
2020-06-03 16:22:21 0:0:0:0:0:0:0:1 200 "GET /member/api/write?no=50 HTTP/1.1" 136 (4 ms)
2020-06-03 16:22:21 0:0:0:0:0:0:0:1 404 "GET /favicon.ico HTTP/1.1" 1032 (12 ms)
2020-06-03 16:23:06 0:0:0:0:0:0:0:1 200 "GET /member/write?no=50 HTTP/1.1" 1003 (30 ms)
2020-06-03 16:23:06 0:0:0:0:0:0:0:1 200 "GET /js/bundle/member/member.bundle.js HTTP/1.1" 1768220 (55 ms)
2020-06-03 16:23:06 0:0:0:0:0:0:0:1 200 "GET /js/bundle/member/member.bundle.js.map HTTP/1.1" 2073441 (20 ms)
2020-06-03 16:23:06 0:0:0:0:0:0:0:1 200 "GET /member/api/write?no=50 HTTP/1.1" 136 (4 ms)
2020-06-03 16:23:06 0:0:0:0:0:0:0:1 404 "GET /favicon.ico HTTP/1.1" 1032 (11 ms)
2020-06-03 16:23:07 0:0:0:0:0:0:0:1 200 "GET /member/write?no=50 HTTP/1.1" 1003 (2 ms)
2020-06-03 16:23:07 0:0:0:0:0:0:0:1 200 "GET /js/bundle/member/member.bundle.js HTTP/1.1" 1768220 (17 ms)
2020-06-03 16:23:07 0:0:0:0:0:0:0:1 200 "GET /js/bundle/member/member.bundle.js.map HTTP/1.1" 2073441 (16 ms)
2020-06-03 16:23:07 0:0:0:0:0:0:0:1 200 "GET /member/api/write?no=50 HTTP/1.1" 136 (4 ms)
2020-06-03 16:23:07 0:0:0:0:0:0:0:1 404 "GET /favicon.ico HTTP/1.1" 1032 (5 ms)
2020-06-03 16:23:39 0:0:0:0:0:0:0:1 200 "GET /member/write?no=50 HTTP/1.1" 1003 (23 ms)
2020-06-03 16:23:39 0:0:0:0:0:0:0:1 200 "GET /js/bundle/member/member.bundle.js HTTP/1.1" 1768226 (62 ms)
2020-06-03 16:23:39 0:0:0:0:0:0:0:1 200 "GET /js/bundle/member/member.bundle.js.map HTTP/1.1" 2073460 (21 ms)
2020-06-03 16:23:39 0:0:0:0:0:0:0:1 200 "GET /member/api/write?no=50 HTTP/1.1" 136 (5 ms)
2020-06-03 16:23:39 0:0:0:0:0:0:0:1 404 "GET /favicon.ico HTTP/1.1" 1032 (12 ms)
2020-06-03 16:23:45 0:0:0:0:0:0:0:1 200 "GET /member/write?no=50 HTTP/1.1" 1003 (11 ms)
2020-06-03 16:23:45 0:0:0:0:0:0:0:1 200 "GET /js/bundle/member/member.bundle.js HTTP/1.1" 1768226 (20 ms)
2020-06-03 16:23:45 0:0:0:0:0:0:0:1 200 "GET /js/bundle/member/member.bundle.js.map HTTP/1.1" 2073460 (16 ms)
2020-06-03 16:23:45 0:0:0:0:0:0:0:1 200 "GET /member/api/write?no=50 HTTP/1.1" 136 (3 ms)
2020-06-03 16:23:45 0:0:0:0:0:0:0:1 404 "GET /favicon.ico HTTP/1.1" 1032 (9 ms)
2020-06-03 16:23:51 0:0:0:0:0:0:0:1 200 "GET /member/write?no=50 HTTP/1.1" 1003 (22 ms)
2020-06-03 16:23:51 0:0:0:0:0:0:0:1 200 "GET /js/bundle/member/member.bundle.js HTTP/1.1" 1768226 (20 ms)
2020-06-03 16:23:51 0:0:0:0:0:0:0:1 200 "GET /js/bundle/member/member.bundle.js.map HTTP/1.1" 2073460 (22 ms)
2020-06-03 16:23:51 0:0:0:0:0:0:0:1 200 "GET /member/api/write?no=50 HTTP/1.1" 136 (5 ms)
2020-06-03 16:23:51 0:0:0:0:0:0:0:1 404 "GET /favicon.ico HTTP/1.1" 1032 (11 ms)
2020-06-03 16:23:51 0:0:0:0:0:0:0:1 200 "GET /member/write?no=50 HTTP/1.1" 1003 (2 ms)
2020-06-03 16:23:51 0:0:0:0:0:0:0:1 200 "GET /js/bundle/member/member.bundle.js HTTP/1.1" 1768226 (17 ms)
2020-06-03 16:23:51 0:0:0:0:0:0:0:1 200 "GET /js/bundle/member/member.bundle.js.map HTTP/1.1" 2073460 (18 ms)
2020-06-03 16:23:51 0:0:0:0:0:0:0:1 200 "GET /member/api/write?no=50 HTTP/1.1" 136 (3 ms)
2020-06-03 16:23:51 0:0:0:0:0:0:0:1 404 "GET /favicon.ico HTTP/1.1" 1032 (4 ms)
2020-06-03 16:24:00 0:0:0:0:0:0:0:1 200 "GET /member/write?no=50 HTTP/1.1" 1003 (27 ms)
2020-06-03 16:24:00 0:0:0:0:0:0:0:1 200 "GET /js/bundle/member/member.bundle.js HTTP/1.1" 1768226 (54 ms)
2020-06-03 16:24:01 0:0:0:0:0:0:0:1 200 "GET /member/api/write?no=50 HTTP/1.1" 136 (4 ms)
2020-06-03 16:24:01 0:0:0:0:0:0:0:1 404 "GET /favicon.ico HTTP/1.1" 1032 (9 ms)
2020-06-03 16:24:01 0:0:0:0:0:0:0:1 200 "GET /js/bundle/member/member.bundle.js.map HTTP/1.1" 2073460 (17 ms)
2020-06-03 16:26:06 0:0:0:0:0:0:0:1 200 "GET /member/write?no=50 HTTP/1.1" 1003 (17 ms)
2020-06-03 16:26:06 0:0:0:0:0:0:0:1 200 "GET /js/bundle/member/member.bundle.js HTTP/1.1" 1768165 (56 ms)
2020-06-03 16:26:06 0:0:0:0:0:0:0:1 200 "GET /js/bundle/member/member.bundle.js.map HTTP/1.1" 2073342 (17 ms)
2020-06-03 16:26:06 0:0:0:0:0:0:0:1 200 "GET /member/api/write?no=50 HTTP/1.1" 136 (4 ms)
2020-06-03 16:26:06 0:0:0:0:0:0:0:1 404 "GET /favicon.ico HTTP/1.1" 1032 (11 ms)
2020-06-03 16:26:07 0:0:0:0:0:0:0:1 200 "GET /member/write?no=50 HTTP/1.1" 1003 (10 ms)
2020-06-03 16:26:07 0:0:0:0:0:0:0:1 200 "GET /js/bundle/member/member.bundle.js HTTP/1.1" 1768165 (18 ms)
2020-06-03 16:26:07 0:0:0:0:0:0:0:1 200 "GET /js/bundle/member/member.bundle.js.map HTTP/1.1" 2073342 (16 ms)
2020-06-03 16:26:07 0:0:0:0:0:0:0:1 200 "GET /member/api/write?no=50 HTTP/1.1" 136 (4 ms)
2020-06-03 16:26:07 0:0:0:0:0:0:0:1 404 "GET /favicon.ico HTTP/1.1" 1032 (4 ms)
2020-06-03 17:01:51 0:0:0:0:0:0:0:1 404 "GET /user/image/2020/6/20200603120455392.jpg HTTP/1.1" 1032 (312 ms)
2020-06-03 17:02:00 0:0:0:0:0:0:0:1 404 "GET /user/image/2020/6/20200603120455392.jpg HTTP/1.1" 1032 (49 ms)
2020-06-03 17:02:00 0:0:0:0:0:0:0:1 404 "GET /favicon.ico HTTP/1.1" 1032 (16 ms)
2020-06-03 17:02:27 0:0:0:0:0:0:0:1 404 "GET /user/image/2020/6/20200603120455392.jpg HTTP/1.1" 1032 (32 ms)
2020-06-03 17:55:39 0:0:0:0:0:0:0:1 302 "GET / HTTP/1.1" - (19 ms)
2020-06-03 17:55:39 0:0:0:0:0:0:0:1 200 "GET /main/index HTTP/1.1" 936 (49 ms)
2020-06-03 17:55:39 0:0:0:0:0:0:0:1 200 "GET /js/bundle/main/main.bundle.js HTTP/1.1" 968364 (34 ms)
2020-06-03 17:55:40 0:0:0:0:0:0:0:1 302 "GET / HTTP/1.1" - (5 ms)
2020-06-03 17:55:40 0:0:0:0:0:0:0:1 200 "GET /main/index HTTP/1.1" 936 (10 ms)
2020-06-03 17:55:40 0:0:0:0:0:0:0:1 200 "GET /js/bundle/main/main.bundle.js HTTP/1.1" 968364 (29 ms)
2020-06-03 17:55:41 0:0:0:0:0:0:0:1 200 "GET /member/signup HTTP/1.1" 909 (22 ms)
2020-06-03 17:55:41 0:0:0:0:0:0:0:1 200 "GET /js/bundle/member/member.bundle.js HTTP/1.1" 1768165 (32 ms)
2020-06-03 17:56:18 0:0:0:0:0:0:0:1 404 "GET /user/image/2020/6/20200603120455392.jpg HTTP/1.1" 1032 (316 ms)
2020-06-03 17:56:20 0:0:0:0:0:0:0:1 200 "GET /member/signup HTTP/1.1" 909 (34 ms)
2020-06-03 17:56:27 0:0:0:0:0:0:0:1 200 "GET /js/bundle/member/member.bundle.js.map HTTP/1.1" 2073342 (75 ms)
2020-06-03 17:56:39 0:0:0:0:0:0:0:1 404 "GET /user/image/2020/6/20200603120455392.jpg HTTP/1.1" 1032 (40 ms)
2020-06-03 18:09:57 0:0:0:0:0:0:0:1 200 "GET /member/signup HTTP/1.1" 909 (29 ms)
2020-06-03 18:09:57 0:0:0:0:0:0:0:1 200 "GET /js/bundle/member/member.bundle.js HTTP/1.1" 1768165 (53 ms)
2020-06-03 18:09:57 0:0:0:0:0:0:0:1 404 "GET /favicon.ico HTTP/1.1" 1032 (36 ms)
2020-06-03 18:09:58 0:0:0:0:0:0:0:1 200 "GET /js/bundle/member/member.bundle.js.map HTTP/1.1" 2073342 (36 ms)
